0.414682 7.44165e-05 -6.69348e-08 -1.07157e-07 6.35062e-09 0 0 6.35062e-09
0.829364 0.000149222 -6.69348e-08 -2.22405e-07 6.35062e-09 0 0 6.35062e-09
1.24405 0.000224028 -6.69348e-08 -3.37654e-07 6.35062e-09 0 0 6.35062e-09
1.65873 0.000298834 -6.69348e-08 -4.52903e-07 6.35062e-09 0 0 6.35062e-09
2.07341 0.00037364 -6.69348e-08 -5.68152e-07 6.35062e-09 0 0 6.35062e-09
2.48809 0.000448446 -6.69348e-08 -6.834e-07 6.35062e-09 0 0 6.35062e-09
2.90277 0.000523251 -6.69348e-08 -7.98649e-07 6.35062e-09 0 0 6.35062e-09
3.31746 0.000598057 -6.69348e-08 -9.13898e-07 6.35062e-09 0 0 6.35062e-09
3.73214 0.000672863 -6.69348e-08 -1.02915e-06 6.35062e-09 0 0 6.35062e-09
4.14682 0.000747669 -6.69348e-08 -1.1444e-06 6.35062e-09 0 0 6.35062e-09
4.5615 0.000822475 -6.69348e-08 -1.25964e-06 6.35062e-09 0 0 6.35062e-09
4.97618 0.000897281 -6.69348e-08 -1.37489e-06 6.35062e-09 0 0 6.35062e-09
5.39087 0.000972086 -6.69348e-08 -1.49014e-06 6.35062e-09 0 0 6.35062e-09
5.80555 0.00104689 -6.69348e-08 -1.60539e-06 6.35062e-09 0 0 6.35062e-09
6.21982 0.00112392 -9.63995e-08 -1.75666e-06 6.3054e-09 0 0 6.3054e-09
6.61895 0.00124813 -9.2162e-08 -2.18921e-06 6.53736e-09 0 0 6.53736e-09
6.98697 0.00142159 -9.0401e-08 -2.57841e-06 6.59571e-09 0 0 6.59571e-09
7.32503 0.00161715 -8.44732e-08 -2.9858e-06 6.58372e-09 0 0 6.58372e-09
7.58985 0.00178901 -8.08789e-08 -3.27508e-06 7.11521e-09 0 0 7.11521e-09
7.80644 0.00188649 -7.93627e-08 -3.22266e-06 7.10529e-09 0 0 7.10529e-09
7.99826 0.00193421 -7.50173e-08 -2.97819e-06 7.08052e-09 0 0 7.08052e-09
8.16342 0.00201283 -1.38297e-08 -3.16322e-06 7.04856e-09 0 0 7.04856e-09
8.31711 0.00218498 -7.49773e-08 -3.91067e-06 6.8623e-09 0 0 6.8623e-09
8.46783 0.00240222 -1.04846e-07 -4.13463e-06 6.82308e-09 0 0 6.82308e-09
8.61689 0.00261962 -1.04784e-07 -4.34295e-06 6.83345e-09 0 0 6.83345e-09
8.76459 0.00283646 -1.04765e-07 -4.54798e-06 6.83996e-09 0 0 6.83996e-09
8.91132 0.00305272 -1.04711e-07 -4.75093e-06 6.82011e-09 0 0 6.82011e-09
9.05709 0.00326845 -1.04711e-07 -4.95194e-06 6.82011e-09 0 0 6.82011e-09
9.20249 0.00348394 -1.04634e-07 -5.15233e-06 6.79259e-09 0 0 6.79259e-09
9.3468 0.0036988 -1.046e-07 -5.35106e-06 6.78461e-09 0 0 6.78461e-09
9.49029 0.00391325 -1.04598e-07 -5.54876e-06 6.78825e-09 0 0 6.78825e-09
9.63245 0.00412684 -1.04586e-07 -5.74502e-06 6.78951e-09 0 0 6.78951e-09
9.77302 0.00433926 -1.04566e-07 -5.93998e-06 6.78474e-09 0 0 6.78474e-09
9.90991 0.00454894 -1.04567e-07 -6.13278e-06 6.78664e-09 0 0 6.78664e-09
10.0409 0.00475419 -1.04622e-07 -6.32294e-06 6.82096e-09 0 0 6.82096e-09
10.1654 0.00495397 -1.04217e-07 -6.5122e-06 6.74135e-09 0 0 6.74135e-09
10.2844 0.005149 -1.03452e-07 -6.70159e-06 6.53528e-09 0 0 6.53528e-09
10.4002 0.00534121 -1.03268e-07 -6.89134e-06 6.48374e-09 0 0 6.48374e-09
10.5148 0.00553229 -1.03178e-07 -7.08156e-06 6.45436e-09 0 0 6.45436e-09
10.6293 0.00572319 -1.0313e-07 -7.27189e-06 6.43901e-09 0 0 6.43901e-09
10.7436 0.00591395 -1.0313e-07 -7.46232e-06 6.43901e-09 0 0 6.43901e-09
10.8579 0.0061047 -1.0313e-07 -7.65275e-06 6.43901e-09 0 0 6.43901e-09
10.9722 0.00629545 -1.0313e-07 -7.84319e-06 6.43901e-09 0 0 6.43901e-09
11.0865 0.00648621 -1.0313e-07 -8.03362e-06 6.43901e-09 0 0 6.43901e-09
11.2008 0.00667696 -1.0313e-07 -8.22405e-06 6.43901e-09 0 0 6.43901e-09
11.3151 0.00686771 -1.0313e-07 -8.41449e-06 6.43901e-09 0 0 6.43901e-09
11.4294 0.00705846 -1.0313e-07 -8.60492e-06 6.43901e-09 0 0 6.43901e-09
11.5437 0.00724922 -1.0313e-07 -8.79535e-06 6.43901e-09 0 0 6.43901e-09
11.658 0.00743997 -1.0313e-07 -8.98579e-06 6.43901e-09 0 0 6.43901e-09
11.7723 0.00763072 -1.0313e-07 -9.17622e-06 6.43901e-09 0 0 6.43901e-09
10.9429 0.00748111 -1.0313e-07 -8.94572e-06 6.43901e-09 0 0 6.43901e-09
10.1135 0.0073315 -1.0313e-07 -8.71523e-06 6.43901e-09 0 0 6.43901e-09
9.28419 0.00718189 -1.0313e-07 -8.48473e-06 6.43901e-09 0 0 6.43901e-09
8.45482 0.00703228 -1.0313e-07 -8.25423e-06 6.43901e-09 0 0 6.43901e-09
7.62546 0.00688266 -1.0313e-07 -8.02373e-06 6.43901e-09 0 0 6.43901e-09
6.79609 0.00673305 -1.0313e-07 -7.79324e-06 6.43901e-09 0 0 6.43901e-09
5.96673 0.00658344 -1.0313e-07 -7.56274e-06 6.43901e-09 0 0 6.43901e-09
5.13737 0.00643383 -1.0313e-07 -7.33224e-06 6.43901e-09 0 0 6.43901e-09
4.308 0.00628422 -1.0313e-07 -7.10174e-06 6.43901e-09 0 0 6.43901e-09
3.47864 0.00613461 -1.0313e-07 -6.87125e-06 6.43901e-09 0 0 6.43901e-09
2.64927 0.00598499 -1.0313e-07 -6.64075e-06 6.43901e-09 0 0 6.43901e-09
1.81991 0.00583538 -1.0313e-07 -6.41025e-06 6.43901e-09 0 0 6.43901e-09
0.990545 0.00568577 -1.0313e-07 -6.17975e-06 6.43901e-09 0 0 6.43901e-09
0.161181 0.00553616 -1.0313e-07 -5.94926e-06 6.43901e-09 0 0 6.43901e-09
-0.667282 0.00538157 -1.0313e-07 -5.6381e-06 6.43901e-09 0 0 6.43901e-09
-1.4639 0.00513081 -1.0313e-07 -4.77227e-06 6.43901e-09 0 0 6.43901e-09
-2.19917 0.00478307 -1.0313e-07 -3.99122e-06 6.43901e-09 0 0 6.43901e-09
-2.87493 0.0043918 -1.0313e-07 -3.17874e-06 6.43901e-09 0 0 6.43901e-09
-3.39966 0.00404933 -1.0313e-07 -2.60024e-06 6.43901e-09 0 0 6.43901e-09
-3.83279 0.00385452 -1.0313e-07 -2.70572e-06 6.43901e-09 0 0 6.43901e-09
-4.21664 0.00375904 -1.0313e-07 -3.19596e-06 6.43901e-09 0 0 6.43901e-09
-4.54739 0.00360381 -1.0313e-07 -2.84478e-06 6.43901e-09 0 0 6.43901e-09
-4.85467 0.00326206 -1.0313e-07 -1.30857e-06 6.43901e-09 0 0 6.43901e-09
-5.15605 0.0028263 -1.0313e-07 -8.83142e-07 6.43901e-09 0 0 6.43901e-09
-5.4541 0.00239154 -1.0313e-07 -4.66643e-07 6.43901e-09 0 0 6.43901e-09
-5.74946 0.0019579 -1.0313e-07 -5.66755e-08 6.43901e-09 0 0 6.43901e-09
-6.0429 0.0015254 -1.0313e-07 3.4917e-07 6.43901e-09 0 0 6.43901e-09
-6.33443 0.00109395 -1.0313e-07 7.51172e-07 6.43901e-09 0 0 6.43901e-09
-6.62521 0.000662971 -1.0313e-07 1.15193e-06 6.43901e-09 0 0 6.43901e-09
-6.91382 0.000233271 -1.0313e-07 1.54938e-06 6.43901e-09 0 0 6.43901e-09
-7.20081 -0.000195637 -1.0313e-07 1.94478e-06 6.43901e-09 0 0 6.43901e-09
-7.48513 -0.000622811 -1.0313e-07 2.3373e-06 6.43901e-09 0 0 6.43901e-09
-7.76628 -0.00104766 -1.0313e-07 2.72724e-06 6.43901e-09 0 0 6.43901e-09
-8.04015 -0.00146709 -1.0313e-07 3.11288e-06 6.43901e-09 0 0 6.43901e-09
-8.30228 -0.00187768 -1.0313e-07 3.49323e-06 6.43901e-09 0 0 6.43901e-09
-8.55149 -0.00227736 -1.0313e-07 3.87175e-06 6.43901e-09 0 0 6.43901e-09
-8.78959 -0.00266755 -1.0313e-07 4.25051e-06 6.43901e-09 0 0 6.43901e-09
-9.0212 -0.00305201 -1.0313e-07 4.62999e-06 6.43901e-09 0 0 6.43901e-09
-9.25043 -0.00343418 -1.0313e-07 5.01044e-06 6.43901e-09 0 0 6.43901e-09
-9.47932 -0.003816 -1.0313e-07 5.39109e-06 6.43901e-09 0 0 6.43901e-09
-9.70792 -0.0041975 -1.0313e-07 5.77196e-06 6.43901e-09 0 0 6.43901e-09
-9.93653 -0.00457901 -1.0313e-07 6.15282e-06 6.43901e-09 0 0 6.43901e-09
-10.1651 -0.00496051 -1.0313e-07 6.53369e-06 6.43901e-09 0 0 6.43901e-09
-10.3937 -0.00534202 -1.0313e-07 6.91456e-06 6.43901e-09 0 0 6.43901e-09
-10.6223 -0.00572352 -1.0313e-07 7.29542e-06 6.43901e-09 0 0 6.43901e-09
-10.8509 -0.00610503 -1.0313e-07 7.67629e-06 6.43901e-09 0 0 6.43901e-09
-11.0795 -0.00648654 -1.0313e-07 8.05716e-06 6.43901e-09 0 0 6.43901e-09
-11.3081 -0.00686804 -1.0313e-07 8.43802e-06 6.43901e-09 0 0 6.43901e-09
-11.5368 -0.00724955 -1.0313e-07 8.81889e-06 6.43901e-09 0 0 6.43901e-09
-11.7654 -0.00763105 -1.0313e-07 9.19976e-06 6.43901e-09 0 0 6.43901e-09
-10.5213 -0.00740664 -1.0313e-07 8.85401e-06 6.43901e-09 0 0 6.43901e-09
-9.27726 -0.00718222 -1.0313e-07 8.50826e-06 6.43901e-09 0 0 6.43901e-09
-8.03322 -0.0069578 -1.0313e-07 8.16252e-06 6.43901e-09 0 0 6.43901e-09
-6.78917 -0.00673338 -1.0313e-07 7.81677e-06 6.43901e-09 0 0 6.43901e-09
-5.54513 -0.00650897 -1.0313e-07 7.47102e-06 6.43901e-09 0 0 6.43901e-09
-4.30108 -0.00628455 -1.0313e-07 7.12528e-06 6.43901e-09 0 0 6.43901e-09
-3.05703 -0.00606013 -1.0313e-07 6.77953e-06 6.43901e-09 0 0 6.43901e-09
-1.81299 -0.00583571 -1.0313e-07 6.43379e-06 6.43901e-09 0 0 6.43901e-09
-0.568942 -0.0056113 -1.0313e-07 6.08804e-06 6.43901e-09 0 0 6.43901e-09
0.674203 -0.0053819 -1.0313e-07 5.66163e-06 6.43901e-09 0 0 6.43901e-09
1.84479 -0.00496274 -1.0313e-07 4.40399e-06 6.43901e-09 0 0 6.43901e-09
2.88185 -0.00439213 -1.0313e-07 3.20228e-06 6.43901e-09 0 0 6.43901e-09
3.62587 -0.00394166 -1.0313e-07 2.626e-06 6.43901e-09 0 0 6.43901e-09
4.22356 -0.00375937 -1.0313e-07 3.2195e-06 6.43901e-09 0 0 6.43901e-09
4.70884 -0.00344665 -1.0313e-07 2.13363e-06 6.43901e-09 0 0 6.43901e-09
5.16297 -0.00282663 -1.0313e-07 9.06676e-07 6.43901e-09 0 0 6.43901e-09
5.60903 -0.0021748 -1.0313e-07 2.84449e-07 6.43901e-09 0 0 6.43901e-09
6.04982 -0.00152573 -1.0313e-07 -3.25636e-07 6.43901e-09 0 0 6.43901e-09
6.48696 -0.000878648 -1.0313e-07 -9.28369e-07 6.43901e-09 0 0 6.43901e-09
6.92074 -0.000233602 -1.0313e-07 -1.52585e-06 6.43901e-09 0 0 6.43901e-09
7.35008 0.000409003 -1.0313e-07 -2.1177e-06 6.43901e-09 0 0 6.43901e-09
7.7732 0.00104732 -1.0313e-07 -2.7037e-06 6.43901e-09 0 0 6.43901e-09
8.18051 0.00167389 -1.0313e-07 -3.28052e-06 6.43901e-09 0 0 6.43901e-09
8.55843 0.00227699 -1.0313e-07 -3.84849e-06 6.43901e-09 0 0 6.43901e-09
8.91263 0.00285974 -1.0313e-07 -4.41661e-06 6.43901e-09 0 0 6.43901e-09
9.25735 0.00343385 -1.0313e-07 -4.9869e-06 6.43901e-09 0 0 6.43901e-09
9.60054 0.00400642 -1.0313e-07 -5.55799e-06 6.43901e-09 0 0 6.43901e-09
9.94345 0.00457868 -1.0313e-07 -6.12929e-06 6.43901e-09 0 0 6.43901e-09
10.2864 0.00515093 -1.0313e-07 -6.70059e-06 6.43901e-09 0 0 6.43901e-09
10.6293 0.00572319 -1.0313e-07 -7.27189e-06 6.43901e-09 0 0 6.43901e-09
10.9722 0.00629545 -1.0313e-07 -7.84319e-06 6.43901e-09 0 0 6.43901e-09
11.3151 0.00686771 -1.0313e-07 -8.41449e-06 6.43901e-09 0 0 6.43901e-09
11.658 0.00743997 -1.0313e-07 -8.98579e-06 6.43901e-09 0 0 6.43901e-09
12.0009 0.00801223 -1.0313e-07 -9.55709e-06 6.43901e-09 0 0 6.43901e-09
12.3438 0.00858449 -1.0313e-07 -1.01284e-05 6.43901e-09 0 0 6.43901e-09
12.6867 0.00915675 -1.0313e-07 -1.06997e-05 6.43901e-09 0 0 6.43901e-09
13.0296 0.00972901 -1.03135e-07 -1.12711e-05 6.43888e-09 0 0 6.43888e-09
13.3722 0.0103011 -1.03142e-07 -1.18436e-05 6.43972e-09 0 0 6.43972e-09
13.714 0.0108722 -1.03142e-07 -1.2417e-05 6.43972e-09 0 0 6.43972e-09
14.0553 0.0114428 -1.03143e-07 -1.29907e-05 6.4401e-09 0 0 6.4401e-09
14.3962 0.0120129 -1.03144e-07 -1.35643e-05 6.44075e-09 0 0 6.44075e-09
14.7365 0.0125821 -1.03144e-07 -1.41376e-05 6.44075e-09 0 0 6.44075e-09
15.0761 0.0131502 -1.03144e-07 -1.47101e-05 6.44094e-09 0 0 6.44094e-09
15.4149 0.0137171 -1.03144e-07 -1.52815e-05 6.44094e-09 0 0 6.44094e-09
15.7529 0.0142826 -1.0315e-07 -1.58518e-05 6.43536e-09 0 0 6.43536e-09
16.0893 0.0148456 -1.03166e-07 -1.642e-05 6.41972e-09 0 0 6.41972e-09
16.4227 0.0154039 -1.03171e-07 -1.69844e-05 6.41351e-09 0 0 6.41351e-09
16.7495 0.0159517 -1.03174e-07 -1.7539e-05 6.41089e-09 0 0 6.41089e-09
17.0716 0.0164921 -1.03182e-07 -1.80867e-05 6.39981e-09 0 0 6.39981e-09
17.385 0.0170189 -1.03214e-07 -1.86215e-05 6.36052e-09 0 0 6.36052e-09
15.7263 0.0167197 -1.03214e-07 -1.81605e-05 6.36052e-09 0 0 6.36052e-09
14.0676 0.0164205 -1.03214e-07 -1.76995e-05 6.36052e-09 0 0 6.36052e-09
12.4088 0.0161213 -1.03214e-07 -1.72385e-05 6.36052e-09 0 0 6.36052e-09
10.7501 0.015822 -1.03214e-07 -1.67775e-05 6.36052e-09 0 0 6.36052e-09
9.09137 0.0155228 -1.03214e-07 -1.63165e-05 6.36052e-09 0 0 6.36052e-09
7.43264 0.0152236 -1.03214e-07 -1.58555e-05 6.36052e-09 0 0 6.36052e-09
5.77391 0.0149244 -1.03214e-07 -1.53945e-05 6.36052e-09 0 0 6.36052e-09
4.14883 0.014519 -1.03214e-07 -1.42175e-05 6.36052e-09 0 0 6.36052e-09
2.73781 0.01378 -1.03214e-07 -1.2624e-05 6.36052e-09 0 0 6.36052e-09
1.77994 0.0132427 -1.03214e-07 -1.2151e-05 6.36052e-09 0 0 6.36052e-09
1.06534 0.012992 -1.03214e-07 -1.229e-05 6.36052e-09 0 0 6.36052e-09
0.456687 0.0122145 -1.03214e-07 -1.03284e-05 6.36052e-09 0 0 6.36052e-09
-0.136723 0.0113461 -1.03214e-07 -9.50193e-06 6.36052e-09 0 0 6.36052e-09
-0.721695 0.0104822 -1.03214e-07 -8.69409e-06 6.36052e-09 0 0 6.36052e-09
-1.30108 0.00962148 -1.03214e-07 -7.89587e-06 6.36052e-09 0 0 6.36052e-09
-1.8724 0.0087654 -1.03214e-07 -7.10795e-06 6.36052e-09 0 0 6.36052e-09
-2.42742 0.00792113 -1.03214e-07 -6.33238e-06 6.36052e-09 0 0 6.36052e-09
-2.93876 0.00711085 -1.03214e-07 -5.5735e-06 6.36052e-09 0 0 6.36052e-09
-3.40847 0.00633621 -1.03214e-07 -4.81526e-06 6.36052e-09 0 0 6.36052e-09
-3.86659 0.00557222 -1.03214e-07 -4.05417e-06 6.36052e-09 0 0 6.36052e-09
-4.32379 0.00480921 -1.03214e-07 -3.29244e-06 6.36052e-09 0 0 6.36052e-09
-4.781 0.0040462 -1.03214e-07 -2.5307e-06 6.36052e-09 0 0 6.36052e-09
-5.23821 0.00328318 -1.03214e-07 -1.76897e-06 6.36052e-09 0 0 6.36052e-09
-5.69542 0.00252017 -1.03214e-07 -1.00724e-06 6.36052e-09 0 0 6.36052e-09
-6.15262 0.00175716 -1.03214e-07 -2.45503e-07 6.36052e-09 0 0 6.36052e-09
-6.60983 0.000994149 -1.03214e-07 5.16231e-07 6.36052e-09 0 0 6.36052e-09
-7.06704 0.000231137 -1.03214e-07 1.27796e-06 6.36052e-09 0 0 6.36052e-09
-7.52425 -0.000531874 -1.03214e-07 2.0397e-06 6.36052e-09 0 0 6.36052e-09
-7.98145 -0.00129489 -1.03214e-07 2.80143e-06 6.36052e-09 0 0 6.36052e-09
-8.43866 -0.0020579 -1.03214e-07 3.56316e-06 6.36052e-09 0 0 6.36052e-09
-8.89576 -0.00282091 -1.03215e-07 4.3257e-06 6.36055e-09 0 0 6.36055e-09
-9.35236 -0.00358349 -1.03215e-07 5.08943e-06 6.3606e-09 0 0 6.3606e-09
-9.80814 -0.00434512 -1.03215e-07 5.85398e-06 6.3606e-09 0 0 6.3606e-09
-10.2637 -0.00510646 -1.03215e-07 6.61872e-06 6.3606e-09 0 0 6.3606e-09
-10.7185 -0.00586697 -1.03215e-07 7.38369e-06 6.36058e-09 0 0 6.36058e-09
-11.1733 -0.00662735 -1.03215e-07 8.14866e-06 6.36058e-09 0 0 6.36058e-09
-11.6274 -0.00738671 -1.03215e-07 8.91323e-06 6.36056e-09 0 0 6.36056e-09
-12.081 -0.00814553 -1.03215e-07 9.67762e-06 6.36056e-09 0 0 6.36056e-09
-12.5341 -0.00890343 -1.03215e-07 1.04412e-05 6.36054e-09 0 0 6.36054e-09
-12.9866 -0.00966046 -1.03215e-07 1.1204e-05 6.36054e-09 0 0 6.36054e-09
-13.4382 -0.0104159 -1.03215e-07 1.19657e-05 6.36054e-09 0 0 6.36054e-09
-13.8891 -0.0111705 -1.03215e-07 1.27266e-05 6.36054e-09 0 0 6.36054e-09
-14.3388 -0.011923 -1.03215e-07 1.34856e-05 6.36055e-09 0 0 6.36055e-09
-14.7871 -0.0126734 -1.03215e-07 1.4243e-05 6.36058e-09 0 0 6.36058e-09
-15.2325 -0.0134193 -1.03215e-07 1.49967e-05 6.36056e-09 0 0 6.36056e-09
-15.6738 -0.0141586 -1.03215e-07 1.57446e-05 6.36054e-09 0 0 6.36054e-09
-16.1081 -0.0148866 -1.03215e-07 1.64819e-05 6.36055e-09 0 0 6.36055e-09
-16.5388 -0.0156088 -1.03215e-07 1.72138e-05 6.36052e-09 0 0 6.36052e-09
-16.9619 -0.0163195 -1.03215e-07 1.79348e-05 6.36046e-09 0 0 6.36046e-09
-17.3791 -0.017021 -1.03215e-07 1.86469e-05 6.36039e-09 0 0 6.36039e-09
