0.414682 -355651 842.348 -4355.77 -420.284 1.49468e+07 2.93004e+06 355651 -842.348 4355.77 420.284 -1.00769e+07 -1.98827e+06
0.829364 -713163 842.348 -9052.77 -420.284 3.10238e+07 2.93004e+06 713163 -842.348 9052.77 420.284 -2.09025e+07 -1.98827e+06
1.24405 -1.07068e+06 842.348 -13749.8 -420.284 4.71009e+07 2.93004e+06 1.07068e+06 -842.348 13749.8 420.284 -3.17282e+07 -1.98827e+06
1.65873 -1.42819e+06 842.348 -18446.8 -420.284 6.3178e+07 2.93004e+06 1.42819e+06 -842.348 18446.8 420.284 -4.25538e+07 -1.98827e+06
2.07341 -1.7857e+06 842.348 -23143.8 -420.284 7.9255e+07 2.93004e+06 1.7857e+06 -842.348 23143.8 420.284 -5.33795e+07 -1.98827e+06
2.48809 -2.14321e+06 842.348 -27840.8 -420.284 9.53321e+07 2.93004e+06 2.14321e+06 -842.348 27840.8 420.284 -6.42051e+07 -1.98827e+06
2.90277 -2.50072e+06 842.348 -32537.8 -420.284 1.11409e+08 2.93004e+06 2.50072e+06 -842.348 32537.8 420.284 -7.50308e+07 -1.98827e+06
3.31746 -2.85824e+06 842.348 -37234.8 -420.284 1.27486e+08 2.93004e+06 2.85824e+06 -842.348 37234.8 420.284 -8.58564e+07 -1.98827e+06
3.73214 -3.21575e+06 842.348 -41931.8 -420.284 1.43563e+08 2.93004e+06 3.21575e+06 -842.348 41931.8 420.284 -9.66821e+07 -1.98827e+06
4.14682 -3.57326e+06 842.348 -46628.8 -420.284 1.5964e+08 2.93004e+06 3.57326e+06 -842.348 46628.8 420.284 -1.07508e+08 -1.98827e+06
4.5615 -3.93077e+06 842.348 -51325.8 -420.284 1.75717e+08 2.93004e+06 3.93077e+06 -842.348 51325.8 420.284 -1.18333e+08 -1.98827e+06
4.97618 -4.28828e+06 842.348 -56022.8 -420.284 1.91794e+08 2.93004e+06 4.28828e+06 -842.348 56022.8 420.284 -1.29159e+08 -1.98827e+06
5.39087 -4.6458e+06 842.348 -60719.8 -420.284 2.07871e+08 2.93004e+06 4.6458e+06 -842.348 60719.8 420.284 -1.39985e+08 -1.98827e+06
5.80555 -5.00331e+06 842.348 -65416.8 -420.284 2.23949e+08 2.93004e+06 5.00331e+06 -842.348 65416.8 420.284 -1.5081e+08 -1.98827e+06
6.21982 -5.36031e+06 771.342 -69847.3 -417.291 2.38897e+08 2.66165e+06 5.36031e+06 -771.342 69847.3 417.291 -1.60805e+08 -1.79926e+06
6.61895 -5.70134e+06 608.995 -67179.7 -432.643 2.28261e+08 2.11804e+06 5.70134e+06 -608.995 67179.7 432.643 -1.53152e+08 -1.43717e+06
6.98697 -6.01715e+06 602.088 -56727.9 -436.504 1.92776e+08 2.07817e+06 6.01715e+06 -602.088 56727.9 436.504 -1.29352e+08 -1.40501e+06
7.32503 -6.30888e+06 572.133 -43944.2 -435.711 1.49785e+08 1.9431e+06 6.30888e+06 -572.133 43944.2 435.711 -1.00653e+08 -1.30343e+06
7.58985 -6.54942e+06 541.17 -31980.1 -470.885 1.09599e+08 1.85959e+06 6.54942e+06 -541.17 31980.1 470.885 -7.38439e+07 -1.25454e+06
7.80644 -6.74565e+06 535.49 -20550.9 -470.228 7.14999e+07 1.82529e+06 6.74565e+06 -535.49 20550.9 470.228 -4.85233e+07 -1.22659e+06
7.99826 -6.88763e+06 510.469 -11459.6 -468.589 4.03966e+07 1.72589e+06 6.88763e+06 -510.469 11459.6 468.589 -2.75844e+07 -1.15517e+06
8.16342 -6.96858e+06 134.734 -7851.28 -466.474 2.789e+07 499006 6.96858e+06 -134.734 7851.28 466.474 -1.9112e+07 -348369
8.31711 -7.02374e+06 71.2078 -7693.6 -454.147 2.73382e+07 248156 7.02374e+06 -71.2078 7693.6 454.147 -1.87365e+07 -168543
8.46783 -7.07584e+06 67.052 -8071.3 -451.551 2.87941e+07 229614 7.07584e+06 -67.052 8071.3 451.551 -1.97702e+07 -154648
8.61689 -7.12779e+06 66.9906 -8446.09 -452.238 3.02409e+07 229478 7.12779e+06 -66.9906 8446.09 452.238 -2.07979e+07 -154580
8.76459 -7.1796e+06 66.9708 -8815.19 -452.669 3.16649e+07 229434 7.1796e+06 -66.9708 8815.19 452.669 -2.18092e+07 -154558
8.91132 -7.23128e+06 66.9183 -9180.6 -451.355 3.30743e+07 229314 7.23128e+06 -66.9183 9180.6 451.355 -2.28101e+07 -154497
9.05709 -7.28283e+06 66.9183 -9542.82 -451.355 3.44704e+07 229314 7.28283e+06 -66.9183 9542.82 451.355 -2.38012e+07 -154497
9.20249 -7.33432e+06 66.8424 -9904.08 -449.533 3.58622e+07 229142 7.33432e+06 -66.8424 9904.08 449.533 -2.47891e+07 -154409
9.3468 -7.38566e+06 66.8092 -10263.1 -449.005 3.72425e+07 229066 7.38566e+06 -66.8092 10263.1 449.005 -2.57681e+07 -154371
9.49029 -7.43691e+06 66.8069 -10621.1 -449.247 3.86158e+07 229062 7.43691e+06 -66.8069 10621.1 449.247 -2.6741e+07 -154369
9.63245 -7.48795e+06 66.7945 -10977.9 -449.33 3.99793e+07 229034 7.48795e+06 -66.7945 10977.9 449.33 -2.77056e+07 -154355
9.77302 -7.53871e+06 66.7752 -11334 -449.014 4.1334e+07 228990 7.53871e+06 -66.7752 11334 449.014 -2.86622e+07 -154333
9.90991 -7.58882e+06 66.7754 -11690.6 -449.14 4.26741e+07 228991 7.58882e+06 -66.7754 11690.6 449.14 -2.96036e+07 -154334
10.0409 -7.63786e+06 66.8293 -12050.4 -451.411 4.3997e+07 229115 7.63786e+06 -66.8293 12050.4 451.411 -3.05242e+07 -154397
10.1654 -7.6856e+06 66.4286 -12417.9 -446.142 4.53148e+07 228209 7.6856e+06 -66.4286 12417.9 446.142 -3.14311e+07 -153940
10.2844 -7.7322e+06 65.6754 -12794.3 -432.505 4.66345e+07 226501 7.7322e+06 -65.6754 12794.3 432.505 -3.23301e+07 -153074
10.4002 -7.77814e+06 65.4948 -13176.5 -429.094 4.79575e+07 226091 7.77814e+06 -65.4948 13176.5 429.094 -3.32257e+07 -152866
10.5148 -7.8238e+06 65.4063 -13561.5 -427.149 4.92839e+07 225890 7.8238e+06 -65.4063 13561.5 427.149 -3.41217e+07 -152764
10.6293 -7.86941e+06 65.3584 -13947 -426.134 5.06112e+07 225781 7.86941e+06 -65.3584 13947 426.134 -3.5018e+07 -152708
10.7436 -7.915e+06 65.3584 -14332.9 -426.134 5.19392e+07 225781 7.915e+06 -65.3584 14332.9 426.134 -3.59145e+07 -152708
10.8579 -7.96058e+06 65.3584 -14718.8 -426.134 5.32671e+07 225781 7.96058e+06 -65.3584 14718.8 426.134 -3.6811e+07 -152708
10.9722 -8.00616e+06 65.3584 -15104.7 -426.134 5.45951e+07 225781 8.00616e+06 -65.3584 15104.7 426.134 -3.77075e+07 -152708
11.0865 -8.05174e+06 65.3584 -15490.6 -426.134 5.59231e+07 225781 8.05174e+06 -65.3584 15490.6 426.134 -3.86041e+07 -152708
11.2008 -8.09733e+06 65.3584 -15876.6 -426.134 5.72511e+07 225781 8.09733e+06 -65.3584 15876.6 426.134 -3.95006e+07 -152708
11.3151 -8.14291e+06 65.3584 -16262.5 -426.134 5.85791e+07 225781 8.14291e+06 -65.3584 16262.5 426.134 -4.03971e+07 -152708
11.4294 -8.18849e+06 65.3584 -16648.4 -426.134 5.99071e+07 225781 8.18849e+06 -65.3584 16648.4 426.134 -4.12936e+07 -152708
11.5437 -8.23407e+06 65.3584 -17034.3 -426.134 6.12351e+07 225781 8.23407e+06 -65.3584 17034.3 426.134 -4.21901e+07 -152708
11.658 -8.27966e+06 65.3584 -17420.3 -426.134 6.25631e+07 225781 8.27966e+06 -65.3584 17420.3 426.134 -4.30867e+07 -152708
11.7723 -8.32524e+06 65.3584 -17806.2 -426.134 6.38911e+07 225781 8.32524e+06 -65.3584 17806.2 426.134 -4.39832e+07 -152708
10.9429 -7.61021e+06 65.3584 -8412.16 -426.134 3.1737e+07 225781 7.61021e+06 -65.3584 8412.16 426.134 -2.23319e+07 -152708
10.1135 -6.89519e+06 65.3584 981.847 -426.134 -417155 225781 6.89519e+06 -65.3584 -981.847 426.134 -680583 -152708
9.28419 -6.18017e+06 65.3584 10375.9 -426.134 -3.25713e+07 225781 6.18017e+06 -65.3584 -10375.9 426.134 2.09707e+07 -152708
8.45482 -5.46514e+06 65.3584 19769.9 -426.134 -6.47254e+07 225781 5.46514e+06 -65.3584 -19769.9 426.134 4.2622e+07 -152708
7.62546 -4.75012e+06 65.3584 29163.9 -426.134 -9.68795e+07 225781 4.75012e+06 -65.3584 -29163.9 426.134 6.42733e+07 -152708
6.79609 -4.03509e+06 65.3584 38557.9 -426.134 -1.29034e+08 225781 4.03509e+06 -65.3584 -38557.9 426.134 8.59246e+07 -152708
5.96673 -3.32007e+06 65.3584 47951.9 -426.134 -1.61188e+08 225781 3.32007e+06 -65.3584 -47951.9 426.134 1.07576e+08 -152708
5.13737 -2.60505e+06 65.3584 57345.9 -426.134 -1.93342e+08 225781 2.60505e+06 -65.3584 -57345.9 426.134 1.29227e+08 -152708
4.308 -1.89002e+06 65.3584 66739.9 -426.134 -2.25496e+08 225781 1.89002e+06 -65.3584 -66739.9 426.134 1.50878e+08 -152708
3.47864 -1.175e+06 65.3584 76133.9 -426.134 -2.5765e+08 225781 1.175e+06 -65.3584 -76133.9 426.134 1.7253e+08 -152708
2.64927 -459974 65.3584 85527.9 -426.134 -2.89804e+08 225781 459974 -65.3584 -85527.9 426.134 1.94181e+08 -152708
1.81991 255050 65.3584 94921.9 -426.134 -3.21958e+08 225781 -255050 -65.3584 -94921.9 426.134 2.15832e+08 -152708
0.990545 970074 65.3584 104316 -426.134 -3.54112e+08 225781 -970074 -65.3584 -104316 426.134 2.37484e+08 -152708
0.161181 1.6851e+06 65.3584 113710 -426.134 -3.86267e+08 225781 -1.6851e+06 -65.3584 -113710 426.134 2.59135e+08 -152708
-0.667282 2.399e+06 65.3584 122521 -426.134 -4.15923e+08 225781 -2.399e+06 -65.3584 -122521 426.134 2.7894e+08 -152708
-1.4639 3.07992e+06 65.3584 116751 -426.134 -3.9326e+08 225781 -3.07992e+06 -65.3584 -116751 426.134 2.62729e+08 -152708
-2.19917 3.71108e+06 65.3584 95758.2 -426.134 -3.22057e+08 225781 -3.71108e+06 -65.3584 -95758.2 426.134 2.14996e+08 -152708
-2.87493 4.29423e+06 65.3584 70132.7 -426.134 -2.3584e+08 225781 -4.29423e+06 -65.3584 -70132.7 426.134 1.57429e+08 -152708
-3.39966 4.7723e+06 65.3584 46344.3 -426.134 -1.55977e+08 225781 -4.7723e+06 -65.3584 -46344.3 426.134 1.04162e+08 -152708
-3.83279 5.1647e+06 65.3584 23486.6 -426.134 -7.97789e+07 225781 -5.1647e+06 -65.3584 -23486.6 426.134 5.35201e+07 -152708
-4.21664 5.44915e+06 65.3584 5273.92 -426.134 -1.74598e+07 225781 -5.44915e+06 -65.3584 -5273.92 426.134 1.15634e+07 -152708
-4.54739 5.61196e+06 65.3584 -2057.48 -426.134 7.95303e+06 225781 -5.61196e+06 -65.3584 2057.48 426.134 -5.65269e+06 -152708
-4.85467 5.7223e+06 65.3584 -2381.8 -426.134 9.09133e+06 225781 -5.7223e+06 -65.3584 2381.8 426.134 -6.4284e+06 -152708
-5.15605 5.82643e+06 65.3584 -1617.03 -426.134 6.13685e+06 225781 -5.82643e+06 -65.3584 1617.03 426.134 -4.32895e+06 -152708
-5.4541 5.93032e+06 65.3584 -867.739 -426.134 3.24433e+06 225781 -5.93032e+06 -65.3584 867.739 426.134 -2.27417e+06 -152708
-5.74946 6.03394e+06 65.3584 -129.727 -426.134 397102 225781 -6.03394e+06 -65.3584 129.727 426.134 -252062 -152708
-6.0429 6.13729e+06 65.3584 601.006 -426.134 -2.42151e+06 225781 -6.13729e+06 -65.3584 -601.006 426.134 1.74957e+06 -152708
-6.33443 6.24039e+06 65.3584 1325.38 -426.134 -5.21351e+06 225781 -6.24039e+06 -65.3584 -1325.38 426.134 3.73169e+06 -152708
-6.62521 6.34338e+06 65.3584 2047.86 -426.134 -7.99689e+06 225781 -6.34338e+06 -65.3584 -2047.86 426.134 5.70731e+06 -152708
-6.91382 6.44606e+06 65.3584 2765.85 -426.134 -1.07575e+07 225781 -6.44606e+06 -65.3584 -2765.85 426.134 7.66522e+06 -152708
-7.20081 6.54855e+06 65.3584 3481.95 -426.134 -1.35041e+07 225781 -6.54855e+06 -65.3584 -3481.95 426.134 9.61119e+06 -152708
-7.48513 6.65063e+06 65.3584 4195.47 -426.134 -1.62311e+07 225781 -6.65063e+06 -65.3584 -4195.47 426.134 1.15404e+07 -152708
-7.76628 6.75215e+06 65.3584 4907.6 -426.134 -1.89404e+07 225781 -6.75215e+06 -65.3584 -4907.6 426.134 1.34536e+07 -152708
-8.04015 6.85238e+06 65.3584 5620.88 -426.134 -2.16211e+07 225781 -6.85238e+06 -65.3584 -5620.88 426.134 1.53368e+07 -152708
-8.30228 6.95049e+06 65.3584 6340.38 -426.134 -2.4267e+07 225781 -6.95049e+06 -65.3584 -6340.38 426.134 1.71783e+07 -152708
-8.55149 7.046e+06 65.3584 7075.13 -426.134 -2.69026e+07 225781 -7.046e+06 -65.3584 -7075.13 426.134 1.89924e+07 -152708
-8.78959 7.13924e+06 65.3584 7827.68 -426.134 -2.9542e+07 225781 -7.13924e+06 -65.3584 -7827.68 426.134 2.07904e+07 -152708
-9.0212 7.23111e+06 65.3584 8591.89 -426.134 -3.21877e+07 225781 -7.23111e+06 -65.3584 -8591.89 426.134 2.25817e+07 -152708
-9.25043 7.32243e+06 65.3584 9361.89 -426.134 -3.48406e+07 225781 -7.32243e+06 -65.3584 -9361.89 426.134 2.43737e+07 -152708
-9.47932 7.41367e+06 65.3584 10132.8 -426.134 -3.7495e+07 225781 -7.41367e+06 -65.3584 -10132.8 426.134 2.61662e+07 -152708
-9.70792 7.50483e+06 65.3584 10904.7 -426.134 -4.0151e+07 225781 -7.50483e+06 -65.3584 -10904.7 426.134 2.79592e+07 -152708
-9.93653 7.596e+06 65.3584 11676.5 -426.134 -4.2807e+07 225781 -7.596e+06 -65.3584 -11676.5 426.134 2.97523e+07 -152708
-10.1651 7.68716e+06 65.3584 12448.4 -426.134 -4.5463e+07 225781 -7.68716e+06 -65.3584 -12448.4 426.134 3.15453e+07 -152708
-10.3937 7.77833e+06 65.3584 13220.2 -426.134 -4.8119e+07 225781 -7.77833e+06 -65.3584 -13220.2 426.134 3.33383e+07 -152708
-10.6223 7.86949e+06 65.3584 13992 -426.134 -5.07749e+07 225781 -7.86949e+06 -65.3584 -13992 426.134 3.51314e+07 -152708
-10.8509 7.96066e+06 65.3584 14763.9 -426.134 -5.34309e+07 225781 -7.96066e+06 -65.3584 -14763.9 426.134 3.69244e+07 -152708
-11.0795 8.05182e+06 65.3584 15535.7 -426.134 -5.60869e+07 225781 -8.05182e+06 -65.3584 -15535.7 426.134 3.87174e+07 -152708
-11.3081 8.14299e+06 65.3584 16307.6 -426.134 -5.87429e+07 225781 -8.14299e+06 -65.3584 -16307.6 426.134 4.05105e+07 -152708
-11.5368 8.23415e+06 65.3584 17079.4 -426.134 -6.13989e+07 225781 -8.23415e+06 -65.3584 -17079.4 426.134 4.23035e+07 -152708
-11.7654 8.32532e+06 65.3584 17851.2 -426.134 -6.40549e+07 225781 -8.32532e+06 -65.3584 -17851.2 426.134 4.40966e+07 -152708
-10.5213 7.25278e+06 65.3584 3760.23 -426.134 -1.58237e+07 225781 -7.25278e+06 -65.3584 -3760.23 426.134 1.16196e+07 -152708
-9.27726 6.18024e+06 65.3584 -10330.8 -426.134 3.24075e+07 225781 -6.18024e+06 -65.3584 10330.8 426.134 -2.08573e+07 -152708
-8.03322 5.10771e+06 65.3584 -24421.8 -426.134 8.06387e+07 225781 -5.10771e+06 -65.3584 24421.8 426.134 -5.33343e+07 -152708
-6.78917 4.03517e+06 65.3584 -38512.8 -426.134 1.2887e+08 225781 -4.03517e+06 -65.3584 38512.8 426.134 -8.58112e+07 -152708
-5.54513 2.96264e+06 65.3584 -52603.8 -426.134 1.77101e+08 225781 -2.96264e+06 -65.3584 52603.8 426.134 -1.18288e+08 -152708
-4.30108 1.8901e+06 65.3584 -66694.8 -426.134 2.25332e+08 225781 -1.8901e+06 -65.3584 66694.8 426.134 -1.50765e+08 -152708
-3.05703 817565 65.3584 -80785.9 -426.134 2.73563e+08 225781 -817565 -65.3584 80785.9 426.134 -1.83242e+08 -152708
-1.81299 -254971 65.3584 -94876.9 -426.134 3.21795e+08 225781 254971 -65.3584 94876.9 426.134 -2.15719e+08 -152708
-0.568942 -1.32751e+06 65.3584 -108968 -426.134 3.70026e+08 225781 1.32751e+06 -65.3584 108968 426.134 -2.48196e+08 -152708
0.674203 -2.39892e+06 65.3584 -122476 -426.134 4.15759e+08 225781 2.39892e+06 -65.3584 122476 426.134 -2.78827e+08 -152708
1.84479 -3.40045e+06 65.3584 -107178 -426.134 3.60144e+08 225781 3.40045e+06 -65.3584 107178 426.134 -2.40315e+08 -152708
2.88185 -4.29415e+06 65.3584 -70087.6 -426.134 2.35676e+08 225781 4.29415e+06 -65.3584 70087.6 426.134 -1.57316e+08 -152708
3.62587 -4.97416e+06 65.3584 -34904.1 -426.134 1.17714e+08 225781 4.97416e+06 -65.3584 34904.1 426.134 -7.86904e+07 -152708
4.22356 -5.44907e+06 65.3584 -5228.85 -426.134 1.72961e+07 225781 5.44907e+06 -65.3584 5228.85 426.134 -1.145e+07 -152708
4.70884 -5.66851e+06 65.3584 2518.82 -426.134 -9.50546e+06 225781 5.66851e+06 -65.3584 -2518.82 426.134 6.68933e+06 -152708
5.16297 -5.82635e+06 65.3584 1662.11 -426.134 -6.30063e+06 225781 5.82635e+06 -65.3584 -1662.11 426.134 4.44234e+06 -152708
5.60903 -5.98211e+06 65.3584 542.352 -426.134 -1.97931e+06 225781 5.98211e+06 -65.3584 -542.352 426.134 1.37295e+06 -152708
6.04982 -6.13721e+06 65.3584 -555.932 -426.134 2.25773e+06 225781 6.13721e+06 -65.3584 555.932 426.134 -1.63618e+06 -152708
6.48696 -6.29184e+06 65.3584 -1642.07 -426.134 6.44385e+06 225781 6.29184e+06 -65.3584 1642.07 426.134 -4.60795e+06 -152708
6.92074 -6.44598e+06 65.3584 -2720.78 -426.134 1.05938e+07 225781 6.44598e+06 -65.3584 2720.78 426.134 -7.55183e+06 -152708
7.35008 -6.59954e+06 65.3584 -3793.76 -426.134 1.47051e+07 225781 6.59954e+06 -65.3584 3793.76 426.134 -1.04636e+07 -152708
7.7732 -6.75207e+06 65.3584 -4862.52 -426.134 1.87766e+07 225781 6.75207e+06 -65.3584 4862.52 426.134 -1.33402e+07 -152708
8.18051 -6.90179e+06 65.3584 -5934.24 -426.134 2.27868e+07 225781 6.90179e+06 -65.3584 5934.24 426.134 -1.61521e+07 -152708
8.55843 -7.04591e+06 65.3584 -7030.63 -426.134 2.67407e+07 225781 7.04591e+06 -65.3584 7030.63 426.134 -1.88803e+07 -152708
8.91263 -7.18516e+06 65.3584 -8164 -426.134 3.07002e+07 225781 7.18516e+06 -65.3584 8164 426.134 -2.15726e+07 -152708
9.25735 -7.32235e+06 65.3584 -9316.81 -426.134 3.46768e+07 225781 7.32235e+06 -65.3584 9316.81 426.134 -2.42603e+07 -152708
9.60054 -7.45917e+06 65.3584 -10473.7 -426.134 3.86592e+07 225781 7.45917e+06 -65.3584 10473.7 426.134 -2.69493e+07 -152708
9.94345 -7.59592e+06 65.3584 -11631.4 -426.134 4.26432e+07 225781 7.59592e+06 -65.3584 11631.4 426.134 -2.96389e+07 -152708
10.2864 -7.73267e+06 65.3584 -12789.2 -426.134 4.66272e+07 225781 7.73267e+06 -65.3584 12789.2 426.134 -3.23284e+07 -152708
10.6293 -7.86941e+06 65.3584 -13947 -426.134 5.06112e+07 225781 7.86941e+06 -65.3584 13947 426.134 -3.5018e+07 -152708
10.9722 -8.00616e+06 65.3584 -15104.7 -426.134 5.45951e+07 225781 8.00616e+06 -65.3584 15104.7 426.134 -3.77075e+07 -152708
11.3151 -8.14291e+06 65.3584 -16262.5 -426.134 5.85791e+07 225781 8.14291e+06 -65.3584 16262.5 426.134 -4.03971e+07 -152708
11.658 -8.27966e+06 65.3584 -17420.3 -426.134 6.25631e+07 225781 8.27966e+06 -65.3584 17420.3 426.134 -4.30867e+07 -152708
12.0009 -8.4164e+06 65.3584 -18578 -426.134 6.65471e+07 225781 8.4164e+06 -65.3584 18578 426.134 -4.57762e+07 -152708
12.3438 -8.55315e+06 65.3584 -19735.8 -426.134 7.0531e+07 225781 8.55315e+06 -65.3584 19735.8 426.134 -4.84658e+07 -152708
12.6867 -8.6899e+06 65.3584 -20893.5 -426.134 7.4515e+07 225781 8.6899e+06 -65.3584 20893.5 426.134 -5.11553e+07 -152708
13.0296 -8.82664e+06 65.3588 -22051.6 -426.125 7.84997e+07 225792 8.82664e+06 -65.3588 22051.6 426.125 -5.38453e+07 -152718
13.3722 -8.96334e+06 65.3584 -23212.7 -426.181 8.24921e+07 225808 8.96334e+06 -65.3584 23212.7 426.181 -5.65396e+07 -152735
13.714 -9.09983e+06 65.3584 -24376.8 -426.181 8.64914e+07 225808 9.09983e+06 -65.3584 24376.8 426.181 -5.92372e+07 -152735
14.0553 -9.23617e+06 65.3581 -25541.9 -426.206 9.04922e+07 225809 9.23617e+06 -65.3581 25541.9 426.206 -6.19354e+07 -152737
14.3962 -9.37241e+06 65.3576 -26707.2 -426.249 9.44927e+07 225811 9.37241e+06 -65.3576 26707.2 426.249 -6.46331e+07 -152739
14.7365 -9.50841e+06 65.3576 -27872.3 -426.249 9.84911e+07 225811 9.50841e+06 -65.3576 27872.3 426.249 -6.73289e+07 -152739
15.0761 -9.64417e+06 65.3574 -29035.7 -426.261 1.02483e+08 225811 9.64417e+06 -65.3574 29035.7 426.261 -7.00205e+07 -152739
15.4149 -9.77963e+06 65.3574 -30197.2 -426.261 1.06469e+08 225811 9.77963e+06 -65.3574 30197.2 426.261 -7.27072e+07 -152739
15.7529 -9.91476e+06 65.3624 -31356.5 -425.892 1.10446e+08 225824 9.91476e+06 -65.3624 31356.5 425.892 -7.53883e+07 -152747
16.0893 -1.00493e+07 65.3765 -32511.9 -424.857 1.14409e+08 225860 1.00493e+07 -65.3765 32511.9 424.857 -7.80594e+07 -152767
16.4227 -1.01827e+07 65.382 -33660.3 -424.446 1.18345e+08 225872 1.01827e+07 -65.382 33660.3 424.446 -8.07118e+07 -152773
16.7495 -1.03136e+07 65.3843 -34789.5 -424.273 1.22213e+08 225878 1.03136e+07 -65.3843 34789.5 424.273 -8.33176e+07 -152776
17.0716 -1.04428e+07 65.3941 -35905.2 -423.54 1.26034e+08 225897 1.04428e+07 -65.3941 35905.2 423.54 -8.58906e+07 -152784
17.385 -1.05686e+07 65.4289 -36995.3 -420.939 1.29764e+08 225968 1.05686e+07 -65.4289 36995.3 420.939 -8.84018e+07 -152816
15.7263 -9.1386e+06 65.4289 -18207.3 -420.939 6.54556e+07 225968 9.1386e+06 -65.4289 18207.3 420.939 -4.50992e+07 -152816
14.0676 -7.70855e+06 65.4289 580.703 -420.939 1.14739e+06 225968 7.70855e+06 -65.4289 -580.703 420.939 -1.79663e+06 -152816
12.4088 -6.2785e+06 65.4289 19368.7 -420.939 -6.31608e+07 225968 6.2785e+06 -65.4289 -19368.7 420.939 4.1506e+07 -152816
10.7501 -4.84845e+06 65.4289 38156.7 -420.939 -1.27469e+08 225968 4.84845e+06 -65.4289 -38156.7 420.939 8.48085e+07 -152816
9.09137 -3.41841e+06 65.4289 56944.8 -420.939 -1.91777e+08 225968 3.41841e+06 -65.4289 -56944.8 420.939 1.28111e+08 -152816
7.43264 -1.98836e+06 65.4289 75732.8 -420.939 -2.56086e+08 225968 1.98836e+06 -65.4289 -75732.8 420.939 1.71414e+08 -152816
5.77391 -558310 65.4289 94520.8 -420.939 -3.20394e+08 225968 558310 -65.4289 -94520.8 420.939 2.14716e+08 -152816
4.14883 836513 65.4289 97562 -420.939 -3.27388e+08 225968 -836513 -65.4289 -97562 420.939 2.1831e+08 -152816
2.73781 2.05082e+06 65.4289 50943.5 -420.939 -1.69967e+08 225968 -2.05082e+06 -65.4289 -50943.5 420.939 1.13011e+08 -152816
1.77994 2.92129e+06 65.4289 4297.41 -420.939 -1.39061e+07 225968 -2.92129e+06 -65.4289 -4297.41 420.939 9.10144e+06 -152816
1.06534 3.36855e+06 65.4289 -21246.6 -420.939 7.38258e+07 225968 -3.36855e+06 -65.4289 21246.6 420.939 -5.00713e+07 -152816
0.456687 3.58302e+06 65.4289 -20806.2 -420.939 7.20096e+07 225968 -3.58302e+06 -65.4289 20806.2 420.939 -4.87476e+07 -152816
-0.136723 3.79053e+06 65.4289 -19318.9 -420.939 6.62699e+07 225968 -3.79053e+06 -65.4289 19318.9 420.939 -4.46707e+07 -152816
-0.721695 3.99698e+06 65.4289 -17863.8 -420.939 6.06593e+07 225968 -3.99698e+06 -65.4289 17863.8 420.939 -4.06869e+07 -152816
-1.30108 4.20265e+06 65.4289 -16423.3 -420.939 5.51152e+07 225968 -4.20265e+06 -65.4289 16423.3 420.939 -3.67534e+07 -152816
-1.8724 4.40722e+06 65.4289 -14993.7 -420.939 4.96417e+07 225968 -4.40722e+06 -65.4289 14993.7 420.939 -3.28783e+07 -152816
-2.42742 4.60897e+06 65.4289 -13568.3 -420.939 4.42517e+07 225968 -4.60897e+06 -65.4289 13568.3 420.939 -2.90819e+07 -152816
-2.93876 4.80259e+06 65.4289 -12114 -420.939 3.89702e+07 225968 -4.80259e+06 -65.4289 12114 420.939 -2.54263e+07 -152816
-3.40847 4.9877e+06 65.4289 -10597.3 -420.939 3.36851e+07 225968 -4.9877e+06 -65.4289 10597.3 420.939 -2.1837e+07 -152816
-3.86659 5.17026e+06 65.4289 -9056.33 -420.939 2.83777e+07 225968 -5.17026e+06 -65.4289 9056.33 420.939 -1.82525e+07 -152816
-4.32379 5.35259e+06 65.4289 -7512.65 -420.939 2.30658e+07 225968 -5.35259e+06 -65.4289 7512.65 420.939 -1.46664e+07 -152816
-4.781 5.53492e+06 65.4289 -5968.96 -420.939 1.77538e+07 225968 -5.53492e+06 -65.4289 5968.96 420.939 -1.10803e+07 -152816
-5.23821 5.71725e+06 65.4289 -4425.28 -420.939 1.24418e+07 225968 -5.71725e+06 -65.4289 4425.28 420.939 -7.49423e+06 -152816
-5.69542 5.89958e+06 65.4289 -2881.6 -420.939 7.12988e+06 225968 -5.89958e+06 -65.4289 2881.6 420.939 -3.90815e+06 -152816
-6.15262 6.08191e+06 65.4289 -1337.92 -420.939 1.81791e+06 225968 -6.08191e+06 -65.4289 1337.92 420.939 -322077 -152816
-6.60983 6.26424e+06 65.4289 205.767 -420.939 -3.49405e+06 225968 -6.26424e+06 -65.4289 -205.767 420.939 3.264e+06 -152816
-7.06704 6.44657e+06 65.4289 1749.45 -420.939 -8.80602e+06 225968 -6.44657e+06 -65.4289 -1749.45 420.939 6.85007e+06 -152816
-7.52425 6.6289e+06 65.4289 3293.13 -420.939 -1.4118e+07 225968 -6.6289e+06 -65.4289 -3293.13 420.939 1.04361e+07 -152816
-7.98145 6.81123e+06 65.4289 4836.81 -420.939 -1.94299e+07 225968 -6.81123e+06 -65.4289 -4836.81 420.939 1.40222e+07 -152816
-8.43866 6.99356e+06 65.4289 6380.5 -420.939 -2.47419e+07 225968 -6.99356e+06 -65.4289 -6380.5 420.939 1.76083e+07 -152816
-8.89576 7.17588e+06 65.4289 7926.32 -420.941 -3.00596e+07 225969 -7.17588e+06 -65.4289 -7926.32 420.941 2.11977e+07 -152818
-9.35236 7.35811e+06 65.4289 9475.57 -420.944 -3.53856e+07 225970 -7.35811e+06 -65.4289 -9475.57 420.944 2.47916e+07 -152818
-9.80814 7.54011e+06 65.4289 11027.6 -420.944 -4.07176e+07 225970 -7.54011e+06 -65.4289 -11027.6 420.944 2.83883e+07 -152818
-10.2637 7.72204e+06 65.4289 12580.4 -420.944 -4.60509e+07 225970 -7.72204e+06 -65.4289 -12580.4 420.944 3.19856e+07 -152818
-10.7185 7.90377e+06 65.4289 14134.3 -420.943 -5.13859e+07 225970 -7.90377e+06 -65.4289 -14134.3 420.943 3.55833e+07 -152818
-11.1733 8.08547e+06 65.4289 15688.2 -420.943 -5.67209e+07 225970 -8.08547e+06 -65.4289 -15688.2 420.943 3.91809e+07 -152818
-11.6274 8.26693e+06 65.4289 17241.8 -420.942 -6.20531e+07 225970 -8.26693e+06 -65.4289 -17241.8 420.942 4.27763e+07 -152818
-12.081 8.44826e+06 65.4289 18795.2 -420.942 -6.73842e+07 225970 -8.44826e+06 -65.4289 -18795.2 420.942 4.63706e+07 -152818
-12.5341 8.62936e+06 65.4289 20347 -420.94 -7.27095e+07 225970 -8.62936e+06 -65.4289 -20347 420.94 4.99609e+07 -152818
-12.9866 8.81026e+06 65.4289 21897.3 -420.94 -7.80296e+07 225970 -8.81026e+06 -65.4289 -21897.3 420.94 5.35476e+07 -152818
-13.4382 8.99079e+06 65.4289 23445.6 -420.94 -8.33417e+07 225970 -8.99079e+06 -65.4289 -23445.6 420.94 5.71287e+07 -152818
-13.8891 9.17111e+06 65.4289 24992.5 -420.94 -8.86487e+07 225970 -9.17111e+06 -65.4289 -24992.5 420.94 6.07062e+07 -152818
-14.3388 9.35092e+06 65.4289 26535.6 -420.941 -9.39423e+07 225969 -9.35092e+06 -65.4289 -26535.6 420.941 6.42746e+07 -152818
-14.7871 9.53024e+06 65.4289 28075.7 -420.943 -9.92245e+07 225969 -9.53024e+06 -65.4289 -28075.7 420.943 6.78349e+07 -152818
-15.2325 9.70848e+06 65.4289 29609.1 -420.942 -1.04481e+08 225969 -9.70848e+06 -65.4289 -29609.1 420.942 7.13774e+07 -152818
-15.6738 9.88513e+06 65.4289 31131.5 -420.941 -1.09698e+08 225969 -9.88513e+06 -65.4289 -31131.5 420.941 7.48918e+07 -152818
-16.1081 1.00591e+07 65.4289 32632.6 -420.941 -1.1484e+08 225969 -1.00591e+07 -65.4289 -32632.6 420.941 7.83555e+07 -152818
-16.5388 1.02317e+07 65.4289 34123.2 -420.939 -1.19945e+08 225969 -1.02317e+07 -65.4289 -34123.2 420.939 8.17937e+07 -152818
-16.9619 1.04015e+07 65.429 35592.5 -420.935 -1.24974e+08 225970 -1.04015e+07 -65.429 -35592.5 420.935 8.51799e+07 -152818
-17.3791 1.05691e+07 65.429 37044.2 -420.93 -1.2994e+08 225970 -1.05691e+07 -65.429 -37044.2 420.93 8.85238e+07 -152818
