0.414682 4.85275 0.00866713 -0.329378
0.829364 9.4384 0.00866713 -0.293797
1.24405 14.0241 0.00866713 -0.258216
1.65873 18.6097 0.00866713 -0.222636
2.07341 23.1954 0.00866713 -0.187055
2.48809 27.781 0.00866713 -0.151475
2.90277 32.3667 0.00866713 -0.115894
3.31746 36.9523 0.00866713 -0.0803133
3.73214 41.538 0.00866713 -0.0447327
4.14682 46.1236 0.00866713 -0.00915204
4.5615 50.7093 0.00866713 0.0264286
4.97618 55.2949 0.00866713 0.0620092
5.39087 59.8806 0.00866713 0.0975898
5.80555 64.4662 0.00866713 0.13317
6.21982 69.0513 0.00866713 0.168746
6.61895 73.6142 0.00866712 0.203852
6.98697 78.1326 0.00866713 0.237456
7.32503 82.6085 0.00866712 0.269288
7.58985 86.9801 0.00866713 0.296099
7.80644 91.2829 0.00866713 0.319816
7.99826 95.5503 0.00866713 0.342595
8.16342 99.7798 0.00866712 0.36426
8.31711 103.993 0.00866719 0.385553
8.46783 108.202 0.00866726 0.407061
8.61689 112.408 0.00866736 0.428792
8.76459 116.611 0.0086674 0.450677
8.91132 120.812 0.0086674 0.472644
9.05709 125.011 0.0086674 0.494696
9.20249 129.209 0.00866741 0.516773
9.3468 133.406 0.00866743 0.538927
9.49029 137.601 0.00866744 0.56114
9.63245 141.793 0.00866746 0.583423
9.77302 145.983 0.00866747 0.605759
9.90991 150.167 0.00866747 0.628195
10.0409 154.34 0.0086675 0.650763
10.1654 158.503 0.00866773 0.673354
10.2844 162.656 0.00866801 0.695934
10.4002 166.804 0.00866807 0.71849
10.5148 170.949 0.00866809 0.741018
10.6293 175.095 0.0086681 0.763538
10.7436 179.24 0.0086681 0.786052
10.8579 183.385 0.0086681 0.808566
10.9722 187.531 0.0086681 0.831079
11.0865 191.676 0.0086681 0.853593
11.2008 195.821 0.0086681 0.876107
11.3151 199.966 0.0086681 0.898621
11.4294 204.111 0.0086681 0.921135
11.5437 208.256 0.0086681 0.943648
11.658 212.402 0.0086681 0.966162
11.7723 216.547 0.0086681 0.988676
10.9429 207.376 0.0086681 0.917515
10.1135 198.204 0.0086681 0.846353
9.28419 189.033 0.0086681 0.775192
8.45482 179.862 0.0086681 0.704031
7.62546 170.69 0.0086681 0.63287
6.79609 161.519 0.0086681 0.561708
5.96673 152.348 0.0086681 0.490547
5.13737 143.176 0.0086681 0.419386
4.308 134.005 0.0086681 0.348225
3.47864 124.834 0.0086681 0.277063
2.64927 115.663 0.0086681 0.205902
1.81991 106.491 0.0086681 0.134741
0.990545 97.3199 0.0086681 0.0635796
0.161181 88.1486 0.0086681 -0.0075817
-0.667282 78.9787 0.0086681 -0.0787312
-1.4639 69.8551 0.0086681 -0.148863
-2.19917 60.8195 0.0086681 -0.216025
-2.87493 51.8682 0.0086681 -0.27967
-3.39966 43.132 0.0086681 -0.33294
-3.83279 34.5265 0.0086681 -0.380371
-4.21664 25.9914 0.0086681 -0.425937
-4.54739 17.5317 0.0086681 -0.469278
-4.85467 9.10521 0.0086681 -0.511879
-5.15605 0.687779 0.0086681 -0.554901
-5.4541 -7.72366 0.0086681 -0.598368
-5.74946 -16.1299 0.0086681 -0.64214
-6.0429 -24.5319 0.0086681 -0.686077
-6.33443 -32.9301 0.0086681 -0.730181
-6.62521 -41.3267 0.0086681 -0.774337
-6.91382 -49.7193 0.0086681 -0.818643
-7.20081 -58.1095 0.0086681 -0.86307
-7.48513 -66.4949 0.0086681 -0.907635
-7.76628 -74.8746 0.0086681 -0.952307
-8.04015 -83.2417 0.0086681 -0.997177
-8.30228 -91.5891 0.0086681 -1.04231
-8.55149 -99.9141 0.0086681 -1.08749
-8.78959 -108.221 0.0086681 -1.13265
-9.0212 -116.516 0.0086681 -1.17777
-9.25043 -124.808 0.0086681 -1.22282
-9.47932 -133.099 0.0086681 -1.26786
-9.70792 -141.389 0.0086681 -1.31289
-9.93653 -149.68 0.0086681 -1.35792
-10.1651 -157.97 0.0086681 -1.40295
-10.3937 -166.26 0.0086681 -1.44797
-10.6223 -174.551 0.0086681 -1.493
-10.8509 -182.841 0.0086681 -1.53803
-11.0795 -191.132 0.0086681 -1.58306
-11.3081 -199.422 0.0086681 -1.62808
-11.5368 -207.712 0.0086681 -1.67311
-11.7654 -216.003 0.0086681 -1.71814
-10.5213 -202.246 0.0086681 -1.6114
-9.27726 -188.489 0.0086681 -1.50465
-8.03322 -174.732 0.0086681 -1.39791
-6.78917 -160.975 0.0086681 -1.29117
-5.54513 -147.218 0.0086681 -1.18443
-4.30108 -133.461 0.0086681 -1.07769
-3.05703 -119.704 0.0086681 -0.970945
-1.81299 -105.947 0.0086681 -0.864204
-0.568942 -92.1901 0.0086681 -0.757462
0.674203 -78.4345 0.0086681 -0.650732
1.84479 -64.7841 0.0086681 -0.54667
2.88185 -51.324 0.0086681 -0.449792
3.62587 -38.2812 0.0086681 -0.372711
4.22356 -25.4472 0.0086681 -0.303525
4.70884 -12.773 0.0086681 -0.238907
5.16297 -0.143596 0.0086681 -0.174562
5.60903 12.4718 0.0086681 -0.109232
6.04982 25.0761 0.0086681 -0.0433854
6.48696 37.673 0.0086681 0.0227817
6.92074 50.2635 0.0086681 0.0891803
7.35008 62.8467 0.0086681 0.155879
7.7732 75.4188 0.0086681 0.222845
8.18051 87.9636 0.0086681 0.290237
8.55843 100.458 0.0086681 0.358016
8.91263 112.913 0.0086681 0.425755
9.25735 125.352 0.0086681 0.493359
9.60054 137.788 0.0086681 0.560914
9.94345 150.224 0.0086681 0.628455
10.2864 162.659 0.0086681 0.695997
10.6293 175.095 0.0086681 0.763538
10.9722 187.531 0.0086681 0.831079
11.3151 199.966 0.0086681 0.898621
11.658 212.402 0.0086681 0.966162
12.0009 224.837 0.0086681 1.0337
12.3438 237.273 0.0086681 1.10124
12.6867 249.708 0.0086681 1.16879
13.0296 262.147 0.00866864 1.23639
13.3722 274.62 0.00866931 1.30477
13.714 287.134 0.00866931 1.37427
14.0553 299.665 0.00866934 1.44429
14.3962 312.203 0.00866931 1.51457
14.7365 324.751 0.00866931 1.58533
15.0761 337.288 0.00866929 1.65615
15.4149 349.818 0.00866929 1.72719
15.7529 362.338 0.00867081 1.79841
16.0893 374.832 0.00867506 1.86973
16.4227 387.286 0.00867665 1.94137
16.7495 399.621 0.00867734 2.01335
17.0716 411.918 0.00868004 2.08624
17.385 424.275 0.00868972 2.16252
15.7263 405.933 0.00868972 2.0202
14.0676 387.59 0.00868972 1.87788
12.4088 369.247 0.00868972 1.73556
10.7501 350.905 0.00868972 1.59323
9.09137 332.562 0.00868972 1.45091
7.43264 314.22 0.00868972 1.30859
5.77391 295.877 0.00868972 1.16627
4.14883 277.583 0.00868972 1.02499
2.73781 259.597 0.00868972 0.894178
1.77994 242.255 0.00868972 0.793477
1.06534 225.26 0.00868972 0.70457
0.456687 208.416 0.00868972 0.618948
-0.136723 191.598 0.00868972 0.531708
-0.721695 174.798 0.00868972 0.443667
-1.30108 158.009 0.00868972 0.355205
-1.8724 141.233 0.00868972 0.266214
-2.42742 124.487 0.00868972 0.176671
-2.93876 107.814 0.00868972 0.086355
-3.40847 91.2121 0.00868972 -0.00391827
-3.86659 74.6296 0.00868972 -0.0940146
-4.32379 58.0488 0.00868972 -0.18407
-4.781 41.468 0.00868972 -0.274125
-5.23821 24.8872 0.00868972 -0.36418
-5.69542 8.30643 0.00868972 -0.454235
-6.15262 -8.27437 0.00868972 -0.54429
-6.60983 -24.8552 0.00868972 -0.634346
-7.06704 -41.436 0.00868972 -0.724401
-7.52425 -58.0168 0.00868972 -0.814456
-7.98145 -74.5976 0.00868972 -0.904511
-8.43866 -91.1784 0.00868972 -0.994566
-8.89576 -107.782 0.0086898 -1.0851
-9.35236 -124.426 0.00868981 -1.17661
-9.80814 -141.109 0.00868981 -1.2692
-10.2637 -157.801 0.00868981 -1.36209
-10.7185 -174.517 0.00868981 -1.45568
-11.1733 -191.235 0.00868981 -1.54934
-11.6274 -207.961 0.00868981 -1.64343
-12.081 -224.692 0.00868981 -1.73778
-12.5341 -241.412 0.00868981 -1.83218
-12.9866 -258.122 0.00868981 -1.92665
-13.4382 -274.831 0.00868981 -2.02149
-13.8891 -291.532 0.00868981 -2.11642
-14.3388 -308.209 0.00868981 -2.21146
-14.7871 -324.863 0.0086898 -2.30655
-15.2325 -341.48 0.0086898 -2.40196
-15.6738 -358.032 0.00868981 -2.4977
-16.1081 -374.452 0.0086898 -2.59375
-16.5388 -390.833 0.00868981 -2.6904
-16.9619 -407.257 0.00868982 -2.78985
-17.3791 -423.762 0.00868984 -2.89212
