0.1 -0.0098227 0.00460795 -0.010385
0.2 -0.0196512 0.00921654 -0.0207815
0.3 -0.0294856 0.0138258 -0.0311894
0.4 -0.039326 0.0184357 -0.0416087
0.5 -0.0491722 0.0230463 -0.0520396
0.6 -0.0590245 0.0276575 -0.062482
0.7 -0.0688828 0.0322694 -0.072936
0.8 -0.0787471 0.036882 -0.0834016
0.9 -0.0886175 0.0414953 -0.093879
1 -0.098494 0.0461092 -0.104368
0.538555 0.722343 0.0463025 -0.095537
0.945194 1.65054 0.0467305 -0.0692549
1.36153 2.61145 0.0466465 -0.0290919
1.77027 3.5987 0.0466244 0.0155386
2.16279 4.60142 0.0468747 0.0662106
2.54407 5.61392 0.0472037 0.120417
2.91754 6.63151 0.0475333 0.175858
3.28623 7.65012 0.0477598 0.2319
3.65152 8.66612 0.0480847 0.288248
4.01416 9.682 0.0484787 0.345159
4.37347 10.7018 0.0490279 0.402973
4.73066 11.7227 0.0499078 0.462063
5.08612 12.7441 0.0510804 0.523018
5.42342 13.7772 0.0523734 0.586339
5.72789 14.8116 0.0535235 0.652641
6.03985 15.8468 0.0539126 0.725399
6.3425 16.8405 0.0540049 0.798886
6.6093 17.823 0.0540876 0.869012
6.86382 18.8089 0.0541715 0.932126
7.10197 19.765 0.0542516 0.989719
7.32241 20.7356 0.054338 1.04567
7.53299 21.7399 0.0544251 1.10271
7.74226 22.7444 0.0545128 1.15961
7.93696 23.7694 0.054722 1.21313
8.1132 24.8472 0.0547953 1.26702
8.28873 25.9278 0.0548337 1.32093
8.44932 26.9515 0.0548588 1.37185
8.59101 27.9385 0.0550051 1.41792
8.72107 29.0014 0.0552131 1.46726
8.82263 30.0486 0.0553388 1.51385
8.92522 31.0949 0.0553305 1.56059
9.01516 32.1352 0.0552653 1.60617
9.09225 33.2563 0.0553321 1.66349
9.16099 34.3968 0.0551708 1.72339
9.2241 35.5048 0.0550045 1.78209
9.28106 36.6235 0.0548578 1.84122
9.33388 37.7465 0.0547118 1.9004
9.38602 38.8674 0.0545792 1.95979
9.42668 39.8983 0.0544122 2.01308
9.4652 40.9219 0.0542594 2.06612
9.50322 41.9451 0.0541277 2.11938
9.54122 42.9686 0.0539941 2.17263
9.57908 43.9935 0.0539138 2.22621
9.61547 45.022 0.053847 2.27989
9.64897 46.0466 0.0537797 2.33303
9.68209 47.0735 0.0537722 2.38648
9.71432 48.1077 0.0537772 2.44024
9.74376 49.1751 0.0537813 2.49542
9.76849 50.2663 0.0540937 2.55305
9.78846 51.406 0.0541495 2.61852
9.80449 52.5681 0.0541616 2.68544
9.8205 53.7535 0.0541613 2.75358
9.83535 54.9384 0.054163 2.82168
9.84988 56.1221 0.0541651 2.88967
9.86377 57.3026 0.0541687 2.95736
9.8775 58.4835 0.0541727 3.02506
9.89117 59.6647 0.0541779 3.09278
9.90451 60.8484 0.0541906 3.16062
9.9173 62.0375 0.054214 3.22875
9.92902 63.2309 0.0542474 3.29711
9.93675 64.3788 0.0542658 3.36312
9.94194 65.4988 0.0542716 3.42732
9.94649 66.6015 0.0542767 3.49044
9.95078 67.7003 0.0542815 3.55332
9.95508 68.7992 0.0542861 3.6162
9.95866 69.8984 0.0542908 3.6791
9.96311 70.9857 0.0542946 3.74135
9.96559 72.0683 0.0542983 3.80336
9.96927 73.1509 0.0543022 3.86536
9.97216 74.2335 0.0543062 3.92736
9.97465 75.3162 0.0543104 3.98936
9.9774 76.399 0.0543147 4.05136
9.98028 77.4817 0.0543191 4.11336
9.9839 78.5645 0.0543235 4.17536
9.98676 79.6412 0.0543275 4.2369
9.98847 80.7177 0.0543308 4.29839
9.9908 81.7942 0.0543341 4.35989
9.99261 82.871 0.0543374 4.4214
9.995 83.9477 0.0543406 4.4829
9.99675 85.0246 0.054344 4.54441
9.99865 86.1015 0.0543473 4.60592
10.0006 87.1784 0.0543507 4.66742
10.0026 88.2553 0.0543541 4.72892
10.0053 89.3325 0.0543573 4.79043
10.0069 90.4099 0.0543604 4.85194
10.0091 91.4846 0.0543632 4.9133
10.0106 92.559 0.0543662 4.97462
10.0126 93.6305 0.0543688 5.03575
10.0139 94.6901 0.0543708 5.09613
10.0148 95.7495 0.0543727 5.15649
10.0158 96.7942 0.0543748 5.21594
10.0163 97.8339 0.0543771 5.27507
10.0169 98.8734 0.0543794 5.33421
10.0174 99.913 0.0543816 5.39333
10.018 100.952 0.0543838 5.45246
10.0186 101.992 0.054386 5.51158
10.0193 103.031 0.054388 5.57068
10.0198 104.07 0.05439 5.62977
10.0204 105.109 0.054392 5.68886
10.0209 106.148 0.054394 5.74795
