0.1 -0.0113587 0.00366618 -0.0155585
0.2 -0.0227247 0.00733193 -0.031133
0.3 -0.0340982 0.0109973 -0.0467236
0.4 -0.045479 0.0146622 -0.0623304
0.5 -0.0568674 0.0183267 -0.0779535
0.6 -0.0682633 0.0219907 -0.0935928
0.7 -0.0796667 0.0256544 -0.109248
0.8 -0.0910778 0.0293176 -0.12492
0.9 -0.102497 0.0329803 -0.140609
1 -0.113923 0.0366427 -0.156314
0.538555 1.49298 0.0366231 -0.143454
0.945194 3.21198 0.0368464 -0.112681
1.36153 4.96044 0.0374458 -0.0672403
1.77027 6.74538 0.0382006 -0.0149515
2.16279 8.55167 0.0387751 0.0470086
2.54407 10.3708 0.0391605 0.116168
2.91754 12.1979 0.0394864 0.189571
3.28623 14.0292 0.0398712 0.266574
3.65152 15.8595 0.0401061 0.346586
4.01416 17.6905 0.0401632 0.429152
4.37347 19.5258 0.0400982 0.513812
4.73066 21.362 0.0398854 0.600202
5.08612 23.197 0.0395547 0.689067
5.42342 25.0793 0.03921 0.782674
5.72789 26.9708 0.0389037 0.879935
6.03985 28.861 0.0388967 0.983623
6.3425 30.7087 0.0390284 1.08856
6.6093 32.5624 0.0391588 1.18996
6.86382 34.4617 0.039289 1.2839
7.10197 36.3376 0.039386 1.36786
7.32241 38.2258 0.0394689 1.44714
7.53299 40.1464 0.0395455 1.52688
7.74226 42.069 0.0396192 1.60654
7.93696 44.0288 0.0396575 1.68036
8.1132 46.04 0.0397203 1.75296
8.28873 48.0548 0.0397908 1.82535
8.44932 50.0031 0.0398838 1.89268
8.59101 51.9368 0.0399596 1.94978
8.72107 53.9241 0.0399922 2.00824
8.82263 55.8562 0.0400445 2.06121
8.92522 57.7887 0.0401186 2.11393
9.01516 59.7498 0.0402201 2.16609
9.09225 61.7768 0.0402773 2.23143
9.16099 63.8183 0.0403771 2.29964
9.2241 65.8145 0.040475 2.36577
9.28106 67.8181 0.0405604 2.43196
9.33388 69.834 0.0406193 2.49844
9.38602 71.8468 0.0406621 2.56508
9.42668 73.7318 0.0406904 2.62331
9.4652 75.6108 0.0407177 2.68105
9.50322 77.4891 0.0407647 2.739
9.54122 79.3675 0.0408282 2.79692
9.57908 81.2466 0.040873 2.85518
9.61547 83.1264 0.0409121 2.91336
9.64897 84.9959 0.0409475 2.97062
9.68209 86.8671 0.0409605 3.02817
9.71432 88.7449 0.0409611 3.08602
9.74376 90.6543 0.0409724 3.14501
9.76849 92.5841 0.0409168 3.20641
9.78846 94.5529 0.0409231 3.27586
9.80449 96.5398 0.0409348 3.34655
9.8205 98.5459 0.040963 3.41819
9.83535 100.551 0.0409866 3.48976
9.84988 102.555 0.0410016 3.56116
9.86377 104.553 0.0410055 3.63185
9.8775 106.551 0.041005 3.70253
9.89117 108.55 0.0409947 3.77322
9.90451 110.551 0.0409668 3.844
9.9173 112.556 0.04093 3.91501
9.92902 114.563 0.040882 3.98614
9.93675 116.51 0.040854 4.0551
9.94194 118.411 0.040838 4.12183
9.94649 120.284 0.0408254 4.18721
9.95078 122.152 0.0408156 4.2523
9.95508 124.019 0.0408077 4.31739
9.95866 125.887 0.0407995 4.38249
9.96311 127.74 0.0407975 4.4469
9.96559 129.586 0.0407961 4.51107
9.96927 131.433 0.0407985 4.57522
9.97216 133.28 0.0408042 4.63937
9.97465 135.126 0.0408095 4.70351
9.9774 136.973 0.0408144 4.76765
9.98028 138.82 0.0408193 4.83178
9.9839 140.666 0.0408243 4.8959
9.98676 142.506 0.0408287 4.95942
9.98847 144.347 0.0408321 5.02282
9.9908 146.189 0.0408355 5.08622
9.99261 148.03 0.040839 5.14962
9.995 149.872 0.0408425 5.21302
9.99675 151.715 0.0408465 5.27639
9.99865 153.557 0.0408506 5.33976
10.0006 155.399 0.0408546 5.40312
10.0026 157.242 0.0408586 5.46649
10.0053 159.085 0.0408614 5.52982
10.0069 160.929 0.0408642 5.59317
10.0091 162.769 0.0408708 5.65632
10.0106 164.607 0.0408778 5.71945
10.0126 166.443 0.0408797 5.7823
10.0139 168.261 0.0408837 5.8443
10.0148 170.078 0.0408878 5.90628
10.0158 171.873 0.040887 5.96725
10.0163 173.659 0.0408845 6.02787
10.0169 175.445 0.0408819 6.08849
10.0174 177.232 0.0408794 6.1491
10.018 179.018 0.0408769 6.20971
10.0186 180.804 0.0408743 6.27032
10.0193 182.59 0.0408726 6.3309
10.0198 184.375 0.0408718 6.39147
10.0204 186.16 0.0408711 6.45204
10.0209 187.945 0.0408703 6.5126
