0.1 0.000318622 0.00379294 -0.0196156
0.2 0.000660718 0.00758559 -0.0392521
0.3 0.00102649 0.011378 -0.0589095
0.4 0.00141613 0.01517 -0.0785879
0.5 0.0018298 0.0189618 -0.0982873
0.6 0.00226775 0.0227533 -0.118008
0.7 0.00273016 0.0265445 -0.13775
0.8 0.00321723 0.0303355 -0.157512
0.9 0.00372917 0.0341261 -0.177297
1 0.00426619 0.0379165 -0.197103
0.538555 3.00427 0.0375264 -0.185294
0.945194 6.00427 0.0375146 -0.151147
1.36153 9.00427 0.0380546 -0.0972396
1.77027 12.0043 0.0386045 -0.0308816
2.16279 15.0043 0.0389071 0.051587
2.54407 18.0043 0.0391633 0.145399
2.91754 21.0043 0.0393791 0.246877
3.28623 24.0043 0.0395844 0.353598
3.65152 27.0043 0.0397628 0.465196
4.01416 30.0043 0.0399442 0.580639
4.37347 33.0043 0.0400527 0.699473
4.73066 36.0043 0.0400815 0.820713
5.08612 39.0043 0.0400883 0.945417
5.42342 42.0043 0.0400669 1.07198
5.72789 45.0043 0.0400505 1.2016
6.03985 48.0043 0.0400505 1.33787
6.3425 51.0043 0.0400497 1.47561
6.6093 54.0043 0.0400461 1.60916
6.86382 57.0043 0.04004 1.73299
7.10197 60.0043 0.0400359 1.8456
7.32241 63.0043 0.0400341 1.95226
7.53299 66.0043 0.0400342 2.05814
7.74226 69.0043 0.0400341 2.16435
7.93696 72.0043 0.0400335 2.2637
8.1132 75.0043 0.0400365 2.36063
8.28873 78.0043 0.0400364 2.45841
8.44932 81.0043 0.0400487 2.55317
8.59101 84.0043 0.0400631 2.63753
8.72107 87.0043 0.0400836 2.72113
8.82263 90.0043 0.0401307 2.79594
8.92522 93.0043 0.0401813 2.87076
9.01516 96.0043 0.0402413 2.94523
9.09225 99.0043 0.0402857 3.0324
9.16099 102.004 0.0403326 3.12306
9.2241 105.004 0.0403725 3.21215
9.28106 108.004 0.0403977 3.30181
9.33388 111.004 0.0403761 3.39301
9.38602 114.004 0.0403325 3.48514
9.42668 117.004 0.0402569 3.56451
9.4652 120.004 0.0402024 3.6447
9.50322 123.004 0.0401932 3.72588
9.54122 126.004 0.0402092 3.80734
9.57908 129.004 0.0402266 3.88911
9.61547 132.004 0.0402444 3.97043
9.64897 135.004 0.0402608 4.04997
9.68209 138.004 0.0402759 4.12977
9.71432 141.004 0.0402904 4.20977
9.74376 144.004 0.0403451 4.29072
9.76849 147.004 0.0403937 4.37385
9.78846 150.004 0.0404851 4.46453
9.80449 153.004 0.0405825 4.55625
9.8205 156.004 0.0407181 4.64873
9.83535 159.004 0.0408312 4.74136
9.84988 162.004 0.0409328 4.83407
9.86377 165.004 0.0409651 4.92687
9.8775 168.004 0.0409773 5.01985
9.89117 171.004 0.0409503 5.11326
9.90451 174.004 0.0408643 5.20679
9.9173 177.004 0.0407637 5.30089
9.92902 180.004 0.0406449 5.39497
9.93675 183.004 0.0405825 5.48572
9.94194 186.004 0.0405367 5.57186
9.94649 189.004 0.0404976 5.6555
9.95078 192.004 0.0404697 5.7386
9.95508 195.004 0.0404473 5.82179
9.95866 198.004 0.0404242 5.90497
9.96311 201.004 0.0403958 5.98734
9.96559 204.004 0.0403696 6.0693
9.96927 207.004 0.0403577 6.1513
9.97216 210.004 0.0403533 6.23333
9.97465 213.004 0.0403479 6.31534
9.9774 216.004 0.040342 6.39733
9.98028 219.004 0.0403361 6.4793
9.9839 222.004 0.0403308 6.56124
9.98676 225.004 0.0403256 6.64255
9.98847 228.004 0.0403204 6.7241
9.9908 231.004 0.0403151 6.80565
9.99261 234.004 0.0403099 6.88718
9.995 237.004 0.0403045 6.96872
9.99675 240.004 0.0402985 7.05033
9.99865 243.004 0.0402925 7.13192
10.0006 246.004 0.0402866 7.2135
10.0026 249.004 0.0402805 7.29506
10.0053 252.004 0.0402757 7.37672
10.0069 255.004 0.040271 7.45839
10.0091 258.004 0.0403855 7.5401
10.0106 261.004 0.0405189 7.62181
10.0126 264.004 0.0406573 7.70323
10.0139 267.004 0.0408711 7.78385
10.0148 270.004 0.0410916 7.86448
10.0158 273.004 0.0411528 7.94536
10.0163 276.004 0.0411614 8.02631
10.0169 279.004 0.04117 8.10724
10.0174 282.004 0.0411787 8.18816
10.018 285.004 0.0411874 8.26906
10.0186 288.004 0.0411962 8.34994
10.0193 291.004 0.0412282 8.43085
10.0198 294.004 0.0412903 8.5118
10.0204 297.004 0.0413524 8.59272
10.0209 300.004 0.0414146 8.67364
