0.1 -0.0119488 0.00402773 -0.0188959
0.2 -0.0239065 0.00805521 -0.03781
0.3 -0.0358731 0.0120824 -0.0567424
0.4 -0.0478486 0.0161094 -0.0756931
0.5 -0.0598331 0.0201361 -0.0946623
0.6 -0.0718265 0.0241626 -0.11365
0.7 -0.083829 0.0281888 -0.132656
0.8 -0.0958406 0.0322148 -0.151681
0.9 -0.107861 0.0362405 -0.170724
1 -0.119891 0.0402659 -0.189787
0.538555 2.21397 0.0401802 -0.174816
0.945194 4.61707 0.0401861 -0.141398
1.36153 7.04393 0.0403912 -0.0924898
1.77027 9.49269 0.0408568 -0.0348867
2.16279 11.9509 0.0412685 0.0350755
2.54407 14.4145 0.0416313 0.114114
2.91754 16.8835 0.041922 0.199005
3.28623 19.3554 0.0421752 0.288559
3.65152 21.8276 0.0424098 0.382188
4.01416 24.3006 0.0425937 0.479261
4.37347 26.7769 0.0427419 0.57929
4.73066 29.2543 0.0429357 0.681501
5.08612 31.7311 0.0431573 0.786922
5.42342 34.2427 0.0433485 0.896024
5.72789 36.7614 0.0434987 1.00866
6.03985 39.279 0.0436027 1.12801
6.3425 41.7966 0.0436746 1.25038
6.6093 44.3259 0.0437299 1.36954
6.86382 46.8831 0.0437999 1.48006
7.10197 49.4583 0.0438845 1.58093
7.32241 52.0525 0.0439868 1.67695
7.53299 54.6619 0.0440918 1.77274
7.74226 57.2723 0.044197 1.8689
7.93696 59.9046 0.0442961 1.95912
8.1132 62.5623 0.0443741 2.04778
8.28873 65.221 0.0443913 2.13728
8.44932 67.8578 0.044394 2.22363
8.59101 70.512 0.0443921 2.30032
8.72107 73.1862 0.0443645 2.37701
8.82263 75.8153 0.0443075 2.44427
8.92522 78.4469 0.0442377 2.51155
9.01516 81.0998 0.0441181 2.57905
9.09225 83.7811 0.0439969 2.65998
9.16099 86.4687 0.0438865 2.74424
9.2241 89.1512 0.0438038 2.82674
9.28106 91.8429 0.0437489 2.90945
9.33388 94.5444 0.0437244 2.9927
9.38602 97.2473 0.0437116 3.07609
9.42668 99.897 0.0437128 3.14356
9.4652 102.555 0.0437029 3.21067
9.50322 105.214 0.0436845 3.2781
9.54122 107.872 0.0436612 3.34553
9.57908 110.531 0.0436404 3.41329
9.61547 113.189 0.0436172 3.48053
9.64897 115.84 0.0436012 3.54557
9.68209 118.492 0.0435913 3.61091
9.71432 121.147 0.0435848 3.67656
9.74376 123.816 0.0435695 3.74348
9.76849 126.494 0.0435655 3.8129
9.78846 129.189 0.0435441 3.89053
9.80449 131.891 0.0435214 3.96941
9.8205 134.603 0.0434967 4.04918
9.83535 137.313 0.0434738 4.12887
9.84988 140.021 0.0434622 4.20833
9.86377 142.727 0.0434632 4.28725
9.8775 145.434 0.0434675 4.36611
9.89117 148.14 0.0434796 4.44498
9.90451 150.85 0.0435045 4.52384
9.9173 153.561 0.0435388 4.60293
9.92902 156.271 0.0435888 4.68206
9.93675 158.925 0.0436277 4.75806
9.94194 161.532 0.0436572 4.83065
9.94649 164.114 0.043682 4.90124
9.95078 166.689 0.043704 4.9714
9.95508 169.264 0.0437246 5.04156
9.95866 171.84 0.0437453 5.11172
9.96311 174.406 0.0437666 5.18098
9.96559 176.967 0.0437883 5.24988
9.96927 179.528 0.0438102 5.31878
9.97216 182.089 0.0438331 5.38769
9.97465 184.65 0.0438573 5.45658
9.9774 187.211 0.0438834 5.52547
9.98028 189.772 0.0439094 5.59435
9.9839 192.333 0.0439323 5.6632
9.98676 194.893 0.0439527 5.731
9.98847 197.46 0.0439732 5.79876
9.9908 200.028 0.0439937 5.8665
9.99261 202.595 0.0440143 5.93426
9.995 205.163 0.0440347 6.00201
9.99675 207.734 0.0440549 6.06976
9.99865 210.304 0.044075 6.1375
10.0006 212.874 0.0440951 6.20523
10.0026 215.443 0.0441153 6.27296
10.0053 218.016 0.0441336 6.3407
10.0069 220.59 0.0441517 6.40844
10.0091 223.158 0.0441447 6.47593
10.0106 225.726 0.0441345 6.54338
10.0126 228.293 0.0441183 6.61049
10.0139 230.842 0.044084 6.67638
10.0148 233.389 0.0440482 6.74224
10.0158 235.91 0.0440452 6.80666
10.0163 238.422 0.0440531 6.87059
10.0169 240.934 0.0440609 6.93452
10.0174 243.446 0.0440687 6.99844
10.018 245.958 0.0440765 7.06235
10.0186 248.469 0.0440842 7.12625
10.0193 250.98 0.044087 7.19013
10.0198 253.491 0.0440833 7.25399
10.0204 256.001 0.0440796 7.31783
10.0209 258.512 0.0440759 7.38167
