20.3498 1 1.14773e-16 -0.278711
37.6912 2 1.25184e-17 -0.275116
51.3803 3 -2.90839e-17 -0.263121
63.0039 4 -3.56058e-18 -0.243438
73.3046 5 1.09723e-17 -0.217043
83.3056 6 -4.9036e-17 -0.19001
92.5553 7 -2.71693e-16 -0.156751
101.76 8 -1.52314e-16 -0.123792
110.934 9 2.33802e-16 -0.0903434
119.731 10 7.11886e-17 -0.0535885
128.196 11 -3.26263e-17 -0.0140003
136.683 12 1.44762e-16 0.0252723
145.138 13 -7.5778e-18 0.0642219
153.554 14 -8.46718e-17 0.102841
161.932 15 2.27948e-16 0.14112
170.269 16 2.60994e-16 0.179052
178.565 17 4.13698e-16 0.216626
182.958 18 -1.7229e-16 0.259725
186.771 19 1.80322e-16 0.303168
190.607 20 1.88322e-16 0.346371
194.419 21 -5.23175e-17 0.389328
198.203 22 9.76954e-17 0.432031
201.459 23 2.0309e-16 0.475805
203.487 24 2.73395e-16 0.522234
205.508 25 1.35165e-16 0.568449
207.506 26 3.51452e-16 0.614443
209.479 27 3.06116e-16 0.660209
211.427 28 1.52555e-16 0.705739
213.18 29 3.06192e-16 0.754241
214.707 30 7.84501e-16 0.806308
216.211 31 1.01888e-15 0.858273
217.713 32 -4.11493e-16 0.910018
218.824 33 5.87191e-16 0.954361
219.723 34 6.26696e-16 0.995156
220.141 35 6.72121e-16 1.04088
220.255 36 1.63043e-16 1.08957
220.347 37 -1.99602e-15 1.1375
220.309 38 -9.68094e-16 1.18149
220.24 39 6.72898e-16 1.22448
220.17 40 -1.61515e-15 1.26734
220.099 41 -4.48402e-16 1.31008
220.026 42 -1.65198e-16 1.35267
219.952 43 -1.85866e-15 1.39513
219.877 44 1.91362e-16 1.43743
219.8 45 -1.32517e-15 1.47958
219.721 46 -1.86396e-15 1.52156
219.64 47 5.33113e-16 1.56337
219.558 48 -1.74279e-15 1.605
219.474 49 -2.30416e-16 1.64644
219.387 50 -1.97321e-15 1.68767
219.299 51 -1.00385e-15 1.72869
219.208 52 -1.8533e-15 1.76949
219.115 53 -3.27784e-16 1.81003
219.019 54 -2.03493e-15 1.85033
218.92 55 2.47466e-15 1.89034
218.818 56 2.83795e-15 1.93006
218.713 57 3.08638e-16 1.96945
218.605 58 -4.4248e-16 2.0085
218.492 59 1.32789e-16 2.04718
218.376 60 -1.12905e-15 2.08544
218.255 61 -4.85898e-16 2.12325
218.129 62 -7.99218e-16 2.16056
217.997 63 -1.39418e-15 2.19732
217.859 64 -9.62653e-16 2.23345
217.713 65 2.47199e-16 2.26888
217.56 66 1.1391e-15 2.30351
217.397 67 -3.75581e-16 2.33719
217.223 68 -3.61302e-15 2.36978
217.035 69 -1.62052e-15 2.40103
216.831 70 -1.35497e-15 2.43063
216.605 71 -3.18864e-15 2.45812
216.351 72 -3.81699e-15 2.48275
216.054 73 4.48199e-15 2.50323
215.687 74 -2.84872e-15 2.51678
214.739 75 1.09841e-15 2.49991
213.496 76 2.37258e-15 2.47277
212.247 77 1.93162e-16 2.44587
210.996 78 -1.70014e-17 2.41896
209.746 79 1.23083e-16 2.39206
208.495 80 2.63168e-16 2.36515
207.609 81 3.03709e-16 2.3561
207.78 82 4.52628e-16 2.38088
208 83 5.89021e-16 2.40622
208.219 84 1.50337e-15 2.43156
208.438 85 1.91406e-15 2.4569
208.656 86 1.91756e-15 2.48223
208.73 87 2.53974e-15 2.50996
208.656 88 3.48995e-15 2.54001
208.581 89 -9.48036e-16 2.57007
208.507 90 -1.45705e-15 2.60013
208.433 91 -1.18878e-15 2.63018
208.358 92 -1.07417e-15 2.66024
208.284 93 -1.41831e-15 2.69029
208.21 94 -4.20997e-16 2.72035
208.136 95 -5.35763e-16 2.75041
208.061 96 -5.56312e-16 2.78046
207.987 97 3.294e-16 2.81052
207.913 98 -1.47333e-17 2.84058
207.838 99 8.82188e-16 2.87063
207.764 100 7.93197e-17 2.90069
