20.3498 0 0 0 1 1.14773e-16 -0.278711
37.6912 0 0 0 2 1.25184e-17 -0.275116
51.3803 0 0 0 3 -2.90839e-17 -0.263121
63.0039 0 0 0 4 -3.56058e-18 -0.243438
73.3046 0 0 0 5 1.09723e-17 -0.217043
83.3056 0 0 0 6 -4.9036e-17 -0.19001
92.5553 0 0 0 7 -2.71693e-16 -0.156751
101.76 0 0 0 8 -1.52314e-16 -0.123792
110.934 0 0 0 9 2.33802e-16 -0.0903434
119.731 0 0 0 10 7.11886e-17 -0.0535885
128.196 0 0 0 11 -3.26263e-17 -0.0140003
136.683 0 0 0 12 1.44762e-16 0.0252723
145.138 0 0 0 13 -7.5778e-18 0.0642219
153.554 0 0 0 14 -8.46718e-17 0.102841
161.932 0 0 0 15 2.27948e-16 0.14112
170.269 0 0 0 16 2.60994e-16 0.179052
178.565 0 0 0 17 4.13698e-16 0.216626
182.958 0 0 0 18 -1.7229e-16 0.259725
186.771 0 0 0 19 1.80322e-16 0.303168
190.607 0 0 0 20 1.88322e-16 0.346371
194.419 0 0 0 21 -5.23175e-17 0.389328
198.203 0 0 0 22 9.76954e-17 0.432031
201.459 0 0 0 23 2.0309e-16 0.475805
203.487 0 0 0 24 2.73395e-16 0.522234
205.508 0 0 0 25 1.35165e-16 0.568449
207.506 0 0 0 26 3.51452e-16 0.614443
209.479 0 0 0 27 3.06116e-16 0.660209
211.427 0 0 0 28 1.52555e-16 0.705739
213.18 0 0 0 29 3.06192e-16 0.754241
214.707 0 0 0 30 7.84501e-16 0.806308
216.211 0 0 0 31 1.01888e-15 0.858273
217.713 0 0 0 32 -4.11493e-16 0.910018
218.824 0 0 0 33 5.87191e-16 0.954361
219.723 0 0 0 34 6.26696e-16 0.995156
220.141 0 0 0 35 6.72121e-16 1.04088
220.255 0 0 0 36 1.63043e-16 1.08957
220.347 0 0 0 37 -1.99602e-15 1.1375
220.309 0 0 0 38 -9.68094e-16 1.18149
220.24 0 0 0 39 6.72898e-16 1.22448
220.17 0 0 0 40 -1.61515e-15 1.26734
220.099 0 0 0 41 -4.48402e-16 1.31008
220.026 0 0 0 42 -1.65198e-16 1.35267
219.952 0 0 0 43 -1.85866e-15 1.39513
219.877 0 0 0 44 1.91362e-16 1.43743
219.8 0 0 0 45 -1.32517e-15 1.47958
219.721 0 0 0 46 -1.86396e-15 1.52156
219.64 0 0 0 47 5.33113e-16 1.56337
219.558 0 0 0 48 -1.74279e-15 1.605
219.474 0 0 0 49 -2.30416e-16 1.64644
219.387 0 0 0 50 -1.97321e-15 1.68767
219.299 0 0 0 51 -1.00385e-15 1.72869
219.208 0 0 0 52 -1.8533e-15 1.76949
219.115 0 0 0 53 -3.27784e-16 1.81003
219.019 0 0 0 54 -2.03493e-15 1.85033
218.92 0 0 0 55 2.47466e-15 1.89034
218.818 0 0 0 56 2.83795e-15 1.93006
218.713 0 0 0 57 3.08638e-16 1.96945
218.605 0 0 0 58 -4.4248e-16 2.0085
218.492 0 0 0 59 1.32789e-16 2.04718
218.376 0 0 0 60 -1.12905e-15 2.08544
218.255 0 0 0 61 -4.85898e-16 2.12325
218.129 0 0 0 62 -7.99218e-16 2.16056
217.997 0 0 0 63 -1.39418e-15 2.19732
217.859 0 0 0 64 -9.62653e-16 2.23345
217.713 0 0 0 65 2.47199e-16 2.26888
217.56 0 0 0 66 1.1391e-15 2.30351
217.397 0 0 0 67 -3.75581e-16 2.33719
217.223 0 0 0 68 -3.61302e-15 2.36978
217.035 0 0 0 69 -1.62052e-15 2.40103
216.831 0 0 0 70 -1.35497e-15 2.43063
216.605 0 0 0 71 -3.18864e-15 2.45812
216.351 0 0 0 72 -3.81699e-15 2.48275
216.054 0 0 0 73 4.48199e-15 2.50323
215.687 0 0 0 74 -2.84872e-15 2.51678
214.739 0 0 0 75 1.09841e-15 2.49991
213.496 0 0 0 76 2.37258e-15 2.47277
212.247 0 0 0 77 1.93162e-16 2.44587
210.996 0 0 0 78 -1.70014e-17 2.41896
209.746 0 0 0 79 1.23083e-16 2.39206
208.495 0 0 0 80 2.63168e-16 2.36515
207.609 0 0 0 81 3.03709e-16 2.3561
207.78 0 0 0 82 4.52628e-16 2.38088
208 0 0 0 83 5.89021e-16 2.40622
208.219 0 0 0 84 1.50337e-15 2.43156
208.438 0 0 0 85 1.91406e-15 2.4569
208.656 0 0 0 86 1.91756e-15 2.48223
208.73 0 0 0 87 2.53974e-15 2.50996
208.656 0 0 0 88 3.48995e-15 2.54001
208.581 0 0 0 89 -9.48036e-16 2.57007
208.507 0 0 0 90 -1.45705e-15 2.60013
208.433 0 0 0 91 -1.18878e-15 2.63018
208.358 0 0 0 92 -1.07417e-15 2.66024
208.284 0 0 0 93 -1.41831e-15 2.69029
208.21 0 0 0 94 -4.20997e-16 2.72035
208.136 0 0 0 95 -5.35763e-16 2.75041
208.061 0 0 0 96 -5.56312e-16 2.78046
207.987 0 0 0 97 3.294e-16 2.81052
207.913 0 0 0 98 -1.47333e-17 2.84058
207.838 0 0 0 99 8.82188e-16 2.87063
207.764 0 0 0 100 7.93197e-17 2.90069
