

 ETABS Ultimate C 64-bit 20.3.0 Build 2929 (Analysis Build 9907/64)
 File: E:\GitHub\opensees\opensees\exam05\ETABS\EXAM05_V13.LOG




 B E G I N   A N A L Y S I S                                2023/05/28  17:32:40


 RUNNING ANALYSIS AS A SEPARATE PROCESS
 USING THE ADVANCED SOLVER (PROVIDES LIMITED INSTABILITY INFORMATION)

 NUMBER OF JOINTS                          =          28
    WITH RESTRAINTS                        =           6
    WITH MASS                              =          22
 NUMBER OF FRAME/TENDON ELEMENTS           =          47
 NUMBER OF SHELL ELEMENTS                  =           7
 NUMBER OF LOAD PATTERNS                   =           5
 NUMBER OF ACCELERATION LOADS              =           9
 NUMBER OF LOAD CASES                      =           7
 NUMBER OF MASS SOURCES                    =           1

 UNITS (FORCE, LENGTH, TEMPERATURE, TIME)  = N, mm, °C, sec
 GRAVITATIONAL ACCELERATION                =    9806.650

 ADDRESSABLE PHYSICAL MEMORY (RAM)         =      31.747 GB

 PARALLELIZATION OF ANALYSIS OPERATIONS:
  (Env. variable SAPFIRE_NUM_THREADS not set)
 NUMBER OF THREADS: STATE (AUTOMATIC)      =          16
 NUMBER OF THREADS: STIFFNESS (AUTOMATIC)  =          16
 NUMBER OF THREADS: EVENT (AUTOMATIC)      =          16
 NUMBER OF THREADS: MOVE (AUTOMATIC)       =          16
 NUMBER OF THREADS: RESPONSE (AUTOMATIC)   =          16
 NUMBER OF THREADS: SOLVE (AUTOMATIC)      =          16
 NUMBER OF THREADS: FORM (AUTOMATIC)       =          16


 E L E M E N T   F O R M A T I O N                                      17:32:40



 L I N E A R   E Q U A T I O N   S O L U T I O N                        17:32:40

 FORMING STIFFNESS AT ZERO (UNSTRESSED) INITIAL CONDITIONS

 TOTAL NUMBER OF EQUILIBRIUM EQUATIONS     =         132
 NUMBER OF NON-ZERO STIFFNESS TERMS        =        2442

 ---------------------------------
 BASIC STABILITY CHECK FOR LINEAR LOAD CASES:
    NUMBER OF NEGATIVE STIFFNESS EIGENVALUES SHOULD BE ZERO FOR STABILITY.
    (NOTE: FURTHER CHECKS SHOULD BE CONSIDERED AS DEEMED NECESSARY,
     SUCH AS REVIEWING EIGEN MODES FOR MECHANISMS AND RIGID-BODY MOTION)

    NUMBER OF NEGATIVE EIGENVALUES         =           0,  OK.
 ---------------------------------


 L I N E A R   S T A T I C   C A S E S                                  17:32:40

 USING STIFFNESS AT ZERO (UNSTRESSED) INITIAL CONDITIONS

 TOTAL NUMBER OF CASES TO SOLVE            =           5
 NUMBER OF CASES TO SOLVE PER BLOCK        =           5

 LINEAR STATIC CASES TO BE SOLVED:

 CASE: DEAD
 CASE: PUSH
 CASE: ~LLRF
 CASE: ~CHINESEX
 CASE: ~CHINESEY


 E I G E N   M O D A L   A N A L Y S I S                                17:32:40

 CASE: MODAL

 USING STIFFNESS AT ZERO (UNSTRESSED) INITIAL CONDITIONS

 NUMBER OF STIFFNESS DEGREES OF FREEDOM    =         132
 NUMBER OF MASS DEGREES OF FREEDOM         =          66
 MAXIMUM NUMBER OF EIGEN MODES SOUGHT      =          12
 MINIMUM NUMBER OF EIGEN MODES SOUGHT      =          12
 NUMBER OF RESIDUAL-MASS MODES SOUGHT      =           0
 NUMBER OF SUBSPACE VECTORS USED           =          24
 RELATIVE CONVERGENCE TOLERANCE            =    1.00E-07

 FREQUENCY SHIFT  (CENTER) (CYC/TIME)      =     .000000
 FREQUENCY CUTOFF (RADIUS) (CYC/TIME)      =  -INFINITY-
 ALLOW AUTOMATIC FREQUENCY SHIFTING        =         YES


 Original stiffness at shift : EV= 0.0000000E+00, f=     .000000, T=  -INFINITY-
 Number of eigenvalues below shift =      0

 Iteration    Approximations to next 5 eigenvalues, from shift EV= 0.0000000E+00
       2   2.0912416E+02 2.5962130E+02 3.4855831E+02 1.2561044E+03 1.5164748E+03

 Found mode      1 of     12:  EV= 2.0912416E+02, f=    2.301560, T=    0.434488
 Found mode      2 of     12:  EV= 2.5962129E+02, f=    2.564427, T=    0.389951

 Iteration    Approximations to next 5 eigenvalues, from shift EV= 0.0000000E+00
       4   3.4855817E+02 1.2560929E+03 1.5164689E+03 1.9575452E+03 2.6391304E+03

 Found mode      3 of     12:  EV= 3.4855817E+02, f=    2.971377, T=    0.336544
 Found mode      4 of     12:  EV= 1.2560929E+03, f=    5.640674, T=    0.177284
 Found mode      5 of     12:  EV= 1.5164689E+03, f=    6.197790, T=    0.161348
 Found mode      6 of     12:  EV= 1.9575452E+03, f=    7.041676, T=    0.142012
 Found mode      7 of     12:  EV= 2.6391304E+03, f=    8.176182, T=    0.122306
 Found mode      8 of     12:  EV= 3.2040869E+03, f=    9.008911, T=    0.111001

 Iteration    Approximations to next 5 eigenvalues, from shift EV= 0.0000000E+00
       5   3.9300498E+03 5.4664422E+03 6.1056999E+03 7.2850437E+03 8.4044087E+03

 Found mode      9 of     12:  EV= 3.9300498E+03, f=    9.977441, T=    0.100226
 Found mode     10 of     12:  EV= 5.4664422E+03, f=   11.767183, T=    0.084982
 Found mode     11 of     12:  EV= 6.1056999E+03, f=   12.436205, T=    0.080410
 Found mode     12 of     12:  EV= 7.2850437E+03, f=   13.584267, T=    0.073615

 NUMBER OF EIGEN MODES FOUND               =          12
 NUMBER OF ITERATIONS PERFORMED            =           5
 NUMBER OF STIFFNESS SHIFTS                =           0


 L I N E A R   M O D A L   H I S T O R Y   A N A L Y S I S              17:32:40

 CASE: HIST1
 ANALYSIS TYPE                             =      LINEAR
 USING MODES FROM CASE: MODAL
 NUMBER OF DYNAMIC MODES TO BE USED        =          12
 NUMBER OF STATIC-LOAD MODES TO BE USED    =           1
 MODES ARE TREATED AS STATIC BELOW PERIOD  =    1.0E-101

 TOTAL HISTORY LENGTH (TIME)               =   40.000000
 LENGTH OF TIME-STEPS (TIME)               =    0.020000
 NUMBER OF TIME-STEPS TO BE INTEGRATED     =        2000


 EFFECTIVE MODAL DAMPING RATIOS (CROSS-COUPLING TERMS ARE NEGLECTED)
       1    0.434488    0.050000
       2    0.389951    0.050000
       3    0.336544    0.050000
       4    0.177284    0.050000
       5    0.161348    0.050000
       6    0.142012    0.050000
       7    0.122306    0.050000
       8    0.111001    0.050000
       9    0.100226    0.050000
      10    0.084982    0.050000
      11    0.080410    0.050000
      12    0.073615    0.050000
   Time-step    Load-step     Sub-step    Iteration   Sub-steps/  Iterations/
      number       number       number       number    load-step     sub-step

           1            1            1            0            1            0
           2            2            2            0            1            0
           4            4            4            0            1            0
           6            6            6            0            1            0
           8            8            8            0            1            0
          10           10           10            0            1            0
          12           12           12            0            1            0
          14           14           14            0            1            0
          16           16           16            0            1            0
          18           18           18            0            1            0
          20           20           20            0            1            0
          22           22           22            0            1            0
          24           24           24            0            1            0
          26           26           26            0            1            0
          28           28           28            0            1            0
          30           30           30            0            1            0
          32           32           32            0            1            0
          34           34           34            0            1            0
          36           36           36            0            1            0
          38           38           38            0            1            0
          40           40           40            0            1            0
          42           42           42            0            1            0
          44           44           44            0            1            0
          46           46           46            0            1            0
          48           48           48            0            1            0
          50           50           50            0            1            0
          52           52           52            0            1            0
          54           54           54            0            1            0
          56           56           56            0            1            0
          58           58           58            0            1            0
          60           60           60            0            1            0
          62           62           62            0            1            0
          64           64           64            0            1            0
          66           66           66            0            1            0
          68           68           68            0            1            0
          70           70           70            0            1            0
          72           72           72            0            1            0
          74           74           74            0            1            0
          76           76           76            0            1            0
          78           78           78            0            1            0
          80           80           80            0            1            0
          82           82           82            0            1            0
          84           84           84            0            1            0
          86           86           86            0            1            0
          88           88           88            0            1            0
          90           90           90            0            1            0
          92           92           92            0            1            0
          94           94           94            0            1            0
          96           96           96            0            1            0
          98           98           98            0            1            0
         100          100          100            0            1            0
         102          102          102            0            1            0
         104          104          104            0            1            0
         106          106          106            0            1            0
         108          108          108            0            1            0
         110          110          110            0            1            0
         112          112          112            0            1            0
         114          114          114            0            1            0
         116          116          116            0            1            0
         118          118          118            0            1            0
         120          120          120            0            1            0
         122          122          122            0            1            0
         124          124          124            0            1            0
         126          126          126            0            1            0
         128          128          128            0            1            0
         130          130          130            0            1            0
         132          132          132            0            1            0
         134          134          134            0            1            0
         136          136          136            0            1            0
         138          138          138            0            1            0
         140          140          140            0            1            0
         142          142          142            0            1            0
         144          144          144            0            1            0
         146          146          146            0            1            0
         148          148          148            0            1            0
         150          150          150            0            1            0
         152          152          152            0            1            0
         154          154          154            0            1            0
         156          156          156            0            1            0
         158          158          158            0            1            0
         160          160          160            0            1            0
         162          162          162            0            1            0
         164          164          164            0            1            0
         166          166          166            0            1            0
         168          168          168            0            1            0
         170          170          170            0            1            0
         172          172          172            0            1            0
         174          174          174            0            1            0
         176          176          176            0            1            0
         178          178          178            0            1            0
         180          180          180            0            1            0
         182          182          182            0            1            0
         184          184          184            0            1            0
         186          186          186            0            1            0
         188          188          188            0            1            0
         190          190          190            0            1            0
         192          192          192            0            1            0
         194          194          194            0            1            0
         196          196          196            0            1            0
         198          198          198            0            1            0
         200          200          200            0            1            0
         202          202          202            0            1            0
         204          204          204            0            1            0
         206          206          206            0            1            0
         208          208          208            0            1            0
         210          210          210            0            1            0
         212          212          212            0            1            0
         214          214          214            0            1            0
         216          216          216            0            1            0
         218          218          218            0            1            0
         220          220          220            0            1            0
         222          222          222            0            1            0
         224          224          224            0            1            0
         226          226          226            0            1            0
         228          228          228            0            1            0
         230          230          230            0            1            0
         232          232          232            0            1            0
         234          234          234            0            1            0
         236          236          236            0            1            0
         238          238          238            0            1            0
         240          240          240            0            1            0
         242          242          242            0            1            0
         244          244          244            0            1            0
         246          246          246            0            1            0
         248          248          248            0            1            0
         250          250          250            0            1            0
         252          252          252            0            1            0
         254          254          254            0            1            0
         256          256          256            0            1            0
         258          258          258            0            1            0
         260          260          260            0            1            0
         262          262          262            0            1            0
         264          264          264            0            1            0
         266          266          266            0            1            0
         268          268          268            0            1            0
         270          270          270            0            1            0
         272          272          272            0            1            0
         274          274          274            0            1            0
         276          276          276            0            1            0
         278          278          278            0            1            0
         280          280          280            0            1            0
         282          282          282            0            1            0
         284          284          284            0            1            0
         286          286          286            0            1            0
         288          288          288            0            1            0
         290          290          290            0            1            0
         292          292          292            0            1            0
         294          294          294            0            1            0
         296          296          296            0            1            0
         298          298          298            0            1            0
         300          300          300            0            1            0
         302          302          302            0            1            0
         304          304          304            0            1            0
         306          306          306            0            1            0
         308          308          308            0            1            0
         310          310          310            0            1            0
         312          312          312            0            1            0
         314          314          314            0            1            0
         316          316          316            0            1            0
         318          318          318            0            1            0
         320          320          320            0            1            0
         322          322          322            0            1            0
         324          324          324            0            1            0
         326          326          326            0            1            0
         328          328          328            0            1            0
         330          330          330            0            1            0
         332          332          332            0            1            0
         334          334          334            0            1            0
         336          336          336            0            1            0
         338          338          338            0            1            0
         340          340          340            0            1            0
         342          342          342            0            1            0
         344          344          344            0            1            0
         346          346          346            0            1            0
         348          348          348            0            1            0
         350          350          350            0            1            0
         352          352          352            0            1            0
         354          354          354            0            1            0
         356          356          356            0            1            0
         358          358          358            0            1            0
         360          360          360            0            1            0
         362          362          362            0            1            0
         364          364          364            0            1            0
         366          366          366            0            1            0
         368          368          368            0            1            0
         370          370          370            0            1            0
         372          372          372            0            1            0
         374          374          374            0            1            0
         376          376          376            0            1            0
         378          378          378            0            1            0
         380          380          380            0            1            0
         382          382          382            0            1            0
         384          384          384            0            1            0
         386          386          386            0            1            0
         388          388          388            0            1            0
         390          390          390            0            1            0
         392          392          392            0            1            0
         394          394          394            0            1            0
         396          396          396            0            1            0
         398          398          398            0            1            0
         400          400          400            0            1            0
         402          402          402            0            1            0
         404          404          404            0            1            0
         406          406          406            0            1            0
         408          408          408            0            1            0
         410          410          410            0            1            0
         412          412          412            0            1            0
         414          414          414            0            1            0
         416          416          416            0            1            0
         418          418          418            0            1            0
         420          420          420            0            1            0
         422          422          422            0            1            0
         424          424          424            0            1            0
         426          426          426            0            1            0
         428          428          428            0            1            0
         430          430          430            0            1            0
         432          432          432            0            1            0
         434          434          434            0            1            0
         436          436          436            0            1            0
         438          438          438            0            1            0
         440          440          440            0            1            0
         442          442          442            0            1            0
         444          444          444            0            1            0
         446          446          446            0            1            0
         448          448          448            0            1            0
         450          450          450            0            1            0
         452          452          452            0            1            0
         454          454          454            0            1            0
         456          456          456            0            1            0
         458          458          458            0            1            0
         460          460          460            0            1            0
         462          462          462            0            1            0
         464          464          464            0            1            0
         466          466          466            0            1            0
         468          468          468            0            1            0
         470          470          470            0            1            0
         472          472          472            0            1            0
         474          474          474            0            1            0
         476          476          476            0            1            0
         478          478          478            0            1            0
         480          480          480            0            1            0
         482          482          482            0            1            0
         484          484          484            0            1            0
         486          486          486            0            1            0
         488          488          488            0            1            0
         490          490          490            0            1            0
         492          492          492            0            1            0
         494          494          494            0            1            0
         496          496          496            0            1            0
         498          498          498            0            1            0
         500          500          500            0            1            0
         502          502          502            0            1            0
         504          504          504            0            1            0
         506          506          506            0            1            0
         508          508          508            0            1            0
         510          510          510            0            1            0
         512          512          512            0            1            0
         514          514          514            0            1            0
         516          516          516            0            1            0
         518          518          518            0            1            0
         520          520          520            0            1            0
         522          522          522            0            1            0
         524          524          524            0            1            0
         526          526          526            0            1            0
         528          528          528            0            1            0
         530          530          530            0            1            0
         532          532          532            0            1            0
         534          534          534            0            1            0
         536          536          536            0            1            0
         538          538          538            0            1            0
         540          540          540            0            1            0
         542          542          542            0            1            0
         544          544          544            0            1            0
         546          546          546            0            1            0
         548          548          548            0            1            0
         550          550          550            0            1            0
         552          552          552            0            1            0
         554          554          554            0            1            0
         556          556          556            0            1            0
         558          558          558            0            1            0
         560          560          560            0            1            0
         562          562          562            0            1            0
         564          564          564            0            1            0
         566          566          566            0            1            0
         568          568          568            0            1            0
         570          570          570            0            1            0
         572          572          572            0            1            0
         574          574          574            0            1            0
         576          576          576            0            1            0
         578          578          578            0            1            0
         580          580          580            0            1            0
         582          582          582            0            1            0
         584          584          584            0            1            0
         586          586          586            0            1            0
         588          588          588            0            1            0
         590          590          590            0            1            0
         592          592          592            0            1            0
         594          594          594            0            1            0
         596          596          596            0            1            0
         598          598          598            0            1            0
         600          600          600            0            1            0
         602          602          602            0            1            0
         604          604          604            0            1            0
         606          606          606            0            1            0
         608          608          608            0            1            0
         610          610          610            0            1            0
         612          612          612            0            1            0
         614          614          614            0            1            0
         616          616          616            0            1            0
         618          618          618            0            1            0
         620          620          620            0            1            0
         622          622          622            0            1            0
         624          624          624            0            1            0
         626          626          626            0            1            0
         628          628          628            0            1            0
         630          630          630            0            1            0
         632          632          632            0            1            0
         634          634          634            0            1            0
         636          636          636            0            1            0
         638          638          638            0            1            0
         640          640          640            0            1            0
         642          642          642            0            1            0
         644          644          644            0            1            0
         646          646          646            0            1            0
         648          648          648            0            1            0
         650          650          650            0            1            0
         652          652          652            0            1            0
         654          654          654            0            1            0
         656          656          656            0            1            0
         658          658          658            0            1            0
         660          660          660            0            1            0
         662          662          662            0            1            0
         664          664          664            0            1            0
         666          666          666            0            1            0
         668          668          668            0            1            0
         670          670          670            0            1            0
         672          672          672            0            1            0
         674          674          674            0            1            0
         676          676          676            0            1            0
         678          678          678            0            1            0
         680          680          680            0            1            0
         682          682          682            0            1            0
         684          684          684            0            1            0
         686          686          686            0            1            0
         688          688          688            0            1            0
         690          690          690            0            1            0
         692          692          692            0            1            0
         694          694          694            0            1            0
         696          696          696            0            1            0
         698          698          698            0            1            0
         700          700          700            0            1            0
         702          702          702            0            1            0
         704          704          704            0            1            0
         706          706          706            0            1            0
         708          708          708            0            1            0
         710          710          710            0            1            0
         712          712          712            0            1            0
         714          714          714            0            1            0
         716          716          716            0            1            0
         718          718          718            0            1            0
         720          720          720            0            1            0
         722          722          722            0            1            0
         724          724          724            0            1            0
         726          726          726            0            1            0
         728          728          728            0            1            0
         730          730          730            0            1            0
         732          732          732            0            1            0
         734          734          734            0            1            0
         736          736          736            0            1            0
         738          738          738            0            1            0
         740          740          740            0            1            0
         742          742          742            0            1            0
         744          744          744            0            1            0
         746          746          746            0            1            0
         748          748          748            0            1            0
         750          750          750            0            1            0
         752          752          752            0            1            0
         754          754          754            0            1            0
         756          756          756            0            1            0
         758          758          758            0            1            0
         760          760          760            0            1            0
         762          762          762            0            1            0
         764          764          764            0            1            0
         766          766          766            0            1            0
         768          768          768            0            1            0
         770          770          770            0            1            0
         772          772          772            0            1            0
         774          774          774            0            1            0
         776          776          776            0            1            0
         778          778          778            0            1            0
         780          780          780            0            1            0
         782          782          782            0            1            0
         784          784          784            0            1            0
         786          786          786            0            1            0
         788          788          788            0            1            0
         790          790          790            0            1            0
         792          792          792            0            1            0
         794          794          794            0            1            0
         796          796          796            0            1            0
         798          798          798            0            1            0
         800          800          800            0            1            0
         802          802          802            0            1            0
         804          804          804            0            1            0
         806          806          806            0            1            0
         808          808          808            0            1            0
         810          810          810            0            1            0
         812          812          812            0            1            0
         814          814          814            0            1            0
         816          816          816            0            1            0
         818          818          818            0            1            0
         820          820          820            0            1            0
         822          822          822            0            1            0
         824          824          824            0            1            0
         826          826          826            0            1            0
         828          828          828            0            1            0
         830          830          830            0            1            0
         832          832          832            0            1            0
         834          834          834            0            1            0
         836          836          836            0            1            0
         838          838          838            0            1            0
         840          840          840            0            1            0
         842          842          842            0            1            0
         844          844          844            0            1            0
         846          846          846            0            1            0
         848          848          848            0            1            0
         850          850          850            0            1            0
         852          852          852            0            1            0
         854          854          854            0            1            0
         856          856          856            0            1            0
         858          858          858            0            1            0
         860          860          860            0            1            0
         862          862          862            0            1            0
         864          864          864            0            1            0
         866          866          866            0            1            0
         868          868          868            0            1            0
         870          870          870            0            1            0
         872          872          872            0            1            0
         874          874          874            0            1            0
         876          876          876            0            1            0
         878          878          878            0            1            0
         880          880          880            0            1            0
         882          882          882            0            1            0
         884          884          884            0            1            0
         886          886          886            0            1            0
         888          888          888            0            1            0
         890          890          890            0            1            0
         892          892          892            0            1            0
         894          894          894            0            1            0
         896          896          896            0            1            0
         898          898          898            0            1            0
         900          900          900            0            1            0
         902          902          902            0            1            0
         904          904          904            0            1            0
         906          906          906            0            1            0
         908          908          908            0            1            0
         910          910          910            0            1            0
         912          912          912            0            1            0
         914          914          914            0            1            0
         916          916          916            0            1            0
         918          918          918            0            1            0
         920          920          920            0            1            0
         922          922          922            0            1            0
         924          924          924            0            1            0
         926          926          926            0            1            0
         928          928          928            0            1            0
         930          930          930            0            1            0
         932          932          932            0            1            0
         934          934          934            0            1            0
         936          936          936            0            1            0
         938          938          938            0            1            0
         940          940          940            0            1            0
         942          942          942            0            1            0
         944          944          944            0            1            0
         946          946          946            0            1            0
         948          948          948            0            1            0
         950          950          950            0            1            0
         952          952          952            0            1            0
         954          954          954            0            1            0
         956          956          956            0            1            0
         958          958          958            0            1            0
         960          960          960            0            1            0
         962          962          962            0            1            0
         964          964          964            0            1            0
         966          966          966            0            1            0
         968          968          968            0            1            0
         970          970          970            0            1            0
         972          972          972            0            1            0
         974          974          974            0            1            0
         976          976          976            0            1            0
         978          978          978            0            1            0
         980          980          980            0            1            0
         982          982          982            0            1            0
         984          984          984            0            1            0
         986          986          986            0            1            0
         988          988          988            0            1            0
         990          990          990            0            1            0
         992          992          992            0            1            0
         994          994          994            0            1            0
         996          996          996            0            1            0
         998          998          998            0            1            0
        1000         1000         1000            0            1            0
        1002         1002         1002            0            1            0
        1004         1004         1004            0            1            0
        1006         1006         1006            0            1            0
        1008         1008         1008            0            1            0
        1010         1010         1010            0            1            0
        1012         1012         1012            0            1            0
        1014         1014         1014            0            1            0
        1016         1016         1016            0            1            0
        1018         1018         1018            0            1            0
        1020         1020         1020            0            1            0
        1022         1022         1022            0            1            0
        1024         1024         1024            0            1            0
        1026         1026         1026            0            1            0
        1028         1028         1028            0            1            0
        1030         1030         1030            0            1            0
        1032         1032         1032            0            1            0
        1034         1034         1034            0            1            0
        1036         1036         1036            0            1            0
        1038         1038         1038            0            1            0
        1040         1040         1040            0            1            0
        1042         1042         1042            0            1            0
        1044         1044         1044            0            1            0
        1046         1046         1046            0            1            0
        1048         1048         1048            0            1            0
        1050         1050         1050            0            1            0
        1052         1052         1052            0            1            0
        1054         1054         1054            0            1            0
        1056         1056         1056            0            1            0
        1058         1058         1058            0            1            0
        1060         1060         1060            0            1            0
        1062         1062         1062            0            1            0
        1064         1064         1064            0            1            0
        1066         1066         1066            0            1            0
        1068         1068         1068            0            1            0
        1070         1070         1070            0            1            0
        1072         1072         1072            0            1            0
        1074         1074         1074            0            1            0
        1076         1076         1076            0            1            0
        1078         1078         1078            0            1            0
        1080         1080         1080            0            1            0
        1082         1082         1082            0            1            0
        1084         1084         1084            0            1            0
        1086         1086         1086            0            1            0
        1088         1088         1088            0            1            0
        1090         1090         1090            0            1            0
        1092         1092         1092            0            1            0
        1094         1094         1094            0            1            0
        1096         1096         1096            0            1            0
        1098         1098         1098            0            1            0
        1100         1100         1100            0            1            0
        1102         1102         1102            0            1            0
        1104         1104         1104            0            1            0
        1106         1106         1106            0            1            0
        1108         1108         1108            0            1            0
        1110         1110         1110            0            1            0
        1112         1112         1112            0            1            0
        1114         1114         1114            0            1            0
        1116         1116         1116            0            1            0
        1118         1118         1118            0            1            0
        1120         1120         1120            0            1            0
        1122         1122         1122            0            1            0
        1124         1124         1124            0            1            0
        1126         1126         1126            0            1            0
        1128         1128         1128            0            1            0
        1130         1130         1130            0            1            0
        1132         1132         1132            0            1            0
        1134         1134         1134            0            1            0
        1136         1136         1136            0            1            0
        1138         1138         1138            0            1            0
        1140         1140         1140            0            1            0
        1142         1142         1142            0            1            0
        1144         1144         1144            0            1            0
        1146         1146         1146            0            1            0
        1148         1148         1148            0            1            0
        1150         1150         1150            0            1            0
        1152         1152         1152            0            1            0
        1154         1154         1154            0            1            0
        1156         1156         1156            0            1            0
        1158         1158         1158            0            1            0
        1160         1160         1160            0            1            0
        1162         1162         1162            0            1            0
        1164         1164         1164            0            1            0
        1166         1166         1166            0            1            0
        1168         1168         1168            0            1            0
        1170         1170         1170            0            1            0
        1172         1172         1172            0            1            0
        1174         1174         1174            0            1            0
        1176         1176         1176            0            1            0
        1178         1178         1178            0            1            0
        1180         1180         1180            0            1            0
        1182         1182         1182            0            1            0
        1184         1184         1184            0            1            0
        1186         1186         1186            0            1            0
        1188         1188         1188            0            1            0
        1190         1190         1190            0            1            0
        1192         1192         1192            0            1            0
        1194         1194         1194            0            1            0
        1196         1196         1196            0            1            0
        1198         1198         1198            0            1            0
        1200         1200         1200            0            1            0
        1202         1202         1202            0            1            0
        1204         1204         1204            0            1            0
        1206         1206         1206            0            1            0
        1208         1208         1208            0            1            0
        1210         1210         1210            0            1            0
        1212         1212         1212            0            1            0
        1214         1214         1214            0            1            0
        1216         1216         1216            0            1            0
        1218         1218         1218            0            1            0
        1220         1220         1220            0            1            0
        1222         1222         1222            0            1            0
        1224         1224         1224            0            1            0
        1226         1226         1226            0            1            0
        1228         1228         1228            0            1            0
        1230         1230         1230            0            1            0
        1232         1232         1232            0            1            0
        1234         1234         1234            0            1            0
        1236         1236         1236            0            1            0
        1238         1238         1238            0            1            0
        1240         1240         1240            0            1            0
        1242         1242         1242            0            1            0
        1244         1244         1244            0            1            0
        1246         1246         1246            0            1            0
        1248         1248         1248            0            1            0
        1250         1250         1250            0            1            0
        1252         1252         1252            0            1            0
        1254         1254         1254            0            1            0
        1256         1256         1256            0            1            0
        1258         1258         1258            0            1            0
        1260         1260         1260            0            1            0
        1262         1262         1262            0            1            0
        1264         1264         1264            0            1            0
        1266         1266         1266            0            1            0
        1268         1268         1268            0            1            0
        1270         1270         1270            0            1            0
        1272         1272         1272            0            1            0
        1274         1274         1274            0            1            0
        1276         1276         1276            0            1            0
        1278         1278         1278            0            1            0
        1280         1280         1280            0            1            0
        1282         1282         1282            0            1            0
        1284         1284         1284            0            1            0
        1286         1286         1286            0            1            0
        1288         1288         1288            0            1            0
        1290         1290         1290            0            1            0
        1292         1292         1292            0            1            0
        1294         1294         1294            0            1            0
        1296         1296         1296            0            1            0
        1298         1298         1298            0            1            0
        1300         1300         1300            0            1            0
        1302         1302         1302            0            1            0
        1304         1304         1304            0            1            0
        1306         1306         1306            0            1            0
        1308         1308         1308            0            1            0
        1310         1310         1310            0            1            0
        1312         1312         1312            0            1            0
        1314         1314         1314            0            1            0
        1316         1316         1316            0            1            0
        1318         1318         1318            0            1            0
        1320         1320         1320            0            1            0
        1322         1322         1322            0            1            0
        1324         1324         1324            0            1            0
        1326         1326         1326            0            1            0
        1328         1328         1328            0            1            0
        1330         1330         1330            0            1            0
        1332         1332         1332            0            1            0
        1334         1334         1334            0            1            0
        1336         1336         1336            0            1            0
        1338         1338         1338            0            1            0
        1340         1340         1340            0            1            0
        1342         1342         1342            0            1            0
        1344         1344         1344            0            1            0
        1346         1346         1346            0            1            0
        1348         1348         1348            0            1            0
        1350         1350         1350            0            1            0
        1352         1352         1352            0            1            0
        1354         1354         1354            0            1            0
        1356         1356         1356            0            1            0
        1358         1358         1358            0            1            0
        1360         1360         1360            0            1            0
        1362         1362         1362            0            1            0
        1364         1364         1364            0            1            0
        1366         1366         1366            0            1            0
        1368         1368         1368            0            1            0
        1370         1370         1370            0            1            0
        1372         1372         1372            0            1            0
        1374         1374         1374            0            1            0
        1376         1376         1376            0            1            0
        1378         1378         1378            0            1            0
        1380         1380         1380            0            1            0
        1382         1382         1382            0            1            0
        1384         1384         1384            0            1            0
        1386         1386         1386            0            1            0
        1388         1388         1388            0            1            0
        1390         1390         1390            0            1            0
        1392         1392         1392            0            1            0
        1394         1394         1394            0            1            0
        1396         1396         1396            0            1            0
        1398         1398         1398            0            1            0
        1400         1400         1400            0            1            0
        1402         1402         1402            0            1            0
        1404         1404         1404            0            1            0
        1406         1406         1406            0            1            0
        1408         1408         1408            0            1            0
        1410         1410         1410            0            1            0
        1412         1412         1412            0            1            0
        1414         1414         1414            0            1            0
        1416         1416         1416            0            1            0
        1418         1418         1418            0            1            0
        1420         1420         1420            0            1            0
        1422         1422         1422            0            1            0
        1424         1424         1424            0            1            0
        1426         1426         1426            0            1            0
        1428         1428         1428            0            1            0
        1430         1430         1430            0            1            0
        1432         1432         1432            0            1            0
        1434         1434         1434            0            1            0
        1436         1436         1436            0            1            0
        1438         1438         1438            0            1            0
        1440         1440         1440            0            1            0
        1442         1442         1442            0            1            0
        1444         1444         1444            0            1            0
        1446         1446         1446            0            1            0
        1448         1448         1448            0            1            0
        1450         1450         1450            0            1            0
        1452         1452         1452            0            1            0
        1454         1454         1454            0            1            0
        1456         1456         1456            0            1            0
        1458         1458         1458            0            1            0
        1460         1460         1460            0            1            0
        1462         1462         1462            0            1            0
        1464         1464         1464            0            1            0
        1466         1466         1466            0            1            0
        1468         1468         1468            0            1            0
        1470         1470         1470            0            1            0
        1472         1472         1472            0            1            0
        1474         1474         1474            0            1            0
        1476         1476         1476            0            1            0
        1478         1478         1478            0            1            0
        1480         1480         1480            0            1            0
        1482         1482         1482            0            1            0
        1484         1484         1484            0            1            0
        1486         1486         1486            0            1            0
        1488         1488         1488            0            1            0
        1490         1490         1490            0            1            0
        1492         1492         1492            0            1            0
        1494         1494         1494            0            1            0
        1496         1496         1496            0            1            0
        1498         1498         1498            0            1            0
        1500         1500         1500            0            1            0
        1502         1502         1502            0            1            0
        1504         1504         1504            0            1            0
        1506         1506         1506            0            1            0
        1508         1508         1508            0            1            0
        1510         1510         1510            0            1            0
        1512         1512         1512            0            1            0
        1514         1514         1514            0            1            0
        1516         1516         1516            0            1            0
        1518         1518         1518            0            1            0
        1520         1520         1520            0            1            0
        1522         1522         1522            0            1            0
        1524         1524         1524            0            1            0
        1526         1526         1526            0            1            0
        1528         1528         1528            0            1            0
        1530         1530         1530            0            1            0
        1532         1532         1532            0            1            0
        1534         1534         1534            0            1            0
        1536         1536         1536            0            1            0
        1538         1538         1538            0            1            0
        1540         1540         1540            0            1            0
        1542         1542         1542            0            1            0
        1544         1544         1544            0            1            0
        1546         1546         1546            0            1            0
        1548         1548         1548            0            1            0
        1550         1550         1550            0            1            0
        1552         1552         1552            0            1            0
        1554         1554         1554            0            1            0
        1556         1556         1556            0            1            0
        1558         1558         1558            0            1            0
        1560         1560         1560            0            1            0
        1562         1562         1562            0            1            0
        1564         1564         1564            0            1            0
        1566         1566         1566            0            1            0
        1568         1568         1568            0            1            0
        1570         1570         1570            0            1            0
        1572         1572         1572            0            1            0
        1574         1574         1574            0            1            0
        1576         1576         1576            0            1            0
        1578         1578         1578            0            1            0
        1580         1580         1580            0            1            0
        1582         1582         1582            0            1            0
        1584         1584         1584            0            1            0
        1586         1586         1586            0            1            0
        1588         1588         1588            0            1            0
        1590         1590         1590            0            1            0
        1592         1592         1592            0            1            0
        1594         1594         1594            0            1            0
        1596         1596         1596            0            1            0
        1598         1598         1598            0            1            0
        1600         1600         1600            0            1            0
        1602         1602         1602            0            1            0
        1604         1604         1604            0            1            0
        1606         1606         1606            0            1            0
        1608         1608         1608            0            1            0
        1610         1610         1610            0            1            0
        1612         1612         1612            0            1            0
        1614         1614         1614            0            1            0
        1616         1616         1616            0            1            0
        1618         1618         1618            0            1            0
        1620         1620         1620            0            1            0
        1622         1622         1622            0            1            0
        1624         1624         1624            0            1            0
        1626         1626         1626            0            1            0
        1628         1628         1628            0            1            0
        1630         1630         1630            0            1            0
        1632         1632         1632            0            1            0
        1634         1634         1634            0            1            0
        1636         1636         1636            0            1            0
        1638         1638         1638            0            1            0
        1640         1640         1640            0            1            0
        1642         1642         1642            0            1            0
        1644         1644         1644            0            1            0
        1646         1646         1646            0            1            0
        1648         1648         1648            0            1            0
        1650         1650         1650            0            1            0
        1652         1652         1652            0            1            0
        1654         1654         1654            0            1            0
        1656         1656         1656            0            1            0
        1658         1658         1658            0            1            0
        1660         1660         1660            0            1            0
        1662         1662         1662            0            1            0
        1664         1664         1664            0            1            0
        1666         1666         1666            0            1            0
        1668         1668         1668            0            1            0
        1670         1670         1670            0            1            0
        1672         1672         1672            0            1            0
        1674         1674         1674            0            1            0
        1676         1676         1676            0            1            0
        1678         1678         1678            0            1            0
        1680         1680         1680            0            1            0
        1682         1682         1682            0            1            0
        1684         1684         1684            0            1            0
        1686         1686         1686            0            1            0
        1688         1688         1688            0            1            0
        1690         1690         1690            0            1            0
        1692         1692         1692            0            1            0
        1694         1694         1694            0            1            0
        1696         1696         1696            0            1            0
        1698         1698         1698            0            1            0
        1700         1700         1700            0            1            0
        1702         1702         1702            0            1            0
        1704         1704         1704            0            1            0
        1706         1706         1706            0            1            0
        1708         1708         1708            0            1            0
        1710         1710         1710            0            1            0
        1712         1712         1712            0            1            0
        1714         1714         1714            0            1            0
        1716         1716         1716            0            1            0
        1718         1718         1718            0            1            0
        1720         1720         1720            0            1            0
        1722         1722         1722            0            1            0
        1724         1724         1724            0            1            0
        1726         1726         1726            0            1            0
        1728         1728         1728            0            1            0
        1730         1730         1730            0            1            0
        1732         1732         1732            0            1            0
        1734         1734         1734            0            1            0
        1736         1736         1736            0            1            0
        1738         1738         1738            0            1            0
        1740         1740         1740            0            1            0
        1742         1742         1742            0            1            0
        1744         1744         1744            0            1            0
        1746         1746         1746            0            1            0
        1748         1748         1748            0            1            0
        1750         1750         1750            0            1            0
        1752         1752         1752            0            1            0
        1754         1754         1754            0            1            0
        1756         1756         1756            0            1            0
        1758         1758         1758            0            1            0
        1760         1760         1760            0            1            0
        1762         1762         1762            0            1            0
        1764         1764         1764            0            1            0
        1766         1766         1766            0            1            0
        1768         1768         1768            0            1            0
        1770         1770         1770            0            1            0
        1772         1772         1772            0            1            0
        1774         1774         1774            0            1            0
        1776         1776         1776            0            1            0
        1778         1778         1778            0            1            0
        1780         1780         1780            0            1            0
        1782         1782         1782            0            1            0
        1784         1784         1784            0            1            0
        1786         1786         1786            0            1            0
        1788         1788         1788            0            1            0
        1790         1790         1790            0            1            0
        1792         1792         1792            0            1            0
        1794         1794         1794            0            1            0
        1796         1796         1796            0            1            0
        1798         1798         1798            0            1            0
        1800         1800         1800            0            1            0
        1802         1802         1802            0            1            0
        1804         1804         1804            0            1            0
        1806         1806         1806            0            1            0
        1808         1808         1808            0            1            0
        1810         1810         1810            0            1            0
        1812         1812         1812            0            1            0
        1814         1814         1814            0            1            0
        1816         1816         1816            0            1            0
        1818         1818         1818            0            1            0
        1820         1820         1820            0            1            0
        1822         1822         1822            0            1            0
        1824         1824         1824            0            1            0
        1826         1826         1826            0            1            0
        1828         1828         1828            0            1            0
        1830         1830         1830            0            1            0
        1832         1832         1832            0            1            0
        1834         1834         1834            0            1            0
        1836         1836         1836            0            1            0
        1838         1838         1838            0            1            0
        1840         1840         1840            0            1            0
        1842         1842         1842            0            1            0
        1844         1844         1844            0            1            0
        1846         1846         1846            0            1            0
        1848         1848         1848            0            1            0
        1850         1850         1850            0            1            0
        1852         1852         1852            0            1            0
        1854         1854         1854            0            1            0
        1856         1856         1856            0            1            0
        1858         1858         1858            0            1            0
        1860         1860         1860            0            1            0
        1862         1862         1862            0            1            0
        1864         1864         1864            0            1            0
        1866         1866         1866            0            1            0
        1868         1868         1868            0            1            0
        1870         1870         1870            0            1            0
        1872         1872         1872            0            1            0
        1874         1874         1874            0            1            0
        1876         1876         1876            0            1            0
        1878         1878         1878            0            1            0
        1880         1880         1880            0            1            0
        1882         1882         1882            0            1            0
        1884         1884         1884            0            1            0
        1886         1886         1886            0            1            0
        1888         1888         1888            0            1            0
        1890         1890         1890            0            1            0
        1892         1892         1892            0            1            0
        1894         1894         1894            0            1            0
        1896         1896         1896            0            1            0
        1898         1898         1898            0            1            0
        1900         1900         1900            0            1            0
        1902         1902         1902            0            1            0
        1904         1904         1904            0            1            0
        1906         1906         1906            0            1            0
        1908         1908         1908            0            1            0
        1910         1910         1910            0            1            0
        1912         1912         1912            0            1            0
        1914         1914         1914            0            1            0
        1916         1916         1916            0            1            0
        1918         1918         1918            0            1            0
        1920         1920         1920            0            1            0
        1922         1922         1922            0            1            0
        1924         1924         1924            0            1            0
        1926         1926         1926            0            1            0
        1928         1928         1928            0            1            0
        1930         1930         1930            0            1            0
        1932         1932         1932            0            1            0
        1934         1934         1934            0            1            0
        1936         1936         1936            0            1            0
        1938         1938         1938            0            1            0
        1940         1940         1940            0            1            0
        1942         1942         1942            0            1            0
        1944         1944         1944            0            1            0
        1946         1946         1946            0            1            0
        1948         1948         1948            0            1            0
        1950         1950         1950            0            1            0
        1952         1952         1952            0            1            0
        1954         1954         1954            0            1            0
        1956         1956         1956            0            1            0
        1958         1958         1958            0            1            0
        1960         1960         1960            0            1            0
        1962         1962         1962            0            1            0
        1964         1964         1964            0            1            0
        1966         1966         1966            0            1            0
        1968         1968         1968            0            1            0
        1970         1970         1970            0            1            0
        1972         1972         1972            0            1            0
        1974         1974         1974            0            1            0
        1976         1976         1976            0            1            0
        1978         1978         1978            0            1            0
        1980         1980         1980            0            1            0
        1982         1982         1982            0            1            0
        1984         1984         1984            0            1            0
        1986         1986         1986            0            1            0
        1988         1988         1988            0            1            0
        1990         1990         1990            0            1            0
        1992         1992         1992            0            1            0
        1994         1994         1994            0            1            0
        1996         1996         1996            0            1            0
        1998         1998         1998            0            1            0
        2000         2000         2000            0            1            0

 TOTAL NUMBER OF TIME-STEPS COMPLETED      =        2000
 TOTAL NUMBER OF LOAD-STEPS COMPLETED      =        2000


 A N A L Y S I S   C O M P L E T E                          2023/05/28  17:32:40
