0.02 0.0107879 -2.46445e-008 3.85635e-005
0.04 0.0532246 -1.53891e-007 0.000225187
0.06 0.135371 -4.75037e-007 0.000688672
0.08 0.254636 -1.01609e-006 0.0015402
0.1 0.41368 -1.76447e-006 0.00289752
0.12 0.620503 -2.70252e-006 0.00490522
0.14 0.880744 -3.7916e-006 0.00772441
0.16 1.19223 -4.93044e-006 0.0115053
0.18 1.54784 -5.95781e-006 0.0163758
0.2 1.94134 -6.77321e-006 0.0224517
0.22 2.37544 -7.58679e-006 0.0298691
0.24 2.86422 -9.18017e-006 0.03881
0.26 3.42282 -1.29609e-005 0.0494786
0.28 4.05489 -2.06993e-005 0.0620373
0.3 4.75168 -3.40657e-005 0.0765519
0.32 5.49919 -5.41806e-005 0.0929748
0.34 6.281 -8.13055e-005 0.11114
0.36 7.07829 -0.000114698 0.130762
0.38 7.8758 -0.000152653 0.151464
0.4 8.67316 -0.000192791 0.172857
0.42 9.48378 -0.000232581 0.19462
0.44 10.3188 -0.000269992 0.216504
0.46 11.1647 -0.000304015 0.238255
0.48 11.9792 -0.00033483 0.259504
0.5 12.7117 -0.000363511 0.279747
0.52 13.342 -0.000391375 0.298461
0.54 13.8981 -0.000419217 0.31528
0.56 14.4104 -0.000446653 0.330001
0.58 14.8909 -0.000471975 0.342537
0.6 15.3559 -0.00049286 0.352945
0.62 15.8276 -0.000507591 0.361443
0.64 16.3217 -0.000515978 0.368354
0.66 16.8272 -0.000519339 0.373962
0.68 17.3174 -0.000519473 0.378449
0.7 17.7808 -0.000517318 0.381981
0.72 18.2155 -0.000512176 0.38479
0.74 18.6128 -0.000502065 0.387178
0.76 18.9506 -0.000485145 0.389468
0.78 19.1956 -0.000461428 0.391912
0.8 19.312 -0.00043385 0.394625
0.82 19.2734 -0.000408148 0.397552
0.84 19.0618 -0.000391468 0.400429
0.86 18.6448 -0.000390152 0.402689
0.88 17.981 -0.000407585 0.403418
0.9 17.0516 -0.000443034 0.401467
0.92 15.8641 -0.000491787 0.395583
0.94 14.4347 -0.000546242 0.384479
0.96 12.7781 -0.000597411 0.366887
0.98 10.8882 -0.000636253 0.341563
1 8.73131 -0.000654593 0.307296
1.02 6.26589 -0.000645714 0.262999
1.04 3.45172 -0.000604743 0.207811
1.06 0.254924 -0.00052882 0.141176
1.08 -3.32878 -0.000417235 0.0629863
1.1 -7.26176 -0.000271669 -0.0262872
1.12 -11.4721 -9.65475e-005 -0.125531
1.14 -15.8751 0.000100732 -0.23307
1.16 -20.3738 0.000310049 -0.34679
1.18 -24.7987 0.000519557 -0.464069
1.2 -28.9304 0.000717659 -0.581786
1.22 -32.6349 0.000895925 -0.696767
1.24 -35.8962 0.00105173 -0.806236
1.26 -38.744 0.001189 -0.907898
1.28 -41.2214 0.00131679 -0.999872
1.3 -43.3749 0.00144602 -1.0806
1.32 -45.2453 0.00158554 -1.14875
1.34 -46.8722 0.00173841 -1.20321
1.36 -48.3001 0.00189943 -1.24307
1.38 -49.5906 0.00205419 -1.26781
1.4 -50.8239 0.0021803 -1.27754
1.42 -52.0964 0.00225113 -1.27328
1.44 -53.4936 0.00224211 -1.2572
1.46 -55.0279 0.00213799 -1.23242
1.48 -56.6549 0.00193885 -1.2028
1.5 -58.3539 0.00166274 -1.17279
1.52 -60.1626 0.00134354 -1.14732
1.54 -62.1421 0.00102453 -1.1315
1.56 -64.3478 0.000749934 -1.13018
1.58 -66.8465 0.000557317 -1.14764
1.6 -69.7226 0.000472882 -1.18728
1.62 -72.9574 0.000509686 -1.25095
1.64 -76.2074 0.000667368 -1.33764
1.66 -78.9289 0.000932919 -1.44284
1.68 -80.7689 0.00128295 -1.55951
1.7 -81.5951 0.00168659 -1.6793
1.72 -81.3295 0.00210858 -1.7931
1.74 -79.9151 0.00251368 -1.89165
1.76 -77.2854 0.00287238 -1.96592
1.78 -73.3466 0.00316601 -2.00732
1.8 -68.0028 0.00338892 -2.00791
1.82 -61.184 0.00354508 -1.96046
1.84 -52.8871 0.00363889 -1.85882
1.86 -43.1744 0.00366379 -1.69838
1.88 -32.1537 0.00359525 -1.47676
1.9 -19.9889 0.00339333 -1.19439
1.92 -6.91166 0.00301526 -0.855025
1.94 6.78746 0.00243238 -0.465726
1.96 20.7763 0.00164373 -0.0365529
1.98 34.6919 0.000680504 0.419943
2 48.1494 -0.000399757 0.889289
2.02 60.7518 -0.00152598 1.35568
2.04 72.0968 -0.0026277 1.8026
2.06 81.7892 -0.00364568 2.21346
2.08 89.4667 -0.00453687 2.57235
2.1 94.8217 -0.00527387 2.86477
2.12 97.6049 -0.00584108 3.07825
2.14 97.6937 -0.00622999 3.20301
2.16 95.1596 -0.00643566 3.23278
2.18 90.4874 -0.00645549 3.16612
2.2 84.572 -0.0062898 3.00755
2.22 78.0001 -0.00594141 2.76602
2.24 70.8871 -0.00541457 2.4528
2.26 63.2957 -0.00471583 2.08115
2.28 55.2696 -0.00385571 1.66595
2.3 46.8507 -0.00284907 1.22327
2.32 38.1357 -0.00171583 0.770182
2.34 29.2662 -0.000483062 0.324438
2.36 20.407 0.000809682 -0.0959196
2.38 11.7266 0.0021019 -0.473358
2.4 3.35956 0.00330535 -0.792214
2.42 -4.48854 0.00430649 -1.04002
2.44 -11.1691 0.00498237 -1.20741
2.46 -15.979 0.00522946 -1.28896
2.48 -18.8399 0.00499697 -1.28559
2.5 -20.0239 0.00430862 -1.20497
2.52 -19.8944 0.00326287 -1.0604
2.54 -18.9326 0.00201363 -0.869553
2.56 -17.5199 0.000738667 -0.652332
2.58 -15.6914 -0.000395159 -0.427841
2.6 -13.3689 -0.00126006 -0.212335
2.62 -10.6768 -0.00178527 -0.0185593
2.64 -7.79046 -0.00196573 0.144934
2.66 -4.83912 -0.00186035 0.273918
2.68 -1.93334 -0.00157594 0.367705
2.7 0.850333 -0.00123753 0.428094
2.72 3.46158 -0.000952581 0.458464
2.74 5.87096 -0.000781324 0.463248
2.76 8.06681 -0.000725116 0.447701
2.78 10.0517 -0.000737286 0.417673
2.8 11.883 -0.00075047 0.379385
2.82 13.7151 -0.000707406 0.339212
2.84 15.7516 -0.000582087 0.303349
2.86 18.162 -0.000384778 0.277412
2.88 21.0087 -0.000152722 0.266036
2.9 24.2518 6.63397e-005 0.272638
2.92 27.8159 0.00022999 0.299453
2.94 31.6054 0.000311386 0.347574
2.96 35.5069 0.000302542 0.416968
2.98 39.3996 0.000211507 0.506551
3 43.162 5.55118e-005 0.61432
3.02 46.772 -0.000147679 0.737812
3.04 50.3523 -0.000387503 0.874596
3.06 53.9551 -0.000663944 1.02184
3.08 57.4739 -0.000984975 1.17558
3.1 60.7515 -0.00135961 1.33052
3.12 63.5982 -0.00178897 1.48007
3.14 65.7986 -0.00225861 1.61659
3.16 67.1343 -0.00273541 1.73184
3.18 67.4007 -0.00317065 1.81765
3.2 66.5585 -0.00350933 1.8671
3.22 64.7544 -0.00370334 1.87568
3.24 62.0283 -0.00372378 1.84113
3.26 58.2944 -0.00356822 1.76296
3.28 53.4794 -0.00326103 1.64229
3.3 47.5135 -0.00284552 1.48155
3.32 40.3404 -0.00237064 1.28407
3.34 32.2165 -0.0018779 1.05483
3.36 23.8201 -0.00139326 0.801556
3.38 15.5882 -0.000924569 0.533366
3.4 7.5546 -0.000465646 0.259014
3.42 -0.298736 -6.82719e-006 -0.0134741
3.44 -8.04365 0.000454785 -0.277288
3.46 -15.5768 0.000911187 -0.526497
3.48 -22.4745 0.00134637 -0.755091
3.5 -28.4416 0.00174494 -0.957438
3.52 -33.4394 0.00209956 -1.1289
3.54 -37.4651 0.00240973 -1.26555
3.56 -40.5503 0.00267278 -1.36429
3.58 -42.7673 0.00287523 -1.42332
3.6 -44.1976 0.00299162 -1.44269
3.62 -44.8519 0.00299369 -1.42416
3.64 -44.7037 0.00286447 -1.37088
3.66 -43.8231 0.00260859 -1.28723
3.68 -42.3329 0.00225207 -1.1785
3.7 -40.368 0.00183246 -1.05069
3.72 -38.0947 0.00138663 -0.910603
3.74 -35.7028 0.000943042 -0.765766
3.76 -33.3797 0.000521256 -0.624117
3.78 -31.2372 0.000136342 -0.493247
3.8 -29.2813 -0.000196521 -0.379516
3.82 -27.4784 -0.000460725 -0.287552
3.84 -25.8463 -0.000640847 -0.220266
3.86 -24.4705 -0.000727228 -0.179119
3.88 -23.4518 -0.000719526 -0.164297
3.9 -22.8863 -0.000626945 -0.174885
3.92 -22.8662 -0.000464916 -0.209068
3.94 -23.4707 -0.000250177 -0.264288
3.96 -24.7532 3.00523e-006 -0.337365
3.98 -26.5849 0.000283101 -0.424085
4 -28.6074 0.000578065 -0.518777
4.02 -30.5532 0.000871887 -0.615176
4.04 -32.361 0.00114367 -0.70767
4.06 -33.9691 0.00136964 -0.791635
4.08 -35.2639 0.00152836 -0.863442
4.1 -36.201 0.00160804 -0.920743
4.12 -36.8305 0.00161254 -0.962634
4.14 -37.2269 0.00156272 -0.989384
4.16 -37.4766 0.00149153 -1.00201
4.18 -37.6746 0.00143374 -1.00189
4.2 -37.918 0.00141341 -0.990604
4.22 -38.3076 0.00143463 -0.969908
4.24 -38.9505 0.00147958 -0.941986
4.26 -39.9617 0.00151499 -0.909622
4.28 -41.4381 0.00150392 -0.876251
4.3 -43.4394 0.00141821 -0.845891
4.32 -46.0031 0.00124773 -0.823087
4.34 -49.0965 0.001004 -0.812602
4.36 -52.4031 0.000717413 -0.818246
4.38 -55.5011 0.000430423 -0.842306
4.4 -58.3428 0.000190254 -0.886623
4.42 -61.0696 4.14856e-005 -0.952785
4.44 -63.6473 1.85721e-005 -1.04101
4.46 -65.8586 0.000141111 -1.14917
4.48 -67.395 0.000412907 -1.27239
4.5 -68.0138 0.000823587 -1.40327
4.52 -67.6359 0.00135071 -1.5326
4.54 -66.2597 0.00195994 -1.64983
4.56 -63.8892 0.00260331 -1.74366
4.58 -60.5543 0.00321929 -1.80302
4.6 -56.3254 0.00373838 -1.81831
4.62 -51.3186 0.00409462 -1.78241
4.64 -45.696 0.00423875 -1.69134
4.66 -39.6512 0.00414661 -1.54453
4.68 -33.1746 0.00381911 -1.34424
4.7 -26.013 0.00327559 -1.09476
4.72 -18.1414 0.00254715 -0.803268
4.74 -9.84562 0.00167354 -0.480573
4.76 -1.48597 0.000702082 -0.140471
4.78 6.51898 -0.000311886 0.201132
4.8 13.7302 -0.00130521 0.527335
4.82 19.719 -0.00220962 0.821418
4.84 24.195 -0.00295776 1.0684
4.86 27.4031 -0.00349345 1.25779
4.88 29.898 -0.00378361 1.38509
4.9 31.881 -0.00382651 1.45031
4.92 33.3295 -0.0036537 1.45669
4.94 34.23 -0.00332383 1.40997
4.96 34.6435 -0.00290689 1.31786
4.98 34.8795 -0.00246386 1.19019
5 35.2692 -0.00202896 1.03841
5.02 35.9558 -0.00160175 0.874702
5.04 37.0328 -0.00115514 0.711735
5.06 38.5886 -0.000657659 0.56251
5.08 40.6868 -9.93864e-005 0.439707
5.1 43.369 0.000491114 0.354704
5.12 46.672 0.00104771 0.316708
5.14 50.7187 0.00148434 0.332528
5.16 55.6778 0.00172001 0.406564
5.18 61.6023 0.00170007 0.540384
5.2 68.4297 0.00140626 0.732342
5.22 76.0133 0.000855361 0.977362
5.24 84.1086 9.12631e-005 1.26684
5.26 92.398 -0.000824341 1.58895
5.28 100.62 -0.0018204 1.92969
5.3 108.747 -0.00282404 2.27481
5.32 116.731 -0.00376731 2.61068
5.34 124.304 -0.00459351 2.92439
5.36 131.172 -0.00526381 3.20442
5.38 137.06 -0.00576161 3.44105
5.4 141.704 -0.00609126 3.62652
5.42 144.877 -0.00627101 3.75511
5.44 146.408 -0.00632258 3.82323
5.46 146.262 -0.00626236 3.82984
5.48 144.569 -0.00609836 3.7768
5.5 141.525 -0.00583396 3.66871
5.52 137.277 -0.00547521 3.51211
5.54 131.887 -0.00503666 3.31436
5.56 125.384 -0.00454203 3.08293
5.58 117.785 -0.00401912 2.82484
5.6 109.096 -0.00349157 2.54639
5.62 99.3207 -0.00297213 2.25303
5.64 88.4687 -0.00246091 1.94945
5.66 76.6374 -0.00195014 1.63988
5.68 64.0944 -0.00143345 1.32869
5.7 51.1751 -0.000914937 1.02039
5.72 38.113 -0.00041295 0.718947
5.74 25.0008 4.35002e-005 0.427079
5.76 11.8625 0.000424094 0.145962
5.78 -1.26375 0.000708707 -0.124611
5.8 -14.2767 0.000896629 -0.385762
5.82 -27.0565 0.00101018 -0.639135
5.84 -39.5399 0.00109121 -0.886653
5.86 -51.693 0.00119062 -1.13011
5.88 -63.463 0.00135385 -1.37069
5.9 -74.8011 0.00160727 -1.60874
5.92 -85.6827 0.00195119 -1.84392
5.94 -96.1012 0.00236188 -2.07537
5.96 -106.073 0.00280157 -2.30189
5.98 -115.621 0.00323153 -2.52201
6 -124.709 0.00362251 -2.73388
6.02 -133.19 0.00395916 -2.935
6.04 -140.864 0.00423879 -3.1223
6.06 -147.591 0.00446692 -3.29264
6.08 -153.359 0.00465228 -3.4434
6.1 -158.213 0.00480293 -3.57276
6.12 -162.137 0.00492424 -3.67939
6.14 -165.06 0.00501915 -3.76227
6.16 -166.967 0.00509021 -3.82074
6.18 -167.899 0.00514134 -3.85461
6.2 -167.913 0.00517751 -3.86391
6.22 -167.069 0.00520189 -3.8488
6.24 -165.379 0.00521198 -3.80941
6.26 -162.774 0.00519744 -3.7457
6.28 -159.192 0.00514174 -3.6577
6.3 -154.639 0.00502767 -3.54584
6.32 -149.175 0.00484349 -3.41114
6.34 -142.87 0.00458701 -3.25515
6.36 -135.764 0.00426629 -3.07978
6.38 -127.9 0.00389781 -2.88729
6.4 -119.347 0.00350343 -2.68025
6.42 -110.197 0.00310668 -2.46143
6.44 -100.543 0.00272875 -2.23352
6.46 -90.4579 0.00238435 -1.99888
6.48 -79.9612 0.00207852 -1.75921
6.5 -69.0422 0.00180586 -1.51555
6.52 -57.7309 0.00155293 -1.26851
6.54 -46.1088 0.00130299 -1.0185
6.56 -34.2547 0.00104089 -0.765806
6.58 -22.237 0.000756606 -0.510616
6.6 -10.1321 0.000446875 -0.253172
6.62 1.96085 0.000114942 0.00605368
6.64 13.9661 -0.000231261 0.266392
6.66 25.8688 -0.000582056 0.527181
6.68 37.635 -0.000929146 0.787678
6.7 49.2002 -0.00126807 1.04691
6.72 60.511 -0.00159935 1.30368
6.74 71.5077 -0.00192755 1.55648
6.76 82.1084 -0.00225836 1.80342
6.78 92.213 -0.00259516 2.04226
6.8 101.709 -0.00293626 2.27042
6.82 110.476 -0.00327406 2.4851
6.84 118.376 -0.00359644 2.6834
6.86 125.264 -0.00388981 2.86234
6.88 131.099 -0.00414301 3.01934
6.9 135.997 -0.00435044 3.15273
6.92 140.058 -0.00451275 3.26161
6.94 143.262 -0.00463504 3.34534
6.96 145.539 -0.00472405 3.40331
6.98 146.838 -0.0047853 3.43503
7 147.18 -0.00482078 3.44033
7.02 146.657 -0.00482736 3.4196
7.04 145.352 -0.00479647 3.37378
7.06 143.282 -0.00471559 3.30421
7.08 140.422 -0.00457233 3.21263
7.1 136.744 -0.00436036 3.1012
7.12 132.235 -0.00408431 2.97235
7.14 126.898 -0.00376083 2.82865
7.16 120.792 -0.00341486 2.67264
7.18 114.06 -0.00307302 2.50702
7.2 106.859 -0.00275706 2.33455
7.22 99.2723 -0.00248014 2.15764
7.24 91.3494 -0.00224664 1.97814
7.26 83.1425 -0.00205422 1.79718
7.28 74.6787 -0.00189552 1.61512
7.3 65.9518 -0.0017588 1.43145
7.32 56.9464 -0.00162801 1.24508
7.34 47.6444 -0.00148402 1.05466
7.36 38.0416 -0.00130773 0.85895
7.38 28.1806 -0.00108504 0.65718
7.4 18.1457 -0.000811541 0.449285
7.42 7.99607 -0.000494383 0.235712
7.44 -2.27236 -0.000150341 0.0170809
7.46 -12.6777 0.000199257 -0.205954
7.48 -23.1675 0.000534631 -0.432541
7.5 -33.619 0.000842817 -0.661475
7.52 -43.9126 0.00112076 -0.891302
7.54 -53.9571 0.00137529 -1.12044
7.56 -63.6901 0.00161999 -1.34727
7.58 -73.0719 0.00187006 -1.57011
7.6 -82.0762 0.00213702 -1.78733
7.62 -90.6947 0.00242536 -1.99732
7.64 -98.927 0.00273222 -2.19859
7.66 -106.764 0.00304945 -2.38969
7.68 -114.158 0.00336633 -2.56902
7.7 -121.032 0.00367141 -2.73475
7.72 -127.331 0.00395301 -2.88497
7.74 -133.057 0.00419927 -3.0181
7.76 -138.186 0.00439856 -3.13295
7.78 -142.635 0.0045408 -3.22864
7.8 -146.324 0.00462011 -3.30467
7.82 -149.162 0.00463725 -3.36091
7.84 -151.055 0.00460063 -3.39743
7.86 -151.961 0.0045253 -3.41459
7.88 -151.862 0.00442967 -3.41285
7.9 -150.755 0.00433125 -3.3927
7.92 -148.654 0.00424299 -3.35458
7.94 -145.58 0.00417144 -3.29873
7.96 -141.591 0.00411686 -3.22523
7.98 -136.803 0.00407432 -3.1341
8 -131.278 0.00403451 -3.02506
8.02 -124.942 0.00398406 -2.8972
8.04 -117.708 0.00390631 -2.74912
8.06 -109.575 0.0037835 -2.57958
8.08 -100.595 0.0035997 -2.38789
8.1 -90.8263 0.00334379 -2.17404
8.12 -80.3372 0.00301211 -1.93887
8.14 -69.2097 0.00260996 -1.68405
8.16 -57.535 0.00215183 -1.41209
8.18 -45.4091 0.00165969 -1.12607
8.2 -32.9203 0.00115926 -0.82938
8.22 -20.154 0.000674415 -0.525346
8.24 -7.21491 0.000221473 -0.217175
8.26 5.76785 -0.000194298 0.0920469
8.28 18.6506 -0.000578495 0.399309
8.3 31.2809 -0.000943723 0.701644
8.32 43.5188 -0.00130383 0.996178
8.34 55.2584 -0.00166866 1.28024
8.36 66.4188 -0.00204104 1.5514
8.38 76.9317 -0.00241664 1.80746
8.4 86.7415 -0.00278622 2.04642
8.42 95.8011 -0.00313893 2.26644
8.44 104.078 -0.00346509 2.46584
8.46 111.544 -0.00375746 2.64307
8.48 118.157 -0.00401084 2.79674
8.5 123.854 -0.00422065 2.92553
8.52 128.682 -0.00438212 3.02879
8.54 132.89 -0.00449081 3.10726
8.56 136.686 -0.00454368 3.16293
8.58 140.122 -0.00454004 3.19839
8.6 143.197 -0.00448289 3.21667
8.62 145.892 -0.00437979 3.22107
8.64 148.177 -0.00424219 3.215
8.66 150.017 -0.00408347 3.20182
8.68 151.383 -0.00391627 3.18467
8.7 152.248 -0.00375078 3.1664
8.72 152.582 -0.00359524 3.14947
8.74 152.376 -0.00345886 3.1358
8.76 151.66 -0.00335501 3.12666
8.78 150.469 -0.00330156 3.12227
8.8 148.776 -0.00331668 3.1214
8.82 146.497 -0.0034116 3.12116
8.84 143.561 -0.00358382 3.11725
8.86 139.905 -0.00381372 3.10441
8.88 135.405 -0.00406601 3.0766
8.9 129.891 -0.00429568 3.02737
8.92 123.192 -0.00445685 2.95033
8.94 115.134 -0.00451158 2.83956
8.96 105.631 -0.00443683 2.69031
8.98 94.9854 -0.00422832 2.50045
9 83.6614 -0.00389977 2.2709
9.02 71.8019 -0.0034766 2.00425
9.04 59.4118 -0.002988 1.70403
9.06 46.6323 -0.002461 1.37498
9.08 33.6742 -0.00191559 1.02305
9.1 20.6716 -0.00136085 0.654697
9.12 7.72727 -0.000793432 0.276685
9.14 -5.01457 -0.000199982 -0.103784
9.16 -17.4654 0.000435882 -0.479163
9.18 -29.6177 0.00112275 -0.841891
9.2 -41.5102 0.00185053 -1.18486
9.22 -53.2285 0.00258564 -1.50213
9.24 -64.7574 0.00327536 -1.78909
9.26 -75.8541 0.00385982 -2.04207
9.28 -86.291 0.00428723 -2.25867
9.3 -95.9703 0.00452685 -2.43834
9.32 -104.778 0.00457451 -2.58233
9.34 -112.593 0.00445094 -2.69344
9.36 -119.327 0.00419607 -2.77593
9.38 -124.915 0.00386213 -2.83509
9.4 -129.349 0.00350761 -2.87678
9.42 -132.714 0.00319194 -2.90692
9.44 -135.193 0.00296909 -2.93086
9.46 -136.993 0.00287928 -2.95273
9.48 -138.301 0.00294059 -2.97508
9.5 -139.31 0.00314407 -2.99881
9.52 -140.201 0.00345481 -3.02352
9.54 -140.877 0.00381813 -3.0469
9.56 -140.971 0.00416943 -3.06448
9.58 -140.282 0.00444641 -3.07104
9.6 -138.778 0.00460033 -3.06191
9.62 -136.444 0.00460333 -3.03362
9.64 -133.348 0.0044525 -2.98447
9.66 -129.63 0.00417066 -2.91484
9.68 -125.327 0.00380293 -2.82654
9.7 -120.289 0.00340898 -2.72158
9.72 -114.447 0.00305177 -2.60186
9.74 -107.907 0.00278363 -2.46908
9.76 -100.774 0.00263169 -2.32433
9.78 -93.1233 0.00258848 -2.16792
9.8 -85.0523 0.0026134 -1.99977
9.82 -76.679 0.00264527 -1.81976
9.84 -68.1173 0.00262167 -1.62808
9.86 -59.455 0.00249704 -1.42523
9.88 -50.7287 0.00225268 -1.21192
9.9 -41.9076 0.00189598 -0.989111
9.92 -32.932 0.0014516 -0.758067
9.94 -23.7854 0.000950871 -0.520804
9.96 -14.4842 0.000423965 -0.280202
9.98 -5.03378 -0.000103288 -0.0397534
10 4.47535 -0.000608589 0.196512
10.02 13.8385 -0.00107073 0.424094
10.04 22.8276 -0.00146848 0.638455
10.06 31.3005 -0.00178225 0.835777
10.08 39.2637 -0.00199813 1.01379
10.1 46.7461 -0.00211255 1.17192
10.12 53.745 -0.0021356 1.31106
10.14 60.3051 -0.00209194 1.43342
10.16 66.5088 -0.002018 1.54227
10.18 72.418 -0.00195532 1.64127
10.2 78.0427 -0.0019412 1.73379
10.22 83.3541 -0.00199937 1.82238
10.24 88.2859 -0.00213351 1.90849
10.26 92.7231 -0.00232645 1.99233
10.28 96.5241 -0.00254586 2.073
10.3 99.541 -0.00275455 2.14863
10.32 101.698 -0.00292173 2.21682
10.34 103.066 -0.00303148 2.27534
10.36 103.816 -0.00308586 2.32253
10.38 104.074 -0.00310191 2.35716
10.4 103.844 -0.00310424 2.37799
10.42 103.145 -0.00311635 2.38387
10.44 102.087 -0.00315288 2.37407
10.46 100.701 -0.00321397 2.34801
10.48 98.8879 -0.00328287 2.30493
10.5 96.5211 -0.00332882 2.24407
10.52 93.4965 -0.00331494 2.16506
10.54 89.7505 -0.00320933 2.06826
10.56 85.2844 -0.00299618 1.95495
10.58 80.1961 -0.00268277 1.82744
10.6 74.64 -0.00229943 1.68888
10.62 68.7565 -0.0018925 1.54279
10.64 62.6655 -0.00151284 1.39264
10.66 56.4517 -0.0012037 1.24134
10.68 50.1679 -0.000990521 1.09094
10.7 43.8829 -0.000875093 0.942593
10.72 37.6842 -0.000835369 0.796807
10.74 31.6484 -0.000831009 0.653692
10.76 25.7975 -0.000813713 0.513183
10.78 20.0869 -0.000739936 0.375189
10.8 14.4474 -0.000582549 0.239764
10.82 8.82256 -0.000337844 0.107245
10.84 3.21528 -2.56699e-005 -0.0216053
10.86 -2.32071 0.000317093 -0.145597
10.88 -7.71985 0.00064717 -0.263282
10.9 -12.8841 0.00092558 -0.373056
10.92 -17.7415 0.00112525 -0.473474
10.94 -22.3176 0.00123457 -0.563819
10.96 -26.686 0.00125721 -0.644406
10.98 -30.9388 0.00120969 -0.716663
11 -35.1643 0.00111818 -0.782972
11.02 -39.3698 0.00101448 -0.846084
11.04 -43.4649 0.000930886 -0.90843
11.06 -47.3208 0.000894423 -0.97168
11.08 -50.8452 0.000921384 -1.03667
11.1 -54.034 0.00101387 -1.10366
11.12 -56.9363 0.00115987 -1.17247
11.14 -59.6076 0.00133754 -1.24265
11.16 -62.1086 0.00152275 -1.31352
11.18 -64.4668 0.00169715 -1.38414
11.2 -66.5982 0.00185296 -1.45284
11.22 -68.3325 0.0019925 -1.51701
11.24 -69.5089 0.00212281 -1.57324
11.26 -70.0104 0.00224809 -1.61778
11.28 -69.7802 0.00236378 -1.64704
11.3 -68.8121 0.00245583 -1.6581
11.32 -67.1247 0.00250547 -1.64896
11.34 -64.7576 0.00249745 -1.61869
11.36 -61.7588 0.00242737 -1.56723
11.38 -58.1409 0.00230434 -1.49506
11.4 -53.8707 0.00214733 -1.40279
11.42 -48.9049 0.00197686 -1.29095
11.44 -43.1928 0.00180609 -1.15999
11.46 -36.7293 0.00163529 -1.01044
11.48 -29.5983 0.00145251 -0.843343
11.5 -21.9185 0.00123956 -0.660349
11.52 -13.811 0.000980519 -0.463665
11.54 -5.39573 0.00066919 -0.255948
11.56 3.20785 0.000312588 -0.0401687
11.58 11.8703 -7.07756e-005 0.180496
11.6 20.4499 -0.000456935 0.402737
11.62 28.8001 -0.000824321 0.623169
11.64 36.7749 -0.00116022 0.838331
11.66 44.2351 -0.00146326 1.04467
11.68 51.0483 -0.00174116 1.23853
11.7 57.0858 -0.00200495 1.41616
11.72 62.2335 -0.00226264 1.57381
11.74 66.4005 -0.0025147 1.70793
11.76 69.5109 -0.00275302 1.81523
11.78 71.4954 -0.00296295 1.8928
11.8 72.2719 -0.00312706 1.93809
11.82 71.7384 -0.00322902 1.94887
11.84 69.7962 -0.00325658 1.92333
11.86 66.4636 -0.00320331 1.86055
11.88 61.9774 -0.00306935 1.7612
11.9 56.6711 -0.0028607 1.62782
11.92 50.8445 -0.00258746 1.46444
11.94 44.7153 -0.00226202 1.27615
11.96 38.4054 -0.00189738 1.0686
11.98 32.0475 -0.00150572 0.847851
12 25.8337 -0.00109694 0.620447
12.02 19.9383 -0.000676746 0.393199
12.04 14.4663 -0.000245628 0.172943
12.06 9.48365 0.000198929 -0.0335306
12.08 5.04885 0.000656594 -0.219499
12.1 1.23346 0.00111671 -0.378469
12.12 -1.86087 0.00155333 -0.5045
12.14 -4.13724 0.00192642 -0.592737
12.16 -5.53624 0.00218996 -0.639952
12.18 -6.03398 0.00230378 -0.64486
12.2 -5.63984 0.00224438 -0.608245
12.22 -4.39493 0.00201093 -0.532945
12.24 -2.40334 0.00162564 -0.423836
12.26 0.110931 0.00112935 -0.287875
12.28 2.86345 0.00057405 -0.133737
12.3 5.63433 1.40481e-005 0.0290917
12.32 8.24153 -0.000502483 0.191097
12.34 10.523 -0.000939802 0.343346
12.36 12.4019 -0.00127832 0.47818
12.38 13.81 -0.00151491 0.58945
12.4 14.6308 -0.00165985 0.672393
12.42 14.7828 -0.00173155 0.72368
12.44 14.2638 -0.00175018 0.741518
12.46 13.1275 -0.00173117 0.725603
12.48 11.438 -0.00168012 0.67696
12.5 9.2154 -0.00159117 0.597671
12.52 6.46785 -0.00144987 0.490765
12.54 3.26948 -0.00123988 0.360359
12.56 -0.287029 -0.000950945 0.211519
12.58 -4.11544 -0.000584562 0.0499632
12.6 -8.0812 -0.000155931 -0.118059
12.62 -12.0367 0.000308268 -0.286
12.64 -15.8466 0.000774832 -0.447315
12.66 -19.3812 0.0012095 -0.595765
12.68 -22.5566 0.00158174 -0.725863
12.7 -25.3334 0.00186843 -0.833299
12.72 -27.6829 0.00205626 -0.915125
12.74 -29.5586 0.00214244 -0.969738
12.76 -30.8915 0.00213393 -0.996726
12.78 -31.6439 0.00204502 -0.996844
12.8 -31.86 0.00189409 -0.972099
12.82 -31.6512 0.00169984 -0.925726
12.84 -31.158 0.00147831 -0.862025
12.86 -30.5142 0.00124152 -0.78607
12.88 -29.8236 0.000998115 -0.703351
12.9 -29.1691 0.000755455 -0.61943
12.92 -28.6189 0.000521764 -0.539619
12.94 -28.2045 0.000306735 -0.468591
12.96 -27.9249 0.000120288 -0.410108
12.98 -27.8039 -2.94129e-005 -0.367064
13 -27.8969 -0.000137182 -0.341624
13.02 -28.2629 -0.000200448 -0.335256
13.04 -28.9503 -0.000217484 -0.348699
13.06 -29.9792 -0.000185556 -0.381829
13.08 -31.3609 -0.000100438 -0.433638
13.1 -33.1046 4.20356e-005 -0.502271
13.12 -35.1942 0.000242731 -0.585063
13.14 -37.5376 0.000495631 -0.678485
13.16 -39.934 0.000785677 -0.778058
13.18 -42.1803 0.00108968 -0.878723
13.2 -44.1278 0.00138044 -0.97537
13.22 -45.6508 0.00163232 -1.06316
13.24 -46.6644 0.00182662 -1.13783
13.26 -47.1387 0.00195508 -1.19595
13.28 -47.0755 0.00202068 -1.23505
13.3 -46.5061 0.00203564 -1.2536
13.32 -45.5258 0.00201744 -1.25113
13.34 -44.1713 0.0019831 -1.22777
13.36 -42.3351 0.00194298 -1.18361
13.38 -39.9631 0.00189674 -1.11893
13.4 -37.1443 0.00183318 -1.03475
13.42 -34.0171 0.00173357 -0.933097
13.44 -30.6684 0.00157761 -0.81677
13.46 -27.0306 0.0013505 -0.688835
13.48 -22.9757 0.00104928 -0.552357
13.5 -18.5415 0.000686871 -0.410854
13.52 -13.916 0.000291618 -0.268499
13.54 -9.27178 -9.86934e-005 -0.129631
13.56 -4.71061 -0.00044629 0.0018336
13.58 -0.259197 -0.00072228 0.122828
13.6 4.09005 -0.000911602 0.23131
13.62 8.32664 -0.00101301 0.326261
13.64 12.4311 -0.00103613 0.407746
13.66 16.3922 -0.000998417 0.476926
13.68 20.1923 -0.000922913 0.535811
13.7 23.8123 -0.000835721 0.586835
13.72 27.2415 -0.000761867 0.632464
13.74 30.4503 -0.000719957 0.674844
13.76 33.3993 -0.000717972 0.71567
13.78 36.0133 -0.000752629 0.756034
13.8 38.1806 -0.000812754 0.796275
13.82 39.9268 -0.000885424 0.836419
13.84 41.4494 -0.000961825 0.876685
13.86 42.9757 -0.00103976 0.917491
13.88 44.6427 -0.00112235 0.959122
13.9 46.4394 -0.0012144 1.00132
13.92 48.2807 -0.00131862 1.04319
13.94 50.0652 -0.00143282 1.08339
13.96 51.6803 -0.00154848 1.12021
13.98 53.025 -0.00165079 1.15189
14 54.0223 -0.00172079 1.17691
14.02 54.5971 -0.00174028 1.19428
14.04 54.7329 -0.00169905 1.20382
14.06 54.5699 -0.00160211 1.20654
14.08 54.2669 -0.00147245 1.20425
14.1 53.8983 -0.00134631 1.19876
14.12 53.5107 -0.00126243 1.19142
14.14 53.0881 -0.00124911 1.18276
14.16 52.5292 -0.00131383 1.17224
14.18 51.6593 -0.00143955 1.15821
14.2 50.2875 -0.00158881 1.13816
14.22 48.2617 -0.0017141 1.10922
14.24 45.4573 -0.00177108 1.06857
14.26 41.8317 -0.00173118 1.01401
14.28 37.47 -0.00159 0.944406
14.3 32.5528 -0.00136889 0.859876
14.32 27.2846 -0.00110876 0.76152
14.34 21.8191 -0.000857923 0.65089
14.36 16.2086 -0.000657461 0.529359
14.38 10.4178 -0.000528615 0.3977
14.4 4.38098 -0.00046591 0.256054
14.42 -1.94576 -0.00043807 0.104236
14.44 -8.50204 -0.000396576 -0.0575823
14.46 -15.1467 -0.000289554 -0.228273
14.48 -21.7524 -7.7114e-005 -0.405595
14.5 -28.2329 0.000255902 -0.586293
14.52 -34.5355 0.000693526 -0.766382
14.54 -40.5881 0.00119119 -0.941452
14.56 -46.2818 0.00168707 -1.107
14.58 -51.5064 0.00211916 -1.25883
14.6 -56.1533 0.0024421 -1.39335
14.62 -60.1 0.00263768 -1.50754
14.64 -63.2579 0.00271573 -1.59909
14.66 -65.6379 0.00270616 -1.66663
14.68 -67.3106 0.00264616 -1.70993
14.7 -68.3458 0.00256805 -1.72973
14.72 -68.8146 0.00249208 -1.72762
14.74 -68.7788 0.0024252 -1.7058
14.76 -68.2921 0.00236406 -1.66678
14.78 -67.4323 0.00229961 -1.61327
14.8 -66.2534 0.00222084 -1.54801
14.82 -64.6826 0.00211695 -1.4733
14.84 -62.5984 0.00197888 -1.39094
14.86 -60.0111 0.00180182 -1.30279
14.88 -57.0456 0.00158795 -1.21113
14.9 -53.8456 0.00134797 -1.1186
14.92 -50.5541 0.00110061 -1.02789
14.94 -47.2523 0.000869706 -0.941412
14.96 -43.9215 0.000679479 -0.860762
14.98 -40.4975 0.000549211 -0.78648
15 -36.9503 0.000488649 -0.718152
15.02 -33.331 0.000494702 -0.654739
15.04 -29.7315 0.000550484 -0.594899
15.06 -26.2458 0.000628016 -0.537292
15.08 -22.9335 0.000695026 -0.480779
15.1 -19.7594 0.000723936 -0.424309
15.12 -16.6144 0.000699613 -0.366754
15.14 -13.3845 0.000622551 -0.306891
15.16 -9.99828 0.000505929 -0.243533
15.18 -6.43861 0.000368129 -0.175753
15.2 -2.73177 0.000224762 -0.103109
15.22 1.05992 8.42474e-005 -0.0258287
15.24 4.8452 -5.14006e-005 0.0551401
15.26 8.5634 -0.0001823 0.138432
15.28 12.2356 -0.000306533 0.222823
15.3 15.9233 -0.000418971 0.307586
15.32 19.6638 -0.00051383 0.392497
15.34 23.4289 -0.000589255 0.477546
15.36 27.1432 -0.000650873 0.562629
15.38 30.7212 -0.00071175 0.647346
15.4 34.1144 -0.000788227 0.731004
15.42 37.3236 -0.000893321 0.812744
15.44 40.3098 -0.00103065 0.89143
15.46 42.981 -0.00119201 0.965579
15.48 45.2404 -0.00136018 1.03348
15.5 47.0152 -0.00151553 1.09336
15.52 48.287 -0.00164298 1.14353
15.54 49.0675 -0.00173601 1.18243
15.56 49.3441 -0.00179609 1.20855
15.58 49.0585 -0.00182885 1.22036
15.6 48.1468 -0.00183983 1.2164
15.62 46.6315 -0.00183196 1.19568
15.64 44.6459 -0.00180522 1.15808
15.66 42.3524 -0.00175729 1.10435
15.68 39.8855 -0.00168429 1.03596
15.7 37.3045 -0.00158176 0.954815
15.72 34.584 -0.00144587 0.863014
15.74 31.6857 -0.00127511 0.762807
15.76 28.588 -0.00107138 0.656568
15.78 25.3188 -0.00083994 0.546872
15.8 21.9911 -0.000588444 0.436703
15.82 18.7494 -0.000326183 0.329488
15.84 15.691 -6.43634e-005 0.228809
15.86 12.8418 0.000182659 0.137951
15.88 10.1888 0.000396726 0.059498
15.9 7.6991 0.000557768 -0.00500445
15.92 5.3468 0.000648763 -0.0551882
15.94 3.14628 0.00066194 -0.0916959
15.96 1.12597 0.000603173 -0.115944
15.98 -0.688955 0.000491862 -0.129848
16 -2.27465 0.000355539 -0.13554
16.02 -3.65926 0.000221559 -0.135357
16.04 -4.93756 0.000109681 -0.131946
16.06 -6.22253 2.86062e-005 -0.128214
16.08 -7.62433 -2.24942e-005 -0.127176
16.1 -9.23824 -4.89518e-005 -0.131731
16.12 -11.1221 -5.53172e-005 -0.144347
16.14 -13.2664 -4.26377e-005 -0.166714
16.16 -15.5756 -9.25372e-006 -0.199442
16.18 -17.8618 4.60213e-005 -0.241872
16.2 -19.9426 0.000120904 -0.292326
16.22 -21.7773 0.000209169 -0.348848
16.24 -23.4177 0.000302895 -0.409659
16.26 -24.9278 0.000396185 -0.47322
16.28 -26.3862 0.000488792 -0.538236
16.3 -27.8471 0.000587643 -0.603475
16.32 -29.2808 0.000704782 -0.667368
16.34 -30.6296 0.000852105 -0.727856
16.36 -31.8733 0.00103451 -0.78257
16.38 -32.9775 0.00124371 -0.828949
16.4 -33.8822 0.00145585 -0.864477
16.42 -34.5414 0.00163538 -0.887122
16.44 -34.9323 0.00174478 -0.895741
16.46 -35.0368 0.00175642 -0.890208
16.48 -34.8224 0.00166212 -0.871294
16.5 -34.2494 0.00147638 -0.840435
16.52 -33.2977 0.00123225 -0.799533
16.54 -32.0079 0.000971865 -0.750901
16.56 -30.473 0.000735331 -0.697168
16.58 -28.7966 0.000551668 -0.641047
16.6 -27.0408 0.000434159 -0.584944
16.62 -25.1869 0.000380477 -0.530517
16.64 -23.196 0.000376598 -0.478547
16.66 -21.0487 0.000402419 -0.429046
16.68 -18.7385 0.000436812 -0.381396
16.7 -16.2829 0.000461107 -0.334616
16.72 -13.6988 0.000461143 -0.287599
16.74 -10.991 0.000428588 -0.239297
16.76 -8.17643 0.000362119 -0.188926
16.78 -5.28691 0.000267934 -0.136053
16.8 -2.32843 0.000158412 -0.0804308
16.82 0.714859 4.85458e-005 -0.021831
16.84 3.81472 -4.87679e-005 0.0398307
16.86 6.88416 -0.000126795 0.104281
16.88 9.79938 -0.000186795 0.170744
16.9 12.4233 -0.000236841 0.237901
16.92 14.6612 -0.000288352 0.304067
16.94 16.4886 -0.000351969 0.367469
16.96 17.9303 -0.000434245 0.42643
16.98 19.0535 -0.000536289 0.479521
17 19.9418 -0.000654529 0.525601
17.02 20.6587 -0.000782648 0.563725
17.04 21.2339 -0.000913316 0.59299
17.06 21.6476 -0.00103855 0.61238
17.08 21.8479 -0.00114864 0.620758
17.1 21.7794 -0.00123077 0.617055
17.12 21.3945 -0.0012691 0.600546
17.14 20.6891 -0.00124741 0.571225
17.16 19.7277 -0.00115416 0.530148
17.18 18.6132 -0.000988009 0.479506
17.2 17.4646 -0.000761447 0.422467
17.22 16.4093 -0.000500511 0.362884
17.24 15.5415 -0.00024005 0.304815
17.26 14.8891 -1.55774e-005 0.251961
17.28 14.4396 0.000145562 0.207302
17.3 14.1647 0.000230784 0.17293
17.32 14.0246 0.000244523 0.150021
17.34 14.0058 0.000205317 0.139012
17.36 14.1478 0.000138645 0.139923
17.38 14.5071 6.81411e-005 0.152514
17.4 15.1094 8.18877e-006 0.176253
17.42 15.9317 -3.97371e-005 0.210182
17.44 16.9289 -8.59564e-005 0.252869
17.46 18.0697 -0.000147225 0.302492
17.48 19.3426 -0.00023907 0.356973
17.5 20.7289 -0.000368608 0.414067
17.52 22.1867 -0.000530581 0.471455
17.54 23.6631 -0.000708204 0.526907
17.56 25.1041 -0.000878412 0.578455
17.58 26.4638 -0.00101918 0.624507
17.6 27.7023 -0.00111585 0.663876
17.62 28.7762 -0.00116418 0.695732
17.64 29.5962 -0.00116936 0.719406
17.66 30.0179 -0.00114242 0.734175
17.68 29.9294 -0.00109618 0.739346
17.7 29.2955 -0.0010423 0.734446
17.72 28.1318 -0.000989447 0.719242
17.74 26.4944 -0.000942727 0.693732
17.76 24.4961 -0.000903905 0.658237
17.78 22.2567 -0.00087217 0.613348
17.8 19.8468 -0.00084483 0.559703
17.82 17.2957 -0.000817722 0.49784
17.84 14.5966 -0.000784995 0.428111
17.86 11.7296 -0.000738375 0.350748
17.88 8.68834 -0.00066688 0.266087
17.9 5.47791 -0.000558028 0.174805
17.92 2.11162 -0.000401048 0.0780951
17.94 -1.36539 -0.000191514 -0.0221897
17.96 -4.86327 6.43194e-005 -0.123492
17.98 -8.28542 0.000347797 -0.222786
18 -11.5752 0.000630234 -0.317047
18.02 -14.7142 0.000879092 -0.403693
18.04 -17.689 0.00106601 -0.480823
18.06 -20.468 0.00117407 -0.547264
18.08 -22.9931 0.00120184 -0.602499
18.1 -25.2108 0.00116317 -0.646612
18.12 -27.1227 0.00108286 -0.680336
18.14 -28.7892 0.000989853 -0.705035
18.16 -30.2714 0.000909656 -0.722469
18.18 -31.5719 0.000858556 -0.734387
18.2 -32.6423 0.000841356 -0.742224
18.22 -33.4402 0.000853056 -0.747032
18.24 -33.9809 0.000883097 -0.749599
18.26 -34.3178 0.000919792 -0.750508
18.28 -34.4877 0.000953183 -0.750049
18.3 -34.5051 0.000976184 -0.748232
18.32 -34.3767 0.000984912 -0.744894
18.34 -34.1047 0.000978878 -0.739801
18.36 -33.6916 0.000960961 -0.732687
18.38 -33.144 0.000936509 -0.723263
18.4 -32.473 0.0009113 -0.711227
18.42 -31.6921 0.000889076 -0.696335
18.44 -30.8195 0.00087004 -0.678501
18.46 -29.8774 0.000851224 -0.657867
18.48 -28.8923 0.000828432 -0.634811
18.5 -27.8928 0.00079857 -0.609888
18.52 -26.9126 0.000761116 -0.583777
18.54 -25.9774 0.000718093 -0.557192
18.56 -25.0755 0.000672792 -0.530721
18.58 -24.1662 0.000628141 -0.504727
18.6 -23.1995 0.000585631 -0.479336
18.62 -22.1292 0.000545117 -0.454464
18.64 -20.9526 0.000505481 -0.429982
18.66 -19.7056 0.000465721 -0.405846
18.68 -18.3788 0.000425753 -0.38192
18.7 -16.8877 0.000386768 -0.357707
18.72 -15.1388 0.000351322 -0.332336
18.74 -13.0929 0.000323003 -0.304743
18.76 -10.7682 0.000305256 -0.273829
18.78 -8.23519 0.00029957 -0.238624
18.8 -5.6097 0.000303881 -0.198466
18.82 -2.99063 0.00031204 -0.153013
18.84 -0.381555 0.000314805 -0.101984
18.86 2.27864 0.000302175 -0.0450273
18.88 5.02705 0.000265912 0.0181445
18.9 7.87918 0.000200621 0.0876419
18.92 10.8666 0.000103002 0.16339
18.94 14.0266 -2.92519e-005 0.245029
18.96 17.3368 -0.000197057 0.331603
18.98 20.6813 -0.000397579 0.42125
19 23.9275 -0.000621368 0.511351
19.02 26.9863 -0.000851284 0.599012
19.04 29.7939 -0.00106462 0.681472
19.06 32.2937 -0.00123838 0.756365
19.08 34.4326 -0.00135588 0.821842
19.1 36.1643 -0.00141208 0.876592
19.12 37.4805 -0.00141539 0.919892
19.14 38.445 -0.00138545 0.951692
19.16 39.1572 -0.00134711 0.972527
19.18 39.681 -0.00132258 0.983188
19.2 40.0296 -0.00132434 0.984447
19.22 40.2039 -0.00135175 0.977015
19.24 40.2165 -0.00139203 0.96163
19.26 40.0753 -0.00142488 0.939089
19.28 39.7608 -0.00142864 0.910208
19.3 39.2263 -0.00138612 0.875815
19.32 38.4118 -0.00128903 0.836789
19.34 37.2715 -0.00114033 0.794152
19.36 35.8222 -0.000954531 0.749209
19.38 34.1336 -0.000755292 0.703526
19.4 32.2885 -0.000570704 0.658714
19.42 30.3707 -0.000427172 0.616204
19.44 28.4529 -0.000343732 0.577039
19.46 26.5847 -0.000328146 0.541708
19.48 24.7635 -0.000375467 0.509951
19.5 22.9214 -0.000468959 0.480622
19.52 20.9578 -0.000583067 0.451794
19.54 18.7631 -0.000687992 0.421038
19.56 16.2657 -0.000755342 0.385884
19.58 13.4914 -0.000764124 0.344433
19.6 10.5259 -0.000705528 0.295691
19.62 7.44772 -0.000584959 0.239519
19.64 4.32567 -0.000420714 0.176493
19.66 1.2264 -0.000239419 0.107711
19.68 -1.79842 -6.90191e-005 0.0345382
19.7 -4.71133 6.89772e-005 -0.0416165
19.72 -7.47874 0.000165704 -0.119396
19.74 -10.0621 0.000227519 -0.197449
19.76 -12.4171 0.0002737 -0.274298
19.78 -14.5129 0.000329654 -0.348277
19.8 -16.3307 0.000417793 -0.417512
19.82 -17.8474 0.000549289 -0.479943
19.84 -19.0557 0.000719793 -0.533485
19.86 -19.9755 0.000910502 -0.576272
19.88 -20.6329 0.00109366 -0.606803
19.9 -21.0351 0.00124022 -0.624001
19.92 -21.1623 0.00132693 -0.627213
19.94 -20.9845 0.00134094 -0.616265
19.96 -20.4891 0.00128106 -0.591568
19.98 -19.718 0.00115627 -0.554313
20 -18.7751 0.000982412 -0.506605
