0.01 0.00100354
0.02 0.00184753
0.03 -0.0001685
0.04 0.000294764
0.05 0.0122947
0.06 0.0380695
0.07 0.0618064
0.08 0.0587911
0.09 0.0376946
0.1 0.0166216
0.11 -0.0236038
0.12 -0.0947253
0.13 -0.174366
0.14 -0.242412
0.15 -0.292304
0.16 -0.322382
0.17 -0.326688
0.18 -0.282
0.19 -0.16848
0.2 -0.00273116
0.21 0.172439
0.22 0.323375
0.23 0.432419
0.24 0.487521
0.25 0.495015
0.26 0.46545
0.27 0.402395
0.28 0.320096
0.29 0.226939
0.3 0.13137
0.31 0.0503684
0.32 -0.018581
0.33 -0.0868183
0.34 -0.143866
0.35 -0.171477
0.36 -0.189152
0.37 -0.23907
0.38 -0.321944
0.39 -0.39485
0.4 -0.423167
0.41 -0.40717
0.42 -0.345572
0.43 -0.218386
0.44 -0.0331384
0.45 0.16799
0.46 0.346674
0.47 0.486433
0.48 0.586253
0.49 0.640728
0.5 0.631729
0.51 0.54336
0.52 0.38087
0.53 0.173497
0.54 -0.0568394
0.55 -0.290201
0.56 -0.474228
0.57 -0.577599
0.58 -0.61467
0.59 -0.59457
0.6 -0.523085
0.61 -0.426393
0.62 -0.348109
0.63 -0.315858
0.64 -0.316802
0.65 -0.32106
0.66 -0.320072
0.67 -0.304439
0.68 -0.225446
0.69 -0.0658315
0.7 0.13757
0.71 0.351838
0.72 0.54415
0.73 0.699073
0.74 0.81146
0.75 0.84003
0.76 0.762484
0.77 0.607256
0.78 0.386528
0.79 0.112424
0.8 -0.157331
0.81 -0.373602
0.82 -0.524533
0.83 -0.602041
0.84 -0.616184
0.85 -0.611626
0.86 -0.604099
0.87 -0.577249
0.88 -0.537445
0.89 -0.46519
0.9 -0.332893
0.91 -0.192194
0.92 -0.090862
0.93 0.00127145
0.94 0.121428
0.95 0.263804
0.96 0.395815
0.97 0.500148
0.98 0.594366
0.99 0.692231
1 0.756324
1.01 0.723964
1.02 0.578651
1.03 0.362453
1.04 0.121925
1.05 -0.132237
1.06 -0.405335
1.07 -0.679006
1.08 -0.901879
1.09 -1.02022
1.1 -1.02703
1.11 -0.94965
1.12 -0.801825
1.13 -0.591046
1.14 -0.338792
1.15 -0.101525
1.16 0.0499473
1.17 0.119286
1.18 0.178575
1.19 0.287206
1.2 0.466325
1.21 0.678511
1.22 0.875631
1.23 1.06582
1.24 1.23993
1.25 1.32411
1.26 1.24309
1.27 0.98426
1.28 0.58363
1.29 0.0833784
1.3 -0.470803
1.31 -1.03071
1.32 -1.50852
1.33 -1.78981
1.34 -1.81244
1.35 -1.59502
1.36 -1.22438
1.37 -0.770781
1.38 -0.263075
1.39 0.248973
1.4 0.726172
1.41 1.133
1.42 1.41114
1.43 1.54631
1.44 1.56999
1.45 1.52474
1.46 1.43549
1.47 1.31494
1.48 1.19843
1.49 1.08898
1.5 0.963361
1.51 0.799632
1.52 0.53609
1.53 0.145144
1.54 -0.32748
1.55 -0.836445
1.56 -1.36906
1.57 -1.87359
1.58 -2.20727
1.59 -2.28093
1.6 -2.08101
1.61 -1.60084
1.62 -0.929227
1.63 -0.175504
1.64 0.595834
1.65 1.2628
1.66 1.69834
1.67 1.8763
1.68 1.82549
1.69 1.57605
1.7 1.22649
1.71 0.891677
1.72 0.586738
1.73 0.310729
1.74 0.0859256
1.75 -0.0919785
1.76 -0.252064
1.77 -0.442097
1.78 -0.667722
1.79 -0.88114
1.8 -1.05629
1.81 -1.19271
1.82 -1.29762
1.83 -1.34844
1.84 -1.26113
1.85 -0.99749
1.86 -0.628343
1.87 -0.216896
1.88 0.261065
1.89 0.828182
1.9 1.40428
1.91 1.85923
1.92 2.11725
1.93 2.16109
1.94 1.98563
1.95 1.61215
1.96 1.09537
1.97 0.496996
1.98 -0.0662574
1.99 -0.475432
2 -0.726234
2.01 -0.857203
2.02 -0.894091
2.03 -0.868374
2.04 -0.780785
2.05 -0.629489
2.06 -0.493122
2.07 -0.453416
2.08 -0.458273
2.09 -0.429273
2.1 -0.360361
2.11 -0.20348
2.12 0.115223
2.13 0.574846
2.14 1.07938
2.15 1.47975
2.16 1.613
2.17 1.42519
2.18 0.950074
2.19 0.262762
2.2 -0.51447
2.21 -1.27804
2.22 -1.92641
2.23 -2.39306
2.24 -2.6935
2.25 -2.79297
2.26 -2.67191
2.27 -2.31353
2.28 -1.6373
2.29 -0.72715
2.3 0.285222
2.31 1.23123
2.32 1.85813
2.33 2.25463
2.34 2.71912
2.35 3.1618
2.36 3.32285
2.37 3.21206
2.38 2.92557
2.39 2.44797
2.4 1.64892
2.41 0.653083
2.42 -0.208937
2.43 -0.839762
2.44 -1.35004
2.45 -1.78595
2.46 -1.85967
2.47 -1.55308
2.48 -1.34734
2.49 -1.31413
2.5 -1.1317
2.51 -0.748689
2.52 -0.321163
2.53 0.0365444
2.54 0.44346
2.55 1.01888
2.56 1.41143
2.57 1.32737
2.58 0.97197
2.59 0.696953
2.6 0.682972
2.61 0.890247
2.62 1.17711
2.63 1.32754
2.64 1.2994
2.65 1.24942
2.66 1.11014
2.67 0.821066
2.68 0.56141
2.69 0.444759
2.7 0.419626
2.71 0.338942
2.72 0.239301
2.73 0.329213
2.74 0.649061
2.75 1.13527
2.76 1.71784
2.77 2.20541
2.78 2.27378
2.79 1.80496
2.8 1.02104
2.81 0.0936479
2.82 -0.88089
2.83 -1.69643
2.84 -2.07947
2.85 -1.88081
2.86 -1.47158
2.87 -1.2124
2.88 -0.90484
2.89 -0.493364
2.9 -0.265014
2.91 -0.595476
2.92 -1.33189
2.93 -1.67761
2.94 -1.6812
2.95 -2.00107
2.96 -2.4469
2.97 -2.30596
2.98 -1.30882
2.99 -0.130357
3 0.683363
3.01 1.508
3.02 2.29484
3.03 2.65234
3.04 2.5994
3.05 2.33721
3.06 2.14829
3.07 1.80552
3.08 1.18234
3.09 0.820339
3.1 0.761849
3.11 0.658687
3.12 0.255138
3.13 -0.384093
3.14 -0.644919
3.15 -0.494289
3.16 -0.320543
3.17 -0.2759
3.18 -0.377956
3.19 -0.304428
3.2 -0.139022
3.21 -0.296868
3.22 -0.764982
3.23 -1.14382
3.24 -1.10556
3.25 -0.913131
3.26 -0.657845
3.27 -0.013972
3.28 0.686517
3.29 0.945868
3.3 0.998305
3.31 1.15483
3.32 1.27924
3.33 0.858838
3.34 -0.238702
3.35 -1.24302
3.36 -1.75523
3.37 -2.01817
3.38 -1.99318
3.39 -1.41127
3.4 -0.278697
3.41 0.759133
3.42 1.39609
3.43 1.74424
3.44 1.52346
3.45 0.83853
3.46 0.0152602
3.47 -0.73399
3.48 -0.905855
3.49 -0.525939
3.5 -0.0660676
3.51 0.633216
3.52 1.76413
3.53 3.00121
3.54 3.67863
3.55 3.34458
3.56 2.28607
3.57 0.845755
3.58 -0.768155
3.59 -2.46865
3.6 -3.93398
3.61 -4.42627
3.62 -4.14698
3.63 -3.56434
3.64 -2.31254
3.65 -0.724619
3.66 0.289361
3.67 0.462846
3.68 -0.0155066
3.69 -0.65352
3.7 -1.30928
3.71 -2.01585
3.72 -2.39943
3.73 -2.03951
3.74 -0.67046
3.75 1.15542
3.76 2.6959
3.77 3.79049
3.78 4.12603
3.79 3.82332
3.8 2.99472
3.81 1.18673
3.82 -0.973913
3.83 -2.85255
3.84 -4.47098
3.85 -5.64089
3.86 -5.84023
3.87 -4.76955
3.88 -3.28471
3.89 -1.54929
3.9 0.14894
3.91 0.920574
3.92 1.09834
3.93 0.855449
3.94 0.320196
3.95 -0.183772
3.96 -0.860982
3.97 -1.2211
3.98 -0.906762
3.99 -0.475822
4 -0.13355
4.01 -0.0917615
4.02 -0.0385124
4.03 0.51958
4.04 0.90701
4.05 0.824994
4.06 0.353468
4.07 -0.321214
4.08 -0.672288
4.09 -1.23136
4.1 -2.06293
4.11 -2.58367
4.12 -2.70996
4.13 -2.13665
4.14 -1.32357
4.15 -0.524865
4.16 0.545363
4.17 1.43351
4.18 2.04013
4.19 2.60236
4.2 3.16151
4.21 3.29153
4.22 2.3551
4.23 1.10205
4.24 0.23519
4.25 -0.906108
4.26 -2.12974
4.27 -2.96187
4.28 -3.35462
4.29 -2.86839
4.3 -2.12512
4.31 -1.95521
4.32 -1.99777
4.33 -2.03843
4.34 -2.03821
4.35 -2.3216
4.36 -3.17164
4.37 -3.92749
4.38 -4.30557
4.39 -3.96994
4.4 -3.10664
4.41 -2.5069
4.42 -1.76213
4.43 -0.837229
4.44 0.150686
4.45 1.37235
4.46 1.92985
4.47 1.43281
4.48 0.511774
4.49 -0.490149
4.5 -1.33669
4.51 -2.01204
4.52 -2.61952
4.53 -2.96672
4.54 -2.97818
4.55 -2.80174
4.56 -2.84804
4.57 -2.94678
4.58 -2.67831
4.59 -2.52059
4.6 -2.36376
4.61 -1.75281
4.62 -1.00255
4.63 -0.0596105
4.64 1.11105
4.65 1.96112
4.66 2.08844
4.67 1.89577
4.68 2.19039
4.69 2.63138
4.7 2.22086
4.71 0.809576
4.72 -0.902492
4.73 -2.07174
4.74 -2.62434
4.75 -3.25676
4.76 -3.89703
4.77 -4.09321
4.78 -3.90766
4.79 -3.12941
4.8 -2.42349
4.81 -2.54511
4.82 -2.86132
4.83 -2.97696
4.84 -2.94068
4.85 -2.77173
4.86 -2.63148
4.87 -2.45271
4.88 -2.02973
4.89 -1.52535
4.9 -0.850299
4.91 0.216135
4.92 1.18497
4.93 1.4327
4.94 1.08511
4.95 0.426308
4.96 -0.924779
4.97 -2.8005
4.98 -4.58111
4.99 -5.77909
5 -6.28194
5.01 -6.26472
5.02 -5.41677
5.03 -4.10958
5.04 -2.46283
5.05 -0.71488
5.06 0.0472267
5.07 0.228787
5.08 0.302686
5.09 0.447004
5.1 0.816734
5.11 0.385982
5.12 -0.451745
5.13 -0.630201
5.14 -0.507033
5.15 -0.288492
5.16 -0.127388
5.17 0.0387636
5.18 0.312708
5.19 0.182974
5.2 -0.419984
5.21 -1.3845
5.22 -2.5558
5.23 -3.50514
5.24 -3.96141
5.25 -3.7491
5.26 -3.23003
5.27 -2.77325
5.28 -1.82789
5.29 -0.422203
5.3 0.960653
5.31 2.0961
5.32 2.40701
5.33 2.65754
5.34 3.99104
5.35 5.71309
5.36 6.08449
5.37 4.85348
5.38 3.71721
5.39 3.4246
5.4 3.56005
5.41 3.09213
5.42 1.89745
5.43 0.796327
5.44 -0.256234
5.45 -0.99019
5.46 -1.49943
5.47 -2.17681
5.48 -2.34749
5.49 -1.76466
5.5 -0.739764
5.51 0.592653
5.52 1.78129
5.53 2.92482
5.54 4.10219
5.55 4.8852
5.56 5.26047
5.57 4.96849
5.58 4.40121
5.59 4.15664
5.6 3.71558
5.61 2.7733
5.62 1.60101
5.63 0.8693
5.64 0.749806
5.65 0.711621
5.66 0.658155
5.67 0.287782
5.68 0.00141521
5.69 0.304315
5.7 0.395873
5.71 0.272141
5.72 0.210066
5.73 0.331078
5.74 0.900923
5.75 1.69601
5.76 2.64029
5.77 3.09823
5.78 2.78366
5.79 3.02628
5.8 3.57167
5.81 3.4529
5.82 3.12419
5.83 2.29394
5.84 1.31507
5.85 0.430631
5.86 -0.53988
5.87 -1.09858
5.88 -1.69548
5.89 -1.78003
5.9 -0.988176
5.91 -0.278736
5.92 0.120437
5.93 0.31656
5.94 0.728228
5.95 1.32512
5.96 1.41628
5.97 1.16204
5.98 0.889729
5.99 0.786551
6 1.32494
6.01 1.83946
6.02 1.71226
6.03 1.37772
6.04 1.22475
6.05 1.62522
6.06 1.9163
6.07 1.39035
6.08 0.45808
6.09 -0.477825
6.1 -0.947996
6.11 -1.4454
6.12 -1.99963
6.13 -1.6934
6.14 -1.19377
6.15 -0.526537
6.16 0.476118
6.17 1.04256
6.18 1.19531
6.19 0.979169
6.2 0.767385
6.21 0.729636
6.22 0.35649
6.23 0.162805
6.24 0.634585
6.25 1.17099
6.26 1.36653
6.27 1.3967
6.28 1.70619
6.29 2.08657
6.3 2.0101
6.31 1.57422
6.32 0.528347
6.33 -0.783275
6.34 -1.39234
6.35 -1.43037
6.36 -1.20413
6.37 -1.06875
6.38 -1.01218
6.39 -0.265728
6.4 0.81637
6.41 1.47258
6.42 1.70801
6.43 1.76285
6.44 1.94356
6.45 2.19703
6.46 2.45143
6.47 2.67337
6.48 2.62411
6.49 2.63718
6.5 2.93795
6.51 3.17143
6.52 2.95265
6.53 2.42024
6.54 2.22183
6.55 1.85967
6.56 1.0237
6.57 0.440554
6.58 0.120963
6.59 -0.0703272
6.6 -0.0254585
6.61 0.14596
6.62 0.311968
6.63 0.741943
6.64 1.43255
6.65 1.93875
6.66 2.2064
6.67 2.40106
6.68 2.4899
6.69 2.52658
6.7 2.78776
6.71 3.04373
6.72 2.94561
6.73 2.57682
6.74 2.1567
6.75 1.91598
6.76 1.84441
6.77 1.73266
6.78 1.45447
6.79 1.17812
6.8 1.17158
6.81 1.14033
6.82 0.840255
6.83 0.56961
6.84 0.581127
6.85 0.922015
6.86 1.18251
6.87 1.38645
6.88 1.73998
6.89 2.16512
6.9 2.78924
6.91 3.09581
6.92 2.99296
6.93 3.11985
6.94 3.50179
6.95 3.67742
6.96 3.31075
6.97 2.57387
6.98 1.82129
6.99 1.15705
7 0.766945
7.01 0.678751
7.02 0.229906
7.03 -0.458766
7.04 -0.50189
7.05 0.142793
7.06 0.757264
7.07 0.701065
7.08 0.537586
7.09 0.978188
7.1 1.54296
7.11 1.79837
7.12 1.68347
7.13 1.34506
7.14 1.03864
7.15 0.794587
7.16 0.71322
7.17 0.736907
7.18 0.930994
7.19 1.2325
7.2 1.21329
7.21 1.10292
7.22 0.970873
7.23 0.337844
7.24 -0.185337
7.25 -0.180064
7.26 -0.373929
7.27 -0.537079
7.28 -0.229105
7.29 0.32862
7.3 0.905769
7.31 1.46777
7.32 1.72014
7.33 1.59101
7.34 2.04777
7.35 2.73156
7.36 2.71838
7.37 2.34935
7.38 2.26997
7.39 2.72779
7.4 3.16166
7.41 3.29936
7.42 3.49306
7.43 3.60844
7.44 3.28805
7.45 2.99824
7.46 2.63071
7.47 1.68816
7.48 0.532614
7.49 -0.62599
7.5 -1.25404
7.51 -1.30364
7.52 -1.30284
7.53 -1.19624
7.54 -0.793939
7.55 0.133813
7.56 0.954407
7.57 1.11862
7.58 1.17647
7.59 1.43986
7.6 1.83965
7.61 2.05545
7.62 1.91293
7.63 1.90365
7.64 2.09193
7.65 2.19464
7.66 2.45985
7.67 2.577
7.68 2.26145
7.69 1.73776
7.7 1.08816
7.71 0.688551
7.72 0.349802
7.73 -0.218729
7.74 -0.64576
7.75 -0.381235
7.76 0.540472
7.77 1.02169
7.78 0.988804
7.79 1.34109
7.8 1.82952
7.81 2.1004
7.82 2.32479
7.83 2.5371
7.84 2.7578
7.85 2.67735
7.86 2.38811
7.87 2.28672
7.88 2.11393
7.89 1.91735
7.9 1.84842
7.91 1.60333
7.92 1.22563
7.93 0.930535
7.94 0.817591
7.95 0.731272
7.96 0.695638
7.97 0.691626
7.98 0.284647
7.99 0.231846
8 0.653284
8.01 0.76292
8.02 0.5501
8.03 0.184553
8.04 0.531821
8.05 1.47978
8.06 2.17966
8.07 2.49027
8.08 2.40201
8.09 2.43086
8.1 2.44242
8.11 1.67049
8.12 0.736699
8.13 0.166154
8.14 -0.409652
8.15 -0.586663
8.16 -0.216153
8.17 0.382937
8.18 0.952446
8.19 1.32608
8.2 1.81685
8.21 2.16595
8.22 2.144
8.23 1.85034
8.24 1.23177
8.25 0.882414
8.26 0.416157
8.27 -0.188172
8.28 0.14183
8.29 0.76448
8.3 1.53085
8.31 2.34894
8.32 2.74249
8.33 3.07184
8.34 2.86373
8.35 2.13918
8.36 1.2788
8.37 0.322204
8.38 -0.353535
8.39 -0.724073
8.4 -0.690816
8.41 -0.174702
8.42 0.304812
8.43 0.749592
8.44 1.25038
8.45 1.68462
8.46 2.05869
8.47 1.7562
8.48 1.22248
8.49 1.08483
8.5 0.839854
8.51 0.557694
8.52 0.323178
8.53 0.477276
8.54 1.26882
8.55 1.9919
8.56 2.50399
8.57 2.7381
8.58 2.51899
8.59 2.29823
8.6 1.964
8.61 1.43026
8.62 0.960838
8.63 0.634703
8.64 0.904988
8.65 1.50452
8.66 2.06112
8.67 2.52342
8.68 2.45366
8.69 2.63591
8.7 3.26603
8.71 3.46845
8.72 3.34231
8.73 2.78652
8.74 2.26325
8.75 2.23184
8.76 2.06011
8.77 1.89581
8.78 2.01811
8.79 2.18343
8.8 2.33644
8.81 2.48523
8.82 2.5303
8.83 2.2183
8.84 1.6399
8.85 1.39594
8.86 1.28995
8.87 1.1076
8.88 1.07687
8.89 0.822709
8.9 1.01257
8.91 1.38901
8.92 1.0374
8.93 1.02768
8.94 1.42574
8.95 1.80218
8.96 1.84684
8.97 1.41555
8.98 1.33556
8.99 1.44596
9 1.40264
9.01 1.21868
9.02 0.687909
9.03 0.302997
9.04 0.415752
9.05 0.450535
9.06 0.500463
9.07 0.66129
9.08 0.731665
9.09 1.06672
9.1 1.52356
9.11 2.08137
9.12 2.33771
9.13 2.0764
9.14 2.00856
9.15 2.04982
9.16 1.91953
9.17 1.4665
9.18 0.971451
9.19 0.902469
9.2 0.914938
9.21 0.874528
9.22 0.873375
9.23 0.792257
9.24 0.908529
9.25 1.11815
9.26 1.1399
9.27 1.29
9.28 1.31289
9.29 1.10923
9.3 1.04651
9.31 1.01907
9.32 0.953889
9.33 0.746676
9.34 0.684426
9.35 0.993643
9.36 1.32306
9.37 1.65239
9.38 1.65863
9.39 1.49986
9.4 1.61871
9.41 1.50999
9.42 1.24654
9.43 0.903104
9.44 0.482134
9.45 0.417332
9.46 0.468847
9.47 0.477397
9.48 0.837941
9.49 1.42553
9.5 1.72492
9.51 1.818
9.52 1.89962
9.53 1.82155
9.54 1.19242
9.55 0.392719
9.56 -0.0414602
9.57 -0.517039
9.58 -0.76062
9.59 -0.476766
9.6 0.15844
9.61 0.828782
9.62 1.07047
9.63 1.21849
9.64 1.44714
9.65 1.49843
9.66 1.3504
9.67 0.963821
9.68 0.586968
9.69 0.653552
9.7 1.07414
9.71 1.37533
9.72 1.55381
9.73 1.6752
9.74 1.62232
9.75 1.65202
9.76 1.51835
9.77 0.948958
9.78 0.249395
9.79 -0.21242
9.8 -0.298641
9.81 -0.14068
9.82 0.2811
9.83 0.757921
9.84 1.2251
9.85 1.61346
9.86 1.84638
9.87 1.86651
9.88 1.57895
9.89 1.33252
9.9 1.18823
9.91 1.12481
9.92 1.09164
9.93 1.27187
9.94 1.62654
9.95 1.79924
9.96 1.91215
9.97 1.81345
9.98 1.53316
9.99 1.26264
10 0.925983
10.01 0.515791
10.02 0.107016
10.03 -0.105091
10.04 0.09358
10.05 0.463378
10.06 0.737207
10.07 1.12707
10.08 1.43149
10.09 1.59411
10.1 1.78077
10.11 1.74415
10.12 1.43108
10.13 1.04216
10.14 0.976259
10.15 1.09508
10.16 1.02886
10.17 1.04328
10.18 1.18689
10.19 1.25544
10.2 1.2479
10.21 1.16316
10.22 0.863277
10.23 0.589496
10.24 0.679224
10.25 0.851563
10.26 0.898486
10.27 0.922685
10.28 0.926196
10.29 1.00017
10.3 1.3853
10.31 1.69846
10.32 1.67933
10.33 1.75676
10.34 1.89497
10.35 1.99659
10.36 2.07638
10.37 2.11673
10.38 2.02055
10.39 1.73142
10.4 1.71198
10.41 1.86227
10.42 1.72488
10.43 1.23455
10.44 0.758967
10.45 0.77902
10.46 0.8339
10.47 0.645048
10.48 0.652418
10.49 0.773894
10.5 0.884609
10.51 1.17224
10.52 1.39496
10.53 1.51445
10.54 1.60056
10.55 1.61804
10.56 1.72277
10.57 1.52575
10.58 1.42121
10.59 1.63912
10.6 1.73574
10.61 1.95054
10.62 1.87358
10.63 1.71082
10.64 1.84583
10.65 1.69729
10.66 1.38197
10.67 0.908852
10.68 0.22642
10.69 -0.0684134
10.7 -0.0968645
10.71 -0.0901384
10.72 0.073905
10.73 0.267365
10.74 0.89677
10.75 1.73647
10.76 2.29718
10.77 2.75678
10.78 2.88845
10.79 3.02244
10.8 3.11232
10.81 2.85818
10.82 2.69622
10.83 2.14608
10.84 1.54933
10.85 1.45954
10.86 1.27415
10.87 1.19109
10.88 1.08951
10.89 1.00979
10.9 1.22127
10.91 1.21606
10.92 1.12898
10.93 1.03123
10.94 0.881043
10.95 1.00677
10.96 1.18864
10.97 1.29327
10.98 1.52999
10.99 1.83886
11 2.35329
11.01 2.81746
11.02 2.964
11.03 3.09109
11.04 2.93745
11.05 2.69142
11.06 2.4345
11.07 1.92013
11.08 1.53093
11.09 1.11154
11.1 0.870272
11.11 0.945674
11.12 1.02422
11.13 1.26458
11.14 1.37944
11.15 1.53668
11.16 1.62653
11.17 1.18476
11.18 1.03292
11.19 1.02351
11.2 0.704833
11.21 0.699695
11.22 0.923477
11.23 1.2001
11.24 1.53324
11.25 1.76589
11.26 2.07661
11.27 2.211
11.28 1.9971
11.29 1.9254
11.3 1.84318
11.31 1.56231
11.32 1.16548
11.33 0.736783
11.34 0.726563
11.35 0.998601
11.36 1.25981
11.37 1.33422
11.38 1.18472
11.39 1.15153
11.4 1.08893
11.41 0.865091
11.42 0.728011
11.43 0.620765
11.44 0.615311
11.45 1.0637
11.46 1.63639
11.47 2.03419
11.48 2.35374
11.49 2.54105
11.5 2.54845
11.51 2.35125
11.52 2.03761
11.53 1.58021
11.54 1.08174
11.55 0.830074
11.56 0.917985
11.57 0.869414
11.58 0.732479
11.59 1.03235
11.6 1.13429
11.61 0.950536
11.62 0.703092
11.63 0.375378
11.64 0.328
11.65 0.197063
11.66 0.0759017
11.67 0.264842
11.68 0.585657
11.69 1.21748
11.7 1.92942
11.71 2.36429
11.72 2.61027
11.73 2.52915
11.74 2.18334
11.75 1.80848
11.76 1.26438
11.77 0.845033
11.78 0.502391
11.79 0.257152
11.8 0.580945
11.81 0.739209
11.82 0.557711
11.83 0.528477
11.84 0.579246
11.85 0.606598
11.86 0.345339
11.87 0.0972036
11.88 0.103015
11.89 0.247338
11.9 0.666906
11.91 1.03973
11.92 1.38418
11.93 1.93538
11.94 2.26079
11.95 2.33646
11.96 2.3272
11.97 2.03669
11.98 1.43998
11.99 0.804393
12 0.58723
12.01 0.551618
12.02 0.259781
12.03 0.221534
12.04 0.450786
12.05 0.624501
12.06 0.886174
12.07 0.952021
12.08 0.742838
12.09 0.58017
12.1 0.629419
12.11 0.799665
12.12 0.940859
12.13 1.14185
12.14 1.44053
12.15 1.76269
12.16 1.95562
12.17 2.03063
12.18 2.09074
12.19 1.86551
12.2 1.44452
12.21 1.22873
12.22 0.87019
12.23 0.495424
12.24 0.498373
12.25 0.545261
12.26 0.763812
12.27 1.02101
12.28 1.08078
12.29 1.26939
12.3 1.46782
12.31 1.45758
12.32 1.1984
12.33 0.996512
12.34 1.14503
12.35 1.20162
12.36 1.22952
12.37 1.43037
12.38 1.48003
12.39 1.62852
12.4 1.82001
12.41 1.9061
12.42 1.91757
12.43 1.5522
12.44 1.25238
12.45 1.23873
12.46 1.11209
12.47 0.965649
12.48 0.883051
12.49 0.837351
12.5 0.947229
12.51 1.14261
12.52 1.31445
12.53 1.28239
12.54 1.27133
12.55 1.58546
12.56 1.66613
12.57 1.62022
12.58 1.80382
12.59 1.94611
12.6 2.14339
12.61 2.31053
12.62 2.32495
12.63 2.2463
12.64 2.04434
12.65 1.93774
12.66 1.81403
12.67 1.53114
12.68 1.29253
12.69 1.00145
12.7 0.822727
12.71 0.69771
12.72 0.463505
12.73 0.523489
12.74 0.731532
12.75 1.02708
12.76 1.4145
12.77 1.73045
12.78 2.16956
12.79 2.39981
12.8 2.44223
12.81 2.58975
12.82 2.53631
12.83 2.44671
12.84 2.23464
12.85 1.86849
12.86 1.75668
12.87 1.53102
12.88 1.41433
12.89 1.65102
12.9 1.67569
12.91 1.71677
12.92 1.77597
12.93 1.56226
12.94 1.46205
12.95 1.406
12.96 1.28222
12.97 1.18991
12.98 1.08533
12.99 1.23467
13 1.51098
13.01 1.75459
13.02 1.84572
13.03 1.76999
13.04 1.83267
13.05 1.69016
13.06 1.44765
13.07 1.25314
13.08 0.839418
13.09 0.586018
13.1 0.536314
13.11 0.622459
13.12 0.844461
13.13 0.877745
13.14 1.02633
13.15 1.44565
13.16 1.66063
13.17 1.75739
13.18 1.75911
13.19 1.6533
13.2 1.60722
13.21 1.40907
13.22 1.30189
13.23 1.28123
13.24 1.19692
13.25 1.18383
13.26 1.01604
13.27 0.858472
13.28 0.721262
13.29 0.519026
13.3 0.496075
13.31 0.46658
13.32 0.401336
13.33 0.437419
13.34 0.388311
13.35 0.525306
13.36 0.762837
13.37 0.649267
13.38 0.662843
13.39 0.741018
13.4 0.722093
13.41 0.727567
13.42 0.522035
13.43 0.418173
13.44 0.434749
13.45 0.532399
13.46 0.680885
13.47 0.590934
13.48 0.55665
13.49 0.573738
13.5 0.404654
13.51 0.234483
13.52 0.00457782
13.53 -0.340235
13.54 -0.438711
13.55 -0.358852
13.56 -0.295852
13.57 -0.101184
13.58 0.10532
13.59 0.464914
13.6 0.895488
13.61 1.09843
13.62 1.2895
13.63 1.35072
13.64 1.41389
13.65 1.60018
13.66 1.74122
13.67 1.8218
13.68 1.71436
13.69 1.80215
13.7 2.09632
13.71 2.13138
13.72 2.10735
13.73 2.06939
13.74 1.74035
13.75 1.44126
13.76 1.26829
13.77 1.00929
13.78 0.767205
13.79 0.516655
13.8 0.493139
13.81 0.571222
13.82 0.535905
13.83 0.693553
13.84 0.849707
13.85 1.0512
13.86 1.42137
13.87 1.56654
13.88 1.73342
13.89 1.93259
13.9 1.88081
13.91 1.92274
13.92 1.91576
13.93 1.86758
13.94 1.89683
13.95 1.81059
13.96 1.78379
13.97 1.67569
13.98 1.44007
13.99 1.33887
14 1.35379
14.01 1.33125
14.02 1.13749
14.03 0.920144
14.04 0.935252
14.05 0.961934
14.06 1.04138
14.07 1.25945
14.08 1.30155
14.09 1.53721
14.1 1.94488
14.11 2.22418
14.12 2.5143
14.13 2.61715
14.14 2.65324
14.15 2.73362
14.16 2.68129
14.17 2.58832
14.18 2.38643
14.19 2.14964
14.2 2.10452
14.21 2.03289
14.22 1.83937
14.23 1.5393
14.24 1.27946
14.25 1.22298
14.26 1.08532
14.27 0.931719
14.28 0.885674
14.29 0.894921
14.3 1.02734
14.31 1.09022
14.32 1.11177
14.33 1.25711
14.34 1.37023
14.35 1.45427
14.36 1.52334
14.37 1.46622
14.38 1.40985
14.39 1.36114
14.4 1.33679
14.41 1.44868
14.42 1.55973
14.43 1.62996
14.44 1.59582
14.45 1.49834
14.46 1.38899
14.47 1.13167
14.48 0.938605
14.49 0.794959
14.5 0.702276
14.51 0.814431
14.52 0.895876
14.53 1.02364
14.54 1.36574
14.55 1.70241
14.56 1.76735
14.57 1.72233
14.58 1.75846
14.59 1.69635
14.6 1.52612
14.61 1.40886
14.62 1.35668
14.63 1.32053
14.64 1.42151
14.65 1.58886
14.66 1.7422
14.67 1.76957
14.68 1.52822
14.69 1.35059
14.7 1.16247
14.71 0.869708
14.72 0.539582
14.73 0.217055
14.74 0.268741
14.75 0.485862
14.76 0.808681
14.77 1.18884
14.78 1.43443
14.79 1.72635
14.8 1.83039
14.81 1.78438
14.82 1.73612
14.83 1.53788
14.84 1.32349
14.85 1.20632
14.86 1.09654
14.87 1.19979
14.88 1.3911
14.89 1.4424
14.9 1.64193
14.91 1.67918
14.92 1.55216
14.93 1.31576
14.94 0.893619
14.95 0.682487
14.96 0.45591
14.97 0.31566
14.98 0.421422
14.99 0.596277
15 1.10648
15.01 1.59178
15.02 1.82254
15.03 2.16448
15.04 2.34529
15.05 2.37372
15.06 2.32337
15.07 2.02059
15.08 1.78539
15.09 1.64312
15.1 1.57712
15.11 1.63565
15.12 1.57958
15.13 1.56612
15.14 1.59382
15.15 1.47285
15.16 1.40473
15.17 1.18576
15.18 0.85339
15.19 0.711434
15.2 0.679301
15.21 0.768553
15.22 0.894706
15.23 1.10625
15.24 1.56217
15.25 2.00117
15.26 2.18135
15.27 2.26732
15.28 2.21363
15.29 2.12556
15.3 2.06006
15.31 1.94075
15.32 1.91062
15.33 1.77887
15.34 1.6941
15.35 1.71
15.36 1.69534
15.37 1.61064
15.38 1.35183
15.39 1.12219
15.4 0.935393
15.41 0.679866
15.42 0.467853
15.43 0.388937
15.44 0.361606
15.45 0.552309
15.46 0.927441
15.47 1.24979
15.48 1.57193
15.49 1.73738
15.5 1.79378
15.51 1.81399
15.52 1.64182
15.53 1.43458
15.54 1.23709
15.55 1.08345
15.56 0.978692
15.57 0.867466
15.58 0.977119
15.59 1.09657
15.6 1.11684
15.61 1.19322
15.62 1.10945
15.63 0.950361
15.64 0.83762
15.65 0.707989
15.66 0.684755
15.67 0.677875
15.68 0.651619
15.69 0.922193
15.7 1.23488
15.71 1.4319
15.72 1.71763
15.73 1.77066
15.74 1.69846
15.75 1.58885
15.76 1.36892
15.77 1.13987
15.78 0.759505
15.79 0.549616
15.8 0.511887
15.81 0.505949
15.82 0.592533
15.83 0.583918
15.84 0.618713
15.85 0.705958
15.86 0.728384
15.87 0.698471
15.88 0.635688
15.89 0.50197
15.9 0.490657
15.91 0.623739
15.92 0.691672
15.93 0.973722
15.94 1.34839
15.95 1.65705
15.96 1.93972
15.97 2.0601
15.98 1.96288
15.99 1.68202
16 1.40604
16.01 1.03687
16.02 0.691239
16.03 0.488725
16.04 0.367057
16.05 0.4682
16.06 0.720195
16.07 1.02147
16.08 1.23276
16.09 1.42065
16.1 1.55862
16.11 1.49572
16.12 1.36655
16.13 1.16774
16.14 1.03364
16.15 0.978669
16.16 0.958929
16.17 1.12321
16.18 1.41691
16.19 1.71168
16.2 1.99299
16.21 2.2284
16.22 2.12486
16.23 1.8255
16.24 1.49784
16.25 1.04298
16.26 0.583884
16.27 0.189981
16.28 0.120354
16.29 0.281359
16.3 0.567474
16.31 1.05946
16.32 1.4883
16.33 1.76582
16.34 2.04137
16.35 2.19104
16.36 2.05159
16.37 1.80644
16.38 1.40605
16.39 1.13727
16.4 1.10856
16.41 1.17033
16.42 1.48415
16.43 1.78724
16.44 2.11357
16.45 2.36811
16.46 2.36064
16.47 2.19251
16.48 1.81056
16.49 1.32432
16.5 0.862205
16.51 0.527047
16.52 0.43992
16.53 0.528606
16.54 0.752441
16.55 1.2506
16.56 1.73537
16.57 2.07534
16.58 2.38999
16.59 2.35742
16.6 2.18998
16.61 2.06164
16.62 1.69019
16.63 1.45075
16.64 1.36751
16.65 1.39698
16.66 1.65244
16.67 1.73688
16.68 1.85998
16.69 2.0177
16.7 1.94454
16.71 1.73977
16.72 1.38018
16.73 0.952823
16.74 0.631186
16.75 0.499258
16.76 0.529005
16.77 0.653609
16.78 0.835088
16.79 1.19202
16.8 1.47472
16.81 1.61224
16.82 1.77612
16.83 1.73163
16.84 1.62559
16.85 1.56826
16.86 1.49315
16.87 1.44864
16.88 1.37531
16.89 1.43153
16.9 1.64137
16.91 1.73916
16.92 1.67662
16.93 1.48151
16.94 1.26483
16.95 1.04544
16.96 0.750346
16.97 0.551784
16.98 0.464639
16.99 0.503336
17 0.693084
17.01 0.854191
17.02 1.03696
17.03 1.18807
17.04 1.11754
17.05 1.12095
17.06 1.22394
17.07 1.12139
17.08 0.978986
17.09 0.998771
17.1 1.10209
17.11 1.23654
17.12 1.40885
17.13 1.51603
17.14 1.53243
17.15 1.48604
17.16 1.35099
17.17 1.07605
17.18 0.762708
17.19 0.559491
17.2 0.436065
17.21 0.417914
17.22 0.486349
17.23 0.731222
17.24 1.0754
17.25 1.27929
17.26 1.44077
17.27 1.44572
17.28 1.36535
17.29 1.30233
17.3 1.09488
17.31 1.04226
17.32 1.10828
17.33 1.1318
17.34 1.25165
17.35 1.49422
17.36 1.70626
17.37 1.73466
17.38 1.66543
17.39 1.50764
17.4 1.34057
17.41 1.02581
17.42 0.692663
17.43 0.472196
17.44 0.308202
17.45 0.425445
17.46 0.582743
17.47 0.823568
17.48 1.09952
17.49 1.21997
17.5 1.34764
17.51 1.41874
17.52 1.39334
17.53 1.30591
17.54 1.23159
17.55 1.1852
17.56 1.21044
17.57 1.34056
17.58 1.47153
17.59 1.57962
17.6 1.79672
17.61 1.98642
17.62 1.89454
17.63 1.74354
17.64 1.59277
17.65 1.33023
17.66 1.10619
17.67 0.894189
17.68 0.753496
17.69 0.764037
17.7 0.860973
17.71 1.02785
17.72 1.25296
17.73 1.52695
17.74 1.66795
17.75 1.77159
17.76 1.81591
17.77 1.72632
17.78 1.59239
17.79 1.44469
17.8 1.43307
17.81 1.42109
17.82 1.44665
17.83 1.53114
17.84 1.63454
17.85 1.72344
17.86 1.7434
17.87 1.70838
17.88 1.58401
17.89 1.42848
17.9 1.23732
17.91 1.10998
17.92 0.839769
17.93 0.720252
17.94 0.938706
17.95 1.01586
17.96 1.20576
17.97 1.46984
17.98 1.56745
17.99 1.6705
18 1.75913
18.01 1.7151
18.02 1.54647
18.03 1.37521
18.04 1.21124
18.05 1.0734
18.06 1.10082
18.07 1.151
18.08 1.13819
18.09 1.28395
18.1 1.44968
18.11 1.46463
18.12 1.42182
18.13 1.33378
18.14 1.20903
18.15 1.06078
18.16 0.944519
18.17 0.943514
18.18 0.981818
18.19 1.04865
18.2 1.2129
18.21 1.42739
18.22 1.62112
18.23 1.71443
18.24 1.75665
18.25 1.75132
18.26 1.62671
18.27 1.46069
18.28 1.31289
18.29 1.20308
18.3 1.14546
18.31 1.17986
18.32 1.19767
18.33 1.14694
18.34 1.2516
18.35 1.33437
18.36 1.24727
18.37 1.22441
18.38 1.17049
18.39 1.10219
18.4 1.08925
18.41 1.06376
18.42 1.16917
18.43 1.17761
18.44 1.18177
18.45 1.36308
18.46 1.31291
18.47 1.31318
18.48 1.31727
18.49 1.16615
18.5 1.22591
18.51 1.20283
18.52 1.2027
18.53 1.2519
18.54 1.23398
18.55 1.39506
18.56 1.45098
18.57 1.40808
18.58 1.39215
18.59 1.27462
18.6 1.16546
18.61 1.11639
18.62 1.00973
18.63 0.965934
18.64 1.02653
18.65 1.09558
18.66 1.2481
18.67 1.27552
18.68 1.29787
18.69 1.32076
18.7 1.1881
18.71 1.28577
18.72 1.28485
18.73 1.14079
18.74 1.14653
18.75 1.17803
18.76 1.3605
18.77 1.39005
18.78 1.43908
18.79 1.61311
18.8 1.58507
18.81 1.53638
18.82 1.39648
18.83 1.24593
18.84 1.10197
18.85 0.968022
18.86 0.933946
18.87 0.969074
18.88 1.10587
18.89 1.24369
18.9 1.37496
18.91 1.48183
18.92 1.51389
18.93 1.46636
18.94 1.4116
18.95 1.2839
18.96 1.21274
18.97 1.19518
18.98 1.11554
18.99 1.23369
19 1.36944
19.01 1.45316
19.02 1.6081
19.03 1.63495
19.04 1.60768
19.05 1.64359
19.06 1.55458
19.07 1.38697
19.08 1.19037
19.09 1.08871
19.1 1.05231
19.11 0.990048
19.12 1.17465
19.13 1.27298
19.14 1.32422
19.15 1.4734
19.16 1.4583
19.17 1.49009
19.18 1.43445
19.19 1.32199
19.2 1.35986
19.21 1.3627
19.22 1.42992
19.23 1.45488
19.24 1.49711
19.25 1.67987
19.26 1.69387
19.27 1.77608
19.28 1.79355
19.29 1.63891
19.3 1.60316
19.31 1.40867
19.32 1.1484
19.33 1.0719
19.34 0.953907
19.35 0.923714
19.36 1.04633
19.37 1.08997
19.38 1.28496
19.39 1.36832
19.4 1.41963
19.41 1.5572
19.42 1.47666
19.43 1.55969
19.44 1.45519
19.45 1.37253
19.46 1.5581
19.47 1.44509
19.48 1.49493
19.49 1.60285
19.5 1.55165
19.51 1.64402
19.52 1.53062
19.53 1.42348
19.54 1.39964
19.55 1.16045
19.56 1.1036
19.57 0.969328
19.58 0.780773
19.59 0.90377
19.6 0.927494
19.61 1.08202
19.62 1.27202
19.63 1.31275
19.64 1.56153
19.65 1.62509
19.66 1.64929
19.67 1.74083
19.68 1.57192
19.69 1.55649
19.7 1.53394
19.71 1.39886
19.72 1.39967
19.73 1.25158
19.74 1.179
19.75 1.22309
19.76 1.14014
19.77 1.14096
19.78 1.00019
19.79 0.840624
19.8 0.856581
19.81 0.675453
19.82 0.643094
19.83 0.744371
19.84 0.70164
19.85 0.878954
19.86 1.01525
19.87 1.10641
19.88 1.29871
19.89 1.32556
19.9 1.47615
19.91 1.5532
19.92 1.54057
19.93 1.6715
19.94 1.63428
19.95 1.67479
19.96 1.72588
19.97 1.62227
19.98 1.57413
19.99 1.47756
20 1.35471
