0.01 967.833
0.02 1781.79
0.03 -162.504
0.04 284.276
0.05 11857.2
0.06 36714.9
0.07 59607.2
0.08 56699.2
0.09 36353.3
0.1 16030.1
0.11 -22763.9
0.12 -91354.7
0.13 -168161
0.14 -233786
0.15 -281904
0.16 -310910
0.17 -315064
0.18 -271965
0.19 -162485
0.2 -2633.98
0.21 166303
0.22 311869
0.23 417033
0.24 470174
0.25 477401
0.26 448888
0.27 388077
0.28 308706
0.29 218864
0.3 126696
0.31 48576.2
0.32 -17919.9
0.33 -83729.1
0.34 -138747
0.35 -165376
0.36 -182422
0.37 -230564
0.38 -310488
0.39 -380801
0.4 -408109
0.41 -392682
0.42 -333276
0.43 -210615
0.44 -31959.3
0.45 162013
0.46 334338
0.47 469125
0.48 565393
0.49 617930
0.5 609250
0.51 524026
0.52 367318
0.53 167324
0.54 -54816.9
0.55 -279874
0.56 -457354
0.57 -557046
0.58 -592799
0.59 -573413
0.6 -504472
0.61 -411221
0.62 -335722
0.63 -304619
0.64 -305529
0.65 -309636
0.66 -308684
0.67 -293606
0.68 -217424
0.69 -63489.1
0.7 132675
0.71 339319
0.72 524787
0.73 674198
0.74 782586
0.75 810139
0.76 735353
0.77 585648
0.78 372774
0.79 108423
0.8 -151733
0.81 -360308
0.82 -505869
0.83 -580619
0.84 -594259
0.85 -589862
0.86 -582604
0.87 -556709
0.88 -518322
0.89 -448637
0.9 -321048
0.91 -185355
0.92 -87628.9
0.93 1226.21
0.94 117108
0.95 254417
0.96 381731
0.97 482352
0.98 573217
0.99 667600
1 729412
1.01 698204
1.02 558061
1.03 349556
1.04 117587
1.05 -127531
1.06 -390912
1.07 -654845
1.08 -869788
1.09 -983914
1.1 -990488
1.11 -915859
1.12 -773294
1.13 -570015
1.14 -326737
1.15 -97912.3
1.16 48170.1
1.17 115042
1.18 172220
1.19 276986
1.2 449732
1.21 654368
1.22 844474
1.23 1.0279e+006
1.24 1.19581e+006
1.25 1.277e+006
1.26 1.19886e+006
1.27 949238
1.28 562863
1.29 80411.6
1.3 -454051
1.31 -994034
1.32 -1.45484e+006
1.33 -1.72613e+006
1.34 -1.74795e+006
1.35 -1.53826e+006
1.36 -1.18081e+006
1.37 -743355
1.38 -253715
1.39 240114
1.4 700333
1.41 1.09268e+006
1.42 1.36093e+006
1.43 1.49128e+006
1.44 1.51412e+006
1.45 1.47048e+006
1.46 1.38441e+006
1.47 1.26815e+006
1.48 1.15579e+006
1.49 1.05023e+006
1.5 929083
1.51 771179
1.52 517014
1.53 139979
1.54 -315827
1.55 -806683
1.56 -1.32035e+006
1.57 -1.80692e+006
1.58 -2.12873e+006
1.59 -2.19977e+006
1.6 -2.00696e+006
1.61 -1.54388e+006
1.62 -896163
1.63 -169259
1.64 574633
1.65 1.21786e+006
1.66 1.63791e+006
1.67 1.80953e+006
1.68 1.76054e+006
1.69 1.51997e+006
1.7 1.18285e+006
1.71 859949
1.72 565860
1.73 299673
1.74 82868.2
1.75 -88705.6
1.76 -243095
1.77 -426366
1.78 -643963
1.79 -849787
1.8 -1.0187e+006
1.81 -1.15027e+006
1.82 -1.25144e+006
1.83 -1.30046e+006
1.84 -1.21625e+006
1.85 -961997
1.86 -605985
1.87 -209178
1.88 251776
1.89 798713
1.9 1.35431e+006
1.91 1.79307e+006
1.92 2.04192e+006
1.93 2.08419e+006
1.94 1.91498e+006
1.95 1.55478e+006
1.96 1.0564e+006
1.97 479311
1.98 -63899.8
1.99 -458515
2 -700392
2.01 -826702
2.02 -862277
2.03 -837475
2.04 -753002
2.05 -607091
2.06 -475576
2.07 -437283
2.08 -441966
2.09 -413998
2.1 -347538
2.11 -196239
2.12 111123
2.13 554392
2.14 1.04098e+006
2.15 1.42709e+006
2.16 1.5556e+006
2.17 1.37448e+006
2.18 916268
2.19 253413
2.2 -496164
2.21 -1.23256e+006
2.22 -1.85787e+006
2.23 -2.30791e+006
2.24 -2.59766e+006
2.25 -2.69359e+006
2.26 -2.57683e+006
2.27 -2.23121e+006
2.28 -1.57904e+006
2.29 -701276
2.3 275073
2.31 1.18742e+006
2.32 1.79202e+006
2.33 2.1744e+006
2.34 2.62236e+006
2.35 3.04929e+006
2.36 3.20461e+006
2.37 3.09777e+006
2.38 2.82147e+006
2.39 2.36086e+006
2.4 1.59024e+006
2.41 629844
2.42 -201502
2.43 -809881
2.44 -1.302e+006
2.45 -1.7224e+006
2.46 -1.7935e+006
2.47 -1.49782e+006
2.48 -1.2994e+006
2.49 -1.26737e+006
2.5 -1.09143e+006
2.51 -722048
2.52 -309735
2.53 35244
2.54 427681
2.55 982626
2.56 1.36121e+006
2.57 1.28014e+006
2.58 937385
2.59 672154
2.6 658670
2.61 858570
2.62 1.13522e+006
2.63 1.2803e+006
2.64 1.25316e+006
2.65 1.20496e+006
2.66 1.07064e+006
2.67 791850
2.68 541434
2.69 428934
2.7 404695
2.71 326882
2.72 230786
2.73 317499
2.74 625966
2.75 1.09487e+006
2.76 1.65672e+006
2.77 2.12694e+006
2.78 2.19287e+006
2.79 1.74074e+006
2.8 984711
2.81 90315.7
2.82 -849546
2.83 -1.63607e+006
2.84 -2.00548e+006
2.85 -1.81388e+006
2.86 -1.41922e+006
2.87 -1.16926e+006
2.88 -872644
2.89 -475809
2.9 -255584
2.91 -574288
2.92 -1.2845e+006
2.93 -1.61792e+006
2.94 -1.62138e+006
2.95 -1.92987e+006
2.96 -2.35983e+006
2.97 -2.2239e+006
2.98 -1.26225e+006
2.99 -125718
3 659047
3.01 1.45434e+006
3.02 2.21319e+006
3.03 2.55796e+006
3.04 2.50691e+006
3.05 2.25405e+006
3.06 2.07185e+006
3.07 1.74128e+006
3.08 1.14027e+006
3.09 791149
3.1 734740
3.11 635249
3.12 246060
3.13 -370426
3.14 -621971
3.15 -476701
3.16 -309137
3.17 -266083
3.18 -364507
3.19 -293596
3.2 -134075
3.21 -286305
3.22 -737762
3.23 -1.10312e+006
3.24 -1.06623e+006
3.25 -880640
3.26 -634437
3.27 -13474.8
3.28 662089
3.29 912212
3.3 962783
3.31 1.11374e+006
3.32 1.23372e+006
3.33 828279
3.34 -230208
3.35 -1.19879e+006
3.36 -1.69277e+006
3.37 -1.94636e+006
3.38 -1.92225e+006
3.39 -1.36106e+006
3.4 -268780
3.41 732121
3.42 1.34641e+006
3.43 1.68218e+006
3.44 1.46925e+006
3.45 808693
3.46 14717.2
3.47 -707872
3.48 -873623
3.49 -507225
3.5 -63716.8
3.51 610685
3.52 1.70135e+006
3.53 2.89442e+006
3.54 3.54774e+006
3.55 3.22557e+006
3.56 2.20472e+006
3.57 815661
3.58 -740823
3.59 -2.38081e+006
3.6 -3.794e+006
3.61 -4.26877e+006
3.62 -3.99942e+006
3.63 -3.43751e+006
3.64 -2.23026e+006
3.65 -698835
3.66 279065
3.67 446377
3.68 -14954.8
3.69 -630266
3.7 -1.26269e+006
3.71 -1.94412e+006
3.72 -2.31405e+006
3.73 -1.96694e+006
3.74 -646604
3.75 1.1143e+006
3.76 2.59998e+006
3.77 3.65562e+006
3.78 3.97922e+006
3.79 3.68728e+006
3.8 2.88816e+006
3.81 1.1445e+006
3.82 -939259
3.83 -2.75105e+006
3.84 -4.31189e+006
3.85 -4.40842e+006
3.86 -4.41034e+006
3.87 -3.37776e+006
3.88 -1.94575e+006
3.89 -272088
3.9 1.36571e+006
3.91 2.10989e+006
3.92 2.28133e+006
3.93 2.04708e+006
3.94 1.53088e+006
3.95 1.04484e+006
3.96 391727
3.97 44421.8
3.98 347576
3.99 763183
4 1.09328e+006
4.01 1.13358e+006
4.02 1.18493e+006
4.03 1.72317e+006
4.04 2.09681e+006
4.05 2.01771e+006
4.06 1.56296e+006
4.07 912289
4.08 573707
4.09 34531.6
4.1 -767453
4.11 -1.26966e+006
4.12 -1.39146e+006
4.13 -838550
4.14 -54397.8
4.15 715885
4.16 1.74803e+006
4.17 2.60458e+006
4.18 3.18961e+006
4.19 3.73184e+006
4.2 4.27109e+006
4.21 4.38576e+006
4.22 3.48265e+006
4.23 2.27419e+006
4.24 1.43817e+006
4.25 337484
4.26 -842607
4.27 -1.64513e+006
4.28 -2.0239e+006
4.29 -1.55498e+006
4.3 -838154
4.31 -674288
4.32 -715337
4.33 -754551
4.34 -754339
4.35 -1.02764e+006
4.36 -1.84743e+006
4.37 -2.57639e+006
4.38 -2.94102e+006
4.39 -2.61733e+006
4.4 -1.78475e+006
4.41 -1.20635e+006
4.42 -488078
4.43 403912
4.44 1.35667e+006
4.45 2.53487e+006
4.46 3.07253e+006
4.47 2.59318e+006
4.48 1.70491e+006
4.49 738642
4.5 -77775.5
4.51 -729098
4.52 -1.31496e+006
4.53 -1.64981e+006
4.54 -1.66085e+006
4.55 -1.4907e+006
4.56 -1.53535e+006
4.57 -1.63058e+006
4.58 -1.37166e+006
4.59 -1.21955e+006
4.6 -1.0683e+006
4.61 -479092
4.62 244471
4.63 1.15386e+006
4.64 2.28287e+006
4.65 3.10269e+006
4.66 3.22548e+006
4.67 3.03967e+006
4.68 3.3238e+006
4.69 3.7491e+006
4.7 3.35319e+006
4.71 1.99212e+006
4.72 340971
4.73 -786667
4.74 -1.31961e+006
4.75 -1.92953e+006
4.76 -2.54701e+006
4.77 -2.73621e+006
4.78 -2.55727e+006
4.79 -1.80671e+006
4.8 -1.1259e+006
4.81 -1.2432e+006
4.82 -1.54816e+006
4.83 -1.65968e+006
4.84 -1.62469e+006
4.85 -1.46175e+006
4.86 -1.3265e+006
4.87 -1.15409e+006
4.88 -746155
4.89 -259721
4.9 391307
4.91 1.41979e+006
4.92 2.35416e+006
4.93 2.59307e+006
4.94 2.25785e+006
4.95 1.62249e+006
4.96 319478
4.97 -1.4895e+006
4.98 -3.20675e+006
4.99 -4.36211e+006
5 -4.4146e+006
5.01 -4.39799e+006
5.02 -3.58022e+006
5.03 -2.31954e+006
5.04 -731388
5.05 954366
5.06 1.68936e+006
5.07 1.86446e+006
5.08 1.93572e+006
5.09 2.07491e+006
5.1 2.43148e+006
5.11 2.01606e+006
5.12 1.20814e+006
5.13 1.03603e+006
5.14 1.15482e+006
5.15 1.36558e+006
5.16 1.52095e+006
5.17 1.68119e+006
5.18 1.94539e+006
5.19 1.82027e+006
5.2 1.23877e+006
5.21 308575
5.22 -821054
5.23 -1.73661e+006
5.24 -2.17665e+006
5.25 -1.97189e+006
5.26 -1.47129e+006
5.27 -1.03076e+006
5.28 -119036
5.29 1.23663e+006
5.3 2.57028e+006
5.31 3.66533e+006
5.32 3.96517e+006
5.33 4.20679e+006
5.34 4.39251e+006
5.35 4.40912e+006
5.36 4.4127e+006
5.37 3.2255e+006
5.38 2.12965e+006
5.39 1.84746e+006
5.4 1.97809e+006
5.41 1.52681e+006
5.42 374652
5.43 -687294
5.44 -1.7024e+006
5.45 -2.41024e+006
5.46 -2.90136e+006
5.47 -3.55464e+006
5.48 -3.71924e+006
5.49 -3.15716e+006
5.5 -2.16873e+006
5.51 -883721
5.52 262622
5.53 1.36546e+006
5.54 2.50094e+006
5.55 3.25609e+006
5.56 3.618e+006
5.57 3.33642e+006
5.58 2.78932e+006
5.59 2.55345e+006
5.6 2.12808e+006
5.61 1.21933e+006
5.62 88760.9
5.63 -616917
5.64 -732159
5.65 -768986
5.66 -820549
5.67 -1.17774e+006
5.68 -1.45392e+006
5.69 -1.1618e+006
5.7 -1.0735e+006
5.71 -1.19283e+006
5.72 -1.25269e+006
5.73 -1.13599e+006
5.74 -586419
5.75 180372
5.76 1.09106e+006
5.77 1.5327e+006
5.78 1.22933e+006
5.79 1.46331e+006
5.8 1.9893e+006
5.81 1.87475e+006
5.82 1.55774e+006
5.83 757031
5.84 -187005
5.85 -1.03998e+006
5.86 -1.97596e+006
5.87 -2.51478e+006
5.88 -3.09043e+006
5.89 -3.17198e+006
5.9 -2.4083e+006
5.91 -1.7241e+006
5.92 -1.33913e+006
5.93 -1.14999e+006
5.94 -752969
5.95 -177314
5.96 -89397.1
5.97 -334593
5.98 -597215
5.99 -696722
6 -177495
6.01 318721
6.02 196051
6.03 -126584
6.04 -274115
6.05 112101
6.06 392827
6.07 -114409
6.08 -1.01351e+006
6.09 -1.91611e+006
6.1 -2.36955e+006
6.11 -2.84925e+006
6.12 -3.38376e+006
6.13 -3.08843e+006
6.14 -2.60658e+006
6.15 -1.96309e+006
6.16 -996109
6.17 -449827
6.18 -302506
6.19 -510958
6.2 -715206
6.21 -751612
6.22 -1.11148e+006
6.23 -1.29827e+006
6.24 -843280
6.25 -325958
6.26 -137382
6.27 -108284
6.28 190195
6.29 557042
6.3 483293
6.31 62922.4
6.32 -945739
6.33 -2.21069e+006
6.34 -2.79809e+006
6.35 -2.83476e+006
6.36 -2.61657e+006
6.37 -2.48601e+006
6.38 -2.43145e+006
6.39 -1.71156e+006
6.4 -667965
6.41 -35104.1
6.42 191946
6.43 244836
6.44 419122
6.45 663566
6.46 908915
6.47 1.12296e+006
6.48 1.07545e+006
6.49 1.08805e+006
6.5 1.37812e+006
6.51 1.6033e+006
6.52 1.3923e+006
6.53 878836
6.54 687482
6.55 338208
6.56 -468010
6.57 -1.03041e+006
6.58 -1.33863e+006
6.59 -1.52311e+006
6.6 -1.47984e+006
6.61 -1.31452e+006
6.62 -1.15442e+006
6.63 -739743
6.64 -73707.7
6.65 414479
6.66 672607
6.67 860335
6.68 946013
6.69 981389
6.7 1.23328e+006
6.71 1.48014e+006
6.72 1.38551e+006
6.73 1.02985e+006
6.74 624669
6.75 392517
6.76 323498
6.77 215717
6.78 -52570.8
6.79 -319086
6.8 -325393
6.81 -355528
6.82 -644929
6.83 -905944
6.84 -894837
6.85 -566078
6.86 -314848
6.87 -118168
6.88 222784
6.89 632794
6.9 1.23471e+006
6.91 1.53037e+006
6.92 1.43118e+006
6.93 1.55355e+006
6.94 1.9219e+006
6.95 2.09128e+006
6.96 1.73766e+006
6.97 1.027e+006
6.98 301195
6.99 -339404
7 -715630
7.01 -800686
7.02 -1.23356e+006
7.03 -1.89773e+006
7.04 -1.93932e+006
7.05 -1.31757e+006
7.06 -724967
7.07 -779166
7.08 -936829
7.09 -511904
7.1 32770.6
7.11 279091
7.12 168284
7.13 -158090
7.14 -453608
7.15 -688972
7.16 -767444
7.17 -744600
7.18 -557419
7.19 -266646
7.2 -285166
7.21 -391610
7.22 -518959
7.23 -1.12946e+006
7.24 -1.63403e+006
7.25 -1.62894e+006
7.26 -1.81591e+006
7.27 -1.97325e+006
7.28 -1.67624e+006
7.29 -1.13836e+006
7.3 -581746
7.31 -39739.1
7.32 203645
7.33 79111
7.34 519616
7.35 1.17908e+006
7.36 1.16637e+006
7.37 810473
7.38 733916
7.39 1.17545e+006
7.4 1.59387e+006
7.41 1.72667e+006
7.42 1.91348e+006
7.43 2.02476e+006
7.44 1.71577e+006
7.45 1.43627e+006
7.46 1.08181e+006
7.47 172803
7.48 -941624
7.49 -2.059e+006
7.5 -2.66471e+006
7.51 -2.71253e+006
7.52 -2.71177e+006
7.53 -2.60896e+006
7.54 -2.22097e+006
7.55 -1.32623e+006
7.56 -534839
7.57 -376472
7.58 -320680
7.59 -66655.4
7.6 318909
7.61 527023
7.62 389576
7.63 380630
7.64 562213
7.65 661268
7.66 917041
7.67 1.03002e+006
7.68 725694
7.69 220644
7.7 -405841
7.71 -791235
7.72 -1.11793e+006
7.73 -1.66623e+006
7.74 -2.07807e+006
7.75 -1.82296e+006
7.76 -934045
7.77 -469948
7.78 -501666
7.79 -161915
7.8 309132
7.81 570378
7.82 786784
7.83 991542
7.84 1.20439e+006
7.85 1.1268e+006
7.86 847846
7.87 750062
7.88 583428
7.89 393842
7.9 327361
7.91 90989.1
7.92 -273265
7.93 -557862
7.94 -666787
7.95 -750034
7.96 -784401
7.97 -788269
7.98 -1.18077e+006
7.99 -1.23169e+006
8 -825247
8.01 -719512
8.02 -924759
8.03 -1.2773e+006
8.04 -942388
8.05 -28164.5
8.06 646821
8.07 946373
8.08 861255
8.09 889081
8.1 900226
8.11 155767
8.12 -744801
8.13 -1.29504e+006
8.14 -1.85036e+006
8.15 -2.02107e+006
8.16 -1.66375e+006
8.17 -1.08597e+006
8.18 -536730
8.19 -176395
8.2 296912
8.21 633598
8.22 612427
8.23 329216
8.24 -267348
8.25 -604270
8.26 -1.05394e+006
8.27 -1.63676e+006
8.28 -1.3185e+006
8.29 -718008
8.3 21091.7
8.31 810077
8.32 1.18962e+006
8.33 1.50725e+006
8.34 1.30655e+006
8.35 607782
8.36 -221988
8.37 -1.14455e+006
8.38 -1.79624e+006
8.39 -2.15359e+006
8.4 -2.12152e+006
8.41 -1.62377e+006
8.42 -1.16132e+006
8.43 -732366
8.44 -249399
8.45 169392
8.46 530150
8.47 238428
8.48 -276305
8.49 -409055
8.5 -645316
8.51 -917436
8.52 -1.14361e+006
8.53 -994993
8.54 -231618
8.55 465737
8.56 959610
8.57 1.18538e+006
8.58 974074
8.59 761170
8.6 438832
8.61 -75913.4
8.62 -528637
8.63 -843167
8.64 -582500
8.65 -4299.91
8.66 532497
8.67 978347
8.68 911064
8.69 1.08684e+006
8.7 1.69453e+006
8.71 1.88975e+006
8.72 1.7681e+006
8.73 1.23208e+006
8.74 727428
8.75 697141
8.76 531522
8.77 373069
8.78 491012
8.79 650456
8.8 798017
8.81 941518
8.82 984981
8.83 684079
8.84 126265
8.85 -109014
8.86 -211236
8.87 -387100
8.88 -416730
8.89 -661851
8.9 -478747
8.91 -115702
8.92 -454797
8.93 -464174
8.94 -80273.5
8.95 282767
8.96 325842
8.97 -90104.2
8.98 -167246
8.99 -60779.8
9 -102554
9.01 -279970
9.02 -791854
9.03 -1.16307e+006
9.04 -1.05433e+006
9.05 -1.02078e+006
9.06 -972631
9.07 -817526
9.08 -749656
9.09 -426519
9.1 14066.7
9.11 552024
9.12 799246
9.13 547226
9.14 481807
9.15 521601
9.16 395947
9.17 -40972
9.18 -518402
9.19 -584929
9.2 -572903
9.21 -611876
9.22 -612988
9.23 -691220
9.24 -579085
9.25 -376918
9.26 -355951
9.27 -211182
9.28 -189116
9.29 -385523
9.3 -446008
9.31 -472479
9.32 -535339
9.33 -735179
9.34 -795214
9.35 -496999
9.36 -179307
9.37 138308
9.38 144324
9.39 -8798.82
9.4 105831
9.41 971.875
9.42 -253102
9.43 -584316
9.44 -990307
9.45 -1.0528e+006
9.46 -1.00312e+006
9.47 -994875
9.48 -647160
9.49 -80474.9
9.5 208258
9.51 298024
9.52 376738
9.53 301451
9.54 -305292
9.55 -1.07654e+006
9.56 -1.49527e+006
9.57 -1.95393e+006
9.58 -2.18884e+006
9.59 -1.91509e+006
9.6 -1.30248e+006
9.61 -655994
9.62 -422906
9.63 -280150
9.64 -59640.5
9.65 -10176.1
9.66 -152936
9.67 -525760
9.68 -889204
9.69 -824989
9.7 -419368
9.71 -128895
9.72 43236.1
9.73 160304
9.74 109304
9.75 137951
9.76 9033.23
9.77 -540093
9.78 -1.21476e+006
9.79 -1.66015e+006
9.8 -1.7433e+006
9.81 -1.59096e+006
9.82 -1.18419e+006
9.83 -724333
9.84 -273780
9.85 100768
9.86 325394
9.87 344807
9.88 67482.8
9.89 -170178
9.9 -309335
9.91 -370498
9.92 -402486
9.93 -228671
9.94 113374
9.95 279931
9.96 388823
9.97 293638
9.98 23325.5
9.99 -237569
10 -562251
10.01 -957847
10.02 -1.35208e+006
10.03 -1.55664e+006
10.04 -1.36504e+006
10.05 -1.0084e+006
10.06 -744311
10.07 -368321
10.08 -74730.7
10.09 82101
10.1 262122
10.11 226801
10.12 -75127.9
10.13 -450207
10.14 -513765
10.15 -399169
10.16 -463036
10.17 -449130
10.18 -310632
10.19 -244518
10.2 -251792
10.21 -333513
10.22 -622726
10.23 -886765
10.24 -800230
10.25 -634023
10.26 -588770
10.27 -565432
10.28 -562046
10.29 -490701
10.3 -119277
10.31 182743
10.32 164293
10.33 238961
10.34 372256
10.35 470265
10.36 547216
10.37 586127
10.38 493368
10.39 214528
10.4 195780
10.41 340725
10.42 208223
10.43 -264664
10.44 -723324
10.45 -703985
10.46 -651058
10.47 -833190
10.48 -826082
10.49 -708929
10.5 -602153
10.51 -324760
10.52 -109961
10.53 5278.37
10.54 88320.7
10.55 105184
10.56 206185
10.57 16172.9
10.58 -84650.3
10.59 125513
10.6 218692
10.61 425852
10.62 351629
10.63 194662
10.64 324861
10.65 181608
10.66 -122490
10.67 -578773
10.68 -1.23692e+006
10.69 -1.52126e+006
10.7 -1.5487e+006
10.71 -1.54222e+006
10.72 -1.38401e+006
10.73 -1.19743e+006
10.74 -590425
10.75 219393
10.76 760158
10.77 1.20341e+006
10.78 1.33039e+006
10.79 1.45961e+006
10.8 1.54629e+006
10.81 1.30119e+006
10.82 1.145e+006
10.83 614429
10.84 38918.2
10.85 -47675
10.86 -226476
10.87 -306581
10.88 -404539
10.89 -481428
10.9 -277474
10.91 -282492
10.92 -366479
10.93 -460747
10.94 -605592
10.95 -484339
10.96 -308942
10.97 -208033
10.98 20265.1
10.99 318148
11 814265
11.01 1.26192e+006
11.02 1.40324e+006
11.03 1.52581e+006
11.04 1.37764e+006
11.05 1.14037e+006
11.06 892585
11.07 396524
11.08 21173.5
11.09 -383295
11.1 -615981
11.11 -543261
11.12 -467511
11.13 -235702
11.14 -124930
11.15 26717.2
11.16 113369
11.17 -312682
11.18 -459120
11.19 -468196
11.2 -775533
11.21 -780488
11.22 -564669
11.23 -297888
11.24 23395.3
11.25 247769
11.26 547434
11.27 677037
11.28 470751
11.29 401600
11.3 322306
11.31 51436.8
11.32 -331277
11.33 -744719
11.34 -754576
11.35 -492218
11.36 -240303
11.37 -168545
11.38 -312722
11.39 -344729
11.4 -405107
11.41 -620977
11.42 -753179
11.43 -856609
11.44 -861869
11.45 -429437
11.46 122877
11.47 506526
11.48 814704
11.49 995351
11.5 1.00248e+006
11.51 812304
11.52 509816
11.53 68701
11.54 -412040
11.55 -654748
11.56 -569965
11.57 -616808
11.58 -748870
11.59 -459666
11.6 -361359
11.61 -538572
11.62 -777211
11.63 -1.09326e+006
11.64 -1.13896e+006
11.65 -1.26523e+006
11.66 -1.38208e+006
11.67 -1.19987e+006
11.68 -890468
11.69 -281124
11.7 405484
11.71 824877
11.72 1.0621e+006
11.73 983874
11.74 650366
11.75 288845
11.76 -235898
11.77 -640321
11.78 -970771
11.79 -1.20728e+006
11.8 -895012
11.81 -742380
11.82 -917419
11.83 -945613
11.84 -896650
11.85 -870272
11.86 -1.12223e+006
11.87 -1.36154e+006
11.88 -1.35594e+006
11.89 -1.21675e+006
11.9 -812110
11.91 -452550
11.92 -120363
11.93 411233
11.94 725059
11.95 798035
11.96 789107
11.97 508930
11.98 -66545.9
11.99 -679515
12 -888951
12.01 -923296
12.02 -1.20475e+006
12.03 -1.24163e+006
12.04 -1.02054e+006
12.05 -853006
12.06 -600644
12.07 -537140
12.08 -738880
12.09 -895760
12.1 -848263
12.11 -684075
12.12 -547905
12.13 -354070
12.14 -66009.6
12.15 244680
12.16 430750
12.17 503087
12.18 561062
12.19 343843
12.2 -62167
12.21 -270280
12.22 -616059
12.23 -977490
12.24 -974646
12.25 -929427
12.26 -718652
12.27 -470608
12.28 -412959
12.29 -231065
12.3 -39690.6
12.31 -49569.5
12.32 -299525
12.33 -494232
12.34 -351000
12.35 -296420
12.36 -269510
12.37 -75814.4
12.38 -27922.3
12.39 115286
12.4 299966
12.41 382989
12.42 394049
12.43 41684.6
12.44 -247473
12.45 -260634
12.46 -382767
12.47 -523997
12.48 -603656
12.49 -647730
12.5 -541762
12.51 -353330
12.52 -187611
12.53 -218529
12.54 -229196
12.55 73755.8
12.56 151559
12.57 107281
12.58 284352
12.59 421580
12.6 611836
12.61 773029
12.62 786939
12.63 711089
12.64 516312
12.65 413506
12.66 294196
12.67 21376.3
12.68 -208746
12.69 -489465
12.7 -661833
12.71 -782402
12.72 -1.00827e+006
12.73 -950423
12.74 -749783
12.75 -464747
12.76 -91121.3
12.77 213589
12.78 637075
12.79 859130
12.8 900043
12.81 1.04231e+006
12.82 990773
12.83 904364
12.84 699838
12.85 346719
12.86 238888
12.87 21256.9
12.88 -91281.7
12.89 136991
12.9 160781
12.91 200393
12.92 257487
12.93 51380.4
12.94 -45262.4
12.95 -99319.5
12.96 -218692
12.97 -307712
12.98 -408572
12.99 -264550
13 1926.49
13.01 236872
13.02 324761
13.03 251725
13.04 312174
13.05 174737
13.06 -59146.4
13.07 -246734
13.08 -645736
13.09 -890120
13.1 -938055
13.11 -854975
13.12 -640873
13.13 -608773
13.14 -465478
13.15 -61079.9
13.16 146258
13.17 239570
13.18 241229
13.19 139186
13.2 94740.7
13.21 -96358.3
13.22 -199725
13.23 -219643
13.24 -300950
13.25 -313580
13.26 -475394
13.27 -627361
13.28 -759688
13.29 -954728
13.3 -976863
13.31 -1.00531e+006
13.32 -1.06823e+006
13.33 -1.03343e+006
13.34 -1.08079e+006
13.35 -948671
13.36 -719592
13.37 -829121
13.38 -816028
13.39 -740635
13.4 -758887
13.41 -753607
13.42 -951826
13.43 -1.05199e+006
13.44 -1.03601e+006
13.45 -941831
13.46 -798629
13.47 -885379
13.48 -918443
13.49 -901962
13.5 -1.06503e+006
13.51 -1.22915e+006
13.52 -1.45087e+006
13.53 -1.78341e+006
13.54 -1.87839e+006
13.55 -1.80137e+006
13.56 -1.74061e+006
13.57 -1.55287e+006
13.58 -1.35371e+006
13.59 -1.00691e+006
13.6 -591661
13.61 -395945
13.62 -211665
13.63 -152630
13.64 -91702.3
13.65 87951.7
13.66 223978
13.67 301691
13.68 198069
13.69 282735
13.7 566438
13.71 600254
13.72 577082
13.73 540469
13.74 223135
13.75 -65309.7
13.76 -232125
13.77 -481913
13.78 -715380
13.79 -957015
13.8 -979694
13.81 -904389
13.82 -938450
13.83 -786411
13.84 -635814
13.85 -441493
13.86 -84489.2
13.87 55514.7
13.88 216457
13.89 408533
13.9 358596
13.91 399035
13.92 392310
13.93 345840
13.94 374053
13.95 290875
13.96 265035
13.97 160779
13.98 -66456.3
13.99 -164055
14 -149663
14.01 -171409
14.02 -358273
14.03 -567882
14.04 -553313
14.05 -527580
14.06 -450956
14.07 -240653
14.08 -200044
14.09 27225.6
14.1 420391
14.11 689756
14.12 969552
14.13 1.06874e+006
14.14 1.10354e+006
14.15 1.18106e+006
14.16 1.13059e+006
14.17 1.04094e+006
14.18 846227
14.19 617861
14.2 574354
14.21 505268
14.22 318632
14.23 29238
14.24 -221348
14.25 -275819
14.26 -408588
14.27 -556719
14.28 -601126
14.29 -592209
14.3 -464503
14.31 -403861
14.32 -383071
14.33 -242902
14.34 -133815
14.35 -52758.2
14.36 13853.9
14.37 -41236.3
14.38 -95597.9
14.39 -142578
14.4 -166064
14.41 -58155.3
14.42 48944.3
14.43 116676
14.44 83750.9
14.45 -10258.9
14.46 -115718
14.47 -363885
14.48 -550078
14.49 -688613
14.5 -777998
14.51 -669834
14.52 -591287
14.53 -468074
14.54 -138141
14.55 186548
14.56 249177
14.57 205760
14.58 240603
14.59 180702
14.6 16529.6
14.61 -96559.8
14.62 -146876
14.63 -181742
14.64 -84354.9
14.65 77040.2
14.66 224919
14.67 251318
14.68 18552.9
14.69 -152751
14.7 -334180
14.71 -616524
14.72 -934903
14.73 -1.24595e+006
14.74 -1.19611e+006
14.75 -986712
14.76 -675379
14.77 -308746
14.78 -71895.7
14.79 209632
14.8 309976
14.81 265603
14.82 219057
14.83 27875.8
14.84 -178886
14.85 -291890
14.86 -397760
14.87 -298184
14.88 -113682
14.89 -64211.5
14.9 128217
14.91 164148
14.92 41646.1
14.93 -186347
14.94 -593464
14.95 -797083
14.96 -1.0156e+006
14.97 -1.15086e+006
14.98 -1.04886e+006
14.99 -880225
15 -388175
15.01 79853.6
15.02 302404
15.03 632179
15.04 806554
15.05 833976
15.06 785413
15.07 493407
15.08 266580
15.09 129368
15.1 65715.5
15.11 122163
15.12 68088.3
15.13 55111.9
15.14 81818.6
15.15 -34847.9
15.16 -100535
15.17 -311714
15.18 -632261
15.19 -769166
15.2 -800156
15.21 -714080
15.22 -592416
15.23 -388403
15.24 51295.6
15.25 474677
15.26 648444
15.27 731356
15.28 679579
15.29 594639
15.3 531469
15.31 416411
15.32 387353
15.33 260288
15.34 178531
15.35 193871
15.36 179729
15.37 98048
15.38 -151558
15.39 -373025
15.4 -553177
15.41 -799611
15.42 -1.00408e+006
15.43 -1.08019e+006
15.44 -1.10655e+006
15.45 -922629
15.46 -560846
15.47 -249967
15.48 60713
15.49 220269
15.5 274670
15.51 294163
15.52 128118
15.53 -71754.4
15.54 -262211
15.55 -410383
15.56 -511418
15.57 -618686
15.58 -512935
15.59 -397738
15.6 -378186
15.61 -304520
15.62 -385311
15.63 -538740
15.64 -647471
15.65 -772489
15.66 -794895
15.67 -801531
15.68 -826853
15.69 -565907
15.7 -264346
15.71 -74341
15.72 201226
15.73 252365
15.74 182744
15.75 77033.3
15.76 -135080
15.77 -355974
15.78 -722805
15.79 -925226
15.8 -961613
15.81 -967340
15.82 -883837
15.83 -892145
15.84 -858588
15.85 -774447
15.86 -752819
15.87 -781668
15.88 -842217
15.89 -971177
15.9 -982088
15.91 -853741
15.92 -788225
15.93 -516211
15.94 -154873
15.95 142798
15.96 415410
15.97 531507
15.98 437753
15.99 166888
16 -99279
16.01 -455314
16.02 -788643
16.03 -983951
16.04 -1.10129e+006
16.05 -1.00375e+006
16.06 -760717
16.07 -470163
16.08 -266392
16.09 -85189.8
16.1 47872.9
16.11 -12782.9
16.12 -137356
16.13 -329100
16.14 -458424
16.15 -511440
16.16 -530478
16.17 -372047
16.18 -88789
16.19 195484
16.2 466791
16.21 693825
16.22 593965
16.23 305260
16.24 -10740.9
16.25 -449417
16.26 -892178
16.27 -1.27206e+006
16.28 -1.33921e+006
16.29 -1.18394e+006
16.3 -908004
16.31 -433520
16.32 -19938.7
16.33 247704
16.34 513450
16.35 657789
16.36 523306
16.37 286875
16.38 -99262.3
16.39 -358480
16.4 -386175
16.41 -326603
16.42 -23940.6
16.43 268360
16.44 583082
16.45 828565
16.46 821357
16.47 659205
16.48 290851
16.49 -178088
16.5 -623760
16.51 -946992
16.52 -1.03102e+006
16.53 -945488
16.54 -729618
16.55 -249182
16.56 218338
16.57 546209
16.58 849660
16.59 818251
16.6 656767
16.61 532992
16.62 174762
16.63 -56154.6
16.64 -136438
16.65 -108013
16.66 138359
16.67 219788
16.68 338509
16.69 490618
16.7 420062
16.71 222583
16.72 -124219
16.73 -536366
16.74 -846559
16.75 -973793
16.76 -945104
16.77 -824933
16.78 -649912
16.79 -305684
16.8 -33039.6
16.81 99585.5
16.82 257637
16.83 214731
16.84 112466
16.85 57171.6
16.86 -15267
16.87 -58194.6
16.88 -128916
16.89 -74696.8
16.9 127681
16.91 221992
16.92 161672
16.93 -26495.9
16.94 -235459
16.95 -447043
16.96 -731639
16.97 -923136
16.98 -1.00718e+006
16.99 -969859
17 -786863
17.01 -631488
17.02 -455220
17.03 -309485
17.04 -377506
17.05 -374222
17.06 -274897
17.07 -373795
17.08 -511134
17.09 -492054
17.1 -392410
17.11 -262748
17.12 -96566.9
17.13 6797.25
17.14 22615.6
17.15 -22124.2
17.16 -152371
17.17 -417528
17.18 -719717
17.19 -915703
17.2 -1.03474e+006
17.21 -1.05224e+006
17.22 -986243
17.23 -750082
17.24 -418151
17.25 -221512
17.26 -65777.6
17.27 -61010.7
17.28 -138519
17.29 -199294
17.3 -399368
17.31 -450107
17.32 -386446
17.33 -363759
17.34 -248170
17.35 -14233.2
17.36 190259
17.37 217651
17.38 150881
17.39 -1288.49
17.4 -162415
17.41 -465978
17.42 -787269
17.43 -999891
17.44 -1.15805e+006
17.45 -1.04498e+006
17.46 -893279
17.47 -661022
17.48 -394890
17.49 -278730
17.5 -155599
17.51 -87027.5
17.52 -111526
17.53 -195838
17.54 -267516
17.55 -312262
17.56 -287913
17.57 -162425
17.58 -36116.8
17.59 68123.4
17.6 277498
17.61 460450
17.62 371840
17.63 226211
17.64 80808.4
17.65 -172388
17.66 -388457
17.67 -592914
17.68 -728601
17.69 -718435
17.7 -624948
17.71 -464008
17.72 -246913
17.73 17327.6
17.74 153310
17.75 253262
17.76 296014
17.77 209606
17.78 80440
17.79 -61997.7
17.8 -73203.5
17.81 -84758.5
17.82 -60113.4
17.83 21375.4
17.84 121089
17.85 206831
17.86 226083
17.87 192302
17.88 72361.7
17.89 -77635.5
17.9 -261997
17.91 -384806
17.92 -645398
17.93 -760662
17.94 -549981
17.95 -475574
17.96 -292428
17.97 -37750.2
17.98 56388.9
17.99 155771
18 241255
18.01 198785
18.02 36159.1
18.03 -129012
18.04 -287148
18.05 -420083
18.06 -393635
18.07 -345237
18.08 -357600
18.09 -217026
18.1 -57186.2
18.11 -42771.7
18.12 -84061.7
18.13 -168964
18.14 -289274
18.15 -432247
18.16 -544375
18.17 -545345
18.18 -508403
18.19 -443948
18.2 -285546
18.21 -78690
18.22 108150
18.23 198140
18.24 238856
18.25 233721
18.26 113546
18.27 -46571.5
18.28 -189115
18.29 -295015
18.3 -350584
18.31 -317411
18.32 -300229
18.33 -349158
18.34 -248221
18.35 -168393
18.36 -252399
18.37 -274440
18.38 -326447
18.39 -392310
18.4 -404792
18.41 -429372
18.42 -327722
18.43 -319576
18.44 -315571
18.45 -140709
18.46 -189091
18.47 -188834
18.48 -184884
18.49 -330625
18.5 -272996
18.51 -295254
18.52 -295377
18.53 -247927
18.54 -265212
18.55 -109864
18.56 -55937
18.57 -97310.9
18.58 -112668
18.59 -226019
18.6 -331299
18.61 -378624
18.62 -481483
18.63 -523722
18.64 -465281
18.65 -398693
18.66 -251601
18.67 -225156
18.68 -203592
18.69 -181522
18.7 -309457
18.71 -215264
18.72 -216154
18.73 -355088
18.74 -349556
18.75 -319178
18.76 -143197
18.77 -114695
18.78 -67413.9
18.79 100423
18.8 73386
18.81 26422.8
18.82 -108492
18.83 -253693
18.84 -392530
18.85 -521708
18.86 -554572
18.87 -520694
18.88 -388770
18.89 -255852
18.9 -129254
18.91 -26186.4
18.92 4739.21
18.93 -41104.4
18.94 -93910.9
18.95 -217065
18.96 -285698
18.97 -302637
18.98 -379441
18.99 -265497
19 -134576
19.01 -53831.1
19.02 95597.2
19.03 121488
19.04 95193.4
19.05 129823
19.06 43974.8
19.07 -117672
19.08 -307269
19.09 -405317
19.1 -440416
19.11 -500466
19.12 -322437
19.13 -227604
19.14 -178181
19.15 -34308.1
19.16 -48873.6
19.17 -18218.6
19.18 -71874.4
19.19 -180334
19.2 -143811
19.21 -141070
19.22 -76246.9
19.23 -52173
19.24 -11443.5
19.25 164807
19.26 178313
19.27 257595
19.28 274443
19.29 125309
19.3 90827
19.31 -96736.9
19.32 -347753
19.33 -421523
19.34 -535321
19.35 -564440
19.36 -446184
19.37 -404098
19.38 -216045
19.39 -135653
19.4 -86167.3
19.41 46508.9
19.42 -31170
19.43 48902
19.44 -51876.8
19.45 -131592
19.46 47370.4
19.47 -61617.8
19.48 -13550
19.49 90528.6
19.5 41153.6
19.51 130238
19.52 20867.2
19.53 -82452.3
19.54 -105450
19.55 -336131
19.56 -390958
19.57 -520449
19.58 -702294
19.59 -583674
19.6 -560794
19.61 -411768
19.62 -228523
19.63 -189245
19.64 50676.7
19.65 111981
19.66 135321
19.67 223604
19.68 60700.7
19.69 45822.3
19.7 24077
19.71 -106203
19.72 -105415
19.73 -248239
19.74 -318234
19.75 -275712
19.76 -355714
19.77 -354920
19.78 -490686
19.79 -644573
19.8 -629184
19.81 -803867
19.82 -835074
19.83 -737401
19.84 -778612
19.85 -607607
19.86 -476161
19.87 -388246
19.88 -202784
19.89 -176895
19.9 -31664.6
19.91 42649.6
19.92 30462.6
19.93 156739
19.94 120842
19.95 159909
19.96 209183
19.97 109259
19.98 62831.9
19.99 -30298.5
20 -148784
