0.01 -0.00507605 -0.00314339 0.00876796
0.02 -0.0288369 -0.0179825 0.0481085
0.03 -0.073487 -0.0513694 0.136112
0.04 -0.11126 -0.101371 0.278985
0.05 -0.103765 -0.15388 0.472776
0.06 -0.0298946 -0.183794 0.697173
0.07 0.102525 -0.175483 0.886892
0.08 0.259464 -0.140361 0.912592
0.09 0.399439 -0.102689 0.662768
0.1 0.489049 -0.0780784 0.123871
0.11 0.498398 -0.0645685 -0.642602
0.12 0.397275 -0.0462907 -1.51169
0.13 0.182032 -0.0152882 -2.32008
0.14 -0.100602 0.0142982 -2.94582
0.15 -0.36879 0.0206355 -3.32252
0.16 -0.537206 -0.00567566 -3.40984
0.17 -0.556513 -0.0541076 -3.20097
0.18 -0.435516 -0.103341 -2.70922
0.19 -0.218801 -0.135873 -1.92904
0.2 0.0383454 -0.143421 -0.836276
0.21 0.278455 -0.128038 0.570056
0.22 0.454824 -0.0964641 2.23585
0.23 0.539198 -0.0574428 4.0088
0.24 0.52076 -0.0299892 5.58756
0.25 0.400098 -0.0263565 6.64047
0.26 0.181391 -0.0304644 6.98074
0.27 -0.111537 -0.0233457 6.57989
0.28 -0.416924 -0.00737458 5.56922
0.29 -0.648569 0.0037744 4.22353
0.3 -0.725833 -0.00312012 2.81121
0.31 -0.610074 -0.0283051 1.47866
0.32 -0.325195 -0.0563693 0.261721
0.33 0.0550268 -0.0756499 -0.887995
0.34 0.43237 -0.0880859 -2.06428
0.35 0.712774 -0.0986461 -3.29003
0.36 0.831201 -0.105298 -4.44697
0.37 0.762256 -0.10435 -5.3397
0.38 0.522944 -0.100548 -5.78067
0.39 0.165817 -0.0968681 -5.65265
0.4 -0.238455 -0.0819623 -4.97451
0.41 -0.607279 -0.0479621 -3.88154
0.42 -0.851555 -0.0113427 -2.50951
0.43 -0.904738 -0.00225362 -0.952854
0.44 -0.749128 -0.0371292 0.716791
0.45 -0.415964 -0.103091 2.4545
0.46 0.0283603 -0.168879 4.18447
0.47 0.493655 -0.205407 5.74571
0.48 0.875877 -0.196063 6.92791
0.49 1.07369 -0.141017 7.51459
0.5 1.01474 -0.0519929 7.33776
0.51 0.697401 0.0484746 6.37235
0.52 0.211149 0.124567 4.7547
0.53 -0.306383 0.151997 2.6955
0.54 -0.728463 0.135378 0.406881
0.55 -0.963449 0.0912307 -1.90534
0.56 -0.963257 0.0312138 -4.04938
0.57 -0.729559 -0.042627 -5.88841
0.58 -0.313121 -0.126991 -7.30593
0.59 0.194925 -0.205469 -8.15634
0.6 0.690001 -0.262812 -8.34387
0.61 1.07127 -0.295403 -7.87795
0.62 1.23797 -0.30679 -6.85775
0.63 1.11172 -0.301755 -5.4841
0.64 0.67746 -0.274177 -4.01833
0.65 0.0209538 -0.223225 -2.67601
0.66 -0.669612 -0.1779 -1.56622
0.67 -1.18292 -0.160459 -0.64517
0.68 -1.37452 -0.147879 0.278188
0.69 -1.20205 -0.108698 1.38384
0.7 -0.722355 -0.0542682 2.72731
0.71 -0.0608365 -0.029861 4.23561
0.72 0.618789 -0.0612328 5.70908
0.73 1.15405 -0.127949 6.90183
0.74 1.44488 -0.193759 7.64218
0.75 1.45834 -0.230814 7.86586
0.76 1.19104 -0.217528 7.56641
0.77 0.675966 -0.156385 6.76208
0.78 0.00219293 -0.0805916 5.4734
0.79 -0.684369 -0.0300358 3.72123
0.8 -1.20497 -0.0331566 1.60962
0.81 -1.42915 -0.089871 -0.675082
0.82 -1.33983 -0.175361 -2.95272
0.83 -1.00546 -0.283819 -5.01107
0.84 -0.529112 -0.449921 -6.5835
0.85 -0.0267015 -0.685484 -7.4919
0.86 0.384488 -0.906184 -7.71553
0.87 0.60554 -0.979488 -7.33999
0.88 0.592696 -0.842888 -6.56046
0.89 0.374055 -0.54982 -5.58656
0.9 0.0286964 -0.213649 -4.45923
0.91 -0.349352 0.0802213 -3.11228
0.92 -0.67762 0.305241 -1.51746
0.93 -0.877771 0.438886 0.351484
0.94 -0.875457 0.419602 2.46036
0.95 -0.634982 0.209126 4.58859
0.96 -0.174416 -0.137754 6.49648
0.97 0.432828 -0.507808 8.02406
0.98 1.05666 -0.804124 8.93959
0.99 1.55263 -0.966873 9.07534
1 1.81498 -0.962599 8.5001
1.01 1.7855 -0.786766 7.31222
1.02 1.45032 -0.462526 5.53998
1.03 0.856942 -0.0593444 3.2797
1.04 0.121482 0.295061 0.68799
1.05 -0.590047 0.501954 -2.08434
1.06 -1.10237 0.560773 -4.83
1.07 -1.28612 0.50325 -7.3153
1.08 -1.0953 0.347589 -9.41345
1.09 -0.565253 0.127867 -11.0496
1.1 0.212843 -0.103521 -12.124
1.11 1.0805 -0.273283 -12.598
1.12 1.79913 -0.301062 -12.4637
1.13 2.13947 -0.169726 -11.6447
1.14 1.99833 0.0669783 -10.062
1.15 1.42728 0.346115 -7.7259
1.16 0.585681 0.618429 -4.75451
1.17 -0.33287 0.851183 -1.37322
1.18 -1.14478 1.03227 2.1132
1.19 -1.68243 1.14569 5.4143
1.2 -1.81905 1.16057 8.39507
1.21 -1.5256 1.05607 11.0455
1.22 -0.897228 0.846519 13.3168
1.23 -0.105174 0.576768 15.0874
1.24 0.671514 0.276204 16.1314
1.25 1.25387 -0.0426886 16.0973
1.26 1.45978 -0.338538 14.6766
1.27 1.14969 -0.555034 11.7497
1.28 0.287358 -0.652827 7.40652
1.29 -0.992839 -0.617992 2.04075
1.3 -2.39087 -0.479808 -3.6471
1.31 -3.53562 -0.292775 -8.9042
1.32 -4.0719 -0.0891727 -13.1422
1.33 -3.78635 0.10516 -16.004
1.34 -2.71621 0.23055 -17.3465
1.35 -1.11512 0.2196 -17.2193
1.36 0.648012 0.0470294 -15.8184
1.37 2.19803 -0.231011 -13.2731
1.38 3.24895 -0.482055 -9.60178
1.39 3.63032 -0.578081 -4.89908
1.4 3.29728 -0.450306 0.647548
1.41 2.35569 -0.0973833 6.70163
1.42 1.03668 0.407771 12.6707
1.43 -0.356714 0.919077 17.863
1.44 -1.49492 1.25349 21.6444
1.45 -2.08913 1.28466 23.5855
1.46 -1.96773 0.996043 23.6267
1.47 -1.15836 0.470549 21.9777
1.48 0.0678038 -0.129741 18.9926
1.49 1.31134 -0.617747 15.0991
1.5 2.23135 -0.843583 10.6291
1.51 2.63488 -0.738155 5.77484
1.52 2.47807 -0.32925 0.640315
1.53 1.81727 0.257423 -4.72967
1.54 0.781217 0.814946 -10.2118
1.55 -0.418853 1.14686 -15.4605
1.56 -1.53695 1.14995 -19.9661
1.57 -2.37586 0.82402 -23.1192
1.58 -2.82514 0.283691 -24.2421
1.59 -2.84955 -0.277133 -22.9042
1.6 -2.47362 -0.68607 -19.1515
1.61 -1.77427 -0.857171 -13.415
1.62 -0.872567 -0.816796 -6.45997
1.63 0.0646854 -0.665129 0.796383
1.64 0.852993 -0.482776 7.59877
1.65 1.32532 -0.315122 13.4116
1.66 1.34832 -0.210633 17.8493
1.67 0.88668 -0.206765 20.7457
1.68 0.0630635 -0.308361 22.1335
1.69 -0.886527 -0.476996 22.0502
1.7 -1.70675 -0.610934 20.569
1.71 -2.19129 -0.59465 17.874
1.72 -2.22751 -0.374046 14.1278
1.73 -1.7891 0.0179781 9.48422
1.74 -0.907497 0.459763 4.20959
1.75 0.304154 0.803061 -1.35914
1.76 1.6494 0.948566 -6.90107
1.77 2.88535 0.867847 -12.1021
1.78 3.7464 0.603885 -16.6402
1.79 4.01184 0.237247 -20.193
1.8 3.60556 -0.141871 -22.436
1.81 2.6245 -0.425095 -23.113
1.82 1.27915 -0.497244 -22.1014
1.83 -0.181211 -0.278968 -19.4174
1.84 -1.51397 0.225667 -15.251
1.85 -2.49087 0.909054 -9.99495
1.86 -2.91748 1.59921 -4.21163
1.87 -2.69225 2.11462 1.53677
1.88 -1.85625 2.29675 6.86977
1.89 -0.605611 2.07166 11.5658
1.9 0.764525 1.49798 15.5025
1.91 1.92939 0.748836 18.596
1.92 2.56942 0.0548378 20.6616
1.93 2.45877 -0.39154 21.379
1.94 1.57673 -0.489677 20.404
1.95 0.132617 -0.206102 17.6071
1.96 -1.51077 0.440662 13.2247
1.97 -2.97361 1.37235 7.75066
1.98 -3.95795 2.44784 1.90583
1.99 -4.27201 3.47801 -3.52158
2 -3.85648 4.2787 -8.04041
2.01 -2.81165 4.70745 -11.4618
2.02 -1.37403 4.67017 -13.8445
2.03 0.136675 4.14627 -15.4964
2.04 1.39053 3.20887 -16.6174
2.05 2.10554 2.04155 -17.1127
2.06 2.0815 0.923016 -16.7925
2.07 1.27054 0.131719 -15.3813
2.08 -0.171306 -0.15853 -12.5413
2.09 -1.91838 0.0944256 -8.26879
2.1 -3.55809 0.832958 -3.07271
2.11 -4.69881 1.91017 2.34196
2.12 -5.07369 3.08736 7.34997
2.13 -4.61483 4.08113 11.5171
2.14 -3.48933 4.64524 14.7083
2.15 -2.06379 4.61425 16.9596
2.16 -0.788731 3.93149 18.1787
2.17 -0.0576163 2.66639 18.1006
2.18 -0.125141 0.968488 16.3946
2.19 -1.01862 -0.982637 12.8286
2.2 -2.45413 -3.01871 7.53881
2.21 -3.92476 -4.99605 1.12499
2.22 -4.89093 -6.75913 -5.48754
2.23 -5.00964 -8.10738 -11.3517
2.24 -4.28392 -8.83399 -15.836
2.25 -2.94512 -8.7387 -18.7703
2.26 -1.27998 -7.63519 -20.4376
2.27 0.430147 -5.44703 -21.2875
2.28 1.93485 -2.19948 -21.4726
2.29 3.02295 1.91796 -20.6833
2.3 3.57305 6.38483 -18.3456
2.31 3.62313 10.4173 -14.0427
2.32 3.34097 13.3335 -7.82064
2.33 2.92912 14.919 -0.298195
2.34 2.58825 15.4246 7.2626
2.35 2.46973 15.1123 13.4925
2.36 2.55587 13.7335 17.655
2.37 2.5816 10.9635 19.6418
2.38 2.10876 7.38064 19.9005
2.39 0.787417 4.16945 19.2579
2.4 -1.43775 2.07176 18.0558
2.41 -4.27333 1.09358 15.929
2.42 -7.16613 0.770971 12.4887
2.43 -9.51758 0.793741 7.5378
2.44 -10.7974 1.21454 1.16218
2.45 -10.6843 1.75819 -5.83316
2.46 -9.24927 1.93703 -12.069
2.47 -6.87676 1.7803 -16.3423
2.48 -4.07966 1.55513 -18.1446
2.49 -1.38678 1.36031 -17.7252
2.5 0.813008 1.12701 -15.8866
2.51 2.37055 0.60461 -13.4638
2.52 3.29757 -0.0951062 -10.7168
2.53 3.66902 -0.324644 -7.24329
2.54 3.6134 0.0446362 -2.33695
2.55 3.25972 0.312173 4.34256
2.56 2.73739 -0.027903 12.1435
2.57 2.23824 -0.819869 19.6933
2.58 1.9282 -1.70307 25.3834
2.59 1.91786 -2.48417 27.6345
2.6 2.25182 -3.14402 25.7494
2.61 2.82161 -3.44186 20.5389
2.62 3.46665 -2.83357 13.7658
2.63 4.0608 -1.32754 7.13348
2.64 4.44385 0.407265 1.63444
2.65 4.50225 2.00695 -2.63574
2.66 4.30172 3.52348 -6.39233
2.67 3.97512 5.0346 -10.5825
2.68 3.60397 6.51085 -15.383
2.69 3.28216 7.62283 -19.9434
2.7 3.17706 8.16172 -23.0038
2.71 3.49372 8.37047 -23.3541
2.72 4.29727 8.40559 -20.2746
2.73 5.46302 8.13531 -14.1497
2.74 6.81497 7.3442 -6.44992
2.75 8.07604 5.96003 1.14131
2.76 8.8601 4.12929 7.62517
2.77 8.82748 1.82816 12.8012
2.78 7.75594 -1.15291 16.9753
2.79 5.53692 -4.56778 20.6588
2.8 2.26827 -7.59526 23.8602
2.81 -1.60365 -9.57738 25.7241
2.82 -5.51711 -10.5687 25.2222
2.83 -8.85778 -10.9235 21.9124
2.84 -10.8853 -10.5253 16.1336
2.85 -11.1206 -8.94819 8.83208
2.86 -9.40609 -6.3433 1.42296
2.87 -5.98846 -3.62893 -4.65324
2.88 -1.59891 -1.75794 -8.96863
2.89 3.04462 -1.04199 -12.1326
2.9 7.22418 -1.2977 -14.8277
2.91 10.1506 -2.42272 -17.6094
2.92 11.428 -4.39489 -20.672
2.93 11.0879 -6.76673 -23.1865
2.94 9.37046 -8.66065 -23.7008
2.95 6.76781 -9.39249 -21.2046
2.96 4.00572 -8.85131 -15.7792
2.97 1.75923 -7.3828 -8.58898
2.98 0.533189 -5.36212 -1.19457
2.99 0.552516 -2.90672 4.98187
3 1.57051 -0.429071 9.14712
3.01 3.19664 1.15803 11.6544
3.02 5.0722 1.4842 13.3756
3.03 6.71883 1.05053 14.9994
3.04 7.69779 0.342758 16.8217
3.05 7.69692 -0.502624 18.2557
3.06 6.5431 -1.46467 18.229
3.07 4.44559 -2.31206 15.9585
3.08 1.97174 -2.35706 11.356
3.09 -0.406405 -1.29868 5.53612
3.1 -2.23358 0.281593 0.0134026
3.11 -2.96143 1.93126 -4.30536
3.12 -2.43133 3.59102 -6.84536
3.13 -0.829707 5.08101 -7.82262
3.14 1.38731 6.10333 -8.47642
3.15 3.55223 6.38312 -9.71483
3.16 5.18244 5.96216 -11.4561
3.17 5.73279 5.26386 -13.0864
3.18 4.66165 4.55665 -13.7064
3.19 2.00595 3.61666 -12.2017
3.2 -1.67842 2.09753 -8.10656
3.21 -5.61815 0.0809152 -2.41835
3.22 -9.06326 -2.07129 3.3223
3.23 -11.5004 -4.1091 7.92934
3.24 -12.6652 -5.76703 10.7335
3.25 -12.3986 -6.63826 12.0802
3.26 -10.7891 -6.25258 12.8781
3.27 -8.26822 -4.37429 13.8413
3.28 -5.32322 -1.44141 15.3356
3.29 -2.55749 1.77939 16.8344
3.3 -0.674152 4.83466 17.1116
3.31 -0.0786729 7.37237 15.2374
3.32 -0.767553 8.82518 10.9657
3.33 -2.44528 8.67626 4.96643
3.34 -4.53065 6.93114 -1.30344
3.35 -6.28465 4.20276 -6.39392
3.36 -7.23827 1.29273 -9.49397
3.37 -7.02355 -1.08944 -10.7193
3.38 -5.41284 -2.36527 -10.8795
3.39 -2.92496 -2.12556 -10.9597
3.4 -0.245557 -0.284514 -11.5783
3.41 2.05484 2.58919 -12.4646
3.42 3.28932 5.45353 -12.7927
3.43 3.22339 7.47911 -11.735
3.44 1.96064 8.28186 -8.7368
3.45 -0.240202 7.85345 -4.02038
3.46 -2.80042 6.31765 1.48696
3.47 -5.11444 3.79801 6.66383
3.48 -6.65159 0.956139 10.653
3.49 -7.02244 -1.11589 13.3305
3.5 -6.07086 -1.76147 15.1966
3.51 -3.91116 -1.07719 16.8143
3.52 -0.968942 0.380982 18.2825
3.53 2.07359 2.15736 19.3359
3.54 4.389 3.75698 19.6887
3.55 5.38138 4.35825 18.5884
3.56 4.80072 3.42504 15.2443
3.57 2.59335 1.1745 10.006
3.58 -0.944897 -1.529 3.67956
3.59 -5.05814 -3.85115 -3.13022
3.6 -8.73725 -5.51644 -9.51751
3.61 -11.0994 -6.37952 -14.7902
3.62 -11.6302 -6.30038 -18.8124
3.63 -10.2596 -5.38247 -21.3739
3.64 -7.33193 -3.91121 -22.1863
3.65 -3.5049 -2.49566 -21.0585
3.66 0.314839 -1.80552 -17.8341
3.67 3.27938 -1.94635 -12.808
3.68 4.81957 -2.76914 -6.79782
3.69 4.66915 -4.30546 -0.552461
3.7 3.16027 -6.37044 5.06647
3.71 1.05103 -8.26351 9.22011
3.72 -0.943028 -9.05418 12.1026
3.73 -2.10778 -8.32784 14.3658
3.74 -1.87759 -6.52724 16.3459
3.75 -0.174793 -4.18769 18.4987
3.76 2.56024 -1.51084 20.6899
3.77 5.57112 1.0513 21.691
3.78 8.11129 2.57117 20.4614
3.79 9.52776 2.41841 16.6573
3.8 9.23082 0.920887 10.4028
3.81 6.93895 -1.1879 2.63625
3.82 2.91996 -3.3838 -5.03403
3.83 -2.10737 -5.24244 -11.0718
3.84 -7.16067 -6.36048 -14.901
3.85 -11.0391 -6.33896 -17.03
3.86 -12.614 -5.12623 -18.1096
3.87 -11.366 -3.27284 -18.7762
3.88 -7.56815 -1.58787 -19.465
3.89 -1.83746 -0.770261 -19.6118
3.9 4.93215 -0.946546 -18.1345
3.91 11.1723 -1.80403 -14.2938
3.92 15.3849 -3.15602 -8.15393
3.93 16.9481 -4.78865 -0.768535
3.94 15.9964 -6.15727 6.31405
3.95 13.1102 -6.57484 11.6632
3.96 8.85086 -5.7637 14.5815
3.97 3.89457 -4.13815 15.2929
3.98 -0.808534 -2.32146 14.8296
3.99 -4.28853 -0.583749 14.5863
4 -5.75446 0.863779 14.9646
4.01 -4.93624 1.59699 15.2012
4.02 -1.94969 1.26343 14.1751
4.03 2.64269 -0.220178 10.775
4.04 7.6476 -2.10807 4.82986
4.05 11.6968 -3.36213 -2.82531
4.06 13.5768 -3.80074 -10.8534
4.07 12.9476 -3.44168 -17.2819
4.08 10.4696 -2.1362 -20.8305
4.09 6.72562 0.170884 -21.7817
4.1 2.26623 3.08554 -20.9947
4.11 -1.84719 5.4006 -19.5943
4.12 -4.29473 6.38008 -18.2547
4.13 -4.16015 6.21138 -16.5074
4.14 -1.6844 5.21217 -13.6366
4.15 2.36428 3.73722 -8.90686
4.16 7.42279 1.86736 -1.93013
4.17 12.4065 0.0438117 6.2191
4.18 15.8481 -0.58465 13.6293
4.19 16.7167 0.237996 18.6732
4.2 14.7985 1.90158 20.4489
4.21 10.6381 3.97837 19.2537
4.22 4.74461 6.01331 16.297
4.23 -2.20775 7.67974 13.0917
4.24 -8.8695 8.61242 10.8576
4.25 -13.7511 8.17208 9.50856
4.26 -15.7013 6.30485 7.80293
4.27 -14.7966 3.68995 4.63778
4.28 -12.4103 1.17295 -0.217585
4.29 -9.59911 -0.908105 -6.0963
4.3 -6.43878 -2.54043 -11.9375
4.31 -2.85099 -3.24433 -16.5041
4.32 0.169113 -2.81524 -18.579
4.33 0.931444 -1.44622 -18.1331
4.34 -0.771242 0.440438 -16.4112
4.35 -3.79366 1.83113 -14.7367
4.36 -7.46051 2.64059 -13.8031
4.37 -11.4424 3.28319 -13.0991
4.38 -14.7514 3.16179 -11.4453
4.39 -15.9837 2.18756 -7.93745
4.4 -14.921 0.857665 -1.88753
4.41 -12.823 -0.51413 6.2873
4.42 -10.5964 -1.28948 14.8701
4.43 -8.07766 -1.49224 22.0119
4.44 -5.15184 -1.62658 26.0924
4.45 -2.63153 -1.41141 26.769
4.46 -1.5973 -0.751116 24.9867
4.47 -2.14085 -0.0552759 21.5072
4.48 -3.24419 0.398546 17.1037
4.49 -3.78606 0.400306 12.3415
4.5 -3.46134 0.209993 6.87203
4.51 -2.53875 0.141281 0.000490032
4.52 -1.14421 -0.11707 -8.42173
4.53 0.759946 -0.754283 -17.2855
4.54 2.83111 -1.50697 -24.9351
4.55 4.21306 -1.98603 -30.1145
4.56 4.69285 -2.09793 -32.0335
4.57 4.94331 -2.19004 -30.6356
4.58 4.72776 -2.41666 -26.5623
4.59 3.12785 -2.45059 -21.2634
4.6 0.540251 -1.88519 -15.9484
4.61 -1.52835 -0.868616 -10.2141
4.62 -1.9902 0.202325 -3.5333
4.63 -1.42601 1.49264 4.11251
4.64 -1.16885 3.28444 12.5316
4.65 -0.858615 5.41478 20.416
4.66 0.404532 7.24767 26.1681
4.67 2.02463 8.23205 28.5662
4.68 2.95606 8.50463 26.9685
4.69 2.55388 8.17619 22.4014
4.7 0.864098 7.02122 16.806
4.71 -1.48598 5.0933 11.9557
4.72 -4.26426 2.66607 8.62735
4.73 -7.2988 0.232953 6.02428
4.74 -9.67164 -1.4899 3.0687
4.75 -10.3178 -2.56572 -1.36674
4.76 -9.21302 -3.42514 -8.11645
4.77 -7.31331 -3.77604 -16.0131
4.78 -5.20912 -3.65458 -22.7008
4.79 -2.80415 -3.38221 -26.2199
4.8 -0.203947 -3.18712 -25.5781
4.81 1.38657 -3.52859 -21.2743
4.82 0.253707 -3.96749 -14.8464
4.83 -3.35552 -4.01923 -8.03702
4.84 -7.38774 -4.16586 -2.20492
4.85 -10.806 -4.58711 2.12843
4.86 -13.5172 -5.00206 5.90267
4.87 -14.7788 -5.10872 10.8236
4.88 -13.7203 -4.75079 16.9164
4.89 -10.2991 -4.02964 22.9669
4.9 -5.26889 -3.0966 27.7235
4.91 0.293617 -1.88752 29.1999
4.92 5.59882 -0.40738 26.2244
4.93 9.61801 0.831286 19.2119
4.94 10.6696 1.22404 9.352
4.95 8.20276 0.679048 -0.987859
4.96 3.35081 -0.270583 -9.88963
4.97 -2.33775 -1.37634 -17.0788
4.98 -7.40656 -2.76978 -22.8247
4.99 -11.225 -4.18138 -27.5028
5 -13.6298 -5.2333 -31.1841
5.01 -13.5791 -5.51892 -33.6856
5.02 -10.2923 -5.24145 -34.0528
5.03 -4.71378 -4.9253 -30.5196
5.04 1.26984 -4.29387 -22.9098
5.05 6.08309 -3.34611 -12.4992
5.06 9.17224 -2.512 -0.750825
5.07 10.4506 -2.12633 10.2719
5.08 9.42136 -2.47126 19.0775
5.09 6.327 -3.155 25.118
5.1 2.80604 -3.57161 28.2557
5.11 -0.0281608 -3.86467 29.7045
5.12 -2.39513 -4.27712 30.7891
5.13 -4.03501 -4.48214 31.0225
5.14 -3.63819 -4.35178 29.3028
5.15 -0.665484 -3.83907 24.8511
5.16 3.92355 -3.02959 17.1549
5.17 8.48126 -2.56202 6.85575
5.18 11.6409 -2.35042 -4.7475
5.19 13.1226 -1.96796 -16.2464
5.2 13.3519 -1.73609 -25.4599
5.21 12.6737 -2.00004 -31.3452
5.22 11.2883 -2.54168 -34.7462
5.23 9.3118 -2.85 -36.2668
5.24 6.77035 -2.711 -36.4116
5.25 4.18797 -2.3054 -35.2565
5.26 2.68571 -2.05838 -31.9005
5.27 2.82677 -1.83099 -25.9064
5.28 4.52382 -1.18543 -16.8555
5.29 7.29611 -0.579719 -4.92635
5.3 10.038 -0.328921 7.77284
5.31 11.9437 -0.246274 19.2174
5.32 13.0146 -0.152466 28.2356
5.33 13.3993 0.165772 34.2047
5.34 12.9771 0.362516 37.4025
5.35 11.6334 0.115935 38.3725
5.36 9.62807 -0.184677 38.1236
5.37 7.48641 -0.156484 37.1857
5.38 5.7816 0.22119 34.3802
5.39 4.86865 0.744721 28.3563
5.4 4.86591 0.979914 18.6452
5.41 5.59461 0.960788 6.03025
5.42 6.35357 1.11745 -7.71836
5.43 6.51911 0.981241 -20.8736
5.44 6.07783 0.299174 -31.5257
5.45 5.20862 -0.139334 -38.0931
5.46 4.02001 -0.0532301 -40.4878
5.47 2.67715 0.355928 -39.821
5.48 1.28522 0.946066 -37.1907
5.49 0.0408476 1.48253 -32.7668
5.5 -0.552227 2.05405 -26.138
5.51 0.0565987 2.92175 -16.9494
5.52 1.98723 3.68641 -5.38503
5.53 4.38967 3.77734 7.70764
5.54 6.16334 3.41632 20.9382
5.55 7.06299 2.94937 31.7841
5.56 7.33731 2.37847 37.8811
5.57 7.01164 1.78756 39.1142
5.58 5.82499 1.32663 36.3926
5.59 3.88468 1.32153 30.627
5.6 1.5212 2.12242 23.5016
5.61 -0.991237 3.40991 16.5109
5.62 -2.64167 4.48584 9.77558
5.63 -2.74061 5.14084 2.66107
5.64 -1.88468 5.59095 -5.2667
5.65 -0.574836 5.92274 -13.8733
5.66 0.886304 5.8613 -21.8559
5.67 1.95934 5.30291 -27.1691
5.68 2.45163 4.65466 -29.1607
5.69 2.18345 4.14815 -27.6835
5.7 0.826455 3.72789 -22.2687
5.71 -1.44247 3.32877 -14.4867
5.72 -4.25105 2.95782 -6.42954
5.73 -7.16534 3.0374 1.25377
5.74 -9.292 3.77157 8.39989
5.75 -10.0589 4.48312 15.5118
5.76 -9.63183 4.73006 22.6757
5.77 -8.3788 4.91234 29.1226
5.78 -6.87521 5.30643 34.1566
5.79 -5.5366 5.82147 36.6385
5.8 -4.33346 6.25419 35.473
5.81 -3.30612 6.33795 30.0732
5.82 -2.6428 6.08057 21.3752
5.83 -2.85865 5.63401 11.7274
5.84 -4.20493 4.95718 2.13185
5.85 -5.80599 3.99444 -6.51253
5.86 -6.86758 3.09751 -13.0793
5.87 -7.14284 2.71008 -18.0922
5.88 -6.65261 2.76827 -21.7238
5.89 -6.06378 3.18438 -24.1514
5.9 -5.83869 3.92229 -25.4427
5.91 -5.92 4.80887 -24.028
5.92 -5.97507 5.94784 -19.7748
5.93 -5.66226 7.11543 -13.67
5.94 -5.50788 7.62476 -6.1188
5.95 -5.96856 7.38154 1.58154
5.96 -6.67949 6.53178 8.25982
5.97 -7.13836 4.95407 13.0697
5.98 -6.87491 2.94289 15.4758
5.99 -6.14024 0.954744 16.5861
6 -5.42227 -0.631603 17.3472
6.01 -4.47198 -1.28099 17.4744
6.02 -3.46408 -1.14625 16.79
6.03 -2.69574 -0.737743 15.2463
6.04 -1.85053 -0.117821 12.5067
6.05 -1.02055 0.493683 8.46508
6.06 -0.387237 0.931571 3.51023
6.07 -0.173472 1.11375 -1.56355
6.08 -0.745142 0.674318 -5.62933
6.09 -1.77992 -0.222051 -8.58883
6.1 -2.70406 -1.12733 -11.3013
6.11 -2.89836 -2.03485 -13.6676
6.12 -2.37232 -2.82779 -15.6584
6.13 -1.92182 -3.25249 -17.4988
6.14 -1.54049 -3.26972 -18.381
6.15 -0.793535 -2.90845 -17.6136
6.16 0.380763 -2.39995 -14.2987
6.17 1.60368 -2.27778 -8.3079
6.18 2.11838 -2.67093 -1.69398
6.19 1.59123 -3.08465 4.44416
6.2 0.388371 -3.55833 9.76398
6.21 -0.878328 -4.26042 13.2015
6.22 -1.95126 -4.63498 14.8426
6.23 -2.45394 -4.67132 15.4095
6.24 -2.11165 -4.46999 15.715
6.25 -1.54668 -3.83254 16.3297
6.26 -0.699237 -3.30652 16.3584
6.27 0.989638 -2.95998 14.76
6.28 3.02159 -2.5801 11.2789
6.29 4.97193 -2.68874 6.10941
6.3 6.55071 -3.3054 -0.394654
6.31 7.03242 -4.2929 -7.38515
6.32 6.57212 -5.5246 -13.149
6.33 5.88479 -6.20595 -17.0449
6.34 5.1676 -6.09869 -19.4122
6.35 4.45267 -5.50033 -20.4647
6.36 3.7655 -4.34836 -21.0568
6.37 3.2771 -2.8286 -21.2003
6.38 3.24839 -1.35906 -20.306
6.39 3.84682 -0.312477 -18.6714
6.4 4.90276 -0.013977 -15.6477
6.41 6.05213 -0.298535 -10.3948
6.42 7.22224 -0.9443 -3.89299
6.43 7.73155 -1.93765 2.4466
6.44 7.20903 -3.03671 8.0394
6.45 6.48211 -3.96367 12.7639
6.46 5.85262 -4.44536 16.3836
6.47 5.36023 -4.26528 18.8388
6.48 4.94239 -3.43658 20.3162
6.49 4.32925 -2.23751 21.0187
6.5 4.13486 -1.06223 20.9429
6.51 4.86147 0.0461197 18.8754
6.52 6.15908 0.774311 14.1481
6.53 7.59641 0.642406 7.97722
6.54 8.58854 -0.0643542 1.20916
6.55 8.70867 -1.04461 -5.36053
6.56 8.36816 -2.04391 -10.524
6.57 7.91778 -2.78485 -13.686
6.58 7.19094 -3.4266 -14.7611
6.59 6.26729 -3.73473 -14.7273
6.6 5.35254 -3.37736 -14.4186
6.61 4.45594 -2.68721 -13.7722
6.62 3.79726 -1.90064 -12.6162
6.63 3.84985 -1.06195 -10.1596
6.64 4.43143 -0.467878 -6.25476
6.65 5.06173 -0.152592 -1.09043
6.66 5.4577 -0.00815506 5.44004
6.67 5.12614 -0.223336 11.7754
6.68 4.54245 -0.521181 16.3251
6.69 4.27975 -0.498874 18.8214
6.7 3.73831 -0.29129 19.4911
6.71 2.9677 0.0485384 18.9665
6.72 2.30789 0.434776 17.3961
6.73 1.65832 0.688418 15.3786
6.74 1.39002 0.899349 13.5874
6.75 1.67754 1.12353 11.2504
6.76 2.30147 1.16487 7.94496
6.77 3.19798 1.01699 3.39971
6.78 4.01763 1.00885 -2.01377
6.79 4.41217 1.10221 -6.50666
6.8 4.53104 1.02924 -10.0123
6.81 4.54236 0.876427 -12.5937
6.82 4.48475 0.833928 -13.126
6.83 4.19187 0.988874 -12.2485
6.84 3.32145 1.33118 -10.8783
6.85 2.01039 1.65295 -9.18198
6.86 1.04856 1.79062 -7.13185
6.87 1.09531 1.92644 -3.88683
6.88 1.83622 2.03046 0.662375
6.89 2.55392 2.0007 5.79928
6.9 3.24261 2.01351 11.2676
6.91 4.17528 2.01259 16.4456
6.92 5.229 2.1315 19.7334
6.93 6.19224 2.41217 20.2097
6.94 6.65057 2.58525 18.6407
6.95 6.26696 2.74965 15.6388
6.96 5.22066 2.89764 11.8499
6.97 3.63711 3.04415 8.25226
6.98 1.98532 3.15055 4.64563
6.99 0.716073 2.76368 1.22996
7 -0.374669 1.9425 -1.87962
7.01 -1.10022 1.05828 -5.72906
7.02 -1.34952 0.0196145 -9.87457
7.03 -1.22166 -1.04517 -13.0587
7.04 -0.384557 -1.70703 -14.6655
7.05 1.10689 -1.94751 -14.4889
7.06 2.73921 -1.6591 -13.0172
7.07 3.95148 -0.899269 -10.4671
7.08 4.39434 -0.154379 -7.26248
7.09 4.18604 0.510724 -4.33337
7.1 3.4645 1.10145 -1.92507
7.11 2.2827 1.4272 0.517069
7.12 0.905728 1.13075 4.04388
7.13 -0.458577 0.170749 8.3497
7.14 -1.67941 -1.15221 12.418
7.15 -2.33843 -2.88691 16.1962
7.16 -1.9863 -4.62067 18.6869
7.17 -0.526303 -6.16619 18.9115
7.18 1.55248 -7.59099 16.9462
7.19 3.21116 -8.32567 13.2414
7.2 3.90831 -8.64081 9.40759
7.21 4.00207 -8.82641 6.09875
7.22 3.59328 -8.56907 2.86522
7.23 2.60863 -8.07732 0.0954642
7.24 1.30473 -7.12925 -2.37377
7.25 -0.178389 -5.50219 -5.09183
7.26 -1.14237 -3.91839 -8.25742
7.27 -0.785174 -2.50098 -11.3678
7.28 0.721727 -0.980709 -12.9657
7.29 2.94756 0.135739 -12.5081
7.3 5.26487 0.741674 -10.3289
7.31 7.12331 0.793896 -6.83652
7.32 8.35826 0.199598 -2.5584
7.33 8.56873 -0.335844 1.93623
7.34 7.63029 -0.882729 5.8513
7.35 6.01846 -1.63679 9.22913
7.36 4.12959 -2.01954 12.4781
7.37 2.22443 -1.86788 15.8828
7.38 0.638769 -1.22275 19.6297
7.39 -0.00274007 -0.270068 22.3415
7.4 0.859246 0.694317 23.5439
7.41 2.70697 1.3523 23.7827
7.42 4.87923 1.58773 21.8942
7.43 6.93882 1.49155 18.1949
7.44 8.18477 0.772354 14.1193
7.45 8.73421 -0.458543 9.81818
7.46 8.43773 -1.72628 5.7185
7.47 6.90581 -2.87139 1.3635
7.48 4.56675 -3.7624 -3.69584
7.49 1.5807 -4.3527 -8.54408
7.5 -1.37681 -4.56135 -13.0282
7.51 -3.34966 -4.09758 -16.8777
7.52 -4.08883 -3.00719 -18.9355
7.53 -3.6096 -1.80616 -18.0401
7.54 -2.26819 -0.801076 -14.2202
7.55 -0.539329 -0.131911 -9.12591
7.56 0.98472 0.161916 -3.54526
7.57 2.05015 -0.0332211 1.95999
7.58 2.64129 -0.926309 6.42632
7.59 2.22612 -1.86813 10.0309
7.6 0.629737 -2.35505 12.6908
7.61 -1.51175 -2.48129 15.0357
7.62 -3.33766 -2.02798 17.837
7.63 -4.22903 -1.17792 19.7203
7.64 -4.10402 -0.175144 20.1738
7.65 -3.07716 1.05187 19.22
7.66 -1.15557 2.16284 16.301
7.67 1.22937 2.70691 12.0915
7.68 3.56509 2.6482 6.99033
7.69 5.60743 2.15579 1.54689
7.7 6.8854 1.35748 -3.10276
7.71 7.08261 0.525455 -7.28062
7.72 6.05492 -0.200037 -11.4139
7.73 3.96734 -0.677418 -15.008
7.74 1.35051 -0.531599 -17.3147
7.75 -1.17648 0.0836284 -17.751
7.76 -2.83021 0.60797 -16.1815
7.77 -3.53092 0.904079 -12.2701
7.78 -3.46087 1.28857 -6.07765
7.79 -2.54424 1.70317 1.11976
7.8 -0.907116 1.85849 7.40232
7.81 1.30283 2.00822 11.5442
7.82 3.3547 2.22196 13.929
7.83 4.369 2.45817 14.9894
7.84 4.26607 2.94335 14.7976
7.85 3.23037 3.38219 14.2461
7.86 1.34775 3.6454 14.0145
7.87 -0.765146 4.10297 13.778
7.88 -2.43867 4.59421 12.5947
7.89 -3.79174 4.94359 9.66596
7.9 -4.66421 5.22394 5.42477
7.91 -4.86567 5.31957 0.841805
7.92 -4.58995 5.55184 -3.47928
7.93 -3.74116 6.09919 -6.7781
7.94 -2.76661 6.57534 -8.22232
7.95 -2.54182 6.96748 -7.89414
7.96 -3.19413 7.14038 -6.85755
7.97 -4.36401 6.853 -5.90627
7.98 -5.86899 6.12432 -5.10714
7.99 -7.27308 4.6461 -4.06437
8 -8.21421 2.60739 -2.29464
8.01 -8.763 0.665564 0.151074
8.02 -8.44992 -0.973388 3.43865
8.03 -6.89693 -2.07664 7.54615
8.04 -4.47095 -2.43712 11.0279
8.05 -1.71576 -1.88111 12.8102
8.06 0.989735 -0.28883 12.8364
8.07 3.30696 1.88755 11.3455
8.08 4.49882 3.98875 9.35149
8.09 4.38813 5.507 7.25459
8.1 3.40591 6.23368 4.73819
8.11 1.82807 5.89694 2.48674
8.12 0.196834 4.25377 0.532641
8.13 -1.39117 1.84352 -2.35965
8.14 -2.80857 -0.783202 -5.9372
8.15 -3.2635 -3.10588 -8.75644
8.16 -2.66042 -4.39093 -10.1719
8.17 -1.206 -4.66944 -9.85033
8.18 0.75141 -4.03156 -7.93261
8.19 2.39799 -2.34281 -5.14904
8.2 3.49563 -0.173502 -2.03098
8.21 4.11507 1.95248 0.168601
8.22 4.18862 3.59978 0.588475
8.23 3.76209 4.1138 0.456003
8.24 2.80899 3.67689 0.868892
8.25 1.50718 2.47976 1.98842
8.26 0.406307 0.363936 4.05692
8.27 -0.202096 -1.91281 6.86398
8.28 -0.277462 -3.64248 9.61679
8.29 0.415898 -4.58621 11.1959
8.3 1.5495 -4.52201 10.8772
8.31 2.43904 -3.76586 9.12752
8.32 3.15821 -2.59468 6.95239
8.33 3.71118 -1.03545 5.12799
8.34 3.85585 0.424814 3.72368
8.35 3.46998 1.26673 2.44407
8.36 2.40579 1.50974 1.2694
8.37 1.07474 1.21096 -0.196908
8.38 -0.144257 0.417796 -2.50244
8.39 -1.10109 -0.593824 -5.26747
8.4 -1.3613 -1.6742 -7.30421
8.41 -0.90228 -2.62061 -7.62158
8.42 0.114403 -3.15501 -6.53915
8.43 1.55037 -3.19812 -4.83859
8.44 2.89477 -2.95301 -2.6889
8.45 4.06269 -2.68065 -0.821008
8.46 5.07039 -2.36516 -0.0622367
8.47 5.56144 -2.00966 -0.0456042
8.48 5.54094 -1.5637 -0.0139618
8.49 4.77965 -1.12583 0.792041
8.5 3.38464 -0.853224 2.52498
8.51 2.28423 -0.376486 4.16286
8.52 1.785 0.257624 5.1463
8.53 1.71203 0.543074 5.50281
8.54 1.82418 0.478839 4.47101
8.55 2.20366 0.215934 1.99981
8.56 3.20507 -0.260765 -0.435996
8.57 4.51343 -0.908536 -1.84448
8.58 5.81038 -1.72715 -2.17676
8.59 6.9689 -2.54738 -1.93325
8.6 7.60541 -2.92475 -1.77963
8.61 7.83901 -2.75447 -1.75813
8.62 7.8861 -1.99844 -2.11918
8.63 7.6525 -0.686815 -3.07901
8.64 7.51301 0.822523 -3.66442
8.65 7.56502 2.34864 -2.91248
8.66 7.58727 3.49381 -0.76048
8.67 7.8024 3.80523 2.08172
8.68 8.18193 3.13918 4.60761
8.69 8.63467 1.60415 6.30192
8.7 9.18801 -0.253949 6.98265
8.71 9.54304 -2.17309 6.68411
8.72 9.32302 -3.9062 5.88193
8.73 8.54959 -4.80713 5.50441
8.74 7.64553 -4.60009 6.12126
8.75 6.69324 -3.25163 7.03496
8.76 5.79028 -1.02604 7.35927
8.77 5.10847 1.46164 6.83108
8.78 4.60423 3.86457 5.43929
8.79 4.56592 5.6535 3.56302
8.8 4.81822 6.18494 1.6147
8.81 5.307 5.37814 0.342856
8.82 6.24508 3.34425 0.772752
8.83 6.8846 0.738951 2.10109
8.84 6.83588 -1.66716 2.71305
8.85 6.16203 -3.72226 2.51516
8.86 4.92207 -4.79648 1.58793
8.87 3.50724 -4.54064 -0.147475
8.88 1.9841 -3.32347 -1.87075
8.89 0.334334 -1.2076 -2.71997
8.9 -1.17265 1.12008 -1.9967
8.91 -2.10008 2.86805 0.459567
8.92 -2.11934 4.00195 3.17485
8.93 -1.32829 4.13627 5.01663
8.94 0.0382204 3.0451 6.23123
8.95 1.58095 1.13561 6.47858
8.96 2.86989 -1.19022 5.65615
8.97 3.95737 -3.2833 4.73828
8.98 4.56108 -4.57802 4.1644
8.99 4.22506 -5.02247 3.89455
9 3.41012 -4.63752 3.49636
9.01 2.30832 -3.37277 2.154
9.02 0.72571 -1.4595 -0.037442
9.03 -0.728696 0.41034 -2.50567
9.04 -1.47847 1.88756 -4.83219
9.05 -1.46238 2.86848 -6.28073
9.06 -0.702363 3.05895 -6.1388
9.07 0.447433 2.57817 -4.1043
9.08 1.61139 1.41841 -0.769907
9.09 2.71229 -0.283617 2.48191
9.1 3.5098 -1.79235 5.12211
9.11 3.68173 -2.86663 7.3883
9.12 3.18959 -3.40258 8.82646
9.13 2.11258 -3.20342 9.19771
9.14 0.611875 -2.51577 9.16052
9.15 -0.756454 -1.44933 9.11386
9.16 -1.51922 -0.127966 8.97245
9.17 -1.62483 0.87169 8.30563
9.18 -1.02332 1.40037 6.95159
9.19 0.11074 1.55682 5.65489
9.2 1.2784 1.21421 4.66673
9.21 2.24265 0.630192 3.66244
9.22 3.01887 -0.120293 2.78108
9.23 3.43309 -1.00717 2.04757
9.24 3.17833 -1.55838 1.36173
9.25 2.06325 -1.67085 0.274442
9.26 0.459539 -1.59057 -1.50086
9.27 -0.953513 -1.48368 -2.90746
9.28 -1.92968 -1.20296 -3.26081
9.29 -2.47357 -0.796071 -2.69377
9.3 -2.62612 -0.479713 -1.0054
9.31 -2.30068 -0.182495 1.59175
9.32 -1.46287 0.0608551 4.44884
9.33 -0.322887 0.462092 6.59205
9.34 0.952586 0.987691 7.07807
9.35 2.07722 1.32279 6.29993
9.36 2.80223 1.50876 4.90303
9.37 3.04703 1.41753 3.11334
9.38 2.71629 1.09383 1.56521
9.39 1.91936 0.580766 0.664569
9.4 0.924367 -0.194045 0.653004
9.41 -0.0611793 -1.05062 1.42508
9.42 -0.943155 -1.77599 2.0971
9.43 -1.69189 -2.02809 2.44934
9.44 -2.31652 -1.74642 2.91405
9.45 -2.51022 -1.01949 3.41026
9.46 -1.98385 0.12247 3.56129
9.47 -1.29665 1.48634 3.33911
9.48 -0.651964 2.76667 3.13683
9.49 0.0123723 3.33151 3.03807
9.5 0.372603 2.90234 2.75723
9.51 0.62231 1.77857 2.25443
9.52 0.68867 0.0638347 1.96538
9.53 0.480989 -2.03182 2.26045
9.54 0.0831811 -3.85622 2.39491
9.55 -0.672462 -5.0399 1.84363
9.56 -1.42765 -5.3339 1.10393
9.57 -1.80485 -4.3891 -0.032036
9.58 -1.65712 -2.715 -1.75761
9.59 -1.11137 -0.803927 -3.41097
9.6 -0.469647 1.21358 -4.35133
9.61 0.257462 2.63333 -4.06329
9.62 1.02248 3.05129 -2.63477
9.63 1.67427 2.33977 -0.844247
9.64 2.05845 0.54349 0.845889
9.65 1.96264 -1.74322 2.39556
9.66 1.27531 -3.92886 3.31098
9.67 0.417736 -5.47793 3.26029
9.68 -0.202799 -6.14134 3.21398
9.69 -0.61691 -5.67726 3.93099
9.7 -0.67792 -3.99858 5.2819
9.71 -0.299333 -1.82613 7.02509
9.72 0.453573 0.315117 8.35153
9.73 1.4461 2.02545 8.77921
9.74 2.32692 2.80926 8.0495
9.75 3.10317 2.73433 5.46904
9.76 3.94379 1.76508 1.58394
9.77 4.46429 0.000229715 -2.4567
9.78 4.28034 -1.87096 -5.90099
9.79 3.58025 -3.40143 -8.19891
9.8 2.621 -4.35172 -9.51466
9.81 1.66581 -4.54607 -9.56763
9.82 0.984367 -4.06195 -8.23545
9.83 0.495727 -2.93469 -6.61692
9.84 0.269461 -1.4394 -4.83486
9.85 0.449762 -0.0727432 -2.60279
9.86 1.19251 0.948324 -0.312174
9.87 2.50039 1.42253 1.89679
9.88 3.70025 1.40885 3.46717
9.89 4.54128 1.0895 4.30734
9.9 4.97937 0.341821 5.08431
9.91 4.75465 -0.620635 5.52255
9.92 4.17063 -1.46726 5.45979
9.93 3.41066 -2.0704 5.62023
9.94 2.61479 -2.40852 6.26414
9.95 2.1118 -2.51711 6.82063
9.96 1.7113 -2.33557 6.68373
9.97 1.46988 -1.9984 5.69274
9.98 1.71125 -1.51794 3.93456
9.99 2.05382 -1.04611 1.70885
10 2.19244 -0.894217 -0.741263
10.01 2.02501 -0.747494 -2.96522
10.02 1.41582 -0.569329 -4.02638
10.03 0.612822 -0.582553 -3.93656
10.04 -0.256632 -0.659919 -3.26341
10.05 -1.05883 -0.910403 -2.16805
10.06 -1.59726 -1.31163 -0.87166
10.07 -1.84754 -1.6296 0.815492
10.08 -1.74977 -2.11637 2.77135
10.09 -1.38718 -2.81241 4.85456
10.1 -0.701396 -3.2092 7.69895
10.11 0.25088 -3.39992 10.9473
10.12 1.10158 -3.47216 13.816
10.13 1.77394 -3.1782 15.7581
10.14 1.93265 -2.8061 16.2427
10.15 1.44739 -2.26534 15.7329
10.16 0.862403 -1.4225 14.0771
10.17 0.21296 -0.688833 11.0755
10.18 -0.630021 -0.19337 7.94134
10.19 -1.51731 0.0539971 4.91336
10.2 -2.18323 0.00565656 1.77556
10.21 -2.28236 -0.310142 -1.38892
10.22 -1.69348 -0.769508 -4.65169
10.23 -0.614611 -1.32341 -7.21582
10.24 0.594923 -1.69103 -8.69612
10.25 1.87892 -1.58429 -9.20025
10.26 2.9207 -1.30663 -8.2649
10.27 3.36059 -0.812737 -5.73307
10.28 3.44953 -0.0276963 -2.03467
10.29 3.13719 0.854348 1.75003
10.3 2.33707 1.78884 4.97795
10.31 1.43233 2.45341 7.78073
10.32 0.672296 2.65777 9.73547
10.33 0.158404 2.37447 10.8495
10.34 0.188838 1.65512 11.4704
10.35 0.719687 0.594743 11.6728
10.36 1.25725 -0.652803 11.8058
10.37 1.65203 -1.61292 11.3753
10.38 1.83592 -1.98395 9.94109
10.39 1.73332 -1.55513 7.93356
10.4 1.45365 -0.439166 5.44034
10.41 0.843784 1.02857 2.52523
10.42 -0.0991473 2.78716 -0.641952
10.43 -0.978745 4.45924 -3.46617
10.44 -1.6739 5.59301 -5.33238
10.45 -2.20881 5.9398 -6.60886
10.46 -2.2423 5.4146 -7.35903
10.47 -1.69665 4.24731 -7.34557
10.48 -0.905343 2.78949 -6.55852
10.49 -0.078533 1.38808 -4.92972
10.5 0.493333 0.394331 -3.10567
10.51 0.863394 0.199876 -1.28368
10.52 1.06759 0.826258 0.956563
10.53 0.746262 1.967 3.07229
10.54 -0.0222255 3.16889 4.67266
10.55 -1.15182 3.96618 6.04008
10.56 -2.33402 4.23015 7.50206
10.57 -2.99677 3.82412 9.17586
10.58 -3.01366 2.77844 10.7047
10.59 -2.47281 1.29905 11.8246
10.6 -1.59214 -0.283077 12.2641
10.61 -0.328776 -1.4646 11.6738
10.62 1.26015 -2.15719 9.70138
10.63 2.64418 -2.26902 6.10681
10.64 3.66293 -1.80882 1.93199
10.65 4.26863 -0.974751 -1.97542
10.66 4.1783 0.162819 -5.66678
10.67 3.61952 1.06093 -8.37514
10.68 2.84154 1.40119 -9.84434
10.69 1.9572 1.36787 -10.3498
10.7 1.49949 0.944608 -10.0169
10.71 1.4046 0.290616 -9.46155
10.72 1.4474 -0.303998 -8.34013
10.73 1.86692 -0.827083 -6.11992
10.74 2.50152 -1.15998 -3.08697
10.75 3.10567 -1.10969 0.793102
10.76 3.59847 -0.938527 5.18804
10.77 3.82278 -0.752176 9.73767
10.78 3.59833 -0.429893 14.0666
10.79 2.99984 -0.145343 16.9216
10.8 2.31883 0.158178 18.1761
10.81 1.70485 0.420206 18.48
10.82 1.30981 0.400575 17.6034
10.83 1.24411 0.332382 15.5787
10.84 1.4763 0.427057 12.7265
10.85 1.92429 0.550686 9.19785
10.86 2.60735 0.606184 5.10552
10.87 3.66887 0.753898 0.37209
10.88 4.80313 0.95226 -4.73109
10.89 5.60663 1.01399 -9.25678
10.9 5.91974 0.959715 -12.4698
10.91 5.59201 0.712228 -14.3411
10.92 5.06799 0.420448 -14.5745
10.93 4.52169 0.276185 -12.9441
10.94 3.62682 0.197328 -10.1565
10.95 2.7854 0.245826 -6.69117
10.96 2.27847 0.391109 -3.05937
10.97 2.09678 0.6242 0.239394
10.98 2.39992 1.04942 3.74362
10.99 2.96461 1.45149 7.11095
11 3.65041 1.61467 9.70214
11.01 4.34872 1.62564 12.0135
11.02 4.7705 1.40971 13.8423
11.03 4.98511 0.872219 14.7094
11.04 4.89876 0.24812 14.4292
11.05 4.52969 -0.422241 12.9787
11.06 4.21166 -0.864018 10.9476
11.07 3.76055 -0.684587 8.41276
11.08 3.15046 -0.227558 5.36069
11.09 2.62651 0.415284 2.23222
11.1 2.27112 1.29017 -0.75042
11.11 2.30849 2.02142 -3.2054
11.12 2.52029 2.51979 -5.23024
11.13 2.56923 2.64065 -6.83951
11.14 2.66932 2.15097 -7.3072
11.15 2.72318 1.24657 -6.83176
11.16 2.63567 0.165062 -5.8619
11.17 2.51172 -1.08242 -4.42976
11.18 2.18424 -2.24303 -2.77631
11.19 1.76213 -2.87933 -0.91076
11.2 1.26255 -2.88541 0.9086
11.21 0.803791 -2.23988 2.45986
11.22 0.766551 -1.12432 4.2235
11.23 1.06367 0.0507206 6.28387
11.24 1.49723 1.06749 8.17448
11.25 1.99703 1.70406 9.5043
11.26 2.49848 1.7845 10.2609
11.27 2.85726 1.24545 10.5401
11.28 3.11176 0.22663 9.98936
11.29 3.24659 -0.947353 8.71076
11.3 2.96059 -2.04124 7.15594
11.31 2.35171 -2.84937 5.47954
11.32 1.76018 -3.26911 3.85136
11.33 1.33936 -3.0814 1.92542
11.34 1.13418 -2.21225 -0.418272
11.35 1.238 -1.05823 -2.64959
11.36 1.64251 0.0992977 -4.68083
11.37 2.23989 0.977318 -6.33862
11.38 2.95341 1.30586 -7.13198
11.39 3.56184 1.1325 -6.75674
11.4 4.02389 0.430012 -5.19653
11.41 4.46161 -0.741873 -3.12476
11.42 4.67896 -1.88837 -1.11108
11.43 4.48243 -2.68992 0.858561
11.44 4.11788 -3.15271 2.55025
11.45 3.82512 -3.11213 3.84021
11.46 3.60795 -2.62232 5.0718
11.47 3.58343 -1.90906 6.55351
11.48 3.66319 -1.09184 8.35374
11.49 3.70808 -0.511646 10.0371
11.5 3.91749 -0.417187 10.7529
11.51 4.29543 -0.843915 10.3594
11.52 4.74119 -1.57657 9.13446
11.53 5.1357 -2.36059 6.66469
11.54 5.28873 -3.07479 3.30285
11.55 5.19807 -3.33991 0.253322
11.56 4.93602 -3.12445 -2.29962
11.57 4.52016 -2.47382 -4.31324
11.58 3.97372 -1.40735 -5.7193
11.59 3.52329 -0.532144 -7.13914
11.6 3.07648 0.13078 -8.39706
11.61 2.51981 0.735824 -9.28815
11.62 2.19199 0.92657 -10.2455
11.63 2.11648 0.774283 -10.5725
11.64 2.20657 0.380739 -9.69878
11.65 2.30771 -0.157884 -7.97684
11.66 2.15316 -0.566559 -5.42039
11.67 1.83622 -0.902681 -2.40398
11.68 1.53377 -1.11102 0.618186
11.69 1.15805 -1.03 3.78875
11.7 0.733315 -0.885609 6.69022
11.71 0.474542 -0.737859 9.0056
11.72 0.287086 -0.626782 11.1787
11.73 0.197898 -0.886797 12.9217
11.74 0.399644 -1.30919 13.5347
11.75 0.749767 -1.65374 12.877
11.76 1.18068 -1.98182 10.959
11.77 1.77423 -2.04259 8.05065
11.78 2.2879 -1.84973 4.53788
11.79 2.47123 -1.42911 0.682828
11.8 2.42469 -0.711831 -2.71779
11.81 2.23165 -0.0476284 -5.1189
11.82 1.93097 0.340514 -6.98427
11.83 1.47652 0.460023 -8.56808
11.84 0.794896 0.338711 -9.82256
11.85 0.107093 -0.165677 -10.7084
11.86 -0.267173 -1.00191 -10.9338
11.87 -0.233929 -1.81497 -10.3613
11.88 -0.0212544 -2.49577 -8.63271
11.89 0.30303 -2.71215 -5.34793
11.9 0.784175 -2.36753 -1.0204
11.91 1.08121 -1.7438 3.58194
11.92 1.28311 -0.766066 7.79859
11.93 1.56966 0.313667 11.1314
11.94 1.56578 1.07789 13.3494
11.95 1.4244 1.43742 14.0722
11.96 1.23324 1.2639 13.5894
11.97 0.908964 0.5446 12.3874
11.98 0.798081 -0.405691 10.3442
11.99 0.769706 -1.40437 7.60612
12 0.788838 -2.38497 4.13468
12.01 0.889129 -2.9089 0.141535
12.02 0.725988 -2.78674 -3.60581
12.03 0.548839 -2.06309 -6.99899
12.04 0.439415 -0.788638 -9.55745
12.05 0.13096 0.568586 -10.5586
12.06 -0.176432 1.74549 -10.1528
12.07 -0.549331 2.56202 -8.53811
12.08 -0.915546 2.6596 -6.30286
12.09 -1.06402 2.00884 -3.90618
12.1 -1.21808 0.90485 -1.10684
12.11 -1.11067 -0.268215 1.78338
12.12 -0.677179 -1.26782 4.51422
12.13 -0.291841 -1.85389 7.27642
12.14 0.0559276 -1.90974 9.99083
12.15 0.201304 -1.37177 12.2068
12.16 0.19825 -0.242863 13.2127
12.17 0.215602 1.14135 12.8518
12.18 -0.0937581 2.53931 11.3654
12.19 -0.696294 3.64754 8.90037
12.2 -1.44779 4.26392 5.87708
12.21 -2.23887 4.3741 2.75318
12.22 -2.67807 3.91823 0.125573
12.23 -2.83608 3.10756 -1.85492
12.24 -2.82924 2.20066 -3.72192
12.25 -2.63323 1.52286 -5.2637
12.26 -2.21061 1.14281 -6.28307
12.27 -1.48401 0.966468 -6.93285
12.28 -0.635669 1.02436 -6.7658
12.29 0.190654 1.05846 -5.65263
12.3 0.91161 1.09237 -3.71627
12.31 1.52895 1.0647 -0.883265
12.32 1.88905 0.701087 2.23206
12.33 1.95616 0.245725 4.77939
12.34 1.98211 -0.145248 6.76417
12.35 1.92357 -0.532855 8.24822
12.36 1.80424 -0.824192 8.90831
12.37 1.60767 -0.930564 9.00043
12.38 1.37806 -0.863376 8.86881
12.39 1.31592 -0.572998 8.48214
12.4 1.27447 -0.298558 8.04256
12.41 1.24841 -0.328852 7.31412
12.42 1.26759 -0.492226 6.0808
12.43 1.09207 -0.860212 4.98614
12.44 0.864163 -1.37984 3.9573
12.45 0.779707 -1.80323 2.73351
12.46 0.713284 -2.091 1.75118
12.47 0.834337 -2.06788 0.872296
12.48 1.09163 -1.76196 0.0428998
12.49 1.25871 -1.18982 -0.652573
12.5 1.53905 -0.54348 -1.40243
12.51 1.78696 -0.0453005 -1.55397
12.52 2.02805 0.437631 -0.748302
12.53 2.41419 0.676556 0.588273
12.54 2.56575 0.598776 2.60184
12.55 2.49644 0.241454 5.24074
12.56 2.34477 -0.393871 7.86854
12.57 2.27988 -0.916057 10.0617
12.58 2.29638 -1.27244 11.5972
12.59 2.10882 -1.52853 12.486
12.6 1.95323 -1.4268 12.9731
12.61 1.81069 -0.978437 13.014
12.62 1.67076 -0.494365 12.4059
12.63 1.77788 -0.0360843 11.323
12.64 1.97045 0.245607 9.68852
12.65 2.27409 0.172225 7.2407
12.66 2.79755 -0.0271421 4.2177
12.67 3.34826 -0.45264 0.86837
12.68 3.93684 -1.14046 -2.3441
12.69 4.67151 -1.83859 -4.87261
12.7 5.32951 -2.49898 -6.81619
12.71 5.98323 -2.93843 -8.14127
12.72 6.64234 -3.06931 -8.71807
12.73 7.05983 -2.88759 -8.75875
12.74 7.4397 -2.44993 -8.35164
12.75 7.90145 -1.81538 -7.51482
12.76 8.35469 -1.03154 -5.8578
12.77 8.52891 -0.433938 -3.2774
12.78 8.31799 -0.0510933 -0.327861
12.79 7.80724 0.21238 2.91233
12.8 6.87569 0.344795 6.01868
12.81 5.72129 0.397192 8.45012
12.82 4.44259 0.267803 10.0814
12.83 3.12208 0.102156 10.4806
12.84 2.05658 0.0290353 10.1583
12.85 1.22906 -0.0457641 9.63411
12.86 0.759559 -0.0379318 8.50255
12.87 0.837805 0.0626539 7.21075
12.88 1.2961 0.191073 5.94056
12.89 1.85301 0.421932 4.56427
12.9 2.388 0.578553 3.49996
12.91 2.73842 0.429393 2.45693
12.92 2.81298 0.254691 1.78284
12.93 2.81338 0.0551997 2.06068
12.94 2.53304 -0.245681 2.65799
12.95 1.91012 -0.310083 3.53717
12.96 1.25752 -0.371762 4.67934
12.97 0.591224 -0.511861 5.5445
12.98 0.250646 -0.456952 6.21372
12.99 0.314897 -0.463049 6.66308
13 0.495391 -0.625935 6.81108
13.01 0.93503 -0.764472 6.87566
13.02 1.55092 -0.863863 6.92663
13.03 2.09302 -0.983015 6.68895
13.04 2.4566 -1.05566 5.79704
13.05 2.60275 -1.10847 4.54392
13.06 2.60467 -1.17679 2.98617
13.07 2.30042 -1.02757 0.995817
13.08 1.73929 -0.757581 -0.67226
13.09 1.22219 -0.529548 -1.74226
13.1 0.723814 -0.302831 -2.12245
13.11 0.514467 -0.153774 -1.58299
13.12 0.639975 -0.0917574 -0.744255
13.13 0.76039 -0.165421 0.313401
13.14 1.06822 -0.344539 1.73535
13.15 1.42385 -0.525604 2.93963
13.16 1.64732 -0.614473 3.90313
13.17 1.93912 -0.604513 4.8894
13.18 1.97213 -0.637974 5.88141
13.19 1.62327 -0.626861 6.75999
13.2 1.16549 -0.564904 7.2424
13.21 0.569194 -0.447321 7.28336
13.22 -0.00750327 -0.227744 6.95348
13.23 -0.36918 -0.0851611 6.21603
13.24 -0.5474 0.0308554 4.9682
13.25 -0.511919 0.117265 3.37767
13.26 -0.406624 0.0913623 1.79371
13.27 -0.181302 0.0247071 0.0195229
13.28 0.274211 -0.0933056 -1.86766
13.29 0.661401 -0.210992 -3.53844
13.3 0.765073 -0.201979 -4.96542
13.31 0.545187 -0.108644 -5.6984
13.32 0.073535 -0.133209 -5.66925
13.33 -0.59207 -0.149763 -4.97389
13.34 -1.42571 -0.0292311 -3.32253
13.35 -2.30487 0.0974537 -1.26514
13.36 -3.16644 0.253193 0.798808
13.37 -3.89426 0.359097 2.80971
13.38 -4.40611 0.381036 4.2808
13.39 -4.7525 0.256286 5.48663
13.4 -4.96454 -0.0849035 6.57329
13.41 -5.08854 -0.5448 7.17787
13.42 -5.13106 -1.09675 7.64953
13.43 -5.15509 -1.43834 8.10461
13.44 -5.19708 -1.50611 8.12849
13.45 -5.09455 -1.4156 7.53852
13.46 -4.7538 -1.0888 6.42695
13.47 -4.12716 -0.758583 4.9654
13.48 -3.4085 -0.415845 3.17966
13.49 -2.88812 -0.0704653 1.14444
13.5 -2.34634 -0.018471 -1.00583
13.51 -1.75121 -0.188715 -3.11047
13.52 -1.3144 -0.543342 -5.08639
13.53 -0.946746 -1.1041 -7.10679
13.54 -0.772754 -1.66945 -8.91128
13.55 -0.750101 -2.1666 -10.0705
13.56 -0.669202 -2.46752 -10.5622
13.57 -0.538236 -2.286 -10.272
13.58 -0.171814 -1.78348 -9.14401
13.59 0.30732 -1.20393 -7.29861
13.6 0.82356 -0.508847 -4.974
13.61 1.40919 0.0972712 -2.50351
13.62 1.79722 0.522976 -0.0568274
13.63 2.13697 0.816024 2.30419
13.64 2.34727 0.822187 4.6921
13.65 2.24562 0.613964 6.94759
13.66 2.05264 0.34968 8.78232
13.67 1.73689 -0.000918006 10.4323
13.68 1.37865 -0.394102 11.6192
13.69 1.29011 -0.653124 11.9575
13.7 1.46449 -0.733175 11.7072
13.71 1.70602 -0.65217 10.6085
13.72 2.08692 -0.385756 8.857
13.73 2.6132 -0.156333 6.91223
13.74 3.03422 -0.104356 4.33307
13.75 3.27834 -0.0625238 1.50214
13.76 3.40954 -0.072377 -1.13148
13.77 3.33463 -0.204122 -3.76154
13.78 2.9627 -0.284797 -5.94716
13.79 2.44039 -0.309741 -7.51663
13.8 1.86172 -0.289175 -8.348
13.81 1.45582 -0.17104 -8.19376
13.82 1.46631 -0.117683 -7.46113
13.83 1.68726 -0.0799492 -6.30622
13.84 2.08355 0.0382606 -4.79326
13.85 2.68244 0.062079 -3.07559
13.86 3.2986 0.0055542 -1.19594
13.87 3.90872 -0.145268 0.714881
13.88 4.35276 -0.476524 2.98945
13.89 4.38724 -0.719332 5.51185
13.9 4.05625 -0.804068 7.66708
13.91 3.55256 -0.848229 9.29173
13.92 3.02199 -0.637922 10.0882
13.93 2.59587 -0.263706 9.88059
13.94 2.35418 0.0992773 8.65444
13.95 2.37358 0.453105 6.57851
13.96 2.72868 0.506414 4.25323
13.97 3.23744 0.351231 1.88372
13.98 3.83696 0.166692 -0.366094
13.99 4.55665 -0.178833 -2.36421
14 5.20805 -0.505173 -4.37502
14.01 5.56748 -0.717312 -6.18339
14.02 5.56307 -0.792359 -7.62298
14.03 5.3583 -0.553517 -8.76342
14.04 4.97943 -0.0562224 -9.23079
14.05 4.54294 0.557941 -8.80106
14.06 4.22571 1.22625 -7.53734
14.07 3.98531 1.8123 -5.68262
14.08 3.91053 2.15604 -3.51397
14.09 4.09801 2.14901 -1.23076
14.1 4.45681 1.81588 0.952949
14.11 4.87622 1.3694 3.08208
14.12 5.33768 0.956614 5.01025
14.13 5.53485 0.713365 6.80195
14.14 5.43093 0.674986 8.72363
14.15 5.15171 0.807361 10.1238
14.16 4.45745 1.26224 10.8173
14.17 3.76594 1.83868 11.0616
14.18 3.21264 2.36675 10.4248
14.19 2.55108 2.88484 9.09395
14.2 2.08137 3.10218 7.30978
14.21 1.86121 2.9949 5.0849
14.22 1.98109 2.59304 2.92549
14.23 2.37773 1.74772 0.76065
14.24 2.77487 0.692661 -1.52087
14.25 3.11311 -0.24449 -3.53067
14.26 3.26678 -0.942938 -5.06691
14.27 3.278 -1.27461 -6.00327
14.28 3.11933 -1.15584 -6.22697
14.29 2.75038 -0.704088 -5.62446
14.3 2.29559 0.000319603 -4.33134
14.31 1.8218 0.782466 -2.69665
14.32 1.42611 1.37599 -0.971186
14.33 1.2122 1.65376 0.47913
14.34 1.25139 1.57008 1.632
14.35 1.42016 1.17755 2.70632
14.36 1.71467 0.42696 3.59869
14.37 2.06412 -0.464062 4.44326
14.38 2.23097 -1.19388 5.31427
14.39 2.34284 -1.65697 5.97171
14.4 2.38537 -1.58376 6.22335
14.41 2.2648 -1.16346 5.8508
14.42 2.04967 -0.570222 4.95422
14.43 1.66313 0.222858 3.74274
14.44 1.22889 0.806863 2.35735
14.45 1.01199 1.09814 1.04114
14.46 0.85655 1.12593 -0.0465862
14.47 0.832215 0.757936 -0.743895
14.48 1.15219 0.264156 -1.2061
14.49 1.42611 -0.18648 -1.67584
14.5 1.68163 -0.689627 -1.93257
14.51 1.97683 -0.979779 -1.87486
14.52 2.09555 -0.918712 -1.4356
14.53 2.17059 -0.675445 -0.5178
14.54 1.98283 -0.172899 0.774534
14.55 1.52837 0.309254 2.5443
14.56 1.05853 0.51987 4.48367
14.57 0.598786 0.592589 6.14964
14.58 0.394098 0.338735 7.55253
14.59 0.378125 -0.142748 8.52924
14.6 0.410703 -0.602533 9.1657
14.61 0.641573 -0.975205 9.47208
14.62 0.936286 -1.06607 9.29025
14.63 1.31511 -0.916695 8.98864
14.64 1.71567 -0.658359 8.37992
14.65 1.74345 -0.37397 7.21136
14.66 1.63482 -0.137762 5.89684
14.67 1.47345 0.001927 4.29941
14.68 1.03222 -0.0561654 2.49251
14.69 0.650458 -0.349002 0.913349
14.7 0.379326 -0.798868 -0.586895
14.71 0.243525 -1.21178 -1.83772
14.72 0.388124 -1.53546 -2.51634
14.73 0.562725 -1.7427 -2.71505
14.74 0.854546 -1.65136 -2.45795
14.75 1.25377 -1.26462 -1.6449
14.76 1.57859 -0.77218 -0.166019
14.77 1.80531 -0.321508 1.74414
14.78 1.74606 -0.0264052 3.69483
14.79 1.44564 -0.0982729 5.66909
14.8 0.994482 -0.467256 7.45615
14.81 0.531974 -0.933883 8.79961
14.82 0.206503 -1.61344 9.77522
14.83 -0.0661502 -2.26127 10.2792
14.84 -0.2006 -2.60565 10.4728
14.85 -0.130673 -2.74735 10.5413
14.86 0.126215 -2.50895 10.1843
14.87 0.531697 -1.90343 9.38413
14.88 0.990573 -1.18422 8.25506
14.89 1.49295 -0.316002 6.66866
14.9 1.86292 0.485169 4.6475
14.91 2.01317 0.806789 2.42673
14.92 2.12698 0.678522 0.239217
14.93 2.15034 0.208905 -1.72038
14.94 2.07745 -0.556237 -3.29466
14.95 1.91177 -1.33069 -4.42923
14.96 1.60638 -1.9305 -5.03112
14.97 1.41698 -2.20608 -4.90539
14.98 1.36474 -2.01959 -4.10322
14.99 1.41584 -1.47477 -2.6941
15 1.60697 -0.657063 -0.544293
15.01 1.85583 0.190942 2.15058
15.02 2.14194 0.880359 5.01859
15.03 2.38986 1.34016 7.72777
15.04 2.60259 1.30215 9.92845
15.05 2.72623 0.802516 11.5134
15.06 2.73819 -0.014802 12.411
15.07 2.70565 -0.99388 12.574
15.08 2.56999 -1.78448 12.1525
15.09 2.38075 -2.24711 11.2364
15.1 2.27348 -2.30139 9.91444
15.11 2.3421 -1.92994 8.05357
15.12 2.61573 -1.23843 5.51557
15.13 2.99248 -0.388641 2.6531
15.14 3.34494 0.291966 -0.351865
15.15 3.77604 0.651675 -3.2797
15.16 4.32685 0.75733 -5.67657
15.17 4.7939 0.473629 -7.2923
15.18 5.14092 -0.203628 -7.95714
15.19 5.32655 -0.962774 -7.85369
15.2 5.30194 -1.73524 -7.20137
15.21 5.12583 -2.23329 -6.00025
15.22 4.7981 -2.17766 -4.40086
15.23 4.3853 -1.80328 -2.44593
15.24 3.8803 -1.02759 -0.109657
15.25 3.32925 -0.0377906 2.56651
15.26 2.79645 0.763881 5.50386
15.27 2.36865 1.33738 8.2576
15.28 2.2763 1.43349 10.3897
15.29 2.3754 1.10629 11.7031
15.3 2.66227 0.561057 12.0485
15.31 3.11536 -0.0939886 11.556
15.32 3.3211 -0.648037 10.3658
15.33 3.40785 -1.05718 8.71004
15.34 3.41339 -1.13323 7.01002
15.35 3.0026 -0.855891 5.2601
15.36 2.37688 -0.418064 3.30149
15.37 1.71819 0.122927 1.23052
15.38 1.02969 0.554784 -0.932613
15.39 0.644817 0.724385 -3.02616
15.4 0.567499 0.664574 -4.69031
15.41 0.715944 0.263075 -5.8024
15.42 1.22313 -0.408896 -6.10838
15.43 1.83439 -0.968549 -5.41091
15.44 2.2927 -1.40129 -4.07585
15.45 2.59961 -1.57871 -2.40129
15.46 2.76062 -1.3658 -0.453103
15.47 2.61444 -1.07612 1.46015
15.48 2.21396 -0.554234 3.14539
15.49 1.69063 0.0490738 4.61076
15.5 1.03809 0.335766 5.75826
15.51 0.557307 0.479356 6.62598
15.52 0.384237 0.350016 7.01229
15.53 0.507602 -0.0906775 6.70575
15.54 0.817129 -0.602079 5.90455
15.55 1.20878 -1.09623 4.59778
15.56 1.74537 -1.43875 3.00958
15.57 2.1661 -1.44861 1.42287
15.58 2.45419 -1.06644 -0.202014
15.59 2.53723 -0.502332 -1.37555
15.6 2.24709 0.0745596 -2.14029
15.61 1.87128 0.492052 -2.9283
15.62 1.31846 0.604469 -3.35659
15.63 0.740268 0.420748 -3.55716
15.64 0.480525 -0.0889773 -3.5748
15.65 0.328356 -0.767564 -3.04682
15.66 0.380777 -1.36813 -2.18755
15.67 0.64093 -1.71849 -0.863813
15.68 0.917639 -1.78756 0.937571
15.69 1.30605 -1.55827 2.81619
15.7 1.60298 -0.99134 4.57807
15.71 1.58603 -0.266611 6.01686
15.72 1.41067 0.468736 7.08747
15.73 0.994505 0.959443 7.60999
15.74 0.354111 1.03985 7.48065
15.75 -0.172619 0.767093 6.96395
15.76 -0.654145 0.0783183 6.00258
15.77 -0.932976 -0.775661 4.68272
15.78 -0.873791 -1.55057 3.1549
15.79 -0.667403 -2.1723 1.43821
15.8 -0.228264 -2.34202 -0.111711
15.81 0.249008 -2.03355 -1.53999
15.82 0.716226 -1.45638 -2.87548
15.83 1.13542 -0.669803 -3.91733
15.84 1.16812 0.13871 -4.68228
15.85 0.897414 0.686585 -5.01552
15.86 0.455119 0.923211 -5.02023
15.87 -0.0392919 0.667051 -4.60376
15.88 -0.423915 -0.154685 -3.46484
15.89 -0.708339 -1.13531 -1.91043
15.9 -0.786329 -2.10646 -0.0514156
15.91 -0.467445 -2.88237 1.90655
15.92 0.216825 -3.10086 3.56466
15.93 1.07935 -2.721 4.96864
15.94 2.00082 -1.79918 5.78168
15.95 2.75765 -0.577578 6.02283
15.96 3.11254 0.577859 6.0156
15.97 3.09792 1.42579 5.61366
15.98 2.73095 1.79273 5.07456
15.99 2.06045 1.6214 4.2445
16 1.31578 0.941677 2.99857
16.01 0.690672 -0.0349439 1.70976
16.02 0.295386 -1.04167 0.143386
16.03 0.177296 -1.86622 -1.46669
16.04 0.386118 -2.21407 -2.66088
16.05 0.894703 -2.02535 -3.44146
16.06 1.50916 -1.43494 -3.59004
16.07 2.01542 -0.494425 -3.30087
16.08 2.32115 0.541368 -2.77275
16.09 2.32746 1.2876 -1.90735
16.1 2.09855 1.58766 -0.98004
16.11 1.70779 1.39637 -0.0138122
16.12 1.12482 0.765504 1.12752
16.13 0.664718 -0.0680775 2.56972
16.14 0.349648 -0.96059 4.28299
16.15 0.206316 -1.73229 5.85656
16.16 0.48841 -2.11132 7.16742
16.17 1.08317 -2.08215 7.98083
16.18 1.92098 -1.6887 7.99861
16.19 2.7668 -1.01751 7.34277
16.2 3.43807 -0.266754 6.06734
16.21 3.87111 0.404601 4.45195
16.22 3.94213 0.79868 2.88381
16.23 3.701 0.78574 1.3302
16.24 3.13377 0.377849 -0.137555
16.25 2.34823 -0.254073 -1.45478
16.26 1.50636 -0.871619 -2.63322
16.27 0.882172 -1.31931 -3.56622
16.28 0.687193 -1.45155 -4.2666
16.29 0.770133 -1.2528 -4.52645
16.3 1.1743 -0.787054 -4.13524
16.31 1.84445 -0.144449 -3.24611
16.32 2.52022 0.438518 -2.0727
16.33 3.08713 0.812014 -0.583235
16.34 3.38518 0.944614 1.15222
16.35 3.35839 0.777887 2.8004
16.36 3.03112 0.369272 4.48836
16.37 2.4686 -0.134832 6.16004
16.38 1.7611 -0.665346 7.52969
16.39 1.10433 -0.966069 8.8001
16.4 0.789182 -0.828874 9.49174
16.41 0.819991 -0.478587 9.28044
16.42 1.16847 0.0453537 8.70122
16.43 1.79478 0.677139 7.51399
16.44 2.55188 1.06303 5.87198
16.45 3.26 1.16487 4.3277
16.46 3.81049 0.952621 2.74708
16.47 4.0995 0.406721 1.45592
16.48 3.90545 -0.180832 0.351723
16.49 3.37467 -0.641914 -0.918069
16.5 2.68293 -0.922734 -1.96046
16.51 1.89311 -0.844062 -2.80886
16.52 1.26589 -0.389169 -3.43609
16.53 0.960479 0.300419 -3.45071
16.54 0.966804 1.1796 -2.83954
16.55 1.26425 1.97718 -1.58578
16.56 1.81841 2.4108 0.099302
16.57 2.42194 2.47264 1.85026
16.58 3.01412 2.09108 3.56269
16.59 3.48812 1.36058 5.05485
16.6 3.47827 0.518721 6.29729
16.61 3.09136 -0.238599 7.269
16.62 2.53108 -0.640116 7.96679
16.63 1.75546 -0.543021 8.52433
16.64 1.02989 -0.0675733 8.75114
16.65 0.493873 0.626757 8.4482
16.66 0.178217 1.48951 7.57459
16.67 0.244756 2.2358 6.22612
16.68 0.611153 2.60423 4.60359
16.69 1.2342 2.59947 2.75228
16.7 1.93264 2.08064 0.895799
16.71 2.4851 1.17927 -0.664791
16.72 2.86147 0.199016 -1.89024
16.73 2.86507 -0.792302 -2.78538
16.74 2.51123 -1.4684 -3.41485
16.75 1.93006 -1.5568 -3.62211
16.76 1.2033 -1.14884 -3.31634
16.77 0.598929 -0.298136 -2.71745
16.78 0.102786 0.788746 -1.74775
16.79 -0.22728 1.71825 -0.506371
16.8 -0.0979924 2.30325 0.845615
16.81 0.279162 2.43739 2.26054
16.82 0.856325 2.02829 3.47779
16.83 1.53897 1.17565 4.6605
16.84 1.9415 0.0875315 5.92528
16.85 2.16797 -0.904836 7.00485
16.86 2.07438 -1.57199 7.92434
16.87 1.60403 -1.85403 8.58942
16.88 1.05271 -1.58414 8.75425
16.89 0.422281 -0.850976 8.41183
16.9 -0.174531 0.0597971 7.46245
16.91 -0.534516 0.937218 6.03419
16.92 -0.521277 1.45365 4.50888
16.93 -0.193681 1.47879 3.00412
16.94 0.381891 1.0843 1.53078
16.95 1.15595 0.338212 0.179712
16.96 1.7532 -0.535062 -1.02154
16.97 2.13952 -1.31055 -2.10526
16.98 2.3575 -1.79764 -2.98033
16.99 2.19015 -1.89636 -3.63622
17 1.7744 -1.66949 -3.84177
17.01 1.15672 -1.16625 -3.28412
17.02 0.432852 -0.569376 -2.29653
17.03 -0.0763098 -0.0460695 -1.04563
17.04 -0.352995 0.357208 0.504544
17.05 -0.380793 0.42161 1.91621
17.06 -0.0644414 0.092012 3.04942
17.07 0.485085 -0.399918 3.98247
17.08 1.09469 -0.969304 4.64662
17.09 1.61963 -1.49152 5.23793
17.1 1.91776 -1.72299 5.77902
17.11 2.02593 -1.68391 6.03442
17.12 1.84439 -1.40717 5.96732
17.13 1.39299 -0.913016 5.70204
17.14 0.822637 -0.454791 5.03481
17.15 0.133107 -0.182333 3.82601
17.16 -0.285148 -0.0785673 2.5844
17.17 -0.413147 -0.140412 1.28846
17.18 -0.285615 -0.410509 -0.110121
17.19 0.199409 -0.785643 -1.22337
17.2 0.716721 -1.11916 -2.33468
17.21 1.37232 -1.3968 -3.14837
17.22 2.0376 -1.42381 -3.30569
17.23 2.40817 -1.21074 -3.2859
17.24 2.57021 -0.915061 -2.65565
17.25 2.41912 -0.467569 -1.39726
17.26 2.02334 -0.108215 -0.0885346
17.27 1.52723 -0.00843199 1.47664
17.28 0.968684 -0.101143 2.79151
17.29 0.560146 -0.494489 3.72111
17.3 0.365151 -1.02472 4.68888
17.31 0.333634 -1.41737 5.36541
17.32 0.54713 -1.70956 6.00056
17.33 0.974323 -1.79755 6.74091
17.34 1.49309 -1.56185 7.30872
17.35 1.9819 -1.19308 7.6873
17.36 2.26332 -0.694845 7.45125
17.37 2.27609 -0.182066 6.53881
17.38 2.01868 0.0699363 5.23899
17.39 1.51212 0.14097 3.51243
17.4 0.915982 -0.0402242 1.64965
17.41 0.369288 -0.512297 -0.00617018
17.42 -0.0267627 -1.08554 -1.24655
17.43 -0.186727 -1.6075 -2.07871
17.44 -0.0184001 -1.86294 -2.77536
17.45 0.420135 -1.77969 -3.23092
17.46 1.00363 -1.34102 -3.47437
17.47 1.75559 -0.676109 -3.55328
17.48 2.39528 0.0614371 -3.30043
17.49 2.71345 0.785797 -2.7539
17.5 2.71769 1.21394 -1.66548
17.51 2.38958 1.30615 -0.115884
17.52 1.90415 1.06007 1.45378
17.53 1.33028 0.477625 3.06664
17.54 0.740468 -0.213322 4.47359
17.55 0.299604 -0.910325 5.49313
17.56 0.184362 -1.42609 6.21065
17.57 0.392039 -1.56452 6.4684
17.58 0.803294 -1.28532 6.49793
17.59 1.42361 -0.651374 6.37032
17.6 2.0139 0.157946 6.00089
17.61 2.40644 0.895294 5.47551
17.62 2.63999 1.38256 4.66564
17.63 2.5855 1.59497 3.8142
17.64 2.24986 1.37127 2.84682
17.65 1.82005 0.807347 1.59366
17.66 1.33064 0.183666 0.543887
17.67 0.894587 -0.484995 -0.396808
17.68 0.67072 -0.995324 -1.21615
17.69 0.689402 -1.21176 -1.57934
17.7 1.01378 -1.17452 -1.76555
17.71 1.54801 -0.825255 -1.46833
17.72 2.10953 -0.227637 -0.536593
17.73 2.57989 0.401254 0.4672
17.74 2.91119 0.873256 1.72479
17.75 3.04767 1.12753 3.21057
17.76 2.8702 1.02807 4.4733
17.77 2.49558 0.639045 5.47467
17.78 2.04912 0.138548 6.12146
17.79 1.51668 -0.465362 6.42294
17.8 1.12199 -0.897523 6.53781
17.81 0.964951 -1.04324 6.45502
17.82 0.987632 -1.00591 6.16714
17.83 1.32827 -0.777153 5.83287
17.84 1.78243 -0.440833 5.51577
17.85 2.18434 -0.06506 4.91553
17.86 2.63087 0.229919 4.0623
17.87 2.89851 0.387705 3.2126
17.88 2.96608 0.365846 2.19951
17.89 2.8632 0.135372 1.21702
17.9 2.46214 -0.161446 0.481107
17.91 1.94497 -0.501522 -0.0894502
17.92 1.47221 -0.80808 -0.252393
17.93 1.14615 -0.953533 -0.102781
17.94 1.0338 -0.93686 0.147288
17.95 1.11416 -0.781184 0.605638
17.96 1.41987 -0.577267 1.22222
17.97 1.87122 -0.434437 1.93646
17.98 2.36325 -0.37845 2.6891
17.99 2.73924 -0.376399 3.39251
18 2.95754 -0.47842 4.09019
18.01 3.01391 -0.641292 4.68814
18.02 2.79715 -0.794886 4.90203
18.03 2.43547 -0.924838 4.70213
18.04 2.02282 -0.907256 4.3098
18.05 1.67735 -0.80648 3.69574
18.06 1.45417 -0.622046 2.90539
18.07 1.36631 -0.338127 2.2157
18.08 1.51283 -0.116153 1.59269
18.09 1.74336 0.0406944 1.14941
18.1 2.08304 0.0108183 0.876154
18.11 2.50769 -0.223441 0.379013
18.12 2.77163 -0.520499 -0.0683138
18.13 2.88994 -0.828703 -0.367106
18.14 2.8538 -1.03685 -0.840662
18.15 2.54632 -1.10915 -1.06961
18.16 2.17495 -0.989094 -0.903349
18.17 1.81981 -0.708416 -0.481432
18.18 1.4208 -0.367874 0.397227
18.19 1.29752 -0.00878971 1.40185
18.2 1.33913 0.21289 2.40685
18.21 1.47479 0.250878 3.49812
18.22 1.91473 0.167409 4.25042
18.23 2.43665 -0.119456 4.65919
18.24 2.95539 -0.619068 4.8476
18.25 3.28305 -1.0643 4.80889
18.26 3.35332 -1.41165 4.62893
18.27 3.28651 -1.63211 4.22217
18.28 2.96446 -1.49178 3.69565
18.29 2.5805 -1.20194 3.08308
18.3 2.1796 -0.789353 2.33727
18.31 1.78861 -0.221751 1.58307
18.32 1.66394 0.139026 0.708704
18.33 1.72669 0.309833 -0.104798
18.34 1.95517 0.276622 -0.595665
18.35 2.36311 -0.0510323 -1.03295
18.36 2.78048 -0.504497 -1.33487
18.37 3.14361 -0.998401 -1.31269
18.38 3.43705 -1.46595 -1.15975
18.39 3.49677 -1.75105 -0.882746
18.4 3.32791 -1.69251 -0.507159
18.41 3.07078 -1.35237 -0.11502
18.42 2.67045 -0.809321 0.367537
18.43 2.18181 -0.109898 0.826101
18.44 1.69894 0.52816 1.06329
18.45 1.34437 0.984316 1.1928
18.46 1.18942 1.15629 1.34681
18.47 1.19052 0.97558 1.35267
18.48 1.33264 0.565509 1.2512
18.49 1.51822 0.0537538 1.30457
18.5 1.74572 -0.463295 1.42146
18.51 1.90447 -0.849267 1.57329
18.52 1.98743 -1.02125 1.74419
18.53 2.00416 -0.987188 1.75611
18.54 1.82607 -0.69072 1.85195
18.55 1.61918 -0.249951 1.9604
18.56 1.37188 0.129758 1.87176
18.57 1.16723 0.463351 1.92679
18.58 1.17593 0.619774 1.98236
18.59 1.28387 0.509767 1.88715
18.6 1.53037 0.256598 1.73821
18.61 1.85604 -0.111512 1.24534
18.62 2.16093 -0.485316 0.594548
18.63 2.43454 -0.681278 0.00756971
18.64 2.58389 -0.7268 -0.585385
18.65 2.56435 -0.669851 -0.874183
18.66 2.32648 -0.466098 -0.799373
18.67 1.94626 -0.243905 -0.397919
18.68 1.57452 -0.0535801 0.249593
18.69 1.23535 0.107706 0.788883
18.7 0.973134 0.105861 1.2417
18.71 0.905784 0.0242848 1.65295
18.72 1.05648 -0.0980186 1.96281
18.73 1.30297 -0.314741 2.2193
18.74 1.61382 -0.517759 2.56263
18.75 1.95728 -0.676436 3.13273
18.76 2.24263 -0.718226 3.57009
18.77 2.42254 -0.585494 3.75115
18.78 2.42269 -0.401211 3.797
18.79 2.2428 -0.190856 3.47959
18.8 1.91805 0.00819708 3.07774
18.81 1.56729 0.0900388 2.70763
18.82 1.26838 0.0643902 2.2397
18.83 1.0149 -0.0581754 2.14573
18.84 0.883007 -0.226602 2.19355
18.85 0.86261 -0.362482 1.98814
18.86 0.980953 -0.424224 1.79482
18.87 1.22907 -0.360173 1.48307
18.88 1.47693 -0.247716 1.07964
18.89 1.6354 -0.080307 0.844339
18.9 1.70718 0.171591 0.768679
18.91 1.69794 0.313553 0.970787
18.92 1.49931 0.360355 1.44755
18.93 1.26815 0.307439 1.9494
18.94 1.10254 0.0548071 2.30561
18.95 0.904643 -0.188181 2.63061
18.96 0.831955 -0.39271 2.97544
18.97 0.859664 -0.583628 3.24833
18.98 0.996588 -0.566091 3.67628
18.99 1.30011 -0.360265 4.21855
19 1.60346 -0.0575057 4.66945
19.01 1.88572 0.284775 4.98123
19.02 2.0705 0.567623 4.79077
19.03 2.13244 0.754343 4.17604
19.04 2.05446 0.789476 3.41455
19.05 1.84638 0.661333 2.5466
19.06 1.59469 0.401157 1.90041
19.07 1.23363 0.0495012 1.49968
19.08 0.957318 -0.246817 1.41352
19.09 0.793522 -0.422658 1.60455
19.1 0.665946 -0.425591 1.48932
19.11 0.751165 -0.165043 1.18284
19.12 0.926397 0.25143 0.823921
19.13 1.12311 0.771914 0.301339
19.14 1.36056 1.30901 0.0223175
19.15 1.42633 1.61492 0.0392305
19.16 1.38344 1.69167 0.460114
19.17 1.36534 1.56271 1.38973
19.18 1.15676 1.22436 2.3307
19.19 0.861634 0.829509 3.26957
19.2 0.634575 0.423584 4.19425
19.21 0.383963 0.111161 4.86192
19.22 0.294678 0.0451739 5.42957
19.23 0.354536 0.124728 5.7971
19.24 0.517769 0.303749 6.00465
19.25 0.797435 0.630304 6.14724
19.26 1.09392 0.911544 5.89399
19.27 1.45706 1.06759 5.33227
19.28 1.70311 1.13498 4.57738
19.29 1.84574 0.951103 3.62109
19.3 1.92809 0.607725 2.70312
19.31 1.75235 0.27721 1.82005
19.32 1.56896 -0.0990245 1.0334
19.33 1.40833 -0.38431 0.474011
19.34 1.21582 -0.493756 0.0571063
19.35 1.27875 -0.527935 -0.306967
19.36 1.47317 -0.417263 -0.583071
19.37 1.68217 -0.213182 -0.508081
19.38 2.01876 -0.069986 -0.144951
19.39 2.33734 0.0688779 0.404166
19.4 2.53282 0.168214 1.2803
19.41 2.59175 0.139719 2.2243
19.42 2.4444 0.0509737 3.19924
19.43 2.16112 -0.114715 4.11897
19.44 1.79513 -0.317776 4.70271
19.45 1.3859 -0.423071 5.30722
19.46 1.07578 -0.460965 5.84773
19.47 0.952475 -0.451881 6.09049
19.48 1.02485 -0.36484 6.24101
19.49 1.23704 -0.230975 6.02662
19.5 1.58078 -0.141897 5.44334
19.51 1.9686 -0.116592 4.54366
19.52 2.32938 -0.128908 3.1841
19.53 2.64302 -0.230339 1.84955
19.54 2.72962 -0.314173 0.719651
19.55 2.62489 -0.386957 -0.205196
19.56 2.35136 -0.534394 -0.734567
19.57 1.95475 -0.588859 -0.956478
19.58 1.64082 -0.608245 -0.835157
19.59 1.31285 -0.629511 -0.567332
19.6 1.06665 -0.520089 -0.252651
19.61 1.03629 -0.44063 0.330654
19.62 1.12741 -0.400374 1.07604
19.63 1.40594 -0.329921 2.11713
19.64 1.72371 -0.384309 3.35055
19.65 2.02712 -0.505809 4.46264
19.66 2.34793 -0.650372 5.62853
19.67 2.43741 -0.830731 6.50151
19.68 2.41258 -0.917975 6.86969
19.69 2.3147 -0.979437 6.97991
19.7 2.06326 -1.02 6.68028
19.71 1.89149 -0.987655 6.15406
19.72 1.76159 -0.97871 5.44243
19.73 1.71826 -0.936957 4.36965
19.74 1.88394 -0.965431 3.21654
19.75 2.14922 -1.12195 1.9325
19.76 2.54134 -1.26699 0.506692
19.77 2.97472 -1.53667 -0.85005
19.78 3.29242 -1.85453 -2.07172
19.79 3.50034 -2.10225 -2.94288
19.8 3.53331 -2.32185 -3.5323
19.81 3.3703 -2.32499 -3.93209
19.82 3.08364 -2.15509 -3.98813
19.83 2.65584 -1.88957 -3.72137
19.84 2.22126 -1.49342 -3.17327
19.85 1.84417 -1.13902 -2.33871
19.86 1.51469 -0.863951 -1.11245
19.87 1.47416 -0.681392 0.448991
19.88 1.66804 -0.689966 2.098
19.89 1.99076 -0.830061 3.65767
19.9 2.44751 -1.03352 4.8842
19.91 2.86418 -1.2694 5.78724
19.92 3.21334 -1.44314 6.37111
19.93 3.4106 -1.52705 6.55015
19.94 3.35878 -1.47803 6.64948
19.95 3.05728 -1.20395 6.73569
19.96 2.57032 -0.845317 6.69186
19.97 2.02714 -0.498836 6.52881
19.98 1.4666 -0.161303 5.96489
19.99 1.06024 0.0440871 5.02843
20 0.85553 0.0802484 3.82222
