1 2.63625e-014 0.65596 -0.595655
9.31894 -2.86764e-014 0.85596 -0.621869
18.7193 -2.88813e-014 1.05596 -0.646934
26.2631 -3.02704e-015 1.25596 -0.667613
31.9995 9.03238e-015 1.45596 -0.684645
36.5235 -2.7611e-015 1.65596 -0.699723
40.7967 -1.14078e-015 1.85596 -0.714416
44.124 2.53467e-015 2.05596 -0.725511
46.4209 -1.89162e-014 2.25596 -0.735939
48.9372 -1.76872e-014 2.45596 -0.74634
51.5703 -1.26226e-014 2.65596 -0.756751
54.2463 6.2931e-013 2.85596 -0.76714
56.9066 -9.35314e-014 3.05596 -0.777384
59.9065 -5.20317e-014 3.25596 -0.78593
62.2507 -4.94708e-014 3.45596 -0.794261
64.4397 -5.6801e-014 3.65596 -0.802445
66.1496 -1.12068e-013 3.85596 -0.809989
68.0199 -1.29012e-013 4.05596 -0.817521
69.951 -1.29146e-013 4.25596 -0.824905
71.9192 -1.28721e-013 4.45596 -0.832295
73.9006 -9.88539e-014 4.65596 -0.839626
76.3681 -1.9383e-013 4.85596 -0.846983
78.0881 -1.55447e-013 5.05596 -0.854411
79.9124 -2.70435e-013 5.25596 -0.861597
81.7607 -1.62568e-013 5.45596 -0.86862
83.6363 -1.60297e-013 5.65596 -0.875649
85.5248 -7.08502e-014 5.85596 -0.882687
87.417 -1.631e-013 6.05596 -0.889739
89.312 -1.65327e-013 6.25596 -0.896796
91.2038 -1.3474e-013 6.45596 -0.903793
93.0594 -1.6929e-013 6.65596 -0.91048
94.9099 -1.63116e-013 6.85596 -0.917172
96.7575 -1.73367e-013 7.05596 -0.923868
99.0302 -1.61192e-013 7.25596 -0.930421
100.91 -9.80049e-014 7.45596 -0.936852
102.386 -1.08628e-013 7.65596 -0.943215
104.304 -9.95991e-014 7.85596 -0.949373
105.711 -1.07235e-013 8.05596 -0.955479
107.227 -2.00993e-013 8.25596 -0.961543
108.776 -3.77748e-013 8.45596 -0.967536
110.596 -9.97562e-014 8.65596 -0.973138
111.843 -1.05539e-013 8.85596 -0.978705
113.167 3.13196e-014 9.05596 -0.984179
114.794 -9.89007e-014 9.25596 -0.989478
115.892 -1.11238e-013 9.45596 -0.994543
117.015 -1.11709e-013 9.65596 -0.999505
118.164 -1.06532e-013 9.85596 -1.00445
119.572 -9.8105e-014 10.056 -1.00924
120.709 1.73353e-013 10.256 -1.01372
121.547 -5.27203e-013 10.456 -1.01749
122.401 -6.52686e-015 10.656 -1.02116
123.288 -4.42433e-014 10.856 -1.02482
124.132 -7.78383e-014 11.056 -1.02829
124.971 3.7966e-014 11.256 -1.03174
125.786 -8.84051e-014 11.456 -1.03511
126.535 -1.6884e-013 11.656 -1.03815
127.271 -7.51784e-014 11.856 -1.04119
127.972 -2.08061e-013 12.056 -1.04407
128.626 -4.68946e-014 12.256 -1.0469
129.267 -7.20119e-014 12.456 -1.0497
129.905 -7.16697e-014 12.656 -1.05251
130.536 1.62013e-014 12.856 -1.05527
131.266 -3.02625e-013 13.056 -1.0578
131.735 -2.5486e-013 13.256 -1.06022
132.193 -2.84437e-013 13.456 -1.06252
132.657 -3.06564e-013 13.656 -1.0648
133.126 -3.0681e-013 13.856 -1.06707
133.597 -3.05842e-013 14.056 -1.06936
134.07 -3.06268e-013 14.256 -1.07164
134.544 -3.06596e-013 14.456 -1.07392
135.018 -3.07389e-013 14.656 -1.07621
135.544 -4.58722e-013 14.856 -1.07817
135.852 -4.62029e-013 15.056 -1.07999
136.178 -4.74529e-013 15.256 -1.08181
136.514 -4.16145e-013 15.456 -1.08364
136.854 -4.62285e-013 15.656 -1.08546
137.196 -4.62646e-013 15.856 -1.08729
137.54 -4.64002e-013 16.056 -1.08912
137.884 -4.64103e-013 16.256 -1.09094
138.227 -4.78582e-013 16.456 -1.09275
138.564 -4.63155e-013 16.656 -1.09453
138.887 -8.72411e-013 16.856 -1.0962
139.186 -4.64635e-013 17.056 -1.09781
139.482 -4.63053e-013 17.256 -1.09942
139.83 8.3765e-013 17.456 -1.10093
140.055 8.38536e-013 17.656 -1.10239
140.293 9.23696e-013 17.856 -1.10384
140.534 8.37638e-013 18.056 -1.10528
140.779 8.35807e-013 18.256 -1.10672
141.026 8.3815e-013 18.456 -1.10817
141.271 7.12331e-013 18.656 -1.10959
141.512 8.38887e-013 18.856 -1.111
141.754 8.38338e-013 19.056 -1.1124
141.995 8.39136e-013 19.256 -1.11381
142.236 8.38342e-013 19.456 -1.11523
142.464 1.12414e-012 19.656 -1.1165
142.674 8.86135e-013 19.856 -1.11776
142.885 8.41952e-013 20.056 -1.11902
143.094 8.41519e-013 20.256 -1.12029
143.304 8.43143e-013 20.456 -1.12155
143.514 8.42307e-013 20.656 -1.12282
139.81 1.21851e-011 20.256 -1.11231
136.765 3.15807e-012 19.856 -1.10177
133.235 2.40839e-012 19.456 -1.09115
129.76 2.52877e-012 19.056 -1.08055
126.278 2.78114e-012 18.656 -1.06993
122.757 2.80833e-012 18.256 -1.059
119.235 2.80678e-012 17.856 -1.04807
115.713 2.80679e-012 17.456 -1.03714
112.191 2.80724e-012 17.056 -1.02621
108.608 1.91237e-012 16.656 -1.01513
105.124 2.86336e-012 16.256 -1.00401
101.578 2.75979e-012 15.856 -0.992906
97.9685 1.96883e-012 15.456 -0.981662
94.3425 2.49588e-012 15.056 -0.970206
90.5618 1.86304e-012 14.656 -0.958473
86.8318 3.07039e-012 14.256 -0.94634
83.031 2.61362e-012 13.856 -0.934229
79.2217 2.78569e-012 13.456 -0.922044
75.3011 2.65106e-012 13.056 -0.909208
71.2681 1.95229e-012 12.656 -0.896495
67.3323 3.13328e-012 12.256 -0.883706
63.3292 2.99578e-012 11.856 -0.870918
59.3272 2.58418e-012 11.456 -0.858137
54.8834 2.04754e-012 11.056 -0.844548
50.3518 1.97163e-012 10.656 -0.830771
45.8761 2.63384e-012 10.256 -0.817059
41.1692 2.04314e-012 9.85596 -0.803343
36.4708 2.79243e-012 9.45596 -0.789599
31.4565 2.03997e-012 9.05596 -0.775872
26.4916 2.11112e-012 8.65596 -0.76244
21.5915 1.55978e-012 8.25596 -0.74927
16.7614 1.90087e-012 7.85596 -0.73704
12.2952 1.99161e-012 7.45596 -0.72548
7.91972 1.58182e-012 7.05596 -0.714314
3.8236 1.95339e-012 6.65596 -0.70395
-0.0200474 1.84057e-012 6.25596 -0.694091
-3.4994 1.75635e-012 5.85596 -0.684919
-6.85165 1.91955e-012 5.45596 -0.674931
-9.97671 1.53191e-012 5.05596 -0.664638
-13.0932 1.3864e-012 4.65596 -0.654437
-15.7282 2.00392e-012 4.25596 -0.645397
-18.2 1.40635e-012 3.85596 -0.636503
-20.6889 1.41028e-012 3.45596 -0.627671
-22.9277 2.00737e-012 3.05596 -0.61949
-24.9535 1.90653e-012 2.65596 -0.611718
-26.8246 1.30333e-012 2.25596 -0.604223
-28.6956 1.59235e-012 1.85596 -0.596831
-31.1223 1.81886e-012 1.45596 -0.587012
-34.6691 1.89331e-012 1.05596 -0.572699
-40.6669 1.76617e-012 0.65596 -0.55184
-55.136 3.22445e-012 0.25596 -0.512798
-75.1434 1.19199e-012 -0.14404 -0.464285
-94.7979 1.30872e-012 -0.54404 -0.416162
-113.552 2.52597e-012 -0.94404 -0.367126
-130.832 -2.77556e-012 -1.34404 -0.315567
-144.427 1.20397e-010 -1.74404 -0.254899
-154.782 -3.77078e-010 -2.14404 -0.186499
-165.221 3.62523e-011 -2.54404 -0.117493
-174.431 6.50202e-011 -2.94404 -0.0437745
-183.009 3.3315e-011 -3.34404 0.0326264
-191.069 2.61521e-011 -3.74404 0.111865
-198.576 1.01851e-011 -4.14404 0.194389
-205.849 7.01537e-012 -4.54404 0.278139
-212.779 -5.07189e-011 -4.94404 0.363329
-219.789 -4.71522e-011 -5.34404 0.448215
-226.805 5.93868e-012 -5.74404 0.533019
-233.552 -5.84181e-011 -6.14404 0.617593
-240.44 5.53123e-012 -6.54404 0.702184
-247.018 6.10388e-012 -6.94404 0.788489
-253.431 6.72254e-012 -7.34404 0.875827
-259.655 -5.04102e-011 -7.74404 0.963259
-265.939 -3.40696e-011 -8.14404 1.05044
-272.246 5.51776e-012 -8.54404 1.13731
-278.411 6.1091e-012 -8.94404 1.22383
-284.513 5.96556e-012 -9.34404 1.31011
-290.527 5.98634e-012 -9.74404 1.39618
-296.464 5.41966e-012 -10.144 1.48211
-302.194 -1.59573e-011 -10.544 1.56878
-308.018 3.15076e-012 -10.944 1.65589
-313.629 2.79606e-012 -11.344 1.74363
-319.079 -5.93536e-013 -11.744 1.83184
-324.34 -1.10267e-012 -12.144 1.92127
-329.512 -1.65498e-012 -12.544 2.01079
-334.6 1.43223e-012 -12.944 2.09971
-339.229 1.99647e-011 -13.344 2.18856
-343.122 3.59285e-011 -13.744 2.27803
-346.724 1.8863e-011 -14.144 2.36692
-349.787 7.01419e-011 -14.544 2.45602
-351.92 7.56038e-010 -14.944 2.54649
-353.811 2.1421e-010 -15.344 2.63656
-355.598 2.31619e-010 -15.744 2.72536
-357.263 2.39025e-010 -16.144 2.81341
-358.796 1.8987e-010 -16.544 2.90072
-360.233 1.82914e-010 -16.944 2.98717
-361.59 1.80587e-010 -17.344 3.0727
-362.859 1.78256e-010 -17.744 3.15725
-364 2.01841e-010 -18.144 3.24116
-364.98 2.1096e-010 -18.544 3.32352
-365.762 -7.42714e-010 -18.944 3.40378
-366.492 1.5017e-010 -19.344 3.48381
-356.58 1.35082e-010 -18.744 3.33138
-346.671 1.35437e-010 -18.144 3.17896
-336.754 1.35402e-010 -17.544 3.02668
-326.795 1.53677e-010 -16.944 2.87513
-316.717 1.37122e-010 -16.344 2.72556
-306.492 1.39051e-010 -15.744 2.57866
-296.138 1.35243e-010 -15.144 2.43427
-285.625 1.35473e-010 -14.544 2.29288
-275.042 1.31654e-010 -13.944 2.15276
-264.434 1.32933e-010 -13.344 2.01307
-253.821 1.3492e-010 -12.744 1.87346
-243.187 1.34416e-010 -12.144 1.73416
-232.09 1.34372e-010 -11.544 1.60003
-220.893 1.34518e-010 -10.944 1.46707
-209.678 1.32528e-010 -10.344 1.33426
-198.355 1.27459e-010 -9.74404 1.20245
-186.964 1.3476e-010 -9.14404 1.07126
-175.421 1.29433e-010 -8.54404 0.941166
-163.07 1.31857e-010 -7.94404 0.816695
-150.079 1.29586e-010 -7.34404 0.696301
-136.825 1.28875e-010 -6.74404 0.577415
-123.49 1.30187e-010 -6.14404 0.458942
-109.676 1.30265e-010 -5.54404 0.34447
-95.885 1.3037e-010 -4.94404 0.230359
-82.0959 1.3035e-010 -4.34404 0.11623
-67.5532 1.30273e-010 -3.74404 0.00563362
-52.7248 1.31166e-010 -3.14404 -0.103594
-39.0667 1.30824e-010 -2.54404 -0.210565
-29.0352 1.3087e-010 -1.94404 -0.307165
-18.977 9.95938e-011 -1.34404 -0.400227
-5.70518 2.35319e-011 -0.74404 -0.479923
8.57607 1.63714e-011 -0.14404 -0.534334
21.0223 1.80625e-011 0.45596 -0.578656
33.2139 1.71457e-011 1.05596 -0.620887
40.7931 1.73099e-011 1.65596 -0.647141
47.9737 1.73235e-011 2.25596 -0.672094
54.5267 2.22207e-011 2.85596 -0.694856
60.0147 1.89666e-011 3.45596 -0.714413
65.1524 1.72286e-011 4.05596 -0.733054
70.2811 1.72315e-011 4.65596 -0.751769
75.3519 1.72147e-011 5.25596 -0.770473
80.262 1.7201e-011 5.85596 -0.78871
84.6697 1.74115e-011 6.45596 -0.805099
88.9186 1.72912e-011 7.05596 -0.821052
93.1244 1.72778e-011 7.65596 -0.836784
97.0861 1.64374e-011 8.25596 -0.851447
100.815 1.71361e-011 8.85596 -0.865433
103.934 1.91909e-011 9.45596 -0.876563
107.095 1.70289e-011 10.056 -0.887524
110.142 1.73696e-011 10.656 -0.898051
113.023 1.74188e-011 11.256 -0.908086
115.866 1.71259e-011 11.856 -0.917959
118.668 1.7055e-011 12.456 -0.927777
121.306 1.63613e-011 13.056 -0.937109
123.593 1.60068e-011 13.656 -0.945497
125.833 1.54553e-011 14.256 -0.95371
128.067 1.57786e-011 14.856 -0.961833
130.296 1.58054e-011 15.456 -0.969945
132.42 1.57694e-011 16.056 -0.977791
134.358 1.56043e-011 16.656 -0.985082
136.265 1.15219e-011 17.256 -0.992374
138.033 1.27261e-011 17.856 -0.999293
139.687 1.15698e-011 18.456 -1.00585
141.341 1.15032e-011 19.056 -1.01241
142.85 1.12024e-011 19.656 -1.01853
144.002 1.53726e-011 20.256 -1.02343
144.529 1.53026e-011 20.856 -1.02598
145.044 1.54154e-011 21.456 -1.02846
145.544 1.52888e-011 22.056 -1.03087
146.044 1.52815e-011 22.656 -1.03328
146.502 1.52588e-011 23.256 -1.03545
146.943 1.52767e-011 23.856 -1.03752
147.384 1.52773e-011 24.456 -1.03959
147.821 1.5769e-011 25.056 -1.04154
148.257 1.55998e-011 25.656 -1.04348
148.683 1.44453e-011 26.256 -1.0454
149.106 1.44686e-011 26.856 -1.0474
149.481 1.49899e-011 27.456 -1.04863
149.834 1.1986e-011 28.056 -1.04994
150.184 1.38949e-011 28.656 -1.05137
150.532 1.49691e-011 29.256 -1.05286
150.862 1.43786e-011 29.856 -1.05422
151.175 1.50295e-011 30.456 -1.05543
151.488 1.52058e-011 31.056 -1.05664
151.8 1.50614e-011 31.656 -1.05787
152.106 1.58115e-011 32.256 -1.05887
152.402 1.51082e-011 32.856 -1.05953
152.695 1.30889e-011 33.456 -1.06017
152.984 1.3347e-011 34.056 -1.06085
153.273 1.33628e-011 34.656 -1.06153
153.561 1.33694e-011 35.256 -1.06221
153.849 1.39733e-011 35.856 -1.06297
154.136 1.47256e-011 36.456 -1.06375
154.418 1.46279e-011 37.056 -1.06444
154.696 1.51999e-011 37.656 -1.06512
154.973 1.52234e-011 38.256 -1.06581
155.251 1.52343e-011 38.856 -1.06651
155.528 1.52594e-011 39.456 -1.06722
155.804 1.5298e-011 40.056 -1.06785
156.081 1.53053e-011 40.656 -1.0685
149.156 1.60354e-011 39.856 -1.04716
142.224 1.53069e-011 39.056 -1.02565
135.292 1.53068e-011 38.256 -1.00413
128.346 1.47942e-011 37.456 -0.98246
121.349 1.65506e-011 36.656 -0.960422
114.311 1.53387e-011 35.856 -0.938054
107.273 1.59486e-011 35.056 -0.915644
100.216 1.60149e-011 34.256 -0.893014
93.0236 1.57447e-011 33.456 -0.86975
85.5872 1.57658e-011 32.656 -0.845364
78.0397 1.82775e-011 31.856 -0.820085
70.3332 1.82764e-011 31.056 -0.7937
62.4237 -2.54578e-012 30.256 -0.766775
54.4832 1.82787e-011 29.456 -0.739807
45.7307 1.74614e-011 28.656 -0.710202
36.9114 1.71382e-011 27.856 -0.68077
28.6874 1.71163e-011 27.056 -0.65334
21.0095 2.70083e-011 26.256 -0.628284
13.9303 1.7202e-011 25.456 -0.605095
7.77046 1.77266e-011 24.656 -0.58492
1.99394 1.71294e-011 23.856 -0.566428
-2.97846 1.65864e-011 23.056 -0.550523
-7.62917 1.54432e-011 22.256 -0.535954
-11.649 1.68075e-011 21.456 -0.523483
-15.2241 1.67173e-011 20.656 -0.512383
-18.5067 1.76579e-011 19.856 -0.502269
-21.1029 1.68959e-011 19.056 -0.494557
-23.4875 1.76176e-011 18.256 -0.487594
-25.589 1.7216e-011 17.456 -0.481668
-27.6441 1.71267e-011 16.656 -0.475915
-29.1813 1.81655e-011 15.856 -0.47227
-30.5964 1.71263e-011 15.056 -0.469122
-31.977 1.6908e-011 14.256 -0.46613
-33.2632 1.73999e-011 13.456 -0.463569
-34.4363 1.7113e-011 12.656 -0.461526
-35.5981 1.23131e-011 11.856 -0.45935
-36.6015 1.71281e-011 11.056 -0.457816
-37.5763 1.68078e-011 10.256 -0.456466
-38.4682 1.76721e-011 9.45596 -0.455502
-39.2955 1.787e-011 8.65596 -0.454704
-40.1153 1.70423e-011 7.85596 -0.453928
-40.9363 1.70109e-011 7.05596 -0.45306
-41.7473 1.66062e-011 6.25596 -0.45168
-42.5379 1.60717e-011 5.45596 -0.449247
-43.2458 1.62001e-011 4.65596 -0.446951
-44.0164 1.62101e-011 3.85596 -0.443728
-44.7765 1.38349e-011 3.05596 -0.440329
-45.3903 1.71875e-011 2.25596 -0.434556
-45.9918 1.87075e-011 1.45596 -0.428467
-46.5307 2.26369e-011 0.65596 -0.419754
-47.6658 2.99337e-011 -0.14404 -0.402237
-52.3818 6.77399e-011 -0.94404 -0.329411
-58.9198 7.35453e-011 -1.74404 -0.232046
-69.4176 7.4865e-011 -2.54404 -0.112263
-80.5677 7.43273e-011 -3.34404 0.0163835
-96.3805 7.5216e-011 -4.14404 0.160809
-113.301 8.174e-011 -4.94404 0.313179
-130.185 7.49471e-011 -5.74404 0.466671
-146.987 7.76385e-011 -6.54404 0.620722
-163.349 7.53454e-011 -7.34404 0.777558
-178.737 7.53879e-011 -8.14404 0.941722
-193.076 7.54972e-011 -8.94404 1.11428
-207.332 7.52995e-011 -9.74404 1.28758
-221.526 7.60341e-011 -10.544 1.46144
-235.696 7.72494e-011 -11.344 1.63551
-249.538 1.00539e-010 -12.144 1.81331
-263.06 7.84617e-011 -12.944 1.99484
-276.566 7.58291e-011 -13.744 2.17662
-289.827 7.63782e-011 -14.544 2.3593
-302.921 6.99597e-011 -15.344 2.54528
-315.706 7.75973e-011 -16.144 2.73857
-327.84 1.16181e-010 -16.944 2.93751
-338.822 1.16321e-010 -17.744 3.14137
-347.851 8.28677e-011 -18.544 3.3508
-351.65 -1.02441e-009 -19.344 3.57456
-355.235 8.00799e-011 -20.144 3.79915
-358.546 6.48338e-011 -20.944 4.0203
-360.266 1.11516e-010 -21.744 4.21385
-361.948 8.93579e-011 -22.544 4.40662
-363.542 4.02772e-011 -23.344 4.59705
-364.952 1.78781e-012 -24.144 4.78035
-366.157 1.00357e-011 -24.944 4.95488
-367.279 9.30001e-012 -25.744 5.12799
-368.202 1.00529e-011 -26.544 5.30018
-369.076 1.04233e-011 -27.344 5.4705
-369.876 7.50793e-012 -28.144 5.63899
-370.583 9.70193e-012 -28.944 5.80595
-371.19 1.05045e-011 -29.744 5.97239
-371.71 1.29121e-011 -30.544 6.1351
-372.164 1.05771e-011 -31.344 6.29496
-372.532 8.00076e-012 -32.144 6.45259
-372.832 8.20284e-012 -32.944 6.60696
-373.051 8.50261e-012 -33.744 6.75693
-373.155 4.25342e-012 -34.544 6.89986
-373.143 2.46156e-011 -35.344 7.03704
-372.978 9.79448e-012 -36.144 7.1661
-372.182 2.09164e-011 -36.944 7.27273
-370.906 -1.34818e-010 -37.744 7.36657
-369.577 4.91509e-012 -38.544 7.46213
-368.246 5.37247e-011 -39.344 7.5576
-353.511 5.53416e-011 -38.344 7.32001
-338.771 5.46906e-011 -37.344 7.08254
-323.973 5.04744e-011 -36.344 6.8463
-308.903 5.52623e-011 -35.344 6.6156
-293.588 5.52881e-011 -34.344 6.39054
-278.015 5.95819e-011 -33.344 6.17117
-262.364 5.55529e-011 -32.344 5.95344
-246.694 6.00895e-011 -31.344 5.73611
-230.55 5.51866e-011 -30.344 5.52511
-214.198 5.64784e-011 -29.344 5.31685
-197.806 5.5237e-011 -28.344 5.10901
-181.327 5.39021e-011 -27.344 4.90278
-163.979 5.51378e-011 -26.344 4.70519
-145.492 5.51357e-011 -25.344 4.51722
-126.607 5.31654e-011 -24.344 4.33229
-107.864 5.97242e-011 -23.344 4.14796
-89.1567 5.50729e-011 -22.344 3.96392
-70.5419 5.6572e-011 -21.344 3.77977
-52.418 4.32432e-011 -20.344 3.59503
-34.8616 5.51362e-011 -19.344 3.4125
-17.9917 5.99076e-011 -18.344 3.23346
-4.59416 5.37015e-011 -17.344 3.0374
5.83233 4.35862e-011 -16.344 2.8324
12.2687 2.2062e-011 -15.344 2.61034
15.7516 7.61581e-012 -14.344 2.39117
18.7005 1.83323e-011 -13.344 2.1726
21.5399 1.76998e-011 -12.344 1.95773
24.3173 1.68513e-011 -11.344 1.74338
26.9109 1.66832e-011 -10.344 1.52975
29.0382 1.47421e-011 -9.34404 1.31365
31.0054 1.62292e-011 -8.34404 1.09864
33.0083 1.26974e-011 -7.34404 0.886774
34.2758 2.2759e-010 -6.34404 0.698348
35.3161 -2.20764e-010 -5.34404 0.513311
36.2602 1.02618e-011 -4.34404 0.330497
37.1984 1.40512e-011 -3.34404 0.147724
38.278 3.80201e-010 -2.34404 -0.0268782
39.873 1.03528e-011 -1.34404 -0.193585
41.4288 -6.04258e-011 -0.34404 -0.360583
42.974 1.73296e-011 0.65596 -0.527665
50.4772 -1.22268e-012 1.65596 -0.594362
57.5454 3.88366e-012 2.65596 -0.630226
64.0926 3.53839e-012 3.65596 -0.659888
70.3527 3.98733e-012 4.65596 -0.687397
76.2483 4.05764e-012 5.65596 -0.712387
81.3044 3.76843e-012 6.65596 -0.732933
85.8616 4.25424e-012 7.65596 -0.750848
90.4354 4.25448e-012 8.65596 -0.768044
94.9607 1.63361e-012 9.65596 -0.784734
99.348 1.98003e-011 10.656 -0.801126
103.221 4.25548e-012 11.656 -0.816004
106.977 4.21375e-012 12.656 -0.830612
110.716 4.55843e-012 13.656 -0.845144
114.164 4.12695e-012 14.656 -0.858578
117.101 4.1244e-012 15.656 -0.870439
119.934 3.94058e-012 16.656 -0.88204
122.743 4.57825e-012 17.656 -0.893406
125.454 4.50375e-012 18.656 -0.904122
127.85 4.71699e-012 19.656 -0.913672
130.178 4.4557e-012 20.656 -0.923007
132.506 4.7181e-012 21.656 -0.932359
134.193 4.7347e-012 22.656 -0.939288
135.856 4.71386e-012 23.656 -0.946102
137.498 4.27245e-012 24.656 -0.952827
139.006 9.29476e-013 25.656 -0.958533
140.398 5.12474e-012 26.656 -0.963565
141.566 3.79389e-012 27.656 -0.9676
142.676 5.11018e-012 28.656 -0.971392
143.786 4.78738e-012 29.656 -0.975194
144.763 6.04176e-012 30.656 -0.978224
145.686 5.64323e-012 31.656 -0.980902
146.609 5.64344e-012 32.656 -0.98358
147.531 5.64366e-012 33.656 -0.986258
148.356 4.76972e-012 34.656 -0.988447
149.144 5.79048e-012 35.656 -0.990427
149.907 6.31867e-012 36.656 -0.992109
150.55 5.29633e-012 37.656 -0.993037
151.183 5.8656e-012 38.656 -0.993848
151.808 6.40786e-012 39.656 -0.994227
152.428 6.67636e-012 40.656 -0.994238
153.047 6.67543e-012 41.656 -0.99425
153.667 6.6768e-012 42.656 -0.994261
154.286 6.67611e-012 43.656 -0.994272
154.886 6.95526e-012 44.656 -0.994109
155.437 6.03228e-012 45.656 -0.993614
155.906 4.47757e-012 46.656 -0.992366
156.355 3.96343e-012 47.656 -0.990782
156.802 4.48959e-012 48.656 -0.989333
157.246 4.37034e-012 49.656 -0.988121
157.689 4.37793e-012 50.656 -0.986921
158.131 3.89174e-012 51.656 -0.985683
158.571 3.72312e-012 52.656 -0.984419
159.011 3.18434e-012 53.656 -0.983212
159.443 2.98856e-012 54.656 -0.98208
159.871 3.25255e-012 55.656 -0.980934
160.297 3.21261e-012 56.656 -0.979809
160.723 3.39999e-012 57.656 -0.978678
161.148 2.92126e-012 58.656 -0.977575
161.573 3.24456e-012 59.656 -0.976512
161.996 3.13325e-012 60.656 -0.975512
151.735 1.0372e-012 59.456 -0.943031
141.403 6.50364e-012 58.256 -0.909129
131.045 3.06784e-012 57.056 -0.874674
120.608 3.07436e-012 55.856 -0.839585
110.097 3.07101e-012 54.656 -0.803898
99.5681 2.47817e-012 53.456 -0.768067
88.7408 2.68066e-012 52.256 -0.731229
77.5036 3.01495e-012 51.056 -0.6923
65.9733 2.80866e-012 49.856 -0.651988
54.1262 2.93439e-012 48.656 -0.610125
41.4346 2.60774e-012 47.456 -0.566303
29.5724 1.58757e-012 46.256 -0.520832
19.0533 1.61014e-012 45.056 -0.480105
10.2216 5.65947e-012 43.856 -0.445718
2.68793 3.86673e-012 42.656 -0.416447
-3.86988 5.09405e-012 41.456 -0.3915
-9.2717 1.54783e-012 40.256 -0.371265
-13.8939 1.54043e-012 39.056 -0.354372
-17.5583 2.05918e-012 37.856 -0.341598
-20.6788 1.53326e-012 36.656 -0.33128
-23.3904 3.55733e-012 35.456 -0.322988
-25.5105 1.52505e-012 34.256 -0.317657
-27.5649 2.08022e-012 33.056 -0.312697
-29.3305 1.51905e-012 31.856 -0.309375
-30.895 2.2943e-012 30.656 -0.307237
-32.2934 9.69372e-013 29.456 -0.306056
-33.5226 -5.36552e-013 28.256 -0.305977
-34.6652 1.79095e-012 27.056 -0.306503
-35.8054 1.52204e-012 25.856 -0.306971
-36.9318 -2.94072e-012 24.656 -0.305417
-37.8913 4.57901e-012 23.456 -0.304591
-38.7442 5.91398e-012 22.256 -0.305023
-39.5222 1.75888e-012 21.056 -0.306039
-40.2276 2.20985e-012 19.856 -0.30285
-40.8987 2.22591e-012 18.656 -0.296079
-41.5037 1.03716e-011 17.456 -0.282097
-42.0996 3.4848e-012 16.256 -0.267073
-42.6956 3.46094e-012 15.056 -0.25205
-43.2921 3.48547e-012 13.856 -0.23706
-43.8885 3.4844e-012 12.656 -0.22207
-44.4595 -1.40739e-012 11.456 -0.20787
-44.9404 -1.43371e-012 10.256 -0.197018
-45.4006 3.48423e-012 9.05596 -0.18725
-45.8609 3.48455e-012 7.85596 -0.177483
-46.3212 3.48554e-012 6.65596 -0.167715
-46.7815 3.48484e-012 5.45596 -0.157948
-47.2417 3.48367e-012 4.25596 -0.14818
-47.702 3.48507e-012 3.05596 -0.138412
-48.1503 1.68584e-012 1.85596 -0.128989
-48.597 3.48056e-012 0.65596 -0.11961
-49.0438 3.48136e-012 -0.54404 -0.110232
-49.4905 3.48189e-012 -1.74404 -0.100853
-57.2527 -2.08977e-011 -2.94404 0.020756
-68.5079 5.18229e-012 -4.14404 0.186807
-79.8772 3.58257e-012 -5.34404 0.355276
-91.9701 3.53905e-012 -6.54404 0.52713
-105.621 3.59009e-012 -7.74404 0.706907
-121.284 6.02862e-012 -8.94404 0.898624
-136.915 5.06673e-012 -10.144 1.09042
-152.467 3.92404e-012 -11.344 1.28713
-167.564 3.69964e-012 -12.544 1.48613
-182.066 1.08155e-011 -13.744 1.69314
-196.644 3.74667e-012 -14.944 1.91064
-213.141 3.98769e-012 -16.144 2.14418
-227.871 4.05038e-012 -17.344 2.38285
-241.959 9.93224e-012 -18.544 2.62758
-254.471 6.37033e-011 -19.744 2.88245
-266.805 4.75455e-012 -20.944 3.13786
-278.984 4.65992e-012 -22.144 3.39292
-289.737 3.18312e-012 -23.344 3.6519
-298.209 6.45512e-012 -24.544 3.91811
-305.135 1.12341e-011 -25.744 4.19005
-312.026 9.30194e-012 -26.944 4.46309
-318.894 1.17789e-011 -28.144 4.73754
-325.736 9.41011e-012 -29.344 5.0134
-332.561 1.18464e-011 -30.544 5.29019
-339.238 1.28075e-011 -31.744 5.568
-344.742 2.08191e-011 -32.944 5.86597
-350.074 2.08864e-011 -34.144 6.1666
-355.152 1.5708e-009 -35.344 6.4721
-359.527 1.36371e-009 -36.544 6.78809
-363.749 -4.43087e-009 -37.744 7.10173
-366.745 2.93653e-009 -38.944 7.37745
-365.022 9.19248e-009 -40.144 7.53201
-364.376 2.2781e-011 -41.344 7.74199
-363.738 -4.9619e-012 -42.544 7.95376
-363.045 -1.36608e-012 -43.744 8.16734
-362.264 1.68668e-011 -44.944 8.37374
-361.495 -1.28046e-013 -46.144 8.58266
-360.623 -2.15984e-011 -47.344 8.78485
-359.737 -1.61328e-012 -48.544 8.98573
-358.841 -1.42854e-012 -49.744 9.18564
-358.214 -1.41156e-012 -50.944 9.38731
-357.663 -1.06302e-012 -52.144 9.58874
-357.079 -2.14963e-012 -53.344 9.78798
-356.454 -1.09415e-012 -54.544 9.98491
-355.81 -1.93762e-012 -55.744 10.1802
-355.144 -9.82465e-013 -56.944 10.3735
-354.454 -5.29333e-013 -58.144 10.5643
-353.728 -3.14422e-013 -59.344 10.7513
-335.213 -4.04356e-013 -57.944 10.4481
-316.531 -4.1431e-013 -56.544 10.149
-297.481 -3.60931e-013 -55.144 9.85937
-278.07 -6.91128e-013 -53.744 9.57928
-258.535 -4.09154e-013 -52.344 9.30236
-238.85 6.32674e-011 -50.944 9.0281
-218.547 1.73581e-012 -49.544 8.7639
-198.197 -3.88441e-012 -48.144 8.50034
-177.733 -1.47177e-012 -46.744 8.23817
-156.061 -4.41149e-014 -45.344 7.99234
-133.752 -8.35508e-013 -43.944 7.7567
-111.682 -1.17797e-011 -42.544 7.52452
-90.2553 2.93084e-012 -41.144 7.29447
-69.8517 6.27479e-013 -39.744 7.06445
-49.7957 4.13759e-012 -38.344 6.83554
-30.5204 1.51763e-014 -36.944 6.60674
-15.2638 -8.59851e-014 -35.544 6.36294
-3.88486 1.26355e-010 -34.144 6.09425
2.56108 -3.29911e-010 -32.744 5.7934
7.75776 1.85924e-010 -31.344 5.48368
11.6974 7.3202e-010 -29.944 5.18407
15.2799 -1.83119e-010 -28.544 4.88821
18.4518 5.3756e-010 -27.144 4.5896
21.3371 -1.75603e-010 -25.744 4.29279
24.1499 -5.15421e-013 -24.344 3.99654
26.5978 2.75417e-010 -22.944 3.70226
28.5866 3.62327e-013 -21.544 3.42147
30.2886 3.13587e-011 -20.144 3.15683
31.8666 -2.28419e-012 -18.744 2.89281
33.0785 5.69223e-012 -17.344 2.63122
34.2903 -1.77595e-012 -15.944 2.36966
35.4811 -3.08383e-011 -14.544 2.10828
36.5314 3.64531e-012 -13.144 1.84727
37.5207 -1.79251e-012 -11.744 1.58594
38.5099 -1.73772e-012 -10.344 1.32461
39.4991 -8.45823e-012 -8.94404 1.06329
40.3533 6.26375e-010 -7.54404 0.806606
41.0899 3.20173e-011 -6.14404 0.553299
41.945 2.13883e-010 -4.74404 0.306573
42.8911 -2.14702e-012 -3.34404 0.0644012
44.6438 1.63099e-009 -1.94404 -0.167855
46.394 -1.12982e-012 -0.54404 -0.400317
53.3324 3.79577e-012 0.85596 -0.592539
65.8956 3.10633e-012 2.25596 -0.660994
73.2667 3.15666e-012 3.65596 -0.699929
79.9671 3.08835e-012 5.05596 -0.732935
86.6867 2.84284e-012 6.45596 -0.764337
91.9789 2.45409e-012 7.85596 -0.786176
97.1412 6.53937e-012 9.25596 -0.805801
102.24 2.8339e-012 10.656 -0.825292
107.034 2.27426e-012 12.056 -0.843827
111.612 3.69516e-012 13.456 -0.86155
115.978 3.40523e-012 14.856 -0.878856
120.139 3.56036e-012 16.256 -0.895722
123.855 3.28435e-012 17.656 -0.91116
127.246 4.08829e-012 19.056 -0.925468
130.517 4.58098e-012 20.456 -0.938958
132.944 3.79983e-012 21.856 -0.948966
135.234 3.79002e-012 23.256 -0.958373
137.499 3.77991e-012 24.656 -0.967665
139.465 4.21948e-012 26.056 -0.975631
141.231 6.78791e-012 27.456 -0.982207
142.767 1.3507e-012 28.856 -0.987397
144.206 5.56149e-012 30.256 -0.992127
145.486 6.03389e-012 31.656 -0.995946
146.755 4.73037e-012 33.056 -0.999522
147.903 2.85757e-012 34.456 -1.0025
148.976 5.13929e-012 35.856 -1.00504
149.932 4.75467e-012 37.256 -1.00683
150.816 4.76096e-012 38.656 -1.00798
151.7 4.76428e-012 40.056 -1.00912
152.578 5.77048e-012 41.456 -1.00987
153.441 5.80358e-012 42.856 -1.00978
154.299 5.56777e-012 44.256 -1.00948
155.131 6.06044e-012 45.656 -1.00903
155.884 5.60476e-012 47.056 -1.0081
156.544 3.97234e-012 48.456 -1.00595
157.19 4.10926e-012 49.856 -1.00294
157.837 4.11206e-012 51.256 -0.999919
158.483 4.11477e-012 52.656 -0.996901
159.117 3.20134e-012 54.056 -0.993615
159.745 3.72017e-012 55.456 -0.990259
160.373 3.67647e-012 56.856 -0.986902
161.001 3.70934e-012 58.256 -0.983518
161.629 3.71179e-012 59.656 -0.980133
162.24 3.84783e-012 61.056 -0.977765
162.832 3.89289e-012 62.456 -0.97651
163.424 3.91836e-012 63.856 -0.975288
164.014 3.88813e-012 65.256 -0.974098
164.604 3.92031e-012 66.656 -0.972939
165.161 3.89677e-012 68.056 -0.971231
165.708 3.88252e-012 69.456 -0.969366
166.253 3.97746e-012 70.856 -0.967534
166.773 3.93965e-012 72.256 -0.965441
167.28 4.00067e-012 73.656 -0.96325
167.785 4.50608e-012 75.056 -0.961144
168.287 4.01421e-012 76.456 -0.959106
168.789 4.04036e-012 77.856 -0.9571
169.291 3.99492e-012 79.256 -0.955126
169.792 3.95322e-012 80.656 -0.953185
157.894 6.40446e-012 79.256 -0.915749
145.915 4.0055e-012 77.856 -0.877534
133.908 1.98449e-012 76.456 -0.838683
121.766 8.48342e-012 75.056 -0.797754
109.513 3.98743e-012 73.656 -0.755944
97.2358 5.29224e-012 72.256 -0.713948
84.5643 4.04245e-012 70.856 -0.671124
71.5811 3.19962e-012 69.456 -0.625882
58.3784 2.82923e-012 68.056 -0.57273
45.1508 2.80825e-012 66.656 -0.518383
32.6371 2.59824e-012 65.256 -0.467904
21.6641 2.78137e-012 63.856 -0.423658
12.4431 2.76775e-012 62.456 -0.386867
4.66948 5.85294e-012 61.056 -0.355944
-1.56111 1.7072e-012 59.656 -0.331613
-6.71379 7.42152e-012 58.256 -0.312067
-10.7651 1.09668e-012 56.856 -0.297536
-14.3397 2.32094e-012 55.456 -0.285216
-16.9393 3.8849e-012 54.056 -0.278105
-19.3652 3.25e-012 52.656 -0.271911
-21.474 2.15353e-012 51.256 -0.26756
-23.2878 2.54819e-012 49.856 -0.264947
-24.9042 2.57312e-012 48.456 -0.263484
-26.2686 3.67327e-012 47.056 -0.263698
-27.5968 2.68872e-012 45.656 -0.264185
-28.925 2.68355e-012 44.256 -0.264672
-30.0913 1.71866e-012 42.856 -0.266271
-31.105 3.59106e-012 41.456 -0.269041
-32.0121 2.84002e-012 40.056 -0.272685
-32.9015 2.66668e-012 38.656 -0.276453
-33.7908 2.66308e-012 37.256 -0.28022
-34.6801 2.65869e-012 35.856 -0.283988
-35.5693 2.69411e-012 34.456 -0.287702
-36.4585 2.67538e-012 33.056 -0.291398
-37.2489 1.23302e-012 31.656 -0.296011
-37.9113 2.83412e-012 30.256 -0.301971
-38.5735 2.8462e-012 28.856 -0.307733
-39.2356 3.56957e-012 27.456 -0.313468
-39.8954 3.5634e-012 26.056 -0.31833
-40.5536 3.52218e-012 24.656 -0.323213
-41.1922 3.8272e-012 23.256 -0.328171
-41.7632 7.65035e-012 21.856 -0.324412
-42.284 7.24626e-012 20.456 -0.313436
-42.8049 7.24602e-012 19.056 -0.30246
-43.3257 7.24595e-012 17.656 -0.291483
-43.8466 7.24597e-012 16.256 -0.280507
-44.3675 7.2466e-012 14.856 -0.269531
-44.8883 7.24657e-012 13.456 -0.258555
-45.4092 7.2475e-012 12.056 -0.247578
-45.93 7.24508e-012 10.656 -0.236602
-46.4509 7.24745e-012 9.25596 -0.225626
-46.9717 7.24583e-012 7.85596 -0.21465
-47.477 5.14944e-012 6.45596 -0.204963
-47.9401 8.54532e-012 5.05596 -0.197524
-48.3974 7.50621e-012 3.65596 -0.19059
-48.8527 7.19829e-012 2.25596 -0.183736
-49.3061 7.2447e-012 0.85596 -0.176857
-49.7588 8.9792e-012 -0.54404 -0.170009
-52.8843 1.71863e-011 -1.94404 -0.127754
-63.4133 7.177e-012 -3.34404 0.0374085
-74.3105 7.11625e-012 -4.74404 0.213447
-86.8347 6.55002e-011 -6.14404 0.404166
-99.8531 6.94843e-012 -7.54404 0.60017
-112.788 6.98132e-012 -8.94404 0.794914
-125.343 6.98147e-012 -10.344 0.988309
-138.178 7.00445e-012 -11.744 1.18588
-151.448 7.02081e-012 -13.144 1.38707
-164.575 6.6749e-012 -14.544 1.58957
-177.075 7.80862e-012 -15.944 1.79793
-187.4 8.14978e-012 -17.344 2.01996
-196.989 9.36477e-012 -18.744 2.24574
-205.938 9.86341e-012 -20.144 2.48443
-214.884 9.62623e-012 -21.544 2.72747
-223.77 9.63457e-012 -22.944 2.97028
-232.172 1.98171e-012 -24.344 3.21388
-239.034 1.86096e-012 -25.744 3.46982
-244.166 -2.34012e-012 -27.144 3.73355
-248.385 -5.91763e-012 -28.544 4.0061
-252.72 -3.80759e-012 -29.944 4.29051
-258.34 -1.11059e-010 -31.344 4.58395
-263.837 2.16417e-010 -32.744 4.87785
-269.085 4.98142e-011 -34.144 5.17326
-274.327 -1.90557e-011 -35.544 5.46879
-279.567 -2.36691e-011 -36.944 5.76445
-284.806 1.06814e-011 -38.344 6.06025
-290.043 -1.05484e-012 -39.744 6.35623
-295.27 6.25442e-012 -41.144 6.65314
-300.49 5.37886e-011 -42.544 6.95067
-305.699 -9.2785e-013 -43.944 7.24908
-310.814 5.42002e-011 -45.344 7.54839
-315.859 -7.76241e-013 -46.744 7.84879
-320.739 -1.91751e-013 -48.144 8.15061
-325.582 5.8062e-011 -49.544 8.45211
-330.42 -5.79445e-012 -50.944 8.75404
-335.256 -7.12924e-012 -52.344 9.05601
-340.088 1.03779e-011 -53.744 9.35843
-344.919 -1.88825e-011 -55.144 9.66082
-349.462 -5.11491e-011 -56.544 9.97138
-352.597 -1.87903e-008 -57.944 10.2876
-352.068 -9.32083e-013 -59.344 10.5223
-336.315 -2.211e-011 -58.144 10.2642
-320.458 -4.10828e-011 -56.944 10.0087
-304.333 -9.11031e-013 -55.744 9.75992
-287.949 -9.31531e-013 -54.544 9.51821
-271.37 -1.00217e-012 -53.344 9.28164
-254.747 -9.42273e-013 -52.144 9.04617
-237.929 -2.31505e-011 -50.944 8.81406
-220.667 1.58098e-013 -49.744 8.58928
-203.382 -2.93153e-013 -48.544 8.36482
-186.031 -1.50506e-012 -47.344 8.14122
-168.201 -1.1005e-012 -46.144 7.92434
-149.428 -2.508e-012 -44.944 7.72043
-130.47 -1.51943e-012 -43.744 7.5209
-111.88 -6.37507e-011 -42.544 7.32402
-93.696 -1.6676e-012 -41.344 7.12861
-76.3155 -1.97394e-011 -40.144 6.93329
-59.2926 5.26198e-014 -38.944 6.73891
-42.4457 -1.17562e-012 -37.744 6.54466
-27.0951 -1.24443e-012 -36.544 6.35103
-14.4872 -1.15306e-012 -35.344 6.14177
-4.76218 3.0752e-010 -34.144 5.915
1.42506 -2.92485e-009 -32.944 5.66341
5.77622 5.63334e-011 -31.744 5.39847
9.71548 5.93153e-013 -30.544 5.13821
12.746 -9.51386e-011 -29.344 4.88494
15.6934 2.30003e-011 -28.144 4.63197
18.3439 -3.74975e-011 -26.944 4.37649
20.7839 2.31623e-010 -25.744 4.12267
23.1514 -9.65395e-013 -24.544 3.86942
25.8595 -1.13883e-009 -23.344 3.63216
28.2274 5.48948e-011 -22.144 3.40156
29.7035 -1.37201e-013 -20.944 3.17716
31.1763 2.82362e-012 -19.744 2.9527
32.4037 -4.54826e-010 -18.544 2.72924
33.4371 -2.2467e-010 -17.344 2.50566
34.4627 -1.14529e-013 -16.144 2.28211
35.4223 1.10763e-010 -14.944 2.05914
36.3171 -1.1608e-013 -13.744 1.83684
37.212 -1.42643e-013 -12.544 1.61454
38.0638 1.7239e-010 -11.344 1.39141
38.9007 -1.07582e-013 -10.144 1.168
39.9764 1.83458e-009 -8.94404 0.951692
41.1203 -8.14751e-011 -7.74404 0.737534
42.0641 -2.04928e-009 -6.54404 0.527837
42.9958 -1.03522e-012 -5.34404 0.321487
44.4631 -2.31585e-011 -4.14404 0.122657
45.9285 -5.15671e-013 -2.94404 -0.076195
47.3913 1.26393e-010 -1.74404 -0.274503
48.7886 -2.14731e-014 -0.54404 -0.470653
56.4713 4.10687e-012 0.65596 -0.604351
66.8537 2.33435e-012 1.85596 -0.669075
74.3544 3.5471e-012 3.05596 -0.711394
80.0795 3.44456e-012 4.25596 -0.742357
85.6339 2.14238e-012 5.45596 -0.771326
91.0007 3.23821e-012 6.65596 -0.797493
95.6818 4.91975e-012 7.85596 -0.820689
99.8727 95 1.77651e-010 -11.4982 2.47217
50.253 2.03509e-010 -10.2982 2.18018
51.4864 6.1755e-011 -9.09819 1.92188
52.274 -3.34551e-010 -7.89819 1.68338
53.018 1.47388e-010 -6.69819 1.44262
53.7407 2.06298e-011 -5.49819 1.19998
54.4479 -4.06479e-011 -4.29819 0.95944
55.1394 2.30328e-011 -3.09819 0.721036
55.8305 3.00305e-012 -1.89819 0.482524
56.5214 2.42767e-011 -0.69819 0.243954
57.0904 6.72179e-012 0.50181 0.0107318
57.6323 -6.94317e-012 1.70181 -0.2213
58.5703 -3.49873e-011 2.90181 -0.431713
64.9786 5.01307e-013 4.10181 -0.484628
71.9362 4.58643e-014 5.30181 -0.51214
78.0278 -1.75891e-013 6.50181 -0.535955
83.9216 -6.12577e-012 7.70181 -0.555647
89.8391 -4.29863e-013 8.90181 -0.574247
95.5878 -5.95828e-012 10.1018 -0.591322
100.93 1.39083e-012 11.3018 -0.606264
106.28 2.66397e-013 12.5018 -0.621055
111.174 2.23464e-013 13.7018 -0.634648
115.827 -1.794e-012 14.9018 -0.647546
120.411 -2.65417e-012 16.1018 -0.660137
124.157 -1.57133e-011 17.3018 -0.670372
127.712 -7.87425e-013 18.5018 -0.680046
131.169 2.17412e-013 19.7018 -0.688999
134.137 -1.70528e-011 20.9018 -0.696617
137.047 -8.11836e-013 22.1018 -0.70399
139.903 2.59891e-013 23.3018 -0.711215
142.324 4.29338e-013 24.5018 -0.717107
144.36 3.08612e-013 25.7018 -0.721632
146.374 -9.61769e-014 26.9018 -0.725617
148.345 3.92225e-013 28.1018 -0.729417
150.188 -3.91344e-012 29.3018 -0.732736
151.895 4.02596e-013 30.5018 -0.735549
153.593 7.17787e-014 31.7018 -0.73833
155.015 -7.05209e-013 32.9018 -0.740004
156.366 -2.03929e-013 34.1018 -0.740765
157.628 -4.50868e-012 35.3018 -0.741097
158.782 -1.93945e-013 36.5018 -0.740914
159.908 -6.91852e-013 37.7018 -0.740489
161.028 -1.43854e-013 38.9018 -0.739926
162.013 -5.94503e-012 40.1018 -0.738763
162.964 -2.48426e-013 41.3018 -0.73746
163.812 -5.91111e-012 42.5018 -0.735563
164.587 -3.20824e-013 43.7018 -0.733245
165.352 -7.84181e-014 44.9018 -0.730849
166.117 -7.8333e-014 46.1018 -0.728452
166.882 -8.05724e-014 47.3018 -0.726056
167.647 -3.61721e-014 48.5018 -0.723655
168.412 -8.17793e-014 49.7018 -0.721253
169.177 -8.253e-014 50.9018 -0.71885
169.928 -4.42377e-013 52.1018 -0.716377
170.562 -2.0834e-012 53.3018 -0.713167
171.142 -8.69515e-014 54.5018 -0.709505
171.722 -8.72081e-014 55.7018 -0.705843
172.303 -8.86298e-014 56.9018 -0.70218
172.883 -8.9746e-014 58.1018 -0.698518
173.463 -9.0584e-014 59.3018 -0.694856
174.043 -9.05445e-014 60.5018 -0.691194
