0.359104
0.718209
1.07731
1.43642
1.79552
2.15463
2.51373
2.87283
3.23194
3.59104
3.95015
4.30925
4.66836
5.02746
5.38657
5.74567
6.10477
6.46388
6.82298
7.18209
7.54119
7.9003
8.2594
8.6185
8.97761
9.33671
9.69582
10.0549
10.414
10.7731
11.1322
11.4913
11.8504
12.2095
12.5687
12.9278
13.2869
13.646
14.0051
14.3642
14.7233
15.0824
15.4415
15.8006
16.1597
16.5188
16.8779
17.237
17.5961
17.9552
18.3143
18.6734
19.0325
19.3916
19.7507
20.1098
20.4689
20.8281
21.1872
21.5463
21.9054
22.2645
22.6236
22.9827
23.3418
23.7009
24.06
24.4191
24.7782
25.1373
25.4964
25.8555
26.2146
26.5737
26.9328
27.2919
27.651
28.0101
28.3692
28.8677
29.4964
30.125
30.7537
31.3823
32.011
32.6397
33.2683
33.897
34.5256
35.1543
35.7829
36.4116
37.0403
37.6689
38.2976
38.9262
39.5549
40.1835
40.8122
41.4408
