0.359104 2.51626 5.18775e-017 -0.0157613
0.718209 5.03252 -1.95872e-016 -0.0315226
1.07731 7.54879 -1.37784e-017 -0.0472839
1.43642 10.065 -5.03083e-018 -0.0630452
1.79552 12.5813 2.15994e-016 -0.0788065
2.15463 15.0976 -3.49699e-017 -0.0945677
2.51373 17.6138 7.23854e-017 -0.110329
2.87283 20.1301 1.10996e-015 -0.12609
3.23194 22.6464 3.09431e-016 -0.141852
3.59104 25.1626 9.22356e-016 -0.157613
3.95015 27.6789 -3.12912e-016 -0.173374
4.30925 30.1951 -2.4321e-016 -0.189135
4.66836 32.7114 1.11844e-015 -0.204897
5.02746 35.2277 1.82165e-015 -0.220658
5.38657 37.7439 9.57239e-016 -0.236419
5.74567 40.2602 1.79222e-015 -0.252181
6.10477 42.7765 1.3364e-015 -0.267942
6.46388 45.2927 -1.72239e-015 -0.283703
6.82298 47.809 -9.61583e-016 -0.299465
7.18209 50.3252 -1.64512e-015 -0.315226
7.54119 52.8415 1.06053e-015 -0.330987
7.9003 55.3578 -5.33981e-016 -0.346748
8.2594 57.874 1.95605e-015 -0.36251
8.6185 60.3903 1.20821e-015 -0.378271
8.97761 62.9066 1.17366e-015 -0.394032
9.33671 65.4228 -7.20048e-016 -0.409794
9.69582 67.9391 2.61297e-015 -0.425555
10.0549 70.4553 -2.60795e-015 -0.441316
10.414 72.9716 1.80317e-015 -0.457077
10.7731 75.4879 -3.86084e-016 -0.472839
11.1322 78.0041 7.36431e-016 -0.4886
11.4913 80.5204 2.50257e-015 -0.504361
11.8504 83.0367 -6.09637e-015 -0.520123
12.2095 85.5529 2.92744e-015 -0.535884
12.5687 88.0692 -1.89597e-015 -0.551645
12.9278 90.5854 -8.22746e-016 -0.567406
13.2869 93.1017 -7.74765e-016 -0.583168
13.646 95.618 6.46243e-017 -0.598929
14.0051 98.1342 2.38715e-015 -0.61469
14.3642 100.65 3.99549e-015 -0.630452
14.7233 103.167 -6.5583e-016 -0.646213
15.0824 105.683 2.87626e-015 -0.661974
15.4415 108.199 -4.72519e-016 -0.677736
15.8006 110.716 -4.03866e-015 -0.693497
16.1597 113.232 1.54572e-015 -0.709258
16.5188 115.748 -9.86536e-016 -0.725019
16.8779 118.264 3.92226e-015 -0.740781
17.237 120.781 -7.8412e-016 -0.756542
17.5961 123.297 -2.50091e-015 -0.772303
17.9552 125.813 1.90445e-015 -0.788065
18.3143 128.329 -1.13528e-014 -0.803826
18.6734 130.846 1.08614e-015 -0.819587
19.0325 133.362 7.24622e-015 -0.835348
19.3916 135.878 -3.55618e-016 -0.85111
19.7507 138.394 3.33758e-015 -0.866871
20.1098 140.911 3.59053e-015 -0.882632
20.4689 143.427 9.17407e-016 -0.898394
20.8281 145.943 -2.50775e-016 -0.914155
21.1872 148.459 -2.62957e-015 -0.929916
21.5463 150.976 -8.74963e-016 -0.945677
21.9054 153.492 -6.80827e-015 -0.961439
22.2645 156.008 1.64509e-015 -0.9772
22.6236 158.525 2.76517e-015 -0.992961
22.9827 161.041 -1.76103e-015 -1.00872
23.3418 163.557 -4.66377e-015 -1.02448
23.7009 166.073 -3.49537e-015 -1.04025
24.06 168.59 2.20558e-015 -1.05601
24.4191 171.106 5.41133e-015 -1.07177
24.7782 173.622 -1.0024e-015 -1.08753
25.1373 176.138 6.30123e-016 -1.10329
25.4964 178.655 -3.9015e-015 -1.11905
25.8555 181.171 -4.71832e-015 -1.13481
26.2146 183.687 -1.67058e-015 -1.15057
26.5737 186.203 4.15117e-015 -1.16634
26.9328 188.72 5.27986e-015 -1.1821
27.2919 191.236 5.05999e-016 -1.19786
27.651 193.752 -1.24877e-015 -1.21362
28.0101 196.268 -3.01523e-015 -1.22938
28.3692 198.785 2.51534e-015 -1.24514
28.8677 201.139 1.70333e-013 -1.26231
29.4964 203.342 -1.3834e-014 -1.2808
30.125 205.544 -9.04383e-015 -1.29929
30.7537 207.747 -8.55647e-016 -1.31777
31.3823 209.95 -4.40952e-015 -1.33626
32.011 212.153 5.4944e-015 -1.35475
32.6397 214.355 -9.28615e-015 -1.37324
33.2683 216.558 -8.6024e-015 -1.39172
33.897 218.761 -7.83726e-015 -1.41021
34.5256 220.963 -3.13445e-015 -1.4287
35.1543 223.166 1.61902e-015 -1.44719
35.7829 225.369 2.67538e-015 -1.46567
36.4116 227.572 -2.93138e-015 -1.48416
37.0403 229.774 1.2623e-014 -1.50265
37.6689 231.977 -2.89314e-015 -1.52114
38.2976 234.18 -1.1788e-014 -1.53962
38.9262 236.382 -3.89569e-015 -1.55811
39.5549 238.585 1.30527e-015 -1.5766
40.1835 240.788 2.30334e-016 -1.59509
40.8122 242.991 -1.20486e-014 -1.61357
41.4408 245.193 -7.00419e-015 -1.63206
