0.359104 3 -5.88355e-017 0.0184933
0.718209 6 2.06458e-016 0.0369866
1.07731 9 3.27951e-017 0.0554799
1.43642 12 5.09873e-017 0.0739732
1.79552 15 -2.26903e-016 0.0924664
2.15463 18 -7.61815e-017 0.11096
2.51373 21 -1.57302e-016 0.129453
2.87283 24 -1.02826e-015 0.147946
3.23194 27 -4.52286e-016 0.16644
3.59104 30 -9.76201e-016 0.184933
3.95015 33 1.84197e-016 0.203426
4.30925 36 1.30571e-016 0.221919
4.66836 39 -1.51569e-015 0.240413
5.02746 42 -1.9663e-015 0.258906
5.38657 45 -8.33718e-016 0.277399
5.74567 48 -1.71694e-015 0.295893
6.10477 51 -1.14941e-015 0.314386
6.46388 54 1.95877e-015 0.332879
6.82298 57 9.49671e-016 0.351373
7.18209 60 1.75931e-015 0.369866
7.54119 63 -9.73889e-016 0.388359
7.9003 66 5.90678e-016 0.406852
8.2594 69 -1.62015e-015 0.425346
8.6185 72 -1.41355e-015 0.443839
8.97761 75 -9.28074e-016 0.462332
9.33671 78 8.81772e-016 0.480826
9.69582 81 -2.05409e-015 0.499319
10.0549 84 3.20944e-015 0.517812
10.414 87 -1.31271e-015 0.536305
10.7731 90 6.20145e-016 0.554799
11.1322 93 -3.08703e-016 0.573292
11.4913 96 -2.69233e-015 0.591785
11.8504 99 5.85572e-015 0.610279
12.2095 102 -3.32331e-015 0.628772
12.5687 105 2.38232e-015 0.647265
12.9278 108 1.32227e-015 0.665758
13.2869 111 7.07378e-016 0.684252
13.646 114 2.52451e-016 0.702745
14.0051 117 -2.08048e-015 0.721238
14.3642 120 -3.97866e-015 0.739732
14.7233 123 4.70391e-016 0.758225
15.0824 126 -3.42582e-015 0.776718
15.4415 129 2.36453e-016 0.795211
15.8006 132 3.90486e-015 0.813705
16.1597 135 -1.86559e-015 0.832198
16.5188 138 1.39968e-015 0.850691
16.8779 141 -4.45237e-015 0.869185
17.237 144 5.49436e-016 0.887678
17.5961 147 2.07347e-015 0.906171
17.9552 150 -1.85888e-015 0.924664
18.3143 153 1.07983e-014 0.943158
18.6734 156 -6.59629e-016 0.961651
19.0325 159 -8.29016e-015 0.980144
19.3916 162 -3.38132e-016 0.998638
19.7507 165 -3.27203e-015 1.01713
20.1098 168 -4.14241e-015 1.03562
20.4689 171 7.06201e-016 1.05412
20.8281 174 -1.07594e-016 1.07261
21.1872 177 2.66676e-015 1.0911
21.5463 180 9.68503e-016 1.1096
21.9054 183 6.62454e-015 1.12809
22.2645 186 -2.92689e-015 1.14658
22.6236 189 -2.68451e-015 1.16508
22.9827 192 2.37004e-015 1.18357
23.3418 195 5.36118e-015 1.20206
23.7009 198 3.39176e-015 1.22056
24.06 201 -2.14581e-015 1.23905
24.4191 204 -5.84466e-015 1.25754
24.7782 207 8.65112e-017 1.27604
25.1373 210 -1.05786e-015 1.29453
25.4964 213 4.50049e-015 1.31302
25.8555 216 5.059e-015 1.33152
26.2146 219 2.57007e-015 1.35001
26.5737 222 -4.68956e-015 1.3685
26.9328 225 -6.27893e-015 1.387
27.2919 228 -1.11997e-015 1.40549
27.651 231 1.6224e-015 1.42398
28.0101 234 3.94672e-015 1.44248
28.3692 237 -1.66818e-015 1.46097
28.8677 240 2.99618e-013 1.48192
29.4964 243 1.46551e-014 1.50517
30.125 246 1.07407e-014 1.52842
30.7537 249 1.71604e-016 1.55167
31.3823 252 5.77752e-015 1.57493
32.011 255 -5.83604e-015 1.59818
32.6397 258 8.20523e-015 1.62143
33.2683 261 1.03018e-014 1.64468
33.897 264 7.11063e-015 1.66793
34.5256 267 6.91899e-016 1.69118
35.1543 270 -2.5693e-015 1.71443
35.7829 273 -3.72478e-015 1.73768
36.4116 276 2.72887e-015 1.76093
37.0403 279 -1.42005e-014 1.78418
37.6689 282 3.86014e-015 1.80743
38.2976 285 1.23412e-014 1.83068
38.9262 288 3.76029e-015 1.85393
39.5549 291 -1.89192e-015 1.87718
40.1835 294 2.34568e-017 1.90043
40.8122 297 1.27471e-014 1.92368
41.4408 300 8.84479e-015 1.94694
