0.359104 0 0 0
0.718209 0 0 0
1.07731 0 0 0
1.43642 0 0 0
1.79552 0 0 0
2.15463 0 0 0
2.51373 0 0 0
2.87283 0 0 0
3.23194 0 0 0
3.59104 0 0 0
3.95015 0 0 0
4.30925 0 0 0
4.66836 0 0 0
5.02746 0 0 0
5.38657 0 0 0
5.74567 0 0 0
6.10477 0 0 0
6.46388 0 0 0
6.82298 0 0 0
7.18209 0 0 0
7.54119 0 0 0
7.9003 0 0 0
8.2594 0 0 0
8.6185 0 0 0
8.97761 0 0 0
9.33671 0 0 0
9.69582 0 0 0
10.0549 0 0 0
10.414 0 0 0
10.7731 0 0 0
11.1322 0 0 0
11.4913 0 0 0
11.8504 0 0 0
12.2095 0 0 0
12.5687 0 0 0
12.9278 0 0 0
13.2869 0 0 0
13.646 0 0 0
14.0051 0 0 0
14.3642 0 0 0
14.7233 0 0 0
15.0824 0 0 0
15.4415 0 0 0
15.8006 0 0 0
16.1597 0 0 0
16.5188 0 0 0
16.8779 0 0 0
17.237 0 0 0
17.5961 0 0 0
17.9552 0 0 0
18.3143 0 0 0
18.6734 0 0 0
19.0325 0 0 0
19.3916 0 0 0
19.7507 0 0 0
20.1098 0 0 0
20.4689 0 0 0
20.8281 0 0 0
21.1872 0 0 0
21.5463 0 0 0
21.9054 0 0 0
22.2645 0 0 0
22.6236 0 0 0
22.9827 0 0 0
23.3418 0 0 0
23.7009 0 0 0
24.06 0 0 0
24.4191 0 0 0
24.7782 0 0 0
25.1373 0 0 0
25.4964 0 0 0
25.8555 0 0 0
26.2146 0 0 0
26.5737 0 0 0
26.9328 0 0 0
27.2919 0 0 0
27.651 0 0 0
28.0101 0 0 0
28.3692 0 0 0
28.8677 1.13873 1.296e-014 0.00470728
29.4964 3.34117 -4.81514e-015 0.0138118
30.125 5.54362 -9.65164e-015 0.0229163
30.7537 7.74606 -8.61983e-015 0.0320208
31.3823 9.94851 -4.567e-015 0.0411252
32.011 12.151 9.46598e-015 0.0502297
32.6397 14.3534 -9.66064e-015 0.0593342
33.2683 16.5558 5.40577e-015 0.0684387
33.897 18.7583 -6.06521e-016 0.0775432
34.5256 20.9607 1.43764e-015 0.0866477
35.1543 23.1632 -8.77393e-016 0.0957522
35.7829 25.3656 -2.55456e-015 0.104857
36.4116 27.5681 1.1792e-015 0.113961
37.0403 29.7705 -9.96532e-015 0.123066
37.6689 31.973 6.12142e-015 0.13217
38.2976 34.1754 1.38267e-014 0.141275
38.9262 36.3778 4.61229e-015 0.150379
39.5549 38.5803 9.37292e-015 0.159484
40.1835 40.7827 -1.10371e-014 0.168588
40.8122 42.9852 1.37405e-015 0.177693
41.4408 45.1876 -6.54455e-015 0.186797
