0.02 -0.000495684 2.79984e-019 3.8441e-017
0.04 -0.00322215 2.11326e-018 2.79592e-016
0.06 -0.0102741 8.76689e-018 1.09937e-015
0.08 -0.0230803 2.72751e-017 2.81529e-015
0.1 -0.0447388 6.82711e-017 5.52207e-015
0.12 -0.0827313 1.43262e-016 8.57959e-015
0.14 -0.14755 2.69696e-016 1.12968e-014
0.16 -0.250069 4.63409e-016 1.35518e-014
0.18 -0.401697 7.05916e-016 1.43985e-014
0.2 -0.615586 9.75966e-016 1.3437e-014
0.22 -0.905795 1.31988e-015 1.19492e-014
0.24 -1.28487 1.77784e-015 9.18932e-015
0.26 -1.76184 2.3109e-015 6.00856e-015
0.28 -2.34129 2.91994e-015 1.32257e-015
0.3 -3.02386 3.68585e-015 -2.37792e-015
0.32 -3.80774 4.55615e-015 -1.59337e-015
0.34 -4.68983 5.35457e-015 -5.15894e-015
0.36 -5.66554 6.11562e-015 -7.29837e-015
0.38 -6.72861 6.7377e-015 -6.62551e-015
0.4 -7.87226 6.85895e-015 -6.66001e-015
0.42 -9.09006 6.56947e-015 -5.56632e-015
0.44 -10.3745 6.34176e-015 -3.68457e-015
0.46 -11.7145 6.42632e-015 -2.55312e-015
0.48 -13.0957 6.46803e-015 -3.19892e-017
0.5 -14.5029 6.24008e-015 -6.90633e-015
0.52 -15.9237 6.15663e-015 -1.84081e-014
0.54 -17.3501 6.22996e-015 -2.5086e-014
0.56 -18.7751 5.69111e-015 -2.56297e-014
0.58 -20.1895 4.37307e-015 -1.57613e-014
0.6 -21.5843 3.30512e-015 -1.37902e-015
0.62 -22.9576 2.72773e-015 1.90045e-014
0.64 -24.3144 1.86808e-015 2.03328e-014
0.66 -25.6632 1.15968e-015 7.79315e-015
0.68 -27.0161 9.04675e-016 -1.32439e-014
0.7 -28.3942 -1.63053e-016 -2.20124e-014
0.72 -29.8299 -1.80877e-015 -1.4962e-014
0.74 -31.3593 -3.43993e-015 -1.29669e-014
0.76 -33.0144 -5.56244e-015 -4.10402e-016
0.78 -34.8205 -7.3277e-015 7.61976e-015
0.8 -36.7953 -7.89484e-015 6.20106e-015
0.82 -38.9456 -7.87311e-015 -4.08543e-016
0.84 -41.2624 -8.29355e-015 -2.1226e-014
0.86 -43.7183 -9.70075e-015 -2.846e-014
0.88 -46.2677 -1.13333e-014 1.74752e-014
0.9 -48.8517 -1.13523e-014 3.66039e-014
0.92 -51.4039 -1.03786e-014 3.6405e-015
0.94 -53.8521 -9.6573e-015 1.37362e-014
0.96 -56.1198 -9.35729e-015 1.37918e-014
0.98 -58.132 -9.92671e-015 3.00422e-015
1 -59.8229 -9.08488e-015 -5.27194e-015
1.02 -61.1411 -6.83633e-015 -6.2898e-015
1.04 -62.0522 -5.40502e-015 -1.89031e-014
1.06 -62.5389 -4.61464e-015 -1.62205e-014
1.08 -62.5986 -2.55241e-015 -1.0804e-014
1.1 -62.2428 2.11194e-015 6.67887e-016
1.12 -61.4933 5.56794e-015 2.08432e-014
1.14 -60.3763 7.14357e-015 -1.71317e-015
1.16 -58.9181 9.09638e-015 -1.34792e-014
1.18 -57.1496 1.02083e-014 -2.98888e-014
1.2 -55.1135 1.07233e-014 -1.06279e-014
1.22 -52.864 1.04992e-014 1.81719e-014
1.24 -50.4627 1.02755e-014 -3.88322e-015
1.26 -47.9889 1.13648e-014 -1.16805e-014
1.28 -45.5554 1.2279e-014 3.71646e-015
1.3 -43.3019 1.10739e-014 2.337e-014
1.32 -41.3721 9.62439e-015 5.36164e-014
1.34 -39.8961 9.25237e-015 4.63792e-014
1.36 -38.9785 8.129e-015 -1.30331e-014
1.38 -38.6812 7.57384e-015 -2.81714e-014
1.4 -39.0048 7.11787e-015 5.50809e-015
1.42 -39.8779 5.96687e-015 -3.02041e-014
1.44 -41.1595 5.43152e-015 -7.12562e-014
1.46 -42.652 2.95248e-015 -5.69065e-014
1.48 -44.1187 -9.70571e-016 -2.58891e-014
1.5 -45.2974 -3.2144e-015 1.78292e-015
1.52 -45.9153 -6.14705e-015 3.71451e-014
1.54 -45.7154 -8.08341e-015 4.98972e-014
1.56 -44.4844 -8.40599e-015 2.20881e-014
1.58 -42.0668 -1.06647e-014 -4.4285e-014
1.6 -38.3638 -1.3754e-014 -7.7204e-014
1.62 -33.3366 -1.68064e-014 -6.59223e-014
1.64 -27.0219 -1.85511e-014 -3.6057e-014
1.66 -19.5351 -1.84912e-014 -3.50828e-015
1.68 -11.0392 -1.81287e-014 1.97161e-014
1.7 -1.71923 -1.76571e-014 5.1335e-014
1.72 8.18595 -1.75438e-014 4.49468e-014
1.74 18.3431 -1.82268e-014 1.99388e-014
1.76 28.341 -1.80067e-014 2.4112e-014
1.78 37.7312 -1.61211e-014 5.77535e-015
1.8 46.0468 -1.40991e-014 -2.66175e-014
1.82 52.817 -1.23339e-014 -9.33109e-015
1.84 57.607 -1.06801e-014 -9.31364e-015
1.86 60.0696 -9.28725e-015 -1.44638e-014
1.88 59.9831 -8.22213e-015 2.68034e-014
1.9 57.2689 -6.88546e-015 1.06168e-014
1.92 51.9966 -4.77697e-015 -1.52746e-014
1.94 44.3806 -1.17779e-015 9.39715e-015
1.96 34.7638 2.461e-015 -4.62358e-016
1.98 23.5943 4.24478e-015 1.851e-015
2 11.3998 6.41971e-015 1.50364e-014
2.02 -1.23776 8.8721e-015 1.22419e-014
2.04 -13.7089 1.1896e-014 1.94829e-014
2.06 -25.3992 1.54982e-014 2.33928e-014
2.08 -35.7086 1.70165e-014 2.1619e-014
2.1 -44.0687 1.8002e-014 -1.12962e-013
2.12 -49.9594 2.19229e-014 -3.58579e-013
2.14 -52.9274 2.68701e-014 -4.89419e-013
2.16 -52.6098 2.77088e-014 -4.44172e-013
2.18 -48.766 2.32755e-014 -2.51078e-013
2.2 -41.3105 1.74896e-014 -7.84586e-017
2.22 -30.3161 1.50388e-014 2.09752e-013
2.24 -15.9989 1.75766e-014 3.15734e-013
2.26 1.23673 2.38588e-014 2.71361e-013
2.28 20.7297 3.01204e-014 1.20249e-013
2.3 41.5961 3.31913e-014 -2.91696e-014
2.32 62.8353 3.26591e-014 -1.44232e-013
2.34 83.4008 2.87783e-014 -1.72837e-013
2.36 102.257 2.39405e-014 -1.58757e-013
2.38 118.475 2.05418e-014 -1.06346e-013
2.4 131.343 1.66795e-014 3.14237e-014
2.42 140.439 1.21222e-014 8.9228e-014
2.44 145.633 4.57887e-015 6.88807e-014
2.46 147.062 -2.63913e-015 9.40692e-014
2.48 145.129 -5.36088e-015 5.13417e-014
2.5 140.468 -1.01238e-014 -1.00973e-013
2.52 133.798 -1.4188e-014 -1.84468e-013
2.54 125.801 -1.69899e-014 -7.11685e-014
2.56 117.107 -2.13804e-014 -2.50409e-014
2.58 108.287 -2.50343e-014 -2.95349e-014
2.6 99.8216 -2.80511e-014 -3.63639e-014
2.62 92.1076 -2.93274e-014 -8.25961e-014
2.64 85.5007 -2.93172e-014 -2.59403e-014
2.66 80.3075 -2.918e-014 -1.46854e-014
2.68 76.764 -2.80031e-014 -1.03796e-014
2.7 75.0373 -2.69734e-014 1.73607e-014
2.72 75.2124 -2.73767e-014 -8.33949e-015
2.74 77.2517 -2.78014e-014 -1.88005e-014
2.76 80.9695 -2.87044e-014 7.79023e-015
2.78 86.0421 -3.01558e-014 -1.03176e-015
2.8 92.037 -2.95518e-014 3.31139e-014
2.82 98.4468 -2.79285e-014 8.06937e-014
2.84 104.73 -2.65543e-014 6.61058e-015
2.86 110.365 -2.01725e-014 -5.16829e-014
2.88 114.897 -1.02038e-014 -5.28918e-014
2.9 117.972 -2.43624e-015 -1.4608e-014
2.92 119.338 8.36213e-016 -7.64698e-015
2.94 118.848 3.63234e-015 -4.78479e-014
2.96 116.452 1.08043e-014 -2.36255e-014
2.98 112.194 1.78632e-014 1.38536e-014
3 106.193 2.35667e-014 1.51413e-014
3.02 98.6338 2.96989e-014 4.4506e-014
3.04 89.7543 3.41181e-014 3.05546e-014
3.06 79.8547 3.60982e-014 -5.0549e-014
3.08 69.3074 3.67727e-014 -1.42354e-014
3.1 58.5394 3.84072e-014 -1.81218e-015
3.12 47.9893 4.06169e-014 -2.18532e-014
3.14 38.0813 3.93396e-014 5.11636e-016
3.16 29.2177 3.61464e-014 -6.39749e-014
3.18 21.7549 3.38038e-014 -1.51545e-013
3.2 15.9678 3.19714e-014 -1.62116e-013
3.22 12.0247 3.03401e-014 -1.25711e-013
3.24 9.99741 2.79225e-014 -4.52556e-014
3.26 9.88734 2.42487e-014 6.14037e-014
3.28 11.6188 2.05907e-014 1.41124e-013
3.3 15.0191 1.75007e-014 1.75469e-013
3.32 19.8381 1.44655e-014 1.33771e-013
3.34 25.781 1.17826e-014 5.88078e-014
3.36 32.5072 8.8092e-015 7.64543e-015
3.38 39.6494 2.85046e-015 -4.35579e-014
3.4 46.8734 -5.57471e-015 -5.66748e-014
3.42 53.8778 -1.3925e-014 -7.05097e-015
3.44 60.3396 -2.17972e-014 1.76923e-014
3.46 65.9197 -2.78382e-014 -2.04568e-014
3.48 70.3093 -3.30075e-014 -1.15746e-014
3.5 73.2544 -3.82589e-014 2.97621e-014
3.52 74.5749 -4.2282e-014 2.64859e-014
3.54 74.1657 -4.35647e-014 -6.04825e-014
3.56 71.9807 -4.40403e-014 -6.79897e-014
3.58 68.0505 -4.49867e-014 -2.90486e-014
3.6 62.5113 -4.25505e-014 -3.89324e-014
3.62 55.588 -3.85498e-014 -3.95252e-015
3.64 47.5525 -3.59341e-014 -3.46202e-015
3.66 38.7128 -3.27764e-014 -2.10147e-015
3.68 29.4179 -2.79485e-014 -4.38269e-014
3.7 20.0371 -2.15526e-014 -1.17535e-013
3.72 10.9259 -1.33913e-014 -1.64343e-013
3.74 2.40902 -5.73196e-015 -1.63629e-013
3.76 -5.22812 -5.84102e-016 -9.56094e-014
3.78 -11.7544 2.94732e-015 -3.51362e-015
3.8 -17.0065 6.50459e-015 7.6262e-014
3.82 -20.8885 1.19163e-014 8.09239e-014
3.84 -23.3633 1.85996e-014 5.82907e-014
3.86 -24.4507 2.45573e-014 1.12315e-014
3.88 -24.2377 2.99507e-014 -4.33504e-014
3.9 -22.8823 3.53744e-014 -4.93047e-014
3.92 -20.6001 3.95547e-014 6.32561e-015
3.94 -17.6426 4.34836e-014 1.25373e-013
3.96 -14.2809 4.74724e-014 1.88978e-013
3.98 -10.7924 5.0933e-014 2.39203e-013
4 -7.44435 5.43231e-014 2.75915e-013
4.02 -4.46015 5.54422e-014 2.20787e-013
4.04 -1.97976 5.38698e-014 1.11974e-013
4.06 -0.0673218 5.05809e-014 -2.52831e-015
4.08 1.24395 4.55961e-014 -8.27255e-014
4.1 1.94207 3.87136e-014 -1.03721e-013
4.12 2.05869 2.97906e-014 -7.30899e-014
4.14 1.65813 2.01152e-014 -2.32133e-014
4.16 0.801105 1.11963e-014 1.1494e-014
4.18 -0.460117 3.72507e-015 2.61095e-014
4.2 -2.05487 -3.03302e-015 -3.77189e-015
4.22 -3.87466 -9.59791e-015 -7.59558e-014
4.24 -5.77099 -1.53798e-014 -1.61291e-013
4.26 -7.55608 -2.04556e-014 -2.45862e-013
4.28 -9.00228 -2.51956e-014 -2.56541e-013
4.3 -9.84787 -2.95882e-014 -2.27893e-013
4.32 -9.81154 -3.37655e-014 -1.79676e-013
4.34 -8.61466 -3.70686e-014 -6.83006e-014
4.36 -6.01661 -3.95254e-014 3.16181e-014
4.38 -1.8487 -4.20556e-014 8.53295e-014
4.4 3.98766 -4.39927e-014 1.03831e-013
4.42 11.5241 -4.48332e-014 6.88562e-014
4.44 20.6705 -4.43902e-014 4.46348e-015
4.46 31.1686 -4.33047e-014 -5.01349e-014
4.48 42.6362 -4.24962e-014 -6.89243e-014
4.5 54.6334 -4.20594e-014 -8.5738e-014
4.52 66.6795 -4.05438e-014 -9.93157e-014
4.54 78.2494 -3.86373e-014 -2.55136e-014
4.56 88.7999 -3.85387e-014 1.3771e-014
4.58 97.8247 -3.50262e-014 8.93491e-014
4.6 104.906 -2.70994e-014 7.64616e-014
4.62 109.738 -1.75933e-014 -3.82007e-014
4.64 112.134 -4.38013e-015 -5.73854e-014
4.66 112.043 7.31104e-015 -4.69567e-014
4.68 109.571 1.36955e-014 -6.71276e-014
4.7 104.973 2.06228e-014 -1.51193e-014
4.72 98.6546 2.8256e-014 4.4311e-014
4.74 91.1689 3.35634e-014 6.38889e-015
4.76 83.1632 3.97029e-014 5.32257e-014
4.78 75.2872 4.49346e-014 7.48332e-014
4.8 68.155 4.6669e-014 -2.63626e-014
4.82 62.342 4.80007e-014 -7.35198e-014
4.84 58.3525 4.76689e-014 -5.85641e-014
4.86 56.5634 4.48495e-014 -4.84088e-014
4.88 57.2039 4.06417e-014 8.78351e-015
4.9 60.4059 3.80854e-014 4.88128e-014
4.92 66.2447 3.80861e-014 6.99029e-014
4.94 74.6767 3.81918e-014 1.40375e-014
4.96 85.4676 3.87657e-014 1.21856e-014
4.98 98.2111 3.6799e-014 4.1855e-014
5 112.379 3.10225e-014 1.97696e-014
5.02 127.343 2.35073e-014 9.56389e-016
5.04 142.385 1.50198e-014 -5.52727e-014
5.06 156.714 8.86732e-015 4.17162e-014
5.08 169.533 1.53059e-015 1.43023e-013
5.1 180.129 -9.2372e-015 4.55098e-014
5.12 187.931 -1.64141e-014 -9.11637e-014
5.14 192.527 -2.00569e-014 -6.29753e-014
5.16 193.68 -2.82221e-014 5.87402e-014
5.18 191.357 -4.10668e-014 8.14955e-014
5.2 185.739 -4.73011e-014 6.87786e-015
5.22 177.184 -4.4867e-014 -1.89902e-014
5.24 166.173 -4.10672e-014 -6.17281e-014
5.26 153.268 -4.10544e-014 -1.5658e-013
5.28 139.082 -4.41394e-014 -4.82632e-014
5.3 124.231 -4.59387e-014 -4.0078e-014
5.32 109.308 -4.47341e-014 -3.69107e-014
5.34 94.8795 -4.12096e-014 1.11784e-014
5.36 81.4808 -3.77482e-014 -5.13555e-014
5.38 69.562 -3.66309e-014 -3.55182e-014
5.4 59.4633 -3.79999e-014 -3.91628e-014
5.42 51.4276 -4.00531e-014 -1.04597e-014
5.44 45.5993 -4.15431e-014 2.71151e-014
5.46 42.0008 -4.17649e-014 1.55933e-014
5.48 40.5241 -3.82186e-014 5.42915e-015
5.5 40.9522 -3.04762e-014 -1.51326e-014
5.52 42.9928 -2.18333e-014 -1.49142e-014
5.54 46.2999 -1.41214e-014 -3.24925e-014
5.56 50.4771 -6.5425e-015 -8.39707e-015
5.58 55.0901 1.389e-015 1.13498e-014
5.6 59.6981 7.38899e-015 -8.09887e-015
5.62 63.8895 1.35711e-014 7.6122e-014
5.64 67.3062 1.92138e-014 1.45363e-013
5.66 69.6606 2.27465e-014 1.67342e-013
5.68 70.7511 2.74874e-014 1.50538e-013
5.7 70.4828 3.03131e-014 8.73981e-014
5.72 68.8873 2.97351e-014 3.28804e-014
5.74 66.1205 2.68398e-014 -4.42393e-014
5.76 62.4265 2.60092e-014 -8.53515e-014
5.78 58.093 2.80163e-014 -7.60871e-014
5.8 53.4247 2.62102e-014 -5.35401e-014
5.82 48.7286 2.35248e-014 -6.21894e-014
5.84 44.2953 2.49452e-014 -7.20946e-014
5.86 40.3763 2.9272e-014 -8.6591e-014
5.88 37.1647 3.26989e-014 -6.45135e-014
5.9 34.7945 3.30018e-014 -2.99452e-014
5.92 33.3536 3.13444e-014 -4.98289e-014
5.94 32.8911 2.86302e-014 -2.29305e-014
5.96 33.4106 2.65554e-014 2.14582e-015
5.98 34.8679 2.33722e-014 9.83306e-015
6 37.1754 1.74841e-014 5.39815e-014
6.02 40.208 1.06807e-014 7.97465e-014
6.04 43.8084 3.86906e-015 7.90617e-014
6.06 47.7995 -1.54837e-015 6.47463e-014
6.08 51.9957 -6.49452e-015 5.66636e-015
6.1 56.2045 -1.20017e-014 -3.02746e-014
6.12 60.2227 -1.74828e-014 -7.13778e-014
6.14 63.8458 -2.2422e-014 -1.0547e-013
6.16 66.894 -2.82652e-014 -7.04191e-014
6.18 69.2334 -3.30265e-014 -9.88007e-015
6.2 70.7735 -3.39591e-014 5.4873e-014
6.22 71.4635 -3.40313e-014 5.60194e-014
6.24 71.3037 -3.27154e-014 3.44231e-015
6.26 70.356 -3.00267e-014 -4.44655e-014
6.28 68.7392 -2.92231e-014 -6.52841e-014
6.3 66.6185 -2.9297e-014 -8.34802e-014
6.32 64.1918 -2.84324e-014 -1.63759e-013
6.34 61.6681 -2.54807e-014 -1.95559e-013
6.36 59.2481 -2.09549e-014 -1.79358e-013
6.38 57.1147 -1.85811e-014 -1.27747e-013
6.4 55.427 -1.7069e-014 -3.81101e-014
6.42 54.3095 -1.58769e-014 2.32032e-014
6.44 53.8424 -1.61888e-014 6.89315e-014
6.46 54.061 -1.4574e-014 7.25942e-014
6.48 54.9627 -1.04152e-014 5.21272e-014
6.5 56.5131 -4.37664e-015 1.15456e-014
6.52 58.6497 3.41367e-015 -1.76966e-014
6.54 61.2862 1.10293e-014 -2.74141e-014
6.56 64.3098 1.73814e-014 -3.82521e-014
6.58 67.5798 2.37021e-014 -6.14486e-015
6.6 70.935 2.97644e-014 2.35214e-015
6.62 74.2084 3.41574e-014 3.03019e-016
6.64 77.234 3.78978e-014 5.57318e-014
6.66 79.8495 3.86703e-014 6.63912e-014
6.68 81.9107 3.71742e-014 1.64219e-014
6.7 83.3145 3.53619e-014 1.09668e-014
6.72 84.0072 3.15258e-014 2.27782e-014
6.74 83.9786 3.11315e-014 -9.92776e-015
6.76 83.2602 3.14396e-014 -2.20768e-014
6.78 81.9268 2.64708e-014 -1.64185e-014
6.8 80.0891 2.18465e-014 -4.64109e-014
6.82 77.8791 1.7179e-014 -5.0618e-014
6.84 75.4413 1.13539e-014 -3.73771e-014
6.86 72.9294 8.57289e-015 -3.09829e-014
6.88 70.4984 5.79107e-015 -1.60675e-014
6.9 68.294 1.30528e-015 -4.23446e-015
6.92 66.4527 -1.81202e-015 2.44304e-015
6.94 65.1135 -5.86596e-015 -1.10676e-014
6.96 64.4092 -1.16213e-014 -1.07653e-014
6.98 64.4356 -1.7436e-014 -5.85642e-015
7 65.2337 -2.3103e-014 -2.35932e-015
7.02 66.7956 -2.89404e-014 -1.96272e-014
7.04 69.0702 -3.48886e-014 -4.52552e-014
7.06 71.9612 -3.96024e-014 -1.62187e-014
7.08 75.3244 -4.32481e-014 -2.05311e-014
7.1 78.9752 -4.43253e-014 -2.22269e-014
7.12 82.7064 -4.36772e-014 1.46085e-014
7.14 86.3132 -4.62225e-014 3.01319e-014
7.16 89.6099 -4.93342e-014 4.17147e-015
7.18 92.4372 -4.71201e-014 -5.91568e-015
7.2 94.6724 -4.25258e-014 -2.10714e-014
7.22 96.2464 -3.7972e-014 -6.74927e-014
7.24 97.1477 -3.41713e-014 -2.09148e-014
7.26 97.4064 -3.04292e-014 3.08365e-014
7.28 97.0772 -2.47778e-014 1.49254e-014
7.3 96.2367 -2.09389e-014 -3.69627e-014
7.32 94.9796 -1.8847e-014 -8.34629e-014
7.34 93.4064 -1.65491e-014 -6.91408e-014
7.36 91.617 -1.24448e-014 -3.41346e-014
7.38 89.7144 -5.75101e-015 -6.58938e-014
7.4 87.8088 1.34012e-016 -4.84252e-014
7.42 86.0201 4.82199e-015 -2.1236e-014
7.44 84.4786 1.03443e-014 -6.08086e-014
7.46 83.3175 1.74198e-014 -7.37813e-014
7.48 82.655 2.34077e-014 -3.95577e-014
7.5 82.5821 2.77729e-014 2.30878e-015
7.52 83.1624 3.40551e-014 4.10611e-014
7.54 84.4316 3.92767e-014 7.6725e-014
7.56 86.3868 4.16204e-014 4.49493e-014
7.58 88.9761 4.41243e-014 -7.30639e-015
7.6 92.1053 4.40535e-014 -3.58737e-014
7.62 95.652 4.05022e-014 -4.09258e-014
7.64 99.4773 3.60414e-014 -1.02478e-014
7.66 103.434 3.0793e-014 -1.80308e-014
7.68 107.377 2.74988e-014 -9.10868e-015
7.7 111.175 2.60095e-014 2.01152e-014
7.72 114.73 2.30444e-014 4.46214e-014
7.74 117.986 1.96276e-014 6.10438e-014
7.76 120.923 1.69683e-014 -3.65813e-014
7.78 123.548 1.46986e-014 -5.77112e-014
7.8 125.893 1.15584e-014 -6.25722e-015
7.82 128.013 5.72384e-015 5.19075e-015
7.84 129.983 -2.92604e-015 2.61446e-014
7.86 131.879 -1.01122e-014 -4.75149e-015
7.88 133.77 -1.39948e-014 2.04499e-014
7.9 135.714 -1.96327e-014 -2.51568e-014
7.92 137.752 -2.59833e-014 -3.07897e-014
7.94 139.905 -2.97756e-014 -1.12333e-014
7.96 142.175 -2.90933e-014 -1.28497e-013
7.98 144.546 -2.65881e-014 -8.08293e-014
8 146.991 -2.81286e-014 -9.97512e-015
8.02 149.465 -2.53463e-014 -2.8335e-014
8.04 151.918 -1.89504e-014 6.65969e-014
8.06 154.311 -1.99846e-014 3.73261e-014
8.08 156.622 -1.83118e-014 -3.0768e-014
8.1 158.83 -7.27492e-015 -4.21809e-014
8.12 160.901 9.83697e-016 -1.64311e-013
8.14 162.802 2.10997e-015 -7.64695e-014
8.16 164.506 5.68438e-016 4.68478e-014
8.18 165.981 -1.99363e-016 1.20566e-013
8.2 167.192 2.31391e-015 1.41046e-013
8.22 168.101 5.89497e-015 6.1201e-014
8.24 168.686 9.32389e-015 -2.12053e-014
8.26 168.942 1.32204e-014 -4.48436e-014
8.28 168.884 1.0852e-014 -1.01773e-014
8.3 168.544 6.82424e-015 5.17472e-014
8.32 167.972 5.42053e-015 -4.0059e-014
8.34 167.232 6.84207e-015 -1.184e-013
8.36 166.402 1.1265e-014 1.04704e-014
8.38 165.569 1.32884e-014 5.17574e-014
8.4 164.827 1.43811e-014 -8.87465e-016
8.42 164.269 1.29644e-014 5.32562e-014
8.44 163.984 1.11711e-014 5.24791e-014
8.46 164.05 9.73658e-015 1.69647e-014
8.48 164.534 1.43019e-014 -3.83641e-014
8.5 165.485 2.35437e-014 -6.56291e-014
8.52 166.924 2.00613e-014 -3.84813e-014
8.54 168.834 1.05439e-014 -1.72262e-014
8.56 171.159 1.12175e-014 5.15307e-014
8.58 173.824 1.77307e-014 6.97289e-014
8.6 176.734 2.11975e-014 4.32799e-014
8.62 179.74 1.77742e-014 -5.49675e-014
8.64 182.644 1.61382e-014 -6.34747e-014
8.66 185.223 2.38986e-014 -1.47461e-014
8.68 187.253 2.78782e-014 1.29498e-014
8.7 188.513 2.46981e-014 -1.52256e-015
8.72 188.805 1.82705e-014 -4.08179e-014
8.74 187.979 1.24549e-014 2.24155e-014
8.76 185.955 1.05998e-014 4.99897e-014
8.78 182.738 1.05983e-014 2.98778e-014
8.8 178.416 1.2789e-014 2.10113e-014
8.82 173.153 1.13182e-014 6.69726e-014
8.84 167.17 1.05335e-014 1.04653e-013
8.86 160.717 1.12572e-014 -4.39934e-014
8.88 154.061 1.13361e-014 -5.68707e-014
8.9 147.477 1.38653e-014 9.02478e-014
8.92 141.224 1.15017e-014 4.21976e-014
8.94 135.532 8.02017e-015 -3.97236e-014
8.96 130.602 7.93639e-015 1.6569e-014
8.98 126.601 8.76304e-015 2.35133e-014
9 123.656 6.94228e-015 -4.78325e-014
9.02 121.878 4.68336e-015 -5.16129e-014
9.04 121.369 5.77779e-015 -1.05671e-014
9.06 122.171 3.92847e-015 1.97818e-015
9.08 124.206 -5.87535e-016 2.26842e-014
9.1 127.303 -3.47153e-015 6.31604e-014
9.12 131.236 -5.01826e-015 1.01229e-013
9.14 135.703 -7.62968e-015 7.73683e-014
9.16 140.311 -1.32291e-014 -4.32251e-014
9.18 144.632 -1.81218e-014 -6.11324e-014
9.2 148.267 -1.97921e-014 -1.78185e-014
9.22 150.882 -2.22357e-014 3.03678e-015
9.24 152.226 -2.29333e-014 1.83682e-014
9.26 152.147 -1.98716e-014 7.96131e-015
9.28 150.617 -1.91661e-014 -1.29514e-014
9.3 147.754 -2.2234e-014 -6.62444e-014
9.32 143.801 -2.28118e-014 -1.05994e-013
9.34 139.064 -1.30068e-014 -1.33471e-013
9.36 133.874 -4.353e-015 -1.15659e-013
9.38 128.566 -5.60191e-015 -1.37813e-013
9.4 123.45 -6.6776e-015 -1.38076e-013
9.42 118.768 -6.64221e-015 -9.55405e-014
9.44 114.681 -2.97114e-015 -6.14489e-014
9.46 111.267 4.41188e-015 -5.09869e-015
9.48 108.536 6.49652e-015 1.03072e-013
9.5 106.45 5.90833e-015 1.799e-013
9.52 104.951 9.01239e-015 1.29778e-013
9.54 103.976 1.48558e-014 1.75582e-015
9.56 103.459 1.96217e-014 -8.84829e-014
9.58 103.351 2.26253e-014 -8.76954e-014
9.6 103.659 2.62312e-014 -4.88089e-014
9.62 104.406 3.03427e-014 -8.15063e-015
9.64 105.578 3.48369e-014 4.54976e-014
9.66 107.115 3.62144e-014 7.03291e-014
9.68 108.926 3.46467e-014 6.32683e-014
9.7 110.88 3.48208e-014 2.72884e-014
9.72 112.799 3.27955e-014 -6.89682e-014
9.74 114.503 2.68451e-014 -9.67359e-014
9.76 115.842 1.99335e-014 -2.17276e-014
9.78 116.687 1.54995e-014 7.26171e-014
9.8 116.946 1.37448e-014 7.78516e-014
9.82 116.587 1.22214e-014 -1.33994e-014
9.84 115.648 1.18293e-014 -5.71751e-014
9.86 114.206 1.11237e-014 -4.62153e-014
9.88 112.363 7.86525e-015 3.37731e-015
9.9 110.249 2.71647e-015 1.3631e-014
9.92 108.014 1.07895e-016 -1.50389e-013
9.94 105.823 1.53407e-016 -1.77247e-013
9.96 103.838 -2.84198e-015 -5.1185e-014
9.98 102.202 -7.13564e-015 -2.47663e-014
10 101.035 -1.13446e-014 -5.70998e-014
10.02 100.43 -1.42733e-014 -4.3297e-014
10.04 100.448 -1.5161e-014 -1.09042e-014
10.06 101.104 -1.79591e-014 1.23185e-014
10.08 102.358 -2.05724e-014 1.33665e-014
10.1 104.132 -2.05761e-014 -3.40187e-015
10.12 106.337 -1.93386e-014 -2.68268e-014
10.14 108.878 -1.99014e-014 1.06021e-014
10.16 111.637 -2.15565e-014 4.09285e-014
10.18 114.487 -2.11561e-014 8.67148e-015
10.2 117.31 -2.01562e-014 4.44569e-014
10.22 119.997 -2.06625e-014 -4.31285e-016
10.24 122.438 -2.25861e-014 -1.66567e-014
10.26 124.521 -2.2538e-014 -3.72585e-014
10.28 126.146 -1.99802e-014 -6.53715e-014
10.3 127.239 -1.8749e-014 -1.62879e-014
10.32 127.758 -1.80114e-014 -5.14564e-017
10.34 127.703 -1.49221e-014 3.31457e-014
10.36 127.12 -8.79579e-015 4.59271e-014
10.38 126.115 -5.6832e-015 4.13287e-014
10.4 124.857 -4.79361e-015 -7.14722e-015
10.42 123.546 1.32002e-016 -3.95119e-014
10.44 122.367 5.39741e-015 5.3488e-015
10.46 121.476 7.34793e-015 1.05397e-014
10.48 120.993 5.66362e-015 2.24906e-014
10.5 120.992 7.0586e-015 3.66856e-014
10.52 121.467 1.12832e-014 4.32169e-014
10.54 122.337 1.24545e-014 7.3846e-014
10.56 123.489 1.15762e-014 4.75045e-014
10.58 124.805 1.0247e-014 5.24997e-015
10.6 126.181 1.21376e-014 7.34146e-014
10.62 127.538 1.28545e-014 1.11932e-013
10.64 128.836 1.0046e-014 9.03286e-014
10.66 130.075 1.00222e-014 2.96893e-014
10.68 131.273 1.29993e-014 -2.26776e-014
10.7 132.446 1.7752e-014 -1.36068e-014
10.72 133.589 1.98149e-014 -2.96938e-014
10.74 134.666 1.71852e-014 -8.06729e-015
10.76 135.603 1.67961e-014 2.37359e-014
10.78 136.303 1.88909e-014 -2.99948e-015
10.8 136.654 1.95341e-014 -3.26153e-014
10.82 136.543 2.18737e-014 -1.38537e-014
10.84 135.877 2.06448e-014 2.59666e-014
10.86 134.607 1.36244e-014 4.14206e-014
10.88 132.738 6.70041e-015 5.99029e-014
10.9 130.331 3.73164e-016 4.19597e-015
10.92 127.491 -9.19844e-016 -7.55327e-014
10.94 124.361 -4.05361e-015 -4.9952e-014
10.96 121.1 -1.41656e-014 -2.94059e-014
10.98 117.864 -2.16381e-014 -1.67992e-014
11 114.784 -2.30993e-014 1.76836e-014
11.02 111.96 -2.21848e-014 2.27297e-014
11.04 109.463 -2.13755e-014 1.0763e-014
11.06 107.343 -2.0824e-014 -6.29168e-015
11.08 105.638 -2.01359e-014 -2.88877e-014
11.1 104.384 -2.10716e-014 -4.55564e-014
11.12 103.609 -2.37543e-014 -7.05577e-014
11.14 103.321 -2.52607e-014 -8.59112e-015
11.16 103.503 -2.50838e-014 8.04679e-015
11.18 104.112 -2.35735e-014 -1.26589e-014
11.2 105.071 -2.48545e-014 -4.0888e-015
11.22 106.266 -2.82818e-014 1.56483e-014
11.24 107.56 -2.71544e-014 9.09231e-014
11.26 108.811 -2.28842e-014 5.61299e-014
11.28 109.884 -1.94211e-014 8.41952e-015
11.3 110.649 -1.72119e-014 -3.91999e-015
11.32 110.984 -1.40103e-014 -1.37362e-014
11.34 110.79 -9.61522e-015 7.74899e-015
11.36 109.988 -7.36633e-015 -4.14203e-014
11.38 108.522 -4.17277e-015 -2.45309e-014
11.4 106.353 5.32179e-016 1.77775e-014
11.42 103.47 3.75793e-015 3.48475e-014
11.44 99.8884 5.28631e-015 7.18197e-014
11.46 95.6509 6.64941e-015 4.08629e-014
11.48 90.8246 9.70681e-015 -1.36267e-014
11.5 85.4913 1.16764e-014 -1.39826e-015
11.52 79.7372 1.15214e-014 1.61887e-014
11.54 73.6462 1.11624e-014 -2.94257e-014
11.56 67.3005 1.20086e-014 -4.79018e-014
11.58 60.7814 1.45645e-014 -4.19509e-014
11.6 54.1679 1.84413e-014 8.3547e-015
11.62 47.538 2.09617e-014 2.71424e-014
11.64 40.973 2.15689e-014 1.62071e-014
11.66 34.5622 2.11746e-014 1.47569e-015
11.68 28.404 2.02208e-014 -4.08268e-015
11.7 22.6029 1.94674e-014 -1.35304e-014
11.72 17.266 1.87825e-014 -4.14759e-014
11.74 12.4971 1.91102e-014 -4.40607e-014
11.76 8.3919 1.88065e-014 -5.18704e-014
11.78 5.03455 1.66883e-014 -3.23518e-014
11.8 2.49361 1.40713e-014 2.15924e-015
11.82 0.819441 1.24615e-014 1.9683e-014
11.84 0.0429303 1.20463e-014 3.40855e-014
11.86 0.173452 1.17275e-014 3.51478e-014
11.88 1.19497 1.11386e-014 1.16665e-014
11.9 3.07007 1.02347e-014 -1.10811e-014
11.92 5.75383 8.86804e-015 -1.84951e-014
11.94 9.19393 6.83564e-015 -8.31975e-015
11.96 13.3089 4.49666e-015 -6.93424e-015
11.98 17.9669 2.64144e-015 5.02249e-015
12 22.9788 1.44535e-015 1.23267e-014
12.02 28.1047 6.34586e-016 -9.11895e-015
12.04 33.0673 -7.79986e-016 -1.289e-015
12.06 37.562 -3.28965e-015 -1.2582e-015
12.08 41.2681 -6.07092e-015 1.82501e-014
12.1 43.877 -8.41998e-015 4.89787e-014
12.12 45.131 -1.05706e-014 1.14542e-013
12.14 44.8501 -1.36401e-014 1.62589e-013
12.16 42.9448 -1.48588e-014 1.40143e-013
12.18 39.417 -1.42592e-014 8.71277e-014
12.2 34.354 -1.48174e-014 6.50672e-015
12.22 27.9173 -1.46205e-014 -6.66558e-014
12.24 20.3259 -1.36683e-014 -1.0534e-013
12.26 11.8377 -1.39736e-014 -9.15083e-014
12.28 2.72871 -1.5533e-014 -4.93619e-014
12.3 -6.73012 -1.6339e-014 2.48858e-015
12.32 -16.2841 -1.56661e-014 3.28287e-014
12.34 -25.6855 -1.38305e-014 3.35466e-014
12.36 -34.6871 -1.15641e-014 8.64919e-015
12.38 -43.0509 -1.00963e-014 -1.60753e-014
12.4 -50.5535 -9.63034e-015 -2.78283e-014
12.42 -56.9884 -1.17057e-014 -2.25602e-014
12.44 -62.1854 -1.1903e-014 -3.20433e-014
12.46 -66.0314 -7.88295e-015 -4.79016e-014
12.48 -68.4781 -3.6918e-015 -3.99186e-014
12.5 -69.5473 6.8555e-016 1.94188e-014
12.52 -69.3397 2.72997e-015 2.37326e-014
12.54 -68.0393 4.22452e-015 2.65329e-015
12.56 -65.8999 7.65641e-015 2.48172e-014
12.58 -63.2144 1.02417e-014 1.5647e-015
12.6 -60.2876 1.27604e-014 4.55171e-014
12.62 -57.4228 1.36255e-014 1.04494e-013
12.64 -54.9022 1.25337e-014 9.38374e-014
12.66 -52.9632 1.38304e-014 7.91949e-014
12.68 -51.7871 1.73024e-014 5.12082e-014
12.7 -51.4994 1.90596e-014 -1.88282e-015
12.72 -52.1742 1.9005e-014 -4.32171e-014
12.74 -53.8412 1.90446e-014 -6.98818e-014
12.76 -56.4899 1.87303e-014 -5.80234e-014
12.78 -60.0687 1.75022e-014 -1.17292e-014
12.8 -64.4836 1.54793e-014 3.0699e-014
12.82 -69.6024 1.37043e-014 4.28493e-014
12.84 -75.2632 1.19969e-014 2.99319e-014
12.86 -81.2805 9.53525e-015 3.05347e-014
12.88 -87.4466 7.89723e-015 2.76915e-014
12.9 -93.5361 4.70601e-015 3.57183e-015
12.92 -99.316 2.95279e-015 -3.05201e-014
12.94 -104.56 5.57834e-015 -2.61996e-014
12.96 -109.064 6.57062e-015 -2.37149e-014
12.98 -112.654 4.64712e-015 -2.02145e-014
13 -115.198 -1.34581e-015 -1.75731e-014
13.02 -116.616 -7.7183e-015 5.25422e-014
13.04 -116.893 -1.01446e-014 1.00348e-013
13.06 -116.083 -1.05956e-014 5.07854e-014
13.08 -114.294 -9.19535e-015 -6.54545e-015
13.1 -111.676 -7.68585e-015 -4.58791e-014
13.12 -108.407 -7.82584e-015 1.85431e-015
13.14 -104.681 -9.87462e-015 4.45661e-014
13.16 -100.698 -1.05919e-014 5.06141e-014
13.18 -96.6416 -8.94261e-015 1.03482e-014
13.2 -92.6659 -6.08738e-015 -1.2264e-014
13.22 -88.8986 -3.22071e-015 2.08089e-014
13.24 -85.4549 -2.74073e-015 1.88018e-014
13.26 -82.443 -3.33107e-015 3.31703e-015
13.28 -79.9598 -3.78186e-015 1.11032e-015
13.3 -78.092 -2.12939e-015 4.18768e-014
13.32 -76.9158 -1.74262e-015 3.62376e-014
13.34 -76.4893 -3.60356e-015 6.73795e-015
13.36 -76.8458 -2.04643e-015 1.25854e-014
13.38 -77.9787 7.07096e-016 -1.23462e-014
13.4 -79.8147 1.60358e-015 -5.8669e-014
13.42 -82.2132 2.59209e-015 -5.45088e-014
13.44 -84.9979 2.06131e-015 -2.13699e-014
13.46 -87.982 1.20486e-015 2.87339e-014
13.48 -90.9698 5.13979e-015 2.18895e-014
13.5 -93.7564 1.01923e-014 -5.71782e-014
13.52 -96.1473 1.31167e-014 -1.14526e-013
13.54 -97.9998 1.2461e-014 -1.26979e-013
13.56 -99.2488 9.29507e-015 -6.94639e-014
13.58 -99.8907 8.86801e-015 3.49356e-014
13.6 -99.9568 7.60328e-015 6.27974e-014
13.62 -99.507 3.6058e-015 1.08467e-014
13.64 -98.6327 2.5804e-015 1.25997e-014
13.66 -97.4491 4.99255e-015 -1.03204e-014
13.68 -96.0764 5.81555e-015 -2.08211e-014
13.7 -94.6264 3.4186e-015 4.26647e-014
13.72 -93.2032 1.51075e-015 1.00349e-013
13.74 -91.91 3.63512e-016 5.47263e-014
13.76 -90.8484 -1.0232e-016 1.46749e-014
13.78 -90.1091 1.81118e-015 1.34482e-014
13.8 -89.7622 4.74599e-015 -4.55372e-014
13.82 -89.8532 6.55486e-015 -3.67272e-014
13.84 -90.4056 5.8837e-015 -5.75106e-015
13.86 -91.4111 4.21656e-015 -2.13726e-014
13.88 -92.8101 2.30278e-015 -2.03005e-014
13.9 -94.4969 5.98685e-016 3.75099e-015
13.92 -96.3519 -1.29664e-015 3.17145e-014
13.94 -98.271 -2.50993e-015 3.49766e-014
13.96 -100.174 -1.21319e-015 -2.15433e-014
13.98 -102.009 1.14847e-015 -4.02541e-014
14 -103.752 3.16761e-015 -1.9643e-014
14.02 -105.419 3.49491e-015 -4.40704e-014
14.04 -107.045 4.02144e-015 -1.65914e-015
14.06 -108.666 6.96405e-015 -4.93096e-015
14.08 -110.309 9.03525e-015 -3.42631e-014
14.1 -111.967 8.72057e-015 -5.81527e-015
14.12 -113.6 7.65405e-015 1.37143e-015
14.14 -115.164 5.27301e-015 3.38573e-014
14.16 -116.622 3.55506e-015 5.83878e-014
14.18 -117.954 4.39623e-015 1.08778e-014
14.2 -119.16 6.38119e-015 -3.61055e-014
14.22 -120.274 4.33529e-015 -2.20337e-014
14.24 -121.357 -3.27492e-016 -9.54822e-015
14.26 -122.469 -3.01969e-015 -9.43898e-015
14.28 -123.649 -5.90971e-015 2.66186e-015
14.3 -124.897 -8.88618e-015 4.14038e-014
14.32 -126.161 -1.13226e-014 -1.38632e-014
14.34 -127.332 -1.20241e-014 -1.09686e-013
14.36 -128.264 -9.9404e-015 -9.60155e-014
14.38 -128.8 -1.09085e-014 -5.09978e-014
14.4 -128.812 -1.67693e-014 3.69738e-014
14.42 -128.226 -1.89836e-014 3.3809e-014
14.44 -127.035 -1.61414e-014 1.5319e-014
14.46 -125.302 -1.28312e-014 2.25376e-014
14.48 -123.144 -1.20541e-014 -1.19921e-015
14.5 -120.702 -1.18435e-014 4.35227e-015
14.52 -118.123 -1.00103e-014 7.38216e-015
14.54 -115.543 -8.43874e-015 1.03023e-014
14.56 -113.078 -8.46569e-015 -2.08399e-014
14.58 -110.806 -7.788e-015 1.60526e-015
14.6 -108.777 -6.85671e-015 1.96441e-014
14.62 -107.02 -6.84074e-015 -1.26195e-014
14.64 -105.563 -5.4929e-015 -2.20265e-014
14.66 -104.441 -6.09545e-015 4.70874e-015
14.68 -103.688 -7.14605e-015 2.68815e-014
14.7 -103.351 -6.38341e-015 7.26125e-014
14.72 -103.485 -4.47297e-015 7.76738e-014
14.74 -104.139 -1.25604e-015 5.72545e-014
14.76 -105.331 1.97879e-015 -1.07698e-014
14.78 -107.036 3.74353e-015 -1.2469e-013
14.8 -109.183 4.40846e-015 -1.01471e-013
14.82 -111.656 5.51329e-015 1.22059e-014
14.84 -114.309 4.46808e-015 6.03632e-014
14.86 -116.966 2.04214e-015 -1.48623e-014
14.88 -119.437 2.93905e-015 -9.30726e-014
14.9 -121.554 6.252e-015 -1.19555e-013
14.92 -123.207 7.13801e-015 -1.60809e-013
14.94 -124.346 3.15288e-015 -1.41546e-013
14.96 -124.966 -3.17671e-016 -4.90838e-014
14.98 -125.104 3.56238e-016 2.66284e-014
15 -124.826 1.36544e-015 7.90643e-014
15.02 -124.208 3.97892e-015 8.22158e-014
15.04 -123.32 8.72159e-015 4.04108e-014
15.06 -122.223 1.09745e-014 -1.48705e-014
15.08 -120.968 1.06484e-014 -4.09084e-014
15.1 -119.597 9.3035e-015 -8.12193e-014
15.12 -118.148 4.77848e-015 -9.97202e-014
15.14 -116.654 -1.66775e-015 -1.20175e-014
15.16 -115.15 -4.55611e-015 -6.93589e-015
15.18 -113.668 -4.98941e-015 -1.76693e-014
15.2 -112.248 -5.48911e-015 9.13314e-014
15.22 -110.936 -4.98109e-015 8.19683e-014
15.24 -109.78 -4.10449e-015 -4.48542e-015
15.26 -108.829 -6.11573e-015 -1.54041e-014
15.28 -108.124 -1.11083e-014 -3.18792e-014
15.3 -107.701 -1.50714e-014 -5.05531e-014
15.32 -107.571 -1.81575e-014 -1.96274e-014
15.34 -107.718 -2.02278e-014 4.32519e-015
15.36 -108.102 -2.0549e-014 4.27309e-015
15.38 -108.675 -1.80003e-014 -4.4361e-014
15.4 -109.388 -1.29515e-014 2.52875e-016
15.42 -110.19 -1.05871e-014 1.54265e-014
15.44 -111.034 -1.14254e-014 -3.23616e-014
15.46 -111.873 -1.05663e-014 3.46788e-014
15.48 -112.661 -3.24773e-015 2.91747e-014
15.5 -113.363 6.2466e-015 -1.8934e-015
15.52 -113.941 1.16152e-014 1.4668e-014
15.54 -114.349 1.34045e-014 1.24665e-015
15.56 -114.529 1.44933e-014 6.13221e-015
15.58 -114.413 1.59364e-014 2.99695e-014
15.6 -113.935 1.7432e-014 3.02587e-014
15.62 -113.036 2.03322e-014 3.09637e-014
15.64 -111.68 2.01561e-014 -1.27298e-014
15.66 -109.851 1.98262e-014 -3.76705e-014
15.68 -107.55 2.47031e-014 -6.50294e-015
15.7 -104.808 2.5621e-014 -2.87813e-014
15.72 -101.692 2.21575e-014 -1.89222e-014
15.74 -98.3052 2.09354e-014 4.30556e-014
15.76 -94.7814 2.10871e-014 3.04782e-014
15.78 -91.2739 2.06873e-014 2.81826e-014
15.8 -87.9429 1.80567e-014 1.02336e-014
15.82 -84.9426 1.40875e-014 -1.17172e-014
15.84 -82.4036 1.05776e-014 -3.89022e-014
15.86 -80.4166 7.6615e-015 -8.57706e-014
15.88 -79.0307 6.22909e-015 -3.64357e-014
15.9 -78.2602 4.83783e-015 4.84686e-014
15.92 -78.0879 1.45798e-015 6.44483e-014
15.94 -78.4688 -3.64303e-015 1.3146e-014
15.96 -79.3356 -6.82165e-015 -1.68332e-015
15.98 -80.6045 -5.30844e-015 -2.32352e-014
16 -82.1786 -4.17829e-015 -5.15428e-014
16.02 -83.9516 -8.42921e-015 6.99351e-015
16.04 -85.8087 -1.45496e-014 4.4052e-014
16.06 -87.632 -1.72612e-014 2.6004e-014
16.08 -89.3096 -1.66574e-014 -4.95248e-014
16.1 -90.7405 -1.5002e-014 -1.14689e-013
16.12 -91.8337 -1.30036e-014 -4.24709e-014
16.14 -92.51 -1.36877e-014 1.30684e-014
16.16 -92.7064 -1.73026e-014 -6.98549e-015
16.18 -92.3791 -1.9026e-014 -4.86631e-016
16.2 -91.5038 -1.85504e-014 2.54303e-014
16.22 -90.0728 -1.73049e-014 2.52886e-014
16.24 -88.1016 -1.70442e-014 -6.18655e-015
16.26 -85.6487 -1.77806e-014 -2.85026e-014
16.28 -82.8247 -1.5772e-014 -2.87059e-014
16.3 -79.7778 -1.15475e-014 -1.5641e-014
16.32 -76.6772 -9.19251e-015 1.0893e-014
16.34 -73.7027 -7.79391e-015 -4.16059e-015
16.36 -71.023 -6.63918e-015 1.24833e-014
16.38 -68.7707 -5.72646e-015 -1.98083e-015
16.4 -67.0306 -3.19761e-015 3.27723e-014
16.42 -65.8358 -2.8725e-015 1.23423e-013
16.44 -65.1628 -4.531e-015 5.75897e-014
16.46 -64.9397 -3.54777e-015 -4.73049e-014
16.48 -65.0673 2.53498e-016 -3.58302e-014
16.5 -65.4372 3.53988e-015 -4.8966e-014
16.52 -65.9411 3.95404e-015 -4.11935e-014
16.54 -66.4775 3.63925e-015 4.77593e-014
16.56 -66.9604 3.8476e-015 3.69143e-014
16.58 -67.3274 4.58032e-015 1.17694e-014
16.6 -67.5401 6.27058e-015 -1.24992e-014
16.62 -67.5779 7.34494e-015 -2.95595e-014
16.64 -67.4271 6.50007e-015 -3.34023e-014
16.66 -67.0728 5.37893e-015 -3.40535e-014
16.68 -66.4993 6.25266e-015 3.04495e-015
16.7 -65.6987 8.57482e-015 -8.26969e-015
16.72 -64.6754 9.49759e-015 -1.18702e-015
16.74 -63.4498 1.0594e-014 3.53213e-015
16.76 -62.0605 1.20718e-014 -6.37026e-015
16.78 -60.5675 1.29974e-014 -4.00857e-015
16.8 -59.0505 1.36095e-014 2.36836e-015
16.82 -57.6052 1.33602e-014 5.95523e-014
16.84 -56.3279 1.34809e-014 8.09527e-014
16.86 -55.2973 1.25307e-014 7.26165e-014
16.88 -54.5665 9.71861e-015 4.50934e-014
16.9 -54.1625 5.7943e-015 2.01559e-014
16.92 -54.0824 1.88183e-015 3.05325e-014
16.94 -54.2881 -7.1995e-017 5.15439e-015
16.96 -54.7052 -1.4098e-015 -5.47324e-014
16.98 -55.2273 -5.12196e-015 -7.51996e-014
17 -55.7263 -8.75895e-015 -4.6438e-014
17.02 -56.0648 -1.01208e-014 -4.65134e-014
17.04 -56.108 -1.07435e-014 -2.0306e-014
17.06 -55.7379 -1.13223e-014 2.63149e-014
17.08 -54.8678 -1.2121e-014 1.3309e-014
17.1 -53.4543 -1.116e-014 6.50111e-015
17.12 -51.501 -7.75738e-015 2.86116e-015
17.14 -49.0544 -5.17877e-015 -1.11916e-014
17.16 -46.1949 -4.70689e-015 -1.7928e-014
17.18 -43.0258 -5.27792e-015 -1.11457e-014
17.2 -39.6586 -6.23685e-015 -1.55093e-014
17.22 -36.2025 -7.32813e-015 1.21254e-014
17.24 -32.7617 -8.36251e-015 5.9214e-014
17.26 -29.4341 -8.05328e-015 8.46003e-014
17.28 -26.3124 -7.11823e-015 5.51773e-014
17.3 -23.4908 -7.23946e-015 -9.95234e-015
17.32 -21.0677 -7.27434e-015 -3.55424e-014
17.34 -19.1405 -6.74908e-015 -2.38686e-014
17.36 -17.7973 -5.72555e-015 7.40417e-015
17.38 -17.1075 -3.32519e-015 3.20041e-014
17.4 -17.1074 -5.5175e-017 2.99735e-014
17.42 -17.7883 3.80083e-015 8.46646e-015
17.44 -19.0978 7.46545e-015 -1.17134e-014
17.46 -20.9482 9.04442e-015 -3.09153e-014
17.48 -23.2254 9.31375e-015 -5.82703e-014
17.5 -25.7974 9.56797e-015 -4.93165e-014
17.52 -28.5259 9.73353e-015 -2.10835e-014
17.54 -31.283 9.43106e-015 -2.52851e-014
17.56 -33.9648 9.04343e-015 -9.81718e-015
17.58 -36.4955 8.27204e-015 3.40075e-014
17.6 -38.825 6.53754e-015 4.76476e-014
17.62 -40.9243 5.54992e-015 2.65362e-014
17.64 -42.7806 4.7526e-015 2.06991e-014
17.66 -44.3893 3.28574e-015 6.50058e-015
17.68 -45.7488 3.05524e-015 -1.7735e-014
17.7 -46.8594 4.75415e-015 -2.20244e-014
17.72 -47.718 6.51634e-015 -1.54716e-014
17.74 -48.3081 6.29085e-015 -5.43627e-015
17.76 -48.6026 6.3387e-015 1.24696e-014
17.78 -48.5743 7.1191e-015 -2.33445e-015
17.8 -48.2012 6.94956e-015 2.39763e-015
17.82 -47.4694 6.46605e-015 1.18728e-014
17.84 -46.3839 5.64974e-015 -1.09593e-014
17.86 -44.9809 4.95124e-015 1.44874e-014
17.88 -43.3288 4.48555e-015 2.08092e-014
17.9 -41.5221 2.51605e-015 2.85024e-014
17.92 -39.6698 -1.0697e-015 6.42795e-014
17.94 -37.8833 -2.44425e-015 7.13953e-014
17.96 -36.2655 -2.93146e-015 5.65394e-014
17.98 -34.8987 -4.30026e-015 2.95317e-014
18 -33.8316 -2.96016e-015 1.04824e-014
18.02 -33.0764 -1.4719e-015 -1.53091e-014
18.04 -32.6175 -2.02242e-015 -3.7313e-014
18.06 -32.4242 -1.80867e-015 -3.75636e-014
18.08 -32.4557 -1.78994e-015 -4.55066e-014
18.1 -32.6652 -1.92225e-015 -3.583e-014
18.12 -33.0026 -1.36149e-015 -1.2188e-014
18.14 -33.4201 -1.76656e-015 1.08624e-014
18.16 -33.8762 -2.06416e-015 -3.86755e-015
18.18 -34.3382 -2.31265e-015 -3.7943e-014
18.2 -34.7785 -2.53493e-015 -6.86886e-014
18.22 -35.165 -2.06459e-015 -8.28797e-014
18.24 -35.4577 -3.01523e-015 -4.19346e-014
18.26 -35.6156 -4.73803e-015 -2.01583e-014
18.28 -35.6081 -6.35861e-015 -2.63587e-014
18.3 -35.4199 -6.27158e-015 2.25653e-015
18.32 -35.0479 -3.8363e-015 2.65994e-014
18.34 -34.4999 -2.78832e-015 3.40035e-014
18.36 -33.7993 -2.68845e-015 3.21777e-014
18.38 -32.9855 -1.76232e-015 2.15075e-015
18.4 -32.1061 -2.98891e-016 -7.86418e-015
18.42 -31.2064 1.30447e-015 -1.28395e-014
18.44 -30.3234 2.04538e-015 -5.67096e-015
18.46 -29.4832 2.36121e-015 7.40592e-015
18.48 -28.6995 3.39835e-015 1.26776e-014
18.5 -27.9724 4.11515e-015 2.31728e-014
18.52 -27.288 3.18627e-015 9.59003e-015
18.54 -26.6211 1.85445e-015 -1.34173e-015
18.56 -25.9393 1.73847e-015 4.34686e-015
18.58 -25.2083 2.44944e-015 -7.37999e-015
18.6 -24.3927 2.74139e-015 -2.51527e-014
18.62 -23.4572 2.97904e-015 -1.95211e-014
18.64 -22.37 3.24319e-015 -2.87882e-014
18.66 -21.1066 3.76524e-015 -2.1299e-014
18.68 -19.6557 4.62584e-015 8.28954e-015
18.7 -18.0262 4.75172e-015 2.21294e-014
18.72 -16.2451 4.92933e-015 1.61949e-014
18.74 -14.349 5.67607e-015 1.34898e-014
18.76 -12.3822 6.43554e-015 9.58708e-015
18.78 -10.4049 6.61366e-015 -4.61292e-015
18.8 -8.49187 6.31864e-015 -8.02408e-015
18.82 -6.7225 5.74691e-015 8.86258e-015
18.84 -5.17403 4.04627e-015 4.22849e-014
18.86 -3.91736 1.41665e-015 6.54477e-014
18.88 -3.00347 -8.13317e-016 7.4489e-014
18.9 -2.45018 -2.37428e-015 6.10458e-014
18.92 -2.2453 -3.6986e-015 2.09997e-014
18.94 -2.35667 -4.86856e-015 -2.91782e-014
18.96 -2.73293 -6.00992e-015 -6.34658e-014
18.98 -3.30375 -7.22908e-015 -8.19958e-014
19 -3.9949 -8.51634e-015 -8.45091e-014
19.02 -4.74973 -9.51046e-015 -6.806e-014
19.04 -5.53276 -9.9129e-015 -4.95413e-014
19.06 -6.31527 -9.56979e-015 -3.33409e-014
19.08 -7.06559 -8.50473e-015 -2.62895e-014
19.1 -7.75045 -7.45185e-015 -3.26297e-014
19.12 -8.33471 -6.53155e-015 -4.5371e-014
19.14 -8.77638 -5.49086e-015 -5.97557e-014
19.16 -9.02383 -4.59815e-015 -7.50709e-014
19.18 -9.01793 -3.83732e-015 -7.7789e-014
19.2 -8.70199 -3.22686e-015 -5.18098e-014
19.22 -8.04025 -2.7857e-015 -1.33929e-014
19.24 -7.03406 -1.87942e-015 2.99588e-014
19.26 -5.72446 -4.92546e-016 7.53538e-014
19.28 -4.18529 7.37287e-016 1.09922e-013
19.3 -2.51734 2.01962e-015 1.31882e-013
19.32 -0.842488 3.3485e-015 1.34438e-013
19.34 0.710118 4.20044e-015 1.16199e-013
19.36 2.02387 4.52486e-015 8.67395e-014
19.38 3.01223 4.7438e-015 5.08143e-014
19.4 3.63053 4.91789e-015 1.28814e-014
19.42 3.87964 4.74736e-015 -1.61115e-014
19.44 3.79861 4.08025e-015 -3.69068e-014
19.46 3.45203 2.79007e-015 -4.9009e-014
19.48 2.91816 1.1156e-015 -5.04089e-014
19.5 2.27726 -3.65097e-016 -5.0342e-014
19.52 1.59781 -1.30537e-015 -4.38197e-014
19.54 0.926249 -1.80959e-015 -3.72419e-014
19.56 0.287535 -2.01596e-015 -3.87156e-014
19.58 -0.305961 -1.89367e-015 -4.35155e-014
19.6 -0.842577 -1.63978e-015 -5.18687e-014
19.62 -1.29726 -1.47581e-015 -5.95583e-014
19.64 -1.62381 -1.29835e-015 -6.41663e-014
19.66 -1.76204 -1.04516e-015 -6.18769e-014
19.68 -1.65072 -8.74906e-016 -4.77625e-014
19.7 -1.23759 -9.00707e-016 -2.43905e-014
19.72 -0.492015 -1.05927e-015 6.75196e-015
19.74 0.578558 -1.40303e-015 4.41472e-014
19.76 1.91876 -2.06366e-015 7.73775e-014
19.78 3.42863 -2.98885e-015 1.07305e-013
19.8 4.97614 -3.87327e-015 1.33183e-013
19.82 6.41147 -4.35451e-015 1.44847e-013
19.84 7.58288 -4.69748e-015 1.46733e-013
19.86 8.3559 -5.10054e-015 1.32882e-013
19.88 8.62934 -5.48169e-015 1.03561e-013
19.9 8.34163 -5.83369e-015 6.81198e-014
19.92 7.47169 -5.83051e-015 2.01373e-014
19.94 6.03882 -5.47883e-015 -2.19911e-014
19.96 4.09919 -5.22251e-015 -4.19531e-014
19.98 1.73695 -5.56507e-015 -3.97357e-014
20 -0.946795 -6.20297e-015 -2.10662e-014
