0.02 -0.000247842 -1.15393e-006 -0.00245707
0.04 -0.00161107 -8.19036e-006 -0.0153547
0.06 -0.00513704 -3.05763e-005 -0.0490465
0.08 -0.0115401 -7.53999e-005 -0.112719
0.1 -0.0223694 -0.000129969 -0.215421
0.12 -0.0413656 -0.000168005 -0.363992
0.14 -0.0737748 -0.00019085 -0.559238
0.16 -0.125034 -0.00023561 -0.796626
0.18 -0.200849 -0.000329103 -1.06979
0.2 -0.307793 -0.000455996 -1.37309
0.22 -0.452898 -0.000578185 -1.7031
0.24 -0.642437 -0.000677735 -2.06049
0.26 -0.880919 -0.00077549 -2.45098
0.28 -1.17065 -0.000907253 -2.88374
0.3 -1.51193 -0.00108436 -3.36858
0.32 -1.90387 -0.00127943 -3.91231
0.34 -2.34492 -0.00145539 -4.51412
0.36 -2.83277 -0.00160702 -5.16272
0.38 -3.3643 -0.00176603 -5.83961
0.4 -3.93613 -0.00196618 -6.52853
0.42 -4.54503 -0.00221315 -7.22457
0.44 -5.18723 -0.00248895 -7.93675
0.46 -5.85726 -0.0027707 -8.6821
0.48 -6.54786 -0.00303487 -9.47433
0.5 -7.25143 -0.00325604 -10.3133
0.52 -7.96186 -0.00342552 -11.1835
0.54 -8.67504 -0.00358242 -12.0632
0.56 -9.38754 -0.00381091 -12.9357
0.58 -10.0947 -0.00417598 -13.7978
0.6 -10.7922 -0.00464127 -14.6701
0.62 -11.4788 -0.0050719 -15.5942
0.64 -12.1572 -0.00536482 -16.6135
0.66 -12.8316 -0.0055616 -17.7534
0.68 -13.508 -0.00579551 -19.0131
0.7 -14.1971 -0.00615658 -20.3717
0.72 -14.9149 -0.00663319 -21.7981
0.74 -15.6796 -0.00716138 -23.2573
0.76 -16.5072 -0.00768769 -24.7189
0.78 -17.4103 -0.00817077 -26.1619
0.8 -18.3977 -0.0085738 -27.573
0.82 -19.4728 -0.00889119 -28.9409
0.84 -20.6312 -0.00916735 -30.2528
0.86 -21.8591 -0.00947181 -31.49
0.88 -23.1338 -0.00984132 -32.6272
0.9 -24.4258 -0.010238 -33.6415
0.92 -25.7019 -0.0105774 -34.5214
0.94 -26.9261 -0.0108151 -35.2678
0.96 -28.0599 -0.010988 -35.8954
0.98 -29.066 -0.0111548 -36.4302
1 -29.9114 -0.0113224 -36.8978
1.02 -30.5705 -0.0114473 -37.3083
1.04 -31.0261 -0.0114877 -37.6477
1.06 -31.2694 -0.0114507 -37.8743
1.08 -31.2993 -0.0113897 -37.9313
1.1 -31.1214 -0.0113466 -37.7716
1.12 -30.7467 -0.0113124 -37.3777
1.14 -30.1882 -0.0112467 -36.77
1.16 -29.4591 -0.0111109 -36.0043
1.18 -28.5748 -0.0108928 -35.1708
1.2 -27.5568 -0.0106332 -34.3887
1.22 -26.432 -0.0104381 -33.7752
1.24 -25.2313 -0.0104128 -33.4078
1.26 -23.9944 -0.010521 -33.3132
1.28 -22.7777 -0.0105691 -33.4605
1.3 -21.651 -0.0104338 -33.7531
1.32 -20.686 -0.0102279 -34.053
1.34 -19.9481 -0.0101527 -34.2265
1.36 -19.4893 -0.0102581 -34.1785
1.38 -19.3406 -0.0103871 -33.8625
1.4 -19.5024 -0.0103119 -33.2656
1.42 -19.9389 -0.0099149 -32.3802
1.44 -20.5797 -0.00925856 -31.1822
1.46 -21.326 -0.00851483 -29.6357
1.48 -22.0594 -0.00784518 -27.7169
1.5 -22.6487 -0.0073177 -25.4288
1.52 -22.9577 -0.00687133 -22.804
1.54 -22.8577 -0.00631328 -19.9021
1.56 -22.2422 -0.00542206 -16.7903
1.58 -21.0334 -0.00414867 -13.5093
1.6 -19.1819 -0.00269196 -10.0497
1.62 -16.6683 -0.0013269 -6.37421
1.64 -13.511 -0.000196127 -2.49728
1.66 -9.76757 0.000682156 1.44337
1.68 -5.5196 0.00126936 5.21185
1.7 -0.859616 0.00156476 8.53456
1.72 4.09297 0.00187137 11.1442
1.74 9.17157 0.00266436 12.8719
1.76 14.1705 0.00393721 13.7344
1.78 18.8656 0.00499279 13.9058
1.8 23.0234 0.00510074 13.6127
1.82 26.4085 0.00418322 13.0331
1.84 28.8035 0.00285914 12.2409
1.86 30.0348 0.00193143 11.2134
1.88 29.9916 0.00178166 9.88396
1.9 28.6345 0.00215852 8.20801
1.92 25.9983 0.0024486 6.21163
1.94 22.1903 0.00215623 4.00059
1.96 17.3819 0.00124044 1.74014
1.98 11.7971 7.74795e-005 -0.375189
2 5.69992 -0.000856746 -2.15383
2.02 -0.619129 -0.00127951 -3.43318
2.04 -6.85608 -0.00118183 -4.09141
2.06 -12.7048 -0.000725725 -4.04667
2.08 -17.8658 -9.52418e-005 -3.24435
2.1 -22.0567 0.000592379 -1.63675
2.12 -25.0211 0.00131747 0.831065
2.14 -26.5375 0.00216446 4.21157
2.16 -26.4299 0.00327003 8.51806
2.18 -24.5839 0.00468127 13.6473
2.2 -20.963 0.00621251 19.2829
2.22 -15.6109 0.00749 24.9427
2.24 -8.6419 0.00827125 30.1474
2.26 -0.262552 0.00889185 34.5107
2.28 9.19418 0.0101776 37.853
2.3 19.2861 0.0123836 40.3423
2.32 29.5138 0.0145774 42.4331
2.34 39.3555 0.0156447 44.6522
2.36 48.2958 0.0154855 47.4083
2.38 55.8734 0.0150527 50.8882
2.4 61.7356 0.0155272 55.0643
2.42 65.6744 0.0173958 59.7732
2.44 67.6291 0.0201433 64.7377
2.46 67.6736 0.0226591 69.5829
2.48 66.0169 0.0239247 73.9765
2.5 62.9828 0.0237371 77.7059
2.52 58.9374 0.0231383 80.661
2.54 54.2257 0.0236239 82.9323
2.56 49.1659 0.0255257 84.8443
2.58 44.0489 0.0277417 86.7542
2.6 39.1186 0.0289729 88.8551
2.62 34.575 0.0287356 91.1327
2.64 30.5932 0.0276492 93.3726
2.66 27.3221 0.0270452 95.2342
2.68 24.8739 0.0278439 96.448
2.7 23.3215 0.0296371 96.967
2.72 22.6912 0.0311148 96.9562
2.74 22.9462 0.0313257 96.6926
2.76 23.9776 0.0303801 96.4531
2.78 25.6108 0.0291649 96.4287
2.8 27.6208 0.0285567 96.6788
2.82 29.7506 0.0288268 97.1239
2.84 31.734 0.0296108 97.5759
2.86 33.3234 0.0302728 97.7963
2.88 34.3149 0.0303491 97.5641
2.9 34.5602 0.0298079 96.7467
2.92 33.9672 0.0289755 95.3422
2.94 32.4978 0.0282368 93.4796
2.96 30.166 0.0277575 91.3822
2.98 27.0308 0.0274276 89.2967
3 23.1851 0.0270535 87.4111
3.02 18.7464 0.0265559 85.7933
3.04 13.851 0.0259678 84.357
3.06 8.6579 0.0253181 82.9016
3.08 3.35439 0.024578 81.2117
3.1 -1.85169 0.0237751 79.1307
3.12 -6.75204 0.0230976 76.6158
3.14 -11.1475 0.0226746 73.7845
3.16 -14.8502 0.0223283 70.8898
3.18 -17.6974 0.0217655 68.246
3.2 -19.5729 0.0209342 66.1314
3.22 -20.4197 0.020095 64.6755
3.24 -20.2326 0.0195649 63.8399
3.26 -19.0508 0.0193846 63.4902
3.28 -16.9683 0.0193891 63.4426
3.3 -14.1414 0.0195601 63.5294
3.32 -10.767 0.019958 63.6941
3.34 -7.05755 0.0204211 63.9691
3.36 -3.23567 0.0206108 64.3309
3.38 0.484098 0.0202168 64.6542
3.4 3.93432 0.0191564 64.7627
3.42 6.99996 0.0179084 64.4144
3.44 9.59006 0.017429 63.3773
3.46 11.6338 0.0181021 61.5854
3.48 13.0953 0.019025 59.1161
3.5 13.9785 0.0188387 56.0962
3.52 14.3298 0.0169463 52.6526
3.54 14.2252 0.0140019 48.8283
3.56 13.7482 0.0114703 44.5742
3.58 12.9918 0.0103135 39.848
3.6 12.0738 0.0101299 34.6633
3.62 11.1257 0.00973986 29.074
3.64 10.2653 0.00828725 23.1892
3.66 9.58883 0.00584328 17.2125
3.68 9.18936 0.00328621 11.4068
3.7 9.15893 0.00155703 6.03386
3.72 9.55592 0.000797578 1.34771
3.74 10.3761 0.000262967 -2.46031
3.76 11.5564 -0.000716658 -5.35268
3.78 12.9884 -0.00196597 -7.44486
3.8 14.5201 -0.00284435 -8.93248
3.82 15.9642 -0.00303325 -10.0075
3.84 17.1218 -0.00282278 -10.7949
3.86 17.8094 -0.00274749 -11.336
3.88 17.8727 -0.00301555 -11.611
3.9 17.1933 -0.0033725 -11.569
3.92 15.6983 -0.00344894 -11.1523
3.94 13.369 -0.00312094 -10.3182
3.96 10.2415 -0.00254813 -9.06188
3.98 6.40095 -0.00196399 -7.45473
4 1.97774 -0.0015154 -5.69026
4.02 -2.84895 -0.00128927 -4.053
4.04 -7.84435 -0.00136896 -2.83376
4.06 -12.7333 -0.00169222 -2.30133
4.08 -17.2323 -0.00196693 -2.67981
4.1 -21.0633 -0.00206144 -4.07913
4.12 -23.9504 -0.00233221 -6.47872
4.14 -25.6346 -0.00322789 -9.78316
4.16 -25.9043 -0.00474396 -13.8522
4.18 -24.6131 -0.00643208 -18.4527
4.2 -21.6827 -0.00774157 -23.1807
4.22 -17.0954 -0.00830012 -27.5128
4.24 -10.885 -0.0081148 -30.9564
4.26 -3.15967 -0.0077644 -33.1146
4.28 5.86369 -0.00814804 -33.7833
4.3 15.8741 -0.0094456 -33.0901
4.32 26.5119 -0.0106222 -31.4395
4.34 37.3931 -0.0105152 -29.3262
4.36 48.1203 -0.00903732 -27.2228
4.38 58.3134 -0.00721366 -25.5298
4.4 67.6656 -0.00637141 -24.4951
4.42 75.9815 -0.00708227 -24.1912
4.44 83.1515 -0.0085745 -24.5316
4.46 89.1152 -0.00935674 -25.2493
4.48 93.8828 -0.00867291 -26.0041
4.5 97.5509 -0.00722326 -26.5313
4.52 100.239 -0.00654314 -26.7044
4.54 102.025 -0.00756757 -26.6443
4.56 102.953 -0.00950671 -26.7121
4.58 103.056 -0.010625 -27.2332
4.6 102.364 -0.0100727 -28.2468
4.62 100.923 -0.0084079 -29.4861
4.64 98.8173 -0.00685827 -30.4564
4.66 96.1753 -0.00645374 -30.5744
4.68 93.1676 -0.00731292 -29.4333
4.7 90.0053 -0.00848613 -27.0218
4.72 86.9335 -0.00879518 -23.6753
4.74 84.2103 -0.00783226 -19.8811
4.76 82.0664 -0.0059377 -16.1276
4.78 80.6646 -0.00361446 -12.7379
4.8 80.096 -0.00141342 -9.71017
4.82 80.3944 7.92184e-005 -6.71483
4.84 81.5414 0.000701374 -3.24502
4.86 83.4642 0.000965748 1.12166
4.88 86.0507 0.00161825 6.49079
4.9 89.189 0.00294607 12.6471
4.92 92.7915 0.00465398 19.1508
4.94 96.7622 0.00657479 25.4324
4.96 100.96 0.00895151 31.0052
4.98 105.202 0.0116101 35.6386
5 109.286 0.0136048 39.3515
5.02 112.988 0.0140919 42.3453
5.04 116.07 0.013267 44.8921
5.06 118.284 0.0124482 47.2023
5.08 119.42 0.0130169 49.3873
5.1 119.334 0.0150569 51.4989
5.12 117.96 0.0173057 53.5369
5.14 115.304 0.0184433 55.4038
5.16 111.449 0.0181839 56.898
5.18 106.556 0.0171891 57.7855
5.2 100.853 0.0162862 57.9006
5.22 94.6044 0.0159422 57.2225
5.24 88.0853 0.0161921 55.8788
5.26 81.5779 0.0167187 54.0892
5.28 75.3504 0.0169485 52.0916
5.3 69.6252 0.0163089 50.0022
5.32 64.5729 0.0146772 47.7133
5.34 60.3302 0.0125385 45.0041
5.36 56.994 0.0106929 41.7354
5.38 54.6057 0.00992233 37.9234
5.4 53.1684 0.010454 33.7586
5.42 52.6527 0.0113259 29.6231
5.44 52.9694 0.0108737 25.9374
5.46 53.9602 0.00844953 22.9276
5.48 55.4167 0.00529616 20.5944
5.5 57.1033 0.0033745 18.7901
5.52 58.7839 0.0036431 17.3005
5.54 60.2328 0.00535071 15.9879
5.56 61.2289 0.0067003 14.8473
5.58 61.5703 0.00648786 13.9319
5.6 61.1047 0.00505857 13.311
5.62 59.7387 0.0036314 13.0823
5.64 57.4293 0.00317351 13.3742
5.66 54.1867 0.00388637 14.2966
5.68 50.0845 0.00529747 15.8743
5.7 45.26 0.00664859 18.0175
5.72 39.9066 0.00733894 20.5293
5.74 34.2648 0.00733011 23.1421
5.76 28.5992 0.00718711 25.595
5.78 23.1693 0.00756387 27.7274
5.8 18.2091 0.00861515 29.535
5.82 13.92 0.00990606 31.1491
5.84 10.466 0.0108551 32.756
5.86 7.96278 0.011221 34.5003
5.88 6.46351 0.0112092 36.4119
5.9 5.95609 0.011221 38.3924
5.92 6.37677 0.0115236 40.2539
5.94 7.62423 0.0121133 41.7805
5.96 9.56484 0.0127888 42.7978
5.98 12.0377 0.0132978 43.2489
6 14.8655 0.0135003 43.247
6.02 17.8739 0.0134762 43.0186
6.04 20.9143 0.0134325 42.785
6.06 23.8661 0.0134008 42.7119
6.08 26.6198 0.0131644 42.8872
6.1 29.0733 0.0127351 43.2726
6.12 31.1407 0.0126095 43.7144
6.14 32.752 0.0131511 44.0395
6.16 33.8475 0.0139732 44.1403
6.18 34.3866 0.0142909 43.9784
6.2 34.3593 0.013774 43.5514
6.22 33.7944 0.0128279 42.8735
6.24 32.7663 0.0120816 41.9589
6.26 31.4 0.0117766 40.7884
6.28 29.8685 0.011646 39.2929
6.3 28.3853 0.0112429 37.3688
6.32 27.1902 0.0103655 34.8998
6.34 26.5267 0.00921165 31.8007
6.36 26.6157 0.00812183 28.1142
6.38 27.633 0.00724618 24.0719
6.4 29.7073 0.00652237 19.9972
6.42 32.9168 0.00579909 16.1776
6.44 37.2564 0.0048114 12.8351
6.46 42.6148 0.0033689 10.0818
6.48 48.7994 0.00187089 7.88451
6.5 55.5732 0.00114658 6.13531
6.52 62.6646 0.00149505 4.74809
6.54 69.7678 0.00226385 3.69629
6.56 76.5549 0.00247307 2.98642
6.58 82.7022 0.00173349 2.59515
6.6 87.9206 0.000545285 2.43316
6.62 91.9734 -0.000280986 2.35676
6.64 94.684 -0.00037417 2.19089
6.66 95.9463 -5.54304e-006 1.74259
6.68 95.7409 0.000244527 0.860208
6.7 94.144 -1.53319e-005 -0.474715
6.72 91.3309 -0.000666024 -2.16911
6.74 87.5738 -0.00122786 -4.09303
6.76 83.2117 -0.00153506 -6.08388
6.78 78.607 -0.0020737 -8.01465
6.8 74.122 -0.00325064 -9.91872
6.82 70.1106 -0.0047304 -11.9991
6.84 66.8969 -0.00587252 -14.5211
6.86 64.7464 -0.00641546 -17.6193
6.88 63.8512 -0.00657243 -21.158
6.9 64.35 -0.00666971 -24.8234
6.92 66.3487 -0.00694085 -28.2541
6.94 69.8951 -0.00779626 -31.0996
6.96 74.9384 -0.0095939 -33.175
6.98 81.3233 -0.0117226 -34.5401
7 88.8062 -0.0127999 -35.3919
7.02 97.0692 -0.012088 -35.9515
7.04 105.728 -0.0102751 -36.365
7.06 114.338 -0.0089672 -36.6479
7.08 122.429 -0.00929302 -36.7514
7.1 129.552 -0.0108477 -36.6395
7.12 135.319 -0.0122259 -36.2968
7.14 139.42 -0.0123817 -35.6922
7.16 141.645 -0.0113119 -34.7616
7.18 141.897 -0.00974764 -33.4489
7.2 140.206 -0.0084531 -31.7441
7.22 136.715 -0.00781701 -29.6769
7.24 131.66 -0.00778347 -27.3228
7.26 125.337 -0.00790208 -24.8119
7.28 118.08 -0.00763514 -22.2756
7.3 110.234 -0.00676749 -19.7519
7.32 102.144 -0.00543419 -17.1653
7.34 94.1429 -0.00386081 -14.3926
7.36 86.5489 -0.00230683 -11.297
7.38 79.6382 -0.00116128 -7.76969
7.4 73.6361 -0.000648356 -3.83137
7.42 68.7238 -0.000420272 0.342467
7.44 65.0389 0.000171646 4.50127
7.46 62.6591 0.00148178 8.42181
7.48 61.5896 0.00335254 11.9932
7.5 61.7671 0.00527313 15.2483
7.52 63.0776 0.00673161 18.3299
7.54 65.3657 0.00750773 21.4089
7.56 68.4319 0.00775209 24.5959
7.58 72.0331 0.00789389 27.8868
7.6 75.9017 0.0083943 31.1586
7.62 79.7707 0.00945604 34.2179
7.64 83.3918 0.0108786 36.8739
7.66 86.5473 0.0121907 39.0082
7.68 89.0638 0.0129947 40.6298
7.7 90.8288 0.0132498 41.8799
7.72 91.8089 0.0132798 42.9815
7.74 92.0533 0.0134806 44.1752
7.76 91.6748 0.0139739 45.6484
7.78 90.8207 0.0145952 47.4678
7.8 89.6587 0.0151767 49.5697
7.82 88.3707 0.0157328 51.8026
7.84 87.1392 0.0164012 53.9819
7.86 86.1278 0.0172355 55.9663
7.88 85.4676 0.0180476 57.7155
7.9 85.2544 0.0185697 59.2753
7.92 85.553 0.0187737 60.7273
7.94 86.3982 0.0188833 62.145
7.96 87.7927 0.0191252 63.5624
7.98 89.7069 0.0195638 64.9661
8 92.083 0.0201199 66.3055
8.02 94.8366 0.0206817 67.5108
8.04 97.8634 0.0211653 68.5311
8.06 101.055 0.0215009 69.3675
8.08 104.309 0.0216648 70.0573
8.1 107.517 0.0217227 70.6421
8.12 110.562 0.0217499 71.163
8.14 113.324 0.0217668 71.6543
8.16 115.7 0.0218312 72.1175
8.18 117.607 0.0220506 72.5188
8.2 118.983 0.02239 72.8145
8.22 119.782 0.0226073 72.9592
8.24 119.995 0.0224998 72.9087
8.26 119.649 0.0221341 72.6491
8.28 118.811 0.0217952 72.2156
8.3 117.581 0.0217484 71.6891
8.32 116.082 0.0219962 71.1837
8.34 114.45 0.0222483 70.8158
8.36 112.825 0.0222091 70.6623
8.38 111.342 0.0218872 70.737
8.4 110.127 0.0215843 70.9921
8.42 109.289 0.0216002 71.3502
8.44 108.913 0.0219489 71.7417
8.46 109.056 0.0223696 72.1237
8.48 109.748 0.0226035 72.4925
8.5 110.999 0.0226208 72.889
8.52 112.787 0.0226033 73.3641
8.54 115.06 0.0227228 73.9122
8.56 117.734 0.022896 74.4556
8.58 120.702 0.0228231 74.8732
8.6 123.834 0.0224068 75.0011
8.62 126.974 0.0220118 74.6664
8.64 129.939 0.022019 73.783
8.66 132.536 0.022273 72.4064
8.68 134.582 0.0222623 70.699
8.7 135.914 0.021693 68.8559
8.72 136.406 0.0207265 67.0514
8.74 135.979 0.0197656 65.398
8.76 134.608 0.019129 63.9146
8.78 132.333 0.0188705 62.5378
8.8 129.253 0.0187705 61.1657
8.82 125.516 0.0185312 59.6981
8.84 121.306 0.018027 58.055
8.86 116.823 0.017337 56.1896
8.88 112.28 0.0165747 54.1225
8.9 107.885 0.0157992 51.9683
8.92 103.838 0.0151374 49.9039
8.94 100.323 0.0148246 48.1216
8.96 97.5057 0.014915 46.8001
8.98 95.5183 0.0150571 46.0123
9 94.445 0.0147777 45.6366
9.02 94.3366 0.013928 45.4352
9.04 95.2196 0.0128579 45.1558
9.06 97.0663 0.0123109 44.562
9.08 99.7652 0.0127712 43.5237
9.1 103.139 0.0136575 42.0978
9.12 106.971 0.0137463 40.4458
9.14 111.008 0.0125343 38.6879
9.16 114.961 0.0107112 36.8632
9.18 118.534 0.00935837 34.988
9.2 121.469 0.00902971 33.1046
9.22 123.564 0.00953695 31.3129
9.24 124.687 0.0102435 29.7735
9.26 124.777 0.010482 28.6376
9.28 123.847 0.00994048 27.9728
9.3 121.995 0.00881046 27.7428
9.32 119.39 0.0076757 27.7924
9.34 116.235 0.00719472 27.8734
9.36 112.746 0.00756804 27.7374
9.38 109.14 0.00828327 27.2043
9.4 105.629 0.00857954 26.1832
9.42 102.394 0.00808656 24.6732
9.44 99.5799 0.00700194 22.748
9.46 97.2922 0.00582505 20.5304
9.48 95.5954 0.00494887 18.1747
9.5 94.5159 0.00445979 15.8593
9.52 94.0566 0.00424789 13.7678
9.54 94.204 0.0041772 12.0296
9.56 94.9227 0.00408192 10.6512
9.58 96.1635 0.0036843 9.5403
9.6 97.8819 0.0027555 8.55383
9.62 100.029 0.00154237 7.49389
9.64 102.528 0.000759624 6.18095
9.66 105.274 0.000791999 4.5711
9.68 108.151 0.00120499 2.7516
9.7 111.028 0.00124243 0.839112
9.72 113.765 0.000472997 -1.09007
9.74 116.244 -0.000990392 -3.02421
9.76 118.382 -0.00257291 -5.03665
9.78 120.118 -0.00358361 -7.24239
9.8 121.419 -0.00376803 -9.69993
9.82 122.3 -0.00354678 -12.3557
9.84 122.816 -0.00359202 -15.051
9.86 123.043 -0.00425252 -17.5753
9.88 123.067 -0.00536338 -19.7326
9.9 122.982 -0.00648452 -21.4012
9.92 122.883 -0.00727207 -22.575
9.94 122.864 -0.00763236 -23.3602
9.96 123.006 -0.0076716 -23.9398
9.98 123.374 -0.00758674 -24.5388
10 124.013 -0.0075858 -25.3508
10.02 124.947 -0.00784807 -26.4372
10.04 126.183 -0.00837356 -27.7102
10.06 127.708 -0.00886464 -28.9907
10.08 129.49 -0.00903498 -30.0743
10.1 131.481 -0.00902576 -30.7941
10.12 133.619 -0.00922772 -31.0886
10.14 135.84 -0.0097177 -31.0496
10.16 138.071 -0.0101062 -30.8883
10.18 140.234 -0.0100214 -30.8272
10.2 142.251 -0.00957686 -31.0045
10.22 144.049 -0.00921904 -31.4358
10.24 145.562 -0.00925635 -32.0258
10.26 146.731 -0.00963659 -32.608
10.28 147.515 -0.0100756 -32.9998
10.3 147.891 -0.0103025 -33.0587
10.32 147.865 -0.0102031 -32.7241
10.34 147.468 -0.00984416 -32.044
10.36 146.761 -0.00942591 -31.1734
10.38 145.842 -0.00917959 -30.3284
10.4 144.842 -0.00922028 -29.7146
10.42 143.907 -0.00943406 -29.4786
10.44 143.175 -0.00957661 -29.6958
10.46 142.763 -0.00956599 -30.3455
10.48 142.764 -0.00962016 -31.31
10.5 143.238 -0.00996222 -32.442
10.52 144.195 -0.0104672 -33.6023
10.54 145.585 -0.0107999 -34.6231
10.56 147.324 -0.010761 -35.3129
10.58 149.315 -0.0103647 -35.5213
10.6 151.458 -0.0098331 -35.1624
10.62 153.639 -0.00955308 -34.2242
10.64 155.74 -0.00970937 -32.8067
10.66 157.649 -0.00996972 -31.1083
10.68 159.263 -0.00979304 -29.3466
10.7 160.479 -0.00899541 -27.6906
10.72 161.197 -0.0079147 -26.2364
10.74 161.322 -0.00711325 -25.0106
10.76 160.779 -0.00692631 -23.9886
10.78 159.521 -0.00720256 -23.1181
10.8 157.535 -0.00744288 -22.3415
10.82 154.848 -0.00722682 -21.6055
10.84 151.524 -0.00656651 -20.8596
10.86 147.662 -0.00586144 -20.0713
10.88 143.4 -0.00549752 -19.2588
10.9 138.904 -0.00553603 -18.5103
10.92 134.358 -0.00578511 -17.965
10.94 129.947 -0.00605262 -17.769
10.96 125.851 -0.00625769 -18.0334
10.98 122.233 -0.00635343 -18.7463
11 119.22 -0.00626275 -19.706
11.02 116.919 -0.00591533 -20.6174
11.04 115.416 -0.00540026 -21.2145
11.06 114.757 -0.00518889 -21.2975
11.08 114.922 -0.00579188 -20.8155
11.1 115.843 -0.00688213 -19.9322
11.12 117.422 -0.00736785 -18.9262
11.14 119.512 -0.00658774 -18.0176
11.16 121.907 -0.00499796 -17.2794
11.18 124.372 -0.00367478 -16.6595
11.2 126.669 -0.00339655 -16.0652
11.22 128.574 -0.00417393 -15.4751
11.24 129.893 -0.0054131 -14.9933
11.26 130.479 -0.00638017 -14.7975
11.28 130.251 -0.00658472 -15.066
11.3 129.201 -0.0059541 -15.9179
11.32 127.393 -0.00495056 -17.3269
11.34 124.927 -0.00444113 -19.0965
11.36 121.931 -0.00502055 -20.948
11.38 118.544 -0.00642774 -22.6187
11.4 114.902 -0.00782268 -23.9278
11.42 111.119 -0.00852445 -24.824
11.44 107.285 -0.00845984 -25.4052
11.46 103.459 -0.00809434 -25.8929
11.48 99.6802 -0.00799801 -26.5642
11.5 95.9705 -0.00843438 -27.6885
11.52 92.344 -0.00927897 -29.4763
11.54 88.8113 -0.0102723 -31.9919
11.56 85.3795 -0.0112777 -35.0894
11.58 82.0662 -0.0122077 -38.4928
11.6 78.9133 -0.012905 -41.9135
11.62 75.9721 -0.0134109 -45.0903
11.64 73.2756 -0.0141118 -47.8648
11.66 70.8385 -0.0152302 -50.2635
11.68 68.6652 -0.0164702 -52.4418
11.7 66.7416 -0.0173689 -54.5399
11.72 65.0323 -0.0176882 -56.6026
11.74 63.4998 -0.0175203 -58.5751
11.76 62.1168 -0.0172968 -60.3016
11.78 60.861 -0.0175804 -61.5804
11.8 59.7197 -0.0185174 -62.2847
11.82 58.7033 -0.0195476 -62.4161
11.84 57.8456 -0.0199162 -62.0672
11.86 57.1897 -0.0193724 -61.3747
11.88 56.7791 -0.0183202 -60.5012
11.9 56.6595 -0.0174688 -59.6098
11.92 56.8841 -0.0173301 -58.8347
11.94 57.5086 -0.0178698 -58.2798
11.96 58.5733 -0.01854 -58.0075
11.98 60.0847 -0.0187578 -58.0086
12 62.0071 -0.0184099 -58.2267
12.02 64.2672 -0.0178895 -58.6163
12.04 66.7576 -0.0177608 -59.1768
12.06 69.3332 -0.018327 -59.9643
12.08 71.8131 -0.0193389 -61.0694
12.1 74.0044 -0.0201902 -62.5646
12.12 75.7342 -0.0204927 -64.464
12.14 76.864 -0.020447 -66.6989
12.16 77.2909 -0.0206577 -69.1351
12.18 76.952 -0.0215311 -71.6463
12.2 75.8318 -0.0228668 -74.1727
12.22 73.9569 -0.0241391 -76.7267
12.24 71.3819 -0.0250473 -79.3713
12.26 68.1795 -0.0256876 -82.1869
12.28 64.4375 -0.0263316 -85.2383
12.3 60.2543 -0.0271572 -88.5648
12.32 55.737 -0.0281874 -92.1669
12.34 51.0087 -0.029398 -95.9743
12.36 46.2163 -0.0307373 -99.8592
12.38 41.5321 -0.0320192 -103.679
12.4 37.1519 -0.0330233 -107.294
12.42 33.2785 -0.0337578 -110.586
12.44 30.0909 -0.0344301 -113.467
12.46 27.7222 -0.0351796 -115.911
12.48 26.2574 -0.0359545 -117.979
12.5 25.7223 -0.0366514 -119.778
12.52 26.0634 -0.0373009 -121.428
12.54 27.1488 -0.0379674 -123.056
12.56 28.7943 -0.0385831 -124.771
12.58 30.7955 -0.0390759 -126.615
12.6 32.947 -0.0395015 -128.558
12.62 35.0576 -0.0399442 -130.529
12.64 36.9671 -0.0404443 -132.441
12.66 38.556 -0.0410344 -134.217
12.68 39.7427 -0.0417013 -135.825
12.7 40.4731 -0.0423363 -137.274
12.72 40.7076 -0.0427986 -138.582
12.74 40.4122 -0.0430077 -139.765
12.76 39.5564 -0.0430227 -140.828
12.78 38.1173 -0.0430662 -141.774
12.8 36.0854 -0.0433803 -142.614
12.82 33.4703 -0.044002 -143.375
12.84 30.3071 -0.0446757 -144.101
12.86 26.6635 -0.045037 -144.816
12.88 22.6458 -0.044938 -145.506
12.9 18.3972 -0.0445795 -146.109
12.92 14.0876 -0.0443319 -146.531
12.94 9.90044 -0.0444282 -146.709
12.96 6.01831 -0.0447987 -146.652
12.98 2.60526 -0.0452103 -146.442
13 -0.206909 -0.0454803 -146.206
13.02 -2.32791 -0.045505 -146.077
13.04 -3.71499 -0.0452515 -146.114
13.06 -4.37006 -0.0448035 -146.271
13.08 -4.32803 -0.0443359 -146.394
13.1 -3.64593 -0.0440341 -146.273
13.12 -2.39896 -0.0439986 -145.723
13.14 -0.680257 -0.0441503 -144.657
13.16 1.40253 -0.0442505 -143.145
13.18 3.73532 -0.0440666 -141.399
13.2 6.2025 -0.0435492 -139.682
13.22 8.6837 -0.0428378 -138.204
13.24 11.0525 -0.0420852 -137.069
13.26 13.1842 -0.0413928 -136.222
13.28 14.9623 -0.0409054 -135.481
13.3 16.2783 -0.0407466 -134.614
13.32 17.0343 -0.0408292 -133.425
13.34 17.1505 -0.0408411 -131.823
13.36 16.5712 -0.0404503 -129.863
13.38 15.2714 -0.0395808 -127.707
13.4 13.2694 -0.0385176 -125.507
13.42 10.6287 -0.0375965 -123.346
13.44 7.44524 -0.0368109 -121.211
13.46 3.83444 -0.0359689 -118.996
13.48 -0.0726084 -0.035114 -116.571
13.5 -4.13253 -0.0345081 -113.848
13.52 -8.20501 -0.034241 -110.815
13.54 -12.1768 -0.0339293 -107.565
13.56 -15.9741 -0.0329561 -104.251
13.58 -19.5547 -0.0312009 -101.001
13.6 -22.8945 -0.0293211 -97.8854
13.62 -25.9845 -0.028135 -94.93
13.64 -28.8299 -0.0278724 -92.1522
13.66 -31.4434 -0.0280375 -89.5824
13.68 -33.8362 -0.0279055 -87.259
13.7 -36.0117 -0.0271508 -85.2115
13.72 -37.9686 -0.026025 -83.4556
13.74 -39.7065 -0.0250309 -81.9944
13.76 -41.2282 -0.0245045 -80.8206
13.78 -42.5373 -0.0244248 -79.9155
13.8 -43.6343 -0.0245189 -79.2407
13.82 -44.5169 -0.0245356 -78.7637
13.84 -45.1814 -0.0244435 -78.5163
13.86 -45.6188 -0.0244522 -78.6027
13.88 -45.8075 -0.024831 -79.1506
13.9 -45.7134 -0.0255381 -80.255
13.92 -45.2991 -0.0261004 -81.9221
13.94 -44.5385 -0.0261047 -84.0153
13.96 -43.4328 -0.0257692 -86.2581
13.98 -42.0209 -0.0258001 -88.3173
14 -40.3868 -0.026628 -89.9119
14.02 -38.6573 -0.0278938 -90.8898
14.04 -36.9886 -0.0287385 -91.25
14.06 -35.5521 -0.0286037 -91.1177
14.08 -34.5205 -0.0277519 -90.685
14.1 -34.0449 -0.0269927 -90.1416
14.12 -34.2346 -0.0269034 -89.6423
14.14 -35.1567 -0.0273254 -89.2798
14.16 -36.8386 -0.0276515 -89.0357
14.18 -39.2686 -0.0274901 -88.7637
14.2 -42.4031 -0.0269074 -88.2305
14.22 -46.1785 -0.0261833 -87.1892
14.24 -50.5154 -0.0254986 -85.4514
14.26 -55.3156 -0.0248351 -82.9495
14.28 -60.4601 -0.0240951 -79.7758
14.3 -65.8136 -0.0232558 -76.1558
14.32 -71.2225 -0.0224004 -72.3878
14.34 -76.509 -0.0215718 -68.7812
14.36 -81.4754 -0.0206717 -65.5605
14.38 -85.9253 -0.0196126 -62.7887
14.4 -89.6828 -0.0184561 -60.3771
14.42 -92.6072 -0.0173798 -58.1345
14.44 -94.6102 -0.0165979 -55.844
14.46 -95.6668 -0.016182 -53.3655
14.48 -95.811 -0.0159096 -50.6879
14.5 -95.1246 -0.0154291 -47.9149
14.52 -93.7311 -0.0145505 -45.2135
14.54 -91.7912 -0.013372 -42.735
14.56 -89.4887 -0.0122181 -40.5621
14.58 -87.0104 -0.0114038 -38.7018
14.6 -84.5323 -0.0110301 -37.0942
14.62 -82.2212 -0.0109774 -35.6505
14.64 -80.2328 -0.0109809 -34.3036
14.66 -78.702 -0.0107718 -33.0145
14.68 -77.7374 -0.0102557 -31.7639
14.7 -77.425 -0.00952488 -30.5556
14.72 -77.8297 -0.00876376 -29.396
14.74 -78.9903 -0.00819301 -28.2674
14.76 -80.9106 -0.00792958 -27.1277
14.78 -83.5526 -0.00784372 -25.9158
14.8 -86.8333 -0.00765899 -24.5707
14.82 -90.6293 -0.00720727 -23.0749
14.84 -94.786 -0.00659545 -21.4884
14.86 -99.1232 -0.00612989 -19.9317
14.88 -103.442 -0.00599192 -18.5494
14.9 -107.545 -0.0059712 -17.4725
14.92 -111.262 -0.00566237 -16.7536
14.94 -114.453 -0.00497909 -16.32
14.96 -117.015 -0.00430577 -16.01
14.98 -118.879 -0.004089 -15.6625
15 -120.012 -0.00441114 -15.1915
15.02 -120.412 -0.00494272 -14.6088
15.04 -120.107 -0.00520467 -14.0021
15.06 -119.153 -0.00490708 -13.4788
15.08 -117.631 -0.0041537 -13.1051
15.1 -115.636 -0.00338904 -12.8905
15.12 -113.277 -0.0030968 -12.8167
15.14 -110.668 -0.00347271 -12.8646
15.16 -107.924 -0.00429245 -13.0232
15.18 -105.155 -0.00502 -13.2907
15.2 -102.457 -0.00515358 -13.6613
15.22 -99.9171 -0.00462855 -14.0893
15.24 -97.6177 -0.00389872 -14.4772
15.26 -95.6359 -0.00353651 -14.7203
15.28 -94.042 -0.00374874 -14.7619
15.3 -92.8963 -0.00431458 -14.6216
15.32 -92.2434 -0.00487321 -14.3999
15.34 -92.1036 -0.00517263 -14.2425
15.36 -92.474 -0.00513175 -14.2573
15.38 -93.3271 -0.00478832 -14.4699
15.4 -94.6012 -0.00425867 -14.8378
15.42 -96.2015 -0.00382074 -15.2694
15.44 -98.016 -0.00390041 -15.6526
15.46 -99.9274 -0.00464654 -15.8897
15.48 -101.816 -0.00554725 -15.9139
15.5 -103.56 -0.00575431 -15.6917
15.52 -105.044 -0.00490656 -15.2107
15.54 -106.174 -0.00359702 -14.4617
15.56 -106.889 -0.00285875 -13.4526
15.58 -107.152 -0.00310003 -12.2325
15.6 -106.946 -0.00369506 -10.87
15.62 -106.271 -0.00368371 -9.4108
15.64 -105.157 -0.00273642 -7.86176
15.66 -103.65 -0.00141263 -6.2047
15.68 -101.813 -0.000565017 -4.44489
15.7 -99.7174 -0.000510324 -2.65427
15.72 -97.4477 -0.000796389 -0.950167
15.74 -95.1076 -0.000731491 0.560525
15.76 -92.8149 -2.8189e-005 1.82726
15.78 -90.6915 0.00100027 2.86753
15.8 -88.8525 0.00174114 3.71733
15.82 -87.3979 0.00180485 4.39107
15.84 -86.4046 0.00131404 4.90072
15.86 -85.9138 0.000808788 5.27724
15.88 -85.9204 0.000906875 5.5896
15.9 -86.3785 0.00178878 5.96446
15.92 -87.2199 0.00294484 6.56436
15.94 -88.3699 0.00361242 7.51572
15.96 -89.755 0.00348133 8.8329
15.98 -91.3066 0.00294522 10.3999
16 -92.9655 0.00269681 12.0146
16.02 -94.6855 0.00312117 13.4631
16.04 -96.4266 0.00405277 14.605
16.06 -98.1491 0.00500867 15.4405
16.08 -99.8094 0.00562894 16.1136
16.1 -101.354 0.00592443 16.8539
16.12 -102.717 0.00612544 17.915
16.14 -103.837 0.0063796 19.497
16.16 -104.664 0.00670992 21.6459
16.18 -105.167 0.00714951 24.2006
16.2 -105.332 0.00770728 26.826
16.22 -105.174 0.00829202 29.1235
16.24 -104.729 0.00879523 30.7525
16.26 -104.059 0.00920468 31.5232
16.28 -103.237 0.00955308 31.475
16.3 -102.337 0.00976076 30.8769
16.32 -101.419 0.00970835 30.1179
16.34 -100.518 0.00944328 29.5685
16.36 -99.6434 0.00914712 29.4781
16.38 -98.7852 0.00898833 29.9033
16.4 -97.9213 0.00906722 30.6986
16.42 -97.0309 0.00937538 31.5961
16.44 -96.0989 0.00977947 32.3294
16.46 -95.121 0.0101269 32.7369
16.48 -94.1056 0.0103564 32.8028
16.5 -93.0695 0.0104583 32.6398
16.52 -92.0318 0.0103722 32.4269
16.54 -91.0103 0.0100334 32.3248
16.56 -90.019 0.0095661 32.4164
16.58 -89.0669 0.00932178 32.6923
16.6 -88.1586 0.00961397 33.0859
16.62 -87.2988 0.0103852 33.531
16.64 -86.4952 0.0111783 33.9986
16.66 -85.7568 0.0115095 34.4905
16.68 -85.0936 0.0112671 35.0104
16.7 -84.5246 0.0107567 35.5506
16.72 -84.0803 0.0104184 36.0885
16.74 -83.7946 0.0105162 36.5835
16.76 -83.6959 0.0110039 36.9954
16.78 -83.802 0.0115779 37.2974
16.8 -84.1167 0.0119084 37.4726
16.82 -84.6306 0.0118747 37.5314
16.84 -85.3184 0.0116082 37.5361
16.86 -86.1317 0.011399 37.5839
16.88 -87.0017 0.0115103 37.7781
16.9 -87.8581 0.0119355 38.2209
16.92 -88.6447 0.0123896 38.9791
16.94 -89.3169 0.0126481 40.0426
16.96 -89.8354 0.0127803 41.341
16.98 -90.1655 0.013006 42.7821
17 -90.2763 0.0134716 44.2746
17.02 -90.1366 0.0141291 45.7441
17.04 -89.7141 0.0147342 47.136
17.06 -88.9803 0.0150394 48.4045
17.08 -87.9179 0.0150325 49.5003
17.1 -86.5257 0.0149632 50.3862
17.12 -84.8243 0.015133 51.0719
17.14 -82.8543 0.015644 51.6272
17.16 -80.6725 0.0163299 52.1598
17.18 -78.347 0.0168744 52.7766
17.2 -75.9532 0.0170222 53.536
17.22 -73.5691 0.016783 54.4064
17.24 -71.2711 0.0164475 55.2645
17.26 -69.1315 0.0163554 55.9519
17.28 -67.2183 0.016636 56.3545
17.3 -65.5957 0.0171674 56.4563
17.32 -64.3193 0.017712 56.351
17.34 -63.4292 0.0180396 56.2062
17.36 -62.9497 0.0179973 56.1841
17.38 -62.8915 0.0175883 56.3637
17.4 -63.2475 0.017012 56.7078
17.42 -63.9891 0.0166071 57.0866
17.44 -65.066 0.0166731 57.3311
17.46 -66.4105 0.0172212 57.2924
17.48 -67.9434 0.0178572 56.8915
17.5 -69.5801 0.0179966 56.1278
17.52 -71.2333 0.0173429 55.0485
17.54 -72.8159 0.0161809 53.7152
17.56 -74.2468 0.0151364 52.1808
17.58 -75.4544 0.0146379 50.4784
17.6 -76.3797 0.0145799 48.6202
17.62 -76.9801 0.0144792 46.6076
17.64 -77.2305 0.0139649 44.4591
17.66 -77.1201 0.0131194 42.2433
17.68 -76.6495 0.0123655 40.0944
17.7 -75.8339 0.0120203 38.1967
17.72 -74.7051 0.0119632 36.7335
17.74 -73.3067 0.0117779 35.811
17.76 -71.692 0.0112188 35.3917
17.78 -69.9241 0.0104891 35.2886
17.8 -68.072 0.010038 35.2515
17.82 -66.206 0.0101266 35.0785
17.84 -64.3937 0.0106302 34.6846
17.86 -62.6987 0.0111587 34.12
17.88 -61.1798 0.0112934 33.5319
17.9 -59.8911 0.0108574 33.0805
17.92 -58.8789 0.0100704 32.8632
17.94 -58.176 0.0094143 32.883
17.96 -57.8005 0.00929653 33.0619
17.98 -57.7516 0.00976578 33.2858
18 -58.0051 0.0104885 33.4672
18.02 -58.514 0.0110046 33.5796
18.04 -59.2131 0.0110664 33.6442
18.06 -60.0281 0.0107559 33.7038
18.08 -60.8827 0.0103092 33.7903
18.1 -61.7028 0.00992926 33.887
18.12 -62.4182 0.00973698 33.9243
18.14 -62.9651 0.00976686 33.8157
18.16 -63.2913 0.0099803 33.5062
18.18 -63.3587 0.0102876 33.0137
18.2 -63.1412 0.0105431 32.4406
18.22 -62.6189 0.0105726 31.9295
18.24 -61.7797 0.0102759 31.6007
18.26 -60.6322 0.00972177 31.5095
18.28 -59.2164 0.0091687 31.6111
18.3 -57.5988 0.00895502 31.7702
18.32 -55.8625 0.00921925 31.8364
18.34 -54.1013 0.0097265 31.7095
18.36 -52.4112 0.010082 31.3542
18.38 -50.8781 0.0100445 30.8034
18.4 -49.5684 0.00961233 30.1491
18.42 -48.5211 0.00898591 29.497
18.44 -47.7431 0.0084778 28.9247
18.46 -47.2114 0.00830916 28.4727
18.48 -46.8834 0.00845769 28.1522
18.5 -46.7048 0.00873357 27.9583
18.52 -46.6146 0.00896036 27.889
18.54 -46.5493 0.00907138 27.9555
18.56 -46.4499 0.00908148 28.1721
18.58 -46.2678 0.00901443 28.5386
18.6 -45.9664 0.00888812 29.0284
18.62 -45.5175 0.00877324 29.5898
18.64 -44.8985 0.00882102 30.1651
18.66 -44.0897 0.00916065 30.719
18.68 -43.0775 0.00974203 31.2539
18.7 -41.8624 0.0103012 31.7922
18.72 -40.4603 0.0105248 32.3468
18.74 -38.8994 0.010298 32.9039
18.76 -37.2214 0.00983996 33.4142
18.78 -35.4862 0.00958706 33.8111
18.8 -33.7712 0.00984027 34.0665
18.82 -32.1638 0.0104948 34.2273
18.84 -30.751 0.0111572 34.385
18.86 -29.6073 0.011467 34.6153
18.88 -28.785 0.011278 34.9402
18.9 -28.3063 0.0106951 35.2968
18.92 -28.1638 0.0100588 35.5299
18.94 -28.3224 0.00975245 35.4456
18.96 -28.7191 0.00988426 34.8956
18.98 -29.2655 0.0102054 33.8477
19 -29.8606 0.0103527 32.4062
19.02 -30.4073 0.0101279 30.7748
19.04 -30.8204 0.00957199 29.1937
19.06 -31.0266 0.00884123 27.8678
19.08 -30.9667 0.00811694 26.8983
19.1 -30.6024 0.00760278 26.2606
19.12 -29.9179 0.00744335 25.8289
19.14 -28.9154 0.00760119 25.428
19.16 -27.6094 0.00783859 24.8999
19.18 -26.0219 0.00784753 24.1609
19.2 -24.1803 0.00748261 23.2214
19.22 -22.1214 0.00689101 22.1731
19.24 -19.8979 0.00637219 21.1525
19.26 -17.5793 0.00611001 20.2889
19.28 -15.2488 0.00604748 19.6613
19.3 -13.0041 0.00600095 19.2766
19.32 -10.9551 0.00588052 19.0724
19.34 -9.21518 0.00577453 18.9555
19.36 -7.88669 0.00580856 18.8582
19.38 -7.04765 0.00597795 18.7699
19.4 -6.73842 0.00614957 18.7349
19.42 -6.95434 0.00618285 18.8194
19.44 -7.6496 0.006047 19.0675
19.46 -8.74807 0.00585384 19.4766
19.48 -10.1536 0.00578334 20.0037
19.5 -11.7601 0.00597558 20.596
19.52 -13.4641 0.00644912 21.2258
19.54 -15.1784 0.00707432 21.9162
19.56 -16.8386 0.00763582 22.7403
19.58 -18.4007 0.0079686 23.7799
19.6 -19.8338 0.00807426 25.076
19.62 -21.1108 0.0081036 26.6046
19.64 -22.2022 0.00824243 28.265
19.66 -23.0757 0.008612 29.8837
19.68 -23.6998 0.00917601 31.2609
19.7 -24.0485 0.00971313 32.235
19.72 -24.105 0.00998833 32.7143
19.74 -23.8648 0.00996429 32.6893
19.76 -23.3419 0.00977101 32.2406
19.78 -22.5729 0.00953123 31.5181
19.8 -21.6126 0.0092987 30.6868
19.82 -20.5289 0.00909096 29.8739
19.84 -19.4005 0.00889723 29.1402
19.86 -18.3125 0.00868517 28.4764
19.88 -17.3498 0.00844811 27.8228
19.9 -16.5903 0.00822461 27.103
19.92 -16.099 0.00804169 26.2561
19.94 -15.9222 0.00784806 25.2595
19.96 -16.0832 0.00753719 24.1363
19.98 -16.5809 0.00707184 22.9445
20 -17.3892 0.00656778 21.7573
