0.01 -1.84883e-014 0.0648839 -0.000667247
0.02 -1.50188e-014 0.129768 -0.00133449
0.03 -1.98469e-014 0.194652 -0.00200174
0.04 -2.00544e-014 0.259536 -0.00266899
0.05 -2.56439e-014 0.324419 -0.00333624
0.06 -1.82493e-014 0.389303 -0.00400348
0.07 -2.42516e-014 0.454187 -0.00467073
0.08 -1.88475e-014 0.519071 -0.00533798
0.09 -1.49451e-014 0.583955 -0.00600522
0.1 -1.58838e-014 0.648839 -0.00667247
0.11 -1.89705e-014 0.713723 -0.00733972
0.12 -2.66913e-014 0.778607 -0.00800697
0.13 -2.31714e-014 0.843491 -0.00867421
0.14 -3.62622e-014 0.908375 -0.00934146
0.15 -3.17546e-014 0.973258 -0.0100087
0.16 -3.75062e-014 1.03814 -0.010676
0.17 -3.19187e-014 1.10303 -0.0113432
0.18 -2.30591e-014 1.16791 -0.0120104
0.19 -3.37937e-014 1.23279 -0.0126777
0.2 -3.66298e-014 1.29768 -0.0133449
0.21 -2.68893e-014 1.36256 -0.0140122
0.22 -3.22607e-014 1.42745 -0.0146794
0.23 -3.4376e-014 1.49233 -0.0153467
0.24 -4.94412e-014 1.55721 -0.0160139
0.25 -3.95078e-014 1.6221 -0.0166812
0.26 -2.85311e-014 1.68698 -0.0173484
0.27 -7.02554e-014 1.75187 -0.0180157
0.28 -2.42863e-014 1.81675 -0.0186829
0.29 -7.08031e-014 1.88163 -0.0193502
0.3 -6.17217e-014 1.94652 -0.0200174
0.31 -5.43692e-014 2.0114 -0.0206847
0.32 -7.53121e-014 2.07628 -0.0213519
0.33 -7.44056e-014 2.14117 -0.0220192
0.34 -7.53387e-014 2.20605 -0.0226864
0.35 -7.0581e-014 2.27094 -0.0233537
0.36 -8.22146e-014 2.33582 -0.0240209
0.37 -6.66795e-014 2.4007 -0.0246881
0.38 -7.89238e-014 2.46559 -0.0253554
0.39 -6.64697e-014 2.53047 -0.0260226
0.4 -8.19948e-014 2.59536 -0.0266899
0.41 -1.1444e-013 2.66024 -0.0273571
0.42 -1.08604e-013 2.72512 -0.0280244
0.43 -7.85917e-014 2.79001 -0.0286916
0.44 -8.80856e-014 2.85489 -0.0293589
0.45 -8.19052e-014 2.91978 -0.0300261
0.46 -1.19729e-013 2.98466 -0.0306934
0.47 -1.07068e-013 3.04954 -0.0313606
0.48 -8.83934e-014 3.11443 -0.0320279
0.49 -1.16975e-013 3.17931 -0.0326951
0.5 -1.39082e-013 3.24419 -0.0333624
0.51 -1.61591e-013 3.30908 -0.0340296
0.52 -1.49831e-013 3.37396 -0.0346969
0.53 -1.61657e-013 3.43885 -0.0353641
0.54 -1.94112e-013 3.50373 -0.0360313
0.55 -1.70457e-013 3.56861 -0.0366986
0.56 -1.84807e-013 3.6335 -0.0373658
0.57 -1.81937e-013 3.69838 -0.0380331
0.58 -2.55588e-013 3.76327 -0.0387003
0.59 -1.8755e-013 3.82815 -0.0393676
0.6 -2.23508e-013 3.89303 -0.0400348
0.61 -2.54053e-013 3.95792 -0.0407021
0.62 -2.32859e-013 4.0228 -0.0413693
0.63 -2.29168e-013 4.08769 -0.0420366
0.64 -2.24692e-013 4.15257 -0.0427038
0.65 -2.6012e-013 4.21745 -0.0433711
0.66 -3.41146e-013 4.28234 -0.0440383
0.67 -2.72513e-013 4.34722 -0.0447056
0.68 -2.90283e-013 4.41211 -0.0453728
0.69 -3.03354e-013 4.47699 -0.0460401
0.7 -3.45249e-013 4.54187 -0.0467073
0.71 -3.06419e-013 4.60676 -0.0473745
0.72 -3.89291e-013 4.67164 -0.0480418
0.73 -3.18749e-013 4.73652 -0.048709
0.74 -4.16403e-013 4.80141 -0.0493763
0.75 -2.92799e-013 4.86629 -0.0500435
0.76 -3.43239e-013 4.93118 -0.0507108
0.77 -3.07229e-013 4.99606 -0.051378
0.78 -4.48401e-013 5.06094 -0.0520453
0.79 -2.94337e-013 5.12583 -0.0527125
0.8 -4.15178e-013 5.19071 -0.0533798
0.81 -3.73872e-013 5.2556 -0.054047
0.82 -4.04143e-013 5.32048 -0.0547143
0.83 -4.4286e-013 5.38536 -0.0553815
0.84 -4.35597e-013 5.45025 -0.0560488
0.85 -4.10142e-013 5.51513 -0.056716
0.86 -4.20244e-013 5.58002 -0.0573833
0.87 -5.03794e-013 5.6449 -0.0580505
0.88 -4.2395e-013 5.70978 -0.0587178
0.89 -5.54689e-013 5.77467 -0.059385
0.9 -4.48524e-013 5.83955 -0.0600522
0.91 -5.20169e-013 5.90443 -0.0607195
0.92 -4.81705e-013 5.96932 -0.0613867
0.93 -5.35874e-013 6.0342 -0.062054
0.94 -4.94191e-013 6.09909 -0.0627212
0.95 -5.13289e-013 6.16397 -0.0633885
0.96 -6.00019e-013 6.22885 -0.0640557
0.97 -6.05377e-013 6.29374 -0.064723
0.98 -5.33403e-013 6.35862 -0.0653902
0.99 -5.88687e-013 6.42351 -0.0660575
1 -4.93055e-013 6.48839 -0.0667247
