0.1 -0.00166325
0.2 -0.00333166
0.3 -0.00500528
0.4 -0.00668414
0.5 -0.0083683
0.6 -0.0100578
0.7 -0.0117527
0.8 -0.013453
0.9 -0.0151587
1 -0.01687
0.005 -0.0169655
0.01 -0.0174076
0.015 -0.0184723
0.02 -0.0203996
0.025 -0.0232487
0.03 -0.026718
0.035 -0.0303247
0.04 -0.0335855
0.045 -0.036105
0.05 -0.0376664
0.055 -0.0381593
0.06 -0.0375004
0.065 -0.0356636
0.07 -0.0326969
0.075 -0.0286583
0.08 -0.0235533
0.085 -0.0173416
0.09 -0.00995849
0.095 -0.00130542
0.1 0.00874941
0.105 0.0202397
0.11 0.0329698
0.115 0.0465958
0.12 0.0607119
0.125 0.075003
0.13 0.0894045
0.135 0.103944
0.14 0.118587
0.145 0.13329
0.15 0.148051
0.155 0.162863
0.16 0.177674
0.165 0.192234
0.17 0.205964
0.175 0.218147
0.18 0.228132
0.185 0.23548
0.19 0.240091
0.195 0.242107
0.2 0.241795
0.205 0.239514
0.21 0.235674
0.215 0.230697
0.22 0.224985
0.225 0.218889
0.23 0.212703
0.235 0.206665
0.24 0.20098
0.245 0.195683
0.25 0.190507
0.255 0.185044
0.26 0.178898
0.265 0.171832
0.27 0.163918
0.275 0.15537
0.28 0.14639
0.285 0.137206
0.29 0.128112
0.295 0.119382
0.3 0.111192
0.305 0.103551
0.31 0.0962516
0.315 0.0889684
0.32 0.0813755
0.325 0.0731433
0.33 0.0639327
0.335 0.0534731
0.34 0.0416258
0.345 0.0284189
0.35 0.0140667
0.355 -0.00109286
0.36 -0.0166687
0.365 -0.0322399
0.37 -0.0473769
0.375 -0.061685
0.38 -0.0748373
0.385 -0.0866697
0.39 -0.0972641
0.395 -0.106853
0.4 -0.115721
0.405 -0.124088
0.41 -0.132005
0.415 -0.139425
0.42 -0.146294
0.425 -0.152548
0.43 -0.158109
0.435 -0.162912
0.44 -0.166921
0.445 -0.170114
0.45 -0.172467
0.455 -0.173957
0.46 -0.174564
0.465 -0.174324
0.47 -0.173375
0.475 -0.171883
0.48 -0.16996
0.485 -0.167734
0.49 -0.165413
0.495 -0.16322
0.5 -0.161332
0.505 -0.15973
0.51 -0.158056
0.515 -0.155794
0.52 -0.152454
0.525 -0.147669
0.53 -0.14129
0.535 -0.133326
0.54 -0.123873
0.545 -0.113113
0.55 -0.101301
0.555 -0.0887186
0.56 -0.0756279
0.565 -0.0622118
0.57 -0.0485269
0.575 -0.0345405
0.58 -0.0201783
0.585 -0.00529345
0.59 0.010364
0.595 0.0270809
0.6 0.0451204
0.605 0.0645366
0.61 0.0849947
0.615 0.105961
0.62 0.126896
0.625 0.147239
0.63 0.166387
0.635 0.183748
0.64 0.198771
0.645 0.211258
0.65 0.221651
0.655 0.230696
0.66 0.239095
0.665 0.247375
0.67 0.255748
0.675 0.264217
0.68 0.272699
0.685 0.28093
0.69 0.288393
0.695 0.294507
0.7 0.29881
0.705 0.301034
0.71 0.301152
0.715 0.299328
0.72 0.295846
0.725 0.291235
0.73 0.286387
0.735 0.282328
0.74 0.279992
0.745 0.279936
0.75 0.282072
0.755 0.285932
0.76 0.290944
0.765 0.296515
0.77 0.302126
0.775 0.307335
0.78 0.31177
0.785 0.315257
0.79 0.317912
0.795 0.320002
0.8 0.32178
0.805 0.323248
0.81 0.323922
0.815 0.323026
0.82 0.3197
0.825 0.313151
0.83 0.302816
0.835 0.288282
0.84 0.269197
0.845 0.245327
0.85 0.216587
0.855 0.182993
0.86 0.14461
0.865 0.101587
0.87 0.0541905
0.875 0.00276599
0.88 -0.0523094
0.885 -0.110558
0.89 -0.171335
0.895 -0.233891
0.9 -0.297421
0.905 -0.361256
0.91 -0.42505
0.915 -0.488604
0.92 -0.551696
0.925 -0.613886
0.93 -0.674322
0.935 -0.731942
0.94 -0.785683
0.945 -0.834491
0.95 -0.877353
0.955 -0.91335
0.96 -0.941688
0.965 -0.961873
0.97 -0.973876
0.975 -0.977929
0.98 -0.974325
0.985 -0.963274
0.99 -0.944761
0.995 -0.918633
1 -0.884691
1.005 -0.842952
1.01 -0.793919
1.015 -0.738373
1.02 -0.677161
1.025 -0.611033
1.03 -0.540466
1.035 -0.465818
1.04 -0.387494
1.045 -0.305936
1.05 -0.221636
1.055 -0.135131
1.06 -0.047001
1.065 0.0422295
1.07 0.132201
1.075 0.222659
1.08 0.313391
1.085 0.404285
1.09 0.495359
1.095 0.586752
1.1 0.678701
1.105 0.771194
1.11 0.863621
1.115 0.9551
1.12 1.0448
1.125 1.13217
1.13 1.21718
1.135 1.30006
1.14 1.38109
1.145 1.46046
1.15 1.53821
1.155 1.61423
1.16 1.68824
1.165 1.75971
1.17 1.82788
1.175 1.89183
1.18 1.95057
1.185 2.00318
1.19 2.04894
1.195 2.08727
1.2 2.11771
1.205 2.13978
1.21 2.15291
1.215 2.15653
1.22 2.15011
1.225 2.13338
1.23 2.10651
1.235 2.06993
1.24 2.02416
1.245 1.96942
1.25 1.90533
1.255 1.83121
1.26 1.74645
1.265 1.65038
1.27 1.54215
1.275 1.42085
1.28 1.28569
1.285 1.13648
1.29 0.974133
1.295 0.80009
1.3 0.615699
1.305 0.422352
1.31 0.221611
1.315 0.014997
1.32 -0.196186
1.325 -0.411093
1.33 -0.629538
1.335 -0.851579
1.34 -1.0771
1.345 -1.30566
1.35 -1.53635
1.355 -1.76786
1.36 -1.99856
1.365 -2.22644
1.37 -2.44901
1.375 -2.66344
1.38 -2.86693
1.385 -3.05692
1.39 -3.23139
1.395 -3.38875
1.4 -3.52754
1.405 -3.6468
1.41 -3.74612
1.415 -3.8255
1.42 -3.88502
1.425 -3.92463
1.43 -3.94388
1.435 -3.94211
1.44 -3.91874
1.445 -3.87336
1.45 -3.80592
1.455 -3.71666
1.46 -3.60607
1.465 -3.47519
1.47 -3.3259
1.475 -3.1606
1.48 -2.98177
1.485 -2.79178
1.49 -2.59252
1.495 -2.38565
1.5 -2.1727
1.505 -1.95488
1.51 -1.73291
1.515 -1.50724
1.52 -1.27829
1.525 -1.04669
1.53 -0.813386
1.535 -0.579508
1.54 -0.34614
1.545 -0.114533
1.55 0.113682
1.555 0.336791
1.56 0.553265
1.565 0.761802
1.57 0.961339
1.575 1.15097
1.58 1.32984
1.585 1.49727
1.59 1.6529
1.595 1.79639
1.6 1.92722
1.605 2.04495
1.61 2.14945
1.615 2.24072
1.62 2.31867
1.625 2.38294
1.63 2.43292
1.635 2.46791
1.64 2.48732
1.645 2.49057
1.65 2.47703
1.655 2.44628
1.66 2.39819
1.665 2.33317
1.67 2.25228
1.675 2.15703
1.68 2.04906
1.685 1.93004
1.69 1.80158
1.695 1.66515
1.7 1.52207
1.705 1.37346
1.71 1.22016
1.715 1.06286
1.72 0.902191
1.725 0.73907
1.73 0.575058
1.735 0.412051
1.74 0.251957
1.745 0.0966161
1.75 -0.0522924
1.755 -0.193224
1.76 -0.324731
1.765 -0.445721
1.77 -0.555688
1.775 -0.654426
1.78 -0.741722
1.785 -0.817333
1.79 -0.88097
1.795 -0.932275
1.8 -0.970824
1.805 -0.996394
1.81 -1.00925
1.815 -1.00997
1.82 -0.999232
1.825 -0.977817
1.83 -0.946574
1.835 -0.906471
1.84 -0.858649
1.845 -0.804345
1.85 -0.74483
1.855 -0.681465
1.86 -0.61576
1.865 -0.549046
1.87 -0.482144
1.875 -0.415622
1.88 -0.350056
1.885 -0.286139
1.89 -0.224799
1.895 -0.166998
1.9 -0.113522
1.905 -0.0652161
1.91 -0.0232135
1.915 0.0113658
1.92 0.0376995
1.925 0.0554127
1.93 0.0647031
1.935 0.0661253
1.94 0.0603564
1.945 0.04823
1.95 0.0307644
1.955 0.00894532
1.96 -0.0164687
1.965 -0.0451607
1.97 -0.0774348
1.975 -0.114008
1.98 -0.155778
1.985 -0.203671
1.99 -0.258478
1.995 -0.320882
2 -0.391501
2.005 -0.470629
2.01 -0.558001
2.015 -0.653053
2.02 -0.755182
2.025 -0.863884
2.03 -0.978879
2.035 -1.1
2.04 -1.22704
2.045 -1.35996
2.05 -1.49906
2.055 -1.64466
2.06 -1.79689
2.065 -1.95555
2.07 -2.12001
2.075 -2.28933
2.08 -2.46244
2.085 -2.63814
2.09 -2.81516
2.095 -2.99226
2.1 -3.16836
2.105 -3.34256
2.11 -3.5141
2.115 -3.68244
2.12 -3.8472
2.125 -4.00846
2.13 -4.16691
2.135 -4.32356
2.14 -4.47947
2.145 -4.63586
2.15 -4.79435
2.155 -4.95673
2.16 -5.12479
2.165 -5.30017
2.17 -5.48411
2.175 -5.67768
2.18 -5.88193
2.185 -6.0971
2.19 -6.3218
2.195 -6.55387
2.2 -6.79127
2.205 -7.03213
2.21 -7.27474
2.215 -7.51751
2.22 -7.7588
2.225 -7.99753
2.23 -8.23375
2.235 -8.46789
2.24 -8.69992
2.245 -8.9291
2.25 -9.15363
2.255 -9.37087
2.26 -9.57778
2.265 -9.77058
2.27 -9.94459
2.275 -10.095
2.28 -10.2173
2.285 -10.3078
2.29 -10.3629
2.295 -10.3799
2.3 -10.3563
2.305 -10.2903
2.31 -10.18
2.315 -10.0237
2.32 -9.81999
2.325 -9.56764
2.33 -9.2657
2.335 -8.91344
2.34 -8.51016
2.345 -8.05626
2.35 -7.55434
2.355 -7.0081
2.36 -6.42143
2.365 -5.79926
2.37 -5.14844
2.375 -4.47682
2.38 -3.79241
2.385 -3.10299
2.39 -2.41579
2.395 -1.73789
2.4 -1.07673
2.405 -0.439183
2.41 0.169508
2.415 0.744581
2.42 1.28071
2.425 1.77287
2.43 2.21635
2.435 2.60619
2.44 2.93826
2.445 3.20879
2.45 3.41318
2.455 3.54707
2.46 3.60706
2.465 3.59137
2.47 3.5004
2.475 3.33655
2.48 3.10374
2.485 2.80806
2.49 2.45829
2.495 2.06465
2.5 1.63762
2.505 1.18743
2.51 0.723837
2.515 0.256243
2.52 -0.206565
2.525 -0.657016
2.53 -1.08927
2.535 -1.49853
2.54 -1.88021
2.545 -2.2299
2.55 -2.54368
2.555 -2.81813
2.56 -3.05013
2.565 -3.23674
2.57 -3.37527
2.575 -3.46356
2.58 -3.50034
2.585 -3.48542
2.59 -3.41982
2.595 -3.30565
2.6 -3.1459
2.605 -2.94427
2.61 -2.705
2.615 -2.4326
2.62 -2.13144
2.625 -1.80544
2.63 -1.45801
2.635 -1.09196
2.64 -0.70948
2.645 -0.312238
2.65 0.0985345
2.655 0.52209
2.66 0.958189
2.665 1.40703
2.67 1.86918
2.675 2.34551
2.68 2.83713
2.685 3.34537
2.69 3.87182
2.695 4.41807
2.7 4.98556
2.705 5.57555
2.71 6.18929
2.715 6.82794
2.72 7.49258
2.725 8.18404
2.73 8.90265
2.735 9.64838
2.74 10.4209
2.745 11.2192
2.75 12.0409
2.755 12.883
2.76 13.7426
2.765 14.6162
2.77 15.4995
2.775 16.3877
2.78 17.2765
2.785 18.1609
2.79 19.0354
2.795 19.8939
2.8 20.7296
2.805 21.5362
2.81 22.3081
2.815 23.0394
2.82 23.7235
2.825 24.3554
2.83 24.9322
2.835 25.4513
2.84 25.9084
2.845 26.2999
2.85 26.6225
2.855 26.8727
2.86 27.0472
2.865 27.1436
2.87 27.1599
2.875 27.0945
2.88 26.9466
2.885 26.7164
2.89 26.4054
2.895 26.0167
2.9 25.5552
2.905 25.0273
2.91 24.4403
2.915 23.8024
2.92 23.1227
2.925 22.4108
2.93 21.6762
2.935 20.9283
2.94 20.1768
2.945 19.4309
2.95 18.6993
2.955 17.99
2.96 17.3108
2.965 16.6685
2.97 16.0689
2.975 15.5155
2.98 15.0115
2.985 14.5596
2.99 14.1617
2.995 13.8185
3 13.5294
3.005 13.2927
3.01 13.1067
3.015 12.9687
3.02 12.8751
3.025 12.8212
3.03 12.8017
3.035 12.8111
3.04 12.8432
3.045 12.891
3.05 12.9467
3.055 13.002
3.06 13.0493
3.065 13.0817
3.07 13.0932
3.075 13.0788
3.08 13.0344
3.085 12.9576
3.09 12.8469
3.095 12.7022
3.1 12.5242
3.105 12.3146
3.11 12.0755
3.115 11.8098
3.12 11.5204
3.125 11.2107
3.13 10.8833
3.135 10.541
3.14 10.1865
3.145 9.82233
3.15 9.45075
3.155 9.07319
3.16 8.69073
3.165 8.3044
3.17 7.91515
3.175 7.5239
3.18 7.1312
3.185 6.73699
3.19 6.34086
3.195 5.94189
3.2 5.5384
3.205 5.12779
3.21 4.70646
3.215 4.26996
3.22 3.81336
3.225 3.33145
3.23 2.81895
3.235 2.27059
3.24 1.68112
3.245 1.04602
3.25 0.361921
3.255 -0.373929
3.26 -1.16382
3.265 -2.00936
3.27 -2.91157
3.275 -3.87095
3.28 -4.88753
3.285 -5.96063
3.29 -7.08885
3.295 -8.2702
3.3 -9.5018
3.305 -10.779
3.31 -12.0946
3.315 -13.438
3.32 -14.796
3.325 -16.1579
3.33 -17.5167
3.335 -18.867
3.34 -20.2039
3.345 -21.5231
3.35 -22.8205
3.355 -24.0919
3.36 -25.3333
3.365 -26.541
3.37 -27.7122
3.375 -28.8435
3.38 -29.9317
3.385 -30.9743
3.39 -31.9699
3.395 -32.9166
3.4 -33.8125
3.405 -34.6554
3.41 -35.4429
3.415 -36.1724
3.42 -36.8419
3.425 -37.4494
3.43 -37.9936
3.435 -38.4737
3.44 -38.8893
3.445 -39.2408
3.45 -39.529
3.455 -39.7553
3.46 -39.9213
3.465 -40.0285
3.47 -40.0786
3.475 -40.0735
3.48 -40.0145
3.485 -39.9029
3.49 -39.7385
3.495 -39.5212
3.5 -39.2506
3.505 -38.9269
3.51 -38.5506
3.515 -38.1228
3.52 -37.6449
3.525 -37.119
3.53 -36.5482
3.535 -35.9359
3.54 -35.2857
3.545 -34.6014
3.55 -33.8869
3.555 -33.1458
3.56 -32.3816
3.565 -31.597
3.57 -30.7938
3.575 -29.9732
3.58 -29.1362
3.585 -28.2832
3.59 -27.4142
3.595 -26.5287
3.6 -25.6266
3.605 -24.7079
3.61 -23.7729
3.615 -22.822
3.62 -21.8559
3.625 -20.8763
3.63 -19.8851
3.635 -18.8851
3.64 -17.8788
3.645 -16.8692
3.65 -15.8594
3.655 -14.8522
3.66 -13.8507
3.665 -12.8567
3.67 -11.8709
3.675 -10.8932
3.68 -9.92331
3.685 -8.96017
3.69 -8.0018
3.695 -7.04546
3.7 -6.08815
3.705 -5.1278
3.71 -4.16284
3.715 -3.19105
3.72 -2.21026
3.725 -1.21919
3.73 -0.217083
3.735 0.797097
3.74 1.82483
3.745 2.86764
3.75 3.92687
3.755 5.00409
3.76 6.10138
3.765 7.22036
3.77 8.36121
3.775 9.52354
3.78 10.7069
3.785 11.9102
3.79 13.1304
3.795 14.364
3.8 15.6062
3.805 16.852
3.81 18.0949
3.815 19.3281
3.82 20.5442
3.825 21.7359
3.83 22.8969
3.835 24.0207
3.84 25.1006
3.845 26.1304
3.85 27.106
3.855 28.0244
3.86 28.8821
3.865 29.6764
3.87 30.4059
3.875 31.0704
3.88 31.6709
3.885 32.2075
3.89 32.6793
3.895 33.085
3.9 33.0852
3.905 32.3465
3.91 31.2202
3.915 30.0556
3.92 28.8587
3.925 27.6344
3.93 26.3865
3.935 25.1181
3.94 23.8316
3.945 22.5291
3.95 21.2116
3.955 19.8797
3.96 18.5351
3.965 17.1798
3.97 15.8166
3.975 14.4491
3.98 13.0823
3.985 11.7233
3.99 10.3797
3.995 9.05626
4 7.7598
4.005 6.50051
4.01 5.28606
4.015 4.12113
4.02 3.00948
4.025 1.95355
4.03 0.952491
4.035 0.00241681
4.04 -0.90158
4.045 -1.76501
4.05 -2.5937
4.055 -3.39333
4.06 -4.16901
4.065 -4.9247
4.07 -5.6626
4.075 -6.3836
4.08 -7.08786
4.085 -7.77505
4.09 -8.44454
4.095 -9.09552
4.1 -9.72707
4.105 -10.3385
4.11 -10.9297
4.115 -11.5004
4.12 -12.0503
4.125 -12.5785
4.13 -13.0828
4.135 -13.5606
4.14 -14.0089
4.145 -14.4243
4.15 -14.8025
4.155 -15.1391
4.16 -15.429
4.165 -15.6674
4.17 -15.8503
4.175 -15.9743
4.18 -16.0361
4.185 -16.0334
4.19 -15.965
4.195 -15.8311
4.2 -15.6325
4.205 -15.3707
4.21 -15.0491
4.215 -14.6718
4.22 -14.2439
4.225 -13.7713
4.23 -13.2603
4.235 -12.7179
4.24 -12.1517
4.245 -11.5699
4.25 -10.9802
4.255 -10.3907
4.26 -9.8095
4.265 -9.24367
4.27 -8.69998
4.275 -8.18761
4.28 -7.71599
4.285 -7.29117
4.29 -6.91766
4.295 -6.60128
4.3 -6.34781
4.305 -6.16209
4.31 -6.04801
4.315 -6.00788
4.32 -6.04316
4.325 -6.15473
4.33 -6.34215
4.335 -6.6039
4.34 -6.93783
4.345 -7.34079
4.35 -7.80788
4.355 -8.33334
4.36 -8.91149
4.365 -9.53664
4.37 -10.2039
4.375 -10.9079
4.38 -11.6413
4.385 -12.397
4.39 -13.17
4.395 -13.9573
4.4 -14.7559
4.405 -15.562
4.41 -16.3721
4.415 -17.1834
4.42 -17.9934
4.425 -18.8001
4.43 -19.6008
4.435 -20.393
4.44 -21.1751
4.445 -21.9454
4.45 -22.7017
4.455 -23.442
4.46 -24.1649
4.465 -24.8688
4.47 -25.5519
4.475 -26.2118
4.48 -26.8465
4.485 -27.4537
4.49 -28.032
4.495 -28.5795
4.5 -29.0938
4.505 -29.5723
4.51 -30.013
4.515 -30.4138
4.52 -30.7713
4.525 -31.0817
4.53 -31.3405
4.535 -31.5431
4.54 -31.6843
4.545 -31.7583
4.55 -31.759
4.555 -31.6803
4.56 -31.5169
4.565 -31.2638
4.57 -30.917
4.575 -30.4736
4.58 -29.9314
4.585 -29.2898
4.59 -28.5488
4.595 -27.7097
4.6 -26.7745
4.605 -25.7458
4.61 -24.6269
4.615 -23.4211
4.62 -22.1326
4.625 -20.7654
4.63 -19.3247
4.635 -17.8156
4.64 -16.2435
4.645 -14.6143
4.65 -12.9348
4.655 -11.2122
4.66 -9.45357
4.665 -7.66534
4.67 -5.85436
4.675 -4.0302
4.68 -2.20368
4.685 -0.382516
4.69 1.42797
4.695 3.21973
4.7 4.98385
4.705 6.71547
4.71 8.41098
4.715 10.0642
4.72 11.6683
4.725 13.2188
4.73 14.7134
4.735 16.1503
4.74 17.5279
4.745 18.8443
4.75 20.098
4.755 21.2873
4.76 22.4105
4.765 23.4659
4.77 24.4512
4.775 25.364
4.78 26.2025
4.785 26.9648
4.79 27.6494
4.795 28.2548
4.8 28.7802
4.805 29.2252
4.81 29.5894
4.815 29.8729
4.82 30.0757
4.825 30.1983
4.83 30.2415
4.835 30.2067
4.84 30.0945
4.845 29.9059
4.85 29.6434
4.855 29.3099
4.86 28.9075
4.865 28.4384
4.87 27.9052
4.875 27.3105
4.88 26.6567
4.885 25.9461
4.89 25.1799
4.895 24.3598
4.9 23.4876
4.905 22.5658
4.91 21.5964
4.915 20.582
4.92 19.5261
4.925 18.433
4.93 17.3069
4.935 16.1529
4.94 14.976
4.945 13.782
4.95 12.5768
4.955 11.3666
4.96 10.1579
4.965 8.95615
4.97 7.76489
4.975 6.58647
4.98 5.42445
4.985 4.28334
4.99 3.16601
4.995 2.07367
5 1.00741
5.005 -0.0317825
5.01 -1.04351
5.015 -2.02776
5.02 -2.98398
5.025 -3.91121
5.03 -4.80879
5.035 -5.67613
5.04 -6.51252
5.045 -7.31711
5.05 -8.08876
5.055 -8.82623
5.06 -9.52848
5.065 -10.1946
5.07 -10.8233
5.075 -11.413
5.08 -11.9619
5.085 -12.4681
5.09 -12.93
5.095 -13.3455
5.1 -13.7122
5.105 -14.0277
5.11 -14.2896
5.115 -14.4954
5.12 -14.6423
5.125 -14.7271
5.13 -14.7461
5.135 -14.6955
5.14 -14.5714
5.145 -14.3701
5.15 -14.0879
5.155 -13.7212
5.16 -13.2671
5.165 -12.7235
5.17 -12.0896
5.175 -11.3652
5.18 -10.551
5.185 -9.6482
5.19 -8.65912
5.195 -7.5867
5.2 -6.43406
5.205 -5.20448
5.21 -3.90128
5.215 -2.52772
5.22 -1.08633
5.225 0.420092
5.23 1.98698
5.235 3.60874
5.24 5.2812
5.245 7.00203
5.25 8.76741
5.255 10.5703
5.26 12.4051
5.265 14.2702
5.27 16.1604
5.275 18.0659
5.28 19.9792
5.285 21.8945
5.29 23.8062
5.295 25.7086
5.3 27.5968
5.305 29.4665
5.31 31.3139
5.315 33.1358
5.32 34.9294
5.325 36.6923
5.33 38.4221
5.335 40.1174
5.34 41.7782
5.345 43.4058
5.35 45.002
5.355 46.5682
5.36 48.1055
5.365 49.6149
5.37 51.0964
5.375 52.5502
5.38 53.9757
5.385 55.372
5.39 56.7368
5.395 58.0672
5.4 59.3603
5.405 60.6129
5.41 61.821
5.415 62.9805
5.42 64.0872
5.425 65.1365
5.43 66.1244
5.435 67.0466
5.44 67.8988
5.445 68.6767
5.45 69.3765
5.455 69.9944
5.46 70.5262
5.465 70.9673
5.47 71.3139
5.475 71.5625
5.48 71.7091
5.485 71.7498
5.49 71.68
5.495 71.4954
5.5 71.1917
5.505 70.7651
5.51 70.2121
5.515 69.5304
5.52 68.719
5.525 67.7786
5.53 66.7112
5.535 65.52
5.54 64.2095
5.545 62.7852
5.55 61.2534
5.555 59.6209
5.56 57.8948
5.565 56.0827
5.57 54.1919
5.575 52.2296
5.58 50.2029
5.585 48.1186
5.59 45.9831
5.595 43.8026
5.6 41.5829
5.605 39.3293
5.61 37.047
5.615 34.7404
5.62 32.4139
5.625 30.0711
5.63 27.715
5.635 25.3478
5.64 22.9714
5.645 20.5866
5.65 18.1929
5.655 15.7888
5.66 13.3728
5.665 10.9432
5.67 8.49754
5.675 6.03203
5.68 3.54176
5.685 1.02165
5.69 -1.5323
5.695 -4.12251
5.7 -6.75172
5.705 -9.42336
5.71 -12.1408
5.715 -14.9068
5.72 -17.7219
5.725 -20.5835
5.73 -23.4889
5.735 -26.437
5.74 -29.4262
5.745 -32.4525
5.75 -35.5101
5.755 -38.5926
5.76 -41.693
5.765 -44.8035
5.77 -47.9165
5.775 -51.0265
5.78 -54.1302
5.785 -57.2241
5.79 -60.3048
5.795 -63.368
5.8 -66.4084
5.805 -69.4211
5.81 -72.4011
5.815 -75.3445
5.82 -78.2487
5.825 -81.1121
5.83 -83.9326
5.835 -86.7087
5.84 -89.4389
5.845 -92.1238
5.85 -94.7651
5.855 -97.3626
5.86 -99.9144
5.865 -102.418
5.87 -104.874
5.875 -107.286
5.88 -109.656
5.885 -111.984
5.89 -114.266
5.895 -116.502
5.9 -118.69
5.905 -120.829
5.91 -122.922
5.915 -124.965
5.92 -126.955
5.925 -128.889
5.93 -130.765
5.935 -132.581
5.94 -134.335
5.945 -136.025
5.95 -137.65
5.955 -139.209
5.96 -140.701
5.965 -142.127
5.97 -143.485
5.975 -144.775
5.98 -145.996
5.985 -147.148
5.99 -148.228
5.995 -149.235
6 -150.167
6.005 -151.019
6.01 -151.789
6.015 -152.473
6.02 -153.066
6.025 -153.566
6.03 -153.969
6.035 -154.273
6.04 -154.477
6.045 -154.577
6.05 -154.575
6.055 -154.471
6.06 -154.265
6.065 -153.96
6.07 -153.557
6.075 -153.058
6.08 -152.465
6.085 -151.779
6.09 -151.001
6.095 -150.132
6.1 -149.173
6.105 -148.125
6.11 -146.988
6.115 -145.763
6.12 -144.451
6.125 -143.054
6.13 -141.574
6.135 -140.015
6.14 -138.378
6.145 -136.667
6.15 -134.886
6.155 -133.039
6.16 -131.131
6.165 -129.166
6.17 -127.146
6.175 -125.077
6.18 -122.961
6.185 -120.801
6.19 -118.599
6.195 -116.357
6.2 -114.075
6.205 -111.755
6.21 -109.397
6.215 -107.003
6.22 -104.573
6.225 -102.109
6.23 -99.6108
6.235 -97.08
6.24 -94.5179
6.245 -91.926
6.25 -89.306
6.255 -86.66
6.26 -83.9898
6.265 -81.2965
6.27 -78.5805
6.275 -75.8426
6.28 -73.0848
6.285 -70.3088
6.29 -67.5147
6.295 -64.7009
6.3 -61.8659
6.305 -59.01
6.31 -56.1348
6.315 -53.241
6.32 -50.3276
6.325 -47.395
6.33 -44.4457
6.335 -41.4829
6.34 -38.5098
6.345 -35.5287
6.35 -32.5418
6.355 -29.5514
6.36 -26.5595
6.365 -23.5681
6.37 -20.5797
6.375 -17.5966
6.38 -14.6214
6.385 -11.6567
6.39 -8.70492
6.395 -5.76863
6.4 -2.85034
6.405 0.0472498
6.41 2.92126
6.415 5.76864
6.42 8.58622
6.425 11.3707
6.43 14.1188
6.435 16.8275
6.44 19.4939
6.445 22.1157
6.45 24.6913
6.455 27.2194
6.46 29.6981
6.465 32.1263
6.47 34.5039
6.475 36.8311
6.48 39.1091
6.485 41.3398
6.49 43.5239
6.495 45.6608
6.5 47.7492
6.505 49.7887
6.51 51.7787
6.515 53.7179
6.52 55.605
6.525 57.4392
6.53 59.2206
6.535 60.9492
6.54 62.625
6.545 64.2476
6.55 65.8163
6.555 67.3301
6.56 68.7868
6.565 70.1824
6.57 71.5133
6.575 72.7771
6.58 73.9744
6.585 75.1069
6.59 76.1753
6.595 77.1797
6.6 78.1196
6.605 78.9938
6.61 79.8003
6.615 80.5367
6.62 81.2014
6.625 81.7919
6.63 82.3067
6.635 82.7459
6.64 83.1087
6.645 83.3925
6.65 83.5958
6.655 83.7175
6.66 83.7567
6.665 83.7124
6.67 83.5833
6.675 83.3678
6.68 83.0642
6.685 82.6721
6.69 82.1918
6.695 81.6237
6.7 80.9685
6.705 80.2271
6.71 79.4003
6.715 78.4893
6.72 77.4954
6.725 76.4192
6.73 75.2614
6.735 74.0231
6.74 72.7056
6.745 71.3106
6.75 69.8402
6.755 68.2967
6.76 66.6827
6.765 65.0009
6.77 63.2538
6.775 61.444
6.78 59.5737
6.785 57.6456
6.79 55.6621
6.795 53.6258
6.8 51.5391
6.805 49.4048
6.81 47.225
6.815 45.0024
6.82 42.7393
6.825 40.4385
6.83 38.1028
6.835 35.735
6.84 33.3381
6.845 30.9149
6.85 28.4685
6.855 26.0021
6.86 23.5185
6.865 21.0209
6.87 18.5121
6.875 15.9952
6.88 13.4731
6.885 10.9483
6.89 8.42368
6.895 5.9017
6.9 3.38494
6.905 0.875803
6.91 -1.62346
6.915 -4.11069
6.92 -6.58367
6.925 -9.0402
6.93 -11.4783
6.935 -13.8959
6.94 -16.2911
6.945 -18.6618
6.95 -21.0064
6.955 -23.3235
6.96 -25.6113
6.965 -27.8687
6.97 -30.0945
6.975 -32.2879
6.98 -34.4481
6.985 -36.5746
6.99 -38.6667
6.995 -40.724
7 -42.7461
7.005 -44.7327
7.01 -46.6831
7.015 -48.5953
7.02 -50.4676
7.025 -52.2992
7.03 -54.0897
7.035 -55.8383
7.04 -57.5438
7.045 -59.2052
7.05 -60.8214
7.055 -62.3917
7.06 -63.9151
7.065 -65.3912
7.07 -66.82
7.075 -68.2016
7.08 -69.5359
7.085 -70.8236
7.09 -72.064
7.095 -73.2541
7.1 -74.3923
7.105 -75.4784
7.11 -76.5115
7.115 -77.4895
7.12 -78.4103
7.125 -79.2718
7.13 -80.0719
7.135 -80.8088
7.14 -81.481
7.145 -82.0871
7.15 -82.6257
7.155 -83.0956
7.16 -83.4957
7.165 -83.8256
7.17 -84.0859
7.175 -84.2774
7.18 -84.4013
7.185 -84.4587
7.19 -84.4513
7.195 -84.3807
7.2 -84.2485
7.205 -84.0557
7.21 -83.8027
7.215 -83.4895
7.22 -83.1159
7.225 -82.6817
7.23 -82.1861
7.235 -81.6284
7.24 -81.0078
7.245 -80.3243
7.25 -79.5777
7.255 -78.7685
7.26 -77.8969
7.265 -76.9638
7.27 -75.9702
7.275 -74.9174
7.28 -73.8063
7.285 -72.6375
7.29 -71.4118
7.295 -70.1298
7.3 -68.792
7.305 -67.3988
7.31 -65.9504
7.315 -64.4459
7.32 -62.8842
7.325 -61.2644
7.33 -59.5861
7.335 -57.8489
7.34 -56.0528
7.345 -54.1981
7.35 -52.2852
7.355 -50.3146
7.36 -48.2877
7.365 -46.2059
7.37 -44.0709
7.375 -41.8846
7.38 -39.649
7.385 -37.3665
7.39 -35.0397
7.395 -32.6712
7.4 -30.264
7.405 -27.8214
7.41 -25.3467
7.415 -22.8432
7.42 -20.3138
7.425 -17.7616
7.43 -15.1901
7.435 -12.603
7.44 -10.0042
7.445 -7.39759
7.45 -4.78773
7.455 -2.17926
7.46 0.423156
7.465 3.01475
7.47 5.5905
7.475 8.14526
7.48 10.6739
7.485 13.1716
7.49 15.6336
7.495 18.0554
7.5 20.4328
7.505 22.7614
7.51 25.0375
7.515 27.2573
7.52 29.417
7.525 31.5129
7.53 33.5412
7.535 35.4978
7.54 37.3788
7.545 39.1803
7.55 40.8982
7.555 42.5289
7.56 44.0684
7.565 45.5133
7.57 46.8613
7.575 48.1102
7.58 49.2582
7.585 50.3039
7.59 51.2469
7.595 52.0873
7.6 52.825
7.605 53.4604
7.61 53.994
7.615 54.4264
7.62 54.7583
7.625 54.9906
7.63 55.1242
7.635 55.16
7.64 55.0995
7.645 54.9443
7.65 54.6965
7.655 54.3585
7.66 53.933
7.665 53.4231
7.67 52.8325
7.675 52.165
7.68 51.4247
7.685 50.6155
7.69 49.7414
7.695 48.8057
7.7 47.8122
7.705 46.7638
7.71 45.6632
7.715 44.5125
7.72 43.3139
7.725 42.0691
7.73 40.7796
7.735 39.4468
7.74 38.072
7.745 36.6563
7.75 35.201
7.755 33.7073
7.76 32.1764
7.765 30.6092
7.77 29.0067
7.775 27.3696
7.78 25.6986
7.785 23.9941
7.79 22.256
7.795 20.4842
7.8 18.6784
7.805 16.838
7.81 14.9626
7.815 13.0514
7.82 11.1038
7.825 9.11938
7.83 7.09796
7.835 5.03956
7.84 2.94447
7.845 0.813284
7.85 -1.353
7.855 -3.55309
7.86 -5.78547
7.865 -8.04864
7.87 -10.3413
7.875 -12.662
7.88 -15.0095
7.885 -17.3824
7.89 -19.78
7.895 -22.2018
7.9 -24.6469
7.905 -27.1146
7.91 -29.6038
7.915 -32.1131
7.92 -34.6413
7.925 -37.1869
7.93 -39.7481
7.935 -42.3234
7.94 -44.9111
7.945 -47.5099
7.95 -50.1186
7.955 -52.7353
7.96 -55.357
7.965 -57.9815
7.97 -60.6083
7.975 -63.2365
7.98 -65.865
7.985 -68.4917
7.99 -71.1139
7.995 -73.7299
8 -76.337
8.005 -78.93
8.01 -81.5049
8.015 -84.061
8.02 -86.5958
8.025 -89.1054
8.03 -91.5859
8.035 -94.0331
8.04 -96.4427
8.045 -98.8098
8.05 -101.129
8.055 -103.396
8.06 -105.606
8.065 -107.756
8.07 -109.84
8.075 -111.856
8.08 -113.8
8.085 -115.667
8.09 -117.454
8.095 -119.158
8.1 -120.777
8.105 -122.306
8.11 -123.742
8.115 -125.082
8.12 -126.324
8.125 -127.463
8.13 -128.498
8.135 -129.426
8.14 -130.243
8.145 -130.949
8.15 -131.54
8.155 -132.015
8.16 -132.372
8.165 -132.61
8.17 -132.728
8.175 -132.724
8.18 -132.598
8.185 -132.348
8.19 -131.974
8.195 -131.477
8.2 -130.856
8.205 -130.114
8.21 -129.251
8.215 -128.271
8.22 -127.176
8.225 -125.968
8.23 -124.651
8.235 -123.229
8.24 -121.705
8.245 -120.083
8.25 -118.367
8.255 -116.563
8.26 -114.676
8.265 -112.708
8.27 -110.667
8.275 -108.555
8.28 -106.377
8.285 -104.138
8.29 -101.84
8.295 -99.488
8.3 -97.0849
8.305 -94.634
8.31 -92.1386
8.315 -89.6014
8.32 -87.0255
8.325 -84.4139
8.33 -81.7691
8.335 -79.0919
8.34 -76.3839
8.345 -73.6469
8.35 -70.8821
8.355 -68.0907
8.36 -65.2748
8.365 -62.435
8.37 -59.5705
8.375 -56.6817
8.38 -53.7702
8.385 -50.8378
8.39 -47.886
8.395 -44.9169
8.4 -41.9322
8.405 -38.9333
8.41 -35.9218
8.415 -32.9012
8.42 -29.8758
8.425 -26.8496
8.43 -23.8263
8.435 -20.8093
8.44 -17.8023
8.445 -14.8092
8.45 -11.8336
8.455 -8.87916
8.46 -5.9496
8.465 -3.04839
8.47 -0.178759
8.475 2.65622
8.48 5.4536
8.485 8.21054
8.49 10.9243
8.495 13.5922
8.5 16.2117
8.505 18.7806
8.51 21.2965
8.515 23.7573
8.52 26.1612
8.525 28.5065
8.53 30.7919
8.535 33.0165
8.54 35.1795
8.545 37.2805
8.55 39.3196
8.555 41.2966
8.56 43.2121
8.565 45.0664
8.57 46.8605
8.575 48.5959
8.58 50.2742
8.585 51.897
8.59 53.4664
8.595 54.9842
8.6 56.4523
8.605 57.8724
8.61 59.2463
8.615 60.5756
8.62 61.8622
8.625 63.1074
8.63 64.3126
8.635 65.479
8.64 66.6078
8.645 67.7001
8.65 68.7567
8.655 69.7782
8.66 70.7651
8.665 71.718
8.67 72.6367
8.675 73.5207
8.68 74.3687
8.685 75.179
8.69 75.9505
8.695 76.6823
8.7 77.3736
8.705 78.0234
8.71 78.6306
8.715 79.1937
8.72 79.7112
8.725 80.1812
8.73 80.602
8.735 80.9714
8.74 81.2879
8.745 81.5496
8.75 81.7546
8.755 81.9015
8.76 81.9884
8.765 82.0138
8.77 81.9764
8.775 81.875
8.78 81.7081
8.785 81.4741
8.79 81.1714
8.795 80.7993
8.8 80.3573
8.805 79.845
8.81 79.2618
8.815 78.6071
8.82 77.8807
8.825 77.0824
8.83 76.2122
8.835 75.2699
8.84 74.2557
8.845 73.1698
8.85 72.0124
8.855 70.7838
8.86 69.4845
8.865 68.1148
8.87 66.6758
8.875 65.168
8.88 63.5918
8.885 61.9474
8.89 60.2356
8.895 58.4575
8.9 56.614
8.905 54.7062
8.91 52.735
8.915 50.7015
8.92 48.6068
8.925 46.452
8.93 44.2386
8.935 41.9683
8.94 39.6428
8.945 37.264
8.95 34.8333
8.955 32.3523
8.96 29.8228
8.965 27.2467
8.97 24.6257
8.975 21.9619
8.98 19.2574
8.985 16.5147
8.99 13.7367
8.995 10.9264
9 8.08706
9.005 5.22202
9.01 2.33478
9.015 -0.571131
9.02 -3.49218
9.025 -6.42471
9.03 -9.36493
9.035 -12.309
9.04 -15.2531
9.045 -18.1937
9.05 -21.1271
9.055 -24.0499
9.06 -26.9588
9.065 -29.8505
9.07 -32.722
9.075 -35.5704
9.08 -38.3928
9.085 -41.1866
9.09 -43.9493
9.095 -46.6782
9.1 -49.3703
9.105 -52.0232
9.11 -54.6346
9.115 -57.2015
9.12 -59.721
9.125 -62.1914
9.13 -64.6105
9.135 -66.976
9.14 -69.2835
9.145 -71.5288
9.15 -73.7118
9.155 -75.8335
9.16 -77.8924
9.165 -79.8866
9.17 -81.8147
9.175 -83.6759
9.18 -85.469
9.185 -87.1931
9.19 -88.8472
9.195 -90.4306
9.2 -91.9423
9.205 -93.381
9.21 -94.7453
9.215 -96.0338
9.22 -97.2452
9.225 -98.3788
9.23 -99.4337
9.235 -100.409
9.24 -101.306
9.245 -102.122
9.25 -102.86
9.255 -103.52
9.26 -104.102
9.265 -104.608
9.27 -105.04
9.275 -105.397
9.28 -105.682
9.285 -105.895
9.29 -106.038
9.295 -106.109
9.3 -106.11
9.305 -106.04
9.31 -105.899
9.315 -105.684
9.32 -105.397
9.325 -105.036
9.33 -104.6
9.335 -104.09
9.34 -103.503
9.345 -102.84
9.35 -102.102
9.355 -101.289
9.36 -100.402
9.365 -99.4431
9.37 -98.4127
9.375 -97.3133
9.38 -96.1466
9.385 -94.9146
9.39 -93.6195
9.395 -92.2633
9.4 -90.8482
9.405 -89.3763
9.41 -87.8498
9.415 -86.2711
9.42 -84.6428
9.425 -82.9675
9.43 -81.248
9.435 -79.4872
9.44 -77.6882
9.445 -75.8539
9.45 -73.9874
9.455 -72.0912
9.46 -70.1681
9.465 -68.2205
9.47 -66.2505
9.475 -64.2611
9.48 -62.2559
9.485 -60.2382
9.49 -58.2105
9.495 -56.1756
9.5 -54.1357
9.505 -52.0924
9.51 -50.0483
9.515 -48.0057
9.52 -45.9654
9.525 -43.9285
9.53 -41.8976
9.535 -39.8755
9.54 -37.8645
9.545 -35.8665
9.55 -33.8829
9.555 -31.9152
9.56 -29.9649
9.565 -28.0333
9.57 -26.1217
9.575 -24.231
9.58 -22.3625
9.585 -20.5173
9.59 -18.6967
9.595 -16.9018
9.6 -15.134
9.605 -13.3948
9.61 -11.6856
9.615 -10.0079
9.62 -8.36325
9.625 -6.75288
9.63 -5.17782
9.635 -3.63889
9.64 -2.13676
9.645 -0.671857
9.65 0.755734
9.655 2.14609
9.66 3.49935
9.665 4.81558
9.67 6.09476
9.675 7.33677
9.68 8.54147
9.685 9.70848
9.69 10.8371
9.695 11.9264
9.7 12.9755
9.705 13.9836
9.71 14.9501
9.715 15.8742
9.72 16.7556
9.725 17.5939
9.73 18.3895
9.735 19.1428
9.74 19.8541
9.745 20.5241
9.75 21.153
9.755 21.7413
9.76 22.2892
9.765 22.7968
9.77 23.2637
9.775 23.6897
9.78 24.0741
9.785 24.4167
9.79 24.7169
9.795 24.9742
9.8 25.1881
9.805 25.3587
9.81 25.486
9.815 25.5703
9.82 25.6122
9.825 25.6124
9.83 25.5717
9.835 25.4913
9.84 25.3722
9.845 25.2155
9.85 25.022
9.855 24.7924
9.86 24.5274
9.865 24.2276
9.87 23.8931
9.875 23.524
9.88 23.1204
9.885 22.6825
9.89 22.2107
9.895 21.7055
9.9 21.1674
9.905 20.5974
9.91 19.997
9.915 19.3678
9.92 18.7116
9.925 18.0301
9.93 17.3249
9.935 16.5976
9.94 15.8497
9.945 15.0821
9.95 14.2951
9.955 13.4885
9.96 12.6622
9.965 11.8156
9.97 10.9481
9.975 10.0589
9.98 9.14712
9.985 8.21241
9.99 7.25448
9.995 6.27325
10 5.2687
10.005 4.241
10.01 3.19056
10.015 2.11787
10.02 1.02325
10.025 -0.0931136
10.03 -1.23107
10.035 -2.39064
10.04 -3.57203
10.045 -4.77565
10.05 -6.00212
10.055 -7.25217
10.06 -8.52649
10.065 -9.82565
10.07 -11.15
10.075 -12.4997
10.08 -13.8745
10.085 -15.274
10.09 -16.6974
10.095 -18.1437
10.1 -19.6115
10.105 -21.0992
10.11 -22.6051
10.115 -24.1272
10.12 -25.6636
10.125 -27.2122
10.13 -28.771
10.135 -30.3381
10.14 -31.9115
10.145 -33.4893
10.15 -35.0699
10.155 -36.6513
10.16 -38.232
10.165 -39.81
10.17 -41.3832
10.175 -42.9492
10.18 -44.5057
10.185 -46.0503
10.19 -47.5802
10.195 -49.092
10.2 -50.5825
10.205 -52.0495
10.21 -53.4903
10.215 -54.9015
10.22 -56.2803
10.225 -57.6244
10.23 -58.9318
10.235 -60.2005
10.24 -61.4288
10.245 -62.615
10.25 -63.758
10.255 -64.8571
10.26 -65.9115
10.265 -66.9203
10.27 -67.8822
10.275 -68.7953
10.28 -69.6581
10.285 -70.47
10.29 -71.2301
10.295 -71.9369
10.3 -72.5887
10.305 -73.1843
10.31 -73.7229
10.315 -74.2043
10.32 -74.6282
10.325 -74.9948
10.33 -75.3048
10.335 -75.5593
10.34 -75.7595
10.345 -75.9066
10.35 -76.0019
10.355 -76.0468
10.36 -76.0425
10.365 -75.9902
10.37 -75.8904
10.375 -75.744
10.38 -75.5513
10.385 -75.3132
10.39 -75.0303
10.395 -74.7034
10.4 -74.3334
10.405 -73.9215
10.41 -73.4692
10.415 -72.9781
10.42 -72.4499
10.425 -71.8865
10.43 -71.2897
10.435 -70.6612
10.44 -70.0028
10.445 -69.3158
10.45 -68.6015
10.455 -67.8612
10.46 -67.0964
10.465 -66.3083
10.47 -65.4982
10.475 -64.6669
10.48 -63.8154
10.485 -62.945
10.49 -62.0569
10.495 -61.1527
10.5 -60.234
10.505 -59.3024
10.51 -58.3595
10.515 -57.407
10.52 -56.4466
10.525 -55.4796
10.53 -54.5075
10.535 -53.5313
10.54 -52.5523
10.545 -51.5712
10.55 -50.5885
10.555 -49.6048
10.56 -48.6205
10.565 -47.6355
10.57 -46.6496
10.575 -45.6631
10.58 -44.6766
10.585 -43.6903
10.59 -42.7047
10.595 -41.7199
10.6 -40.7359
10.605 -39.7528
10.61 -38.7708
10.615 -37.7897
10.62 -36.8096
10.625 -35.8299
10.63 -34.8503
10.635 -33.8699
10.64 -32.888
10.645 -31.9037
10.65 -30.9159
10.655 -29.9237
10.66 -28.9261
10.665 -27.9222
10.67 -26.9114
10.675 -25.8931
10.68 -24.8668
10.685 -23.8322
10.69 -22.7893
10.695 -21.7381
10.7 -20.679
10.705 -19.6122
10.71 -18.5383
10.715 -17.458
10.72 -16.372
10.725 -15.2811
10.73 -14.1864
10.735 -13.0888
10.74 -11.9895
10.745 -10.8898
10.75 -9.79077
10.755 -8.69374
10.76 -7.6001
10.765 -6.51129
10.77 -5.4287
10.775 -4.35374
10.78 -3.2879
10.785 -2.23286
10.79 -1.19052
10.795 -0.16291
10.8 0.847999
10.805 1.84023
10.81 2.81177
10.815 3.76071
10.82 4.6853
10.825 5.5841
10.83 6.45602
10.835 7.30025
10.84 8.11621
10.845 8.90355
10.85 9.66232
10.855 10.3927
10.86 11.0951
10.865 11.7697
10.87 12.417
10.875 13.0374
10.88 13.6312
10.885 14.1988
10.89 14.7404
10.895 15.2564
10.9 15.747
10.905 16.2127
10.91 16.6541
10.915 17.0721
10.92 17.4676
10.925 17.8415
10.93 18.1951
10.935 18.5295
10.94 18.846
10.945 19.1457
10.95 19.4293
10.955 19.6976
10.96 19.9509
10.965 20.1897
10.97 20.4139
10.975 20.623
10.98 20.8169
10.985 20.9949
10.99 21.1565
10.995 21.3013
11 21.4285
11.005 21.5375
11.01 21.6279
11.015 21.6992
11.02 21.7507
11.025 21.7819
11.03 21.7919
11.035 21.7801
11.04 21.7456
11.045 21.6874
11.05 21.6044
11.055 21.4954
11.06 21.3591
11.065 21.1944
11.07 21.0001
11.075 20.775
11.08 20.5181
11.085 20.2285
11.09 19.9058
11.095 19.5496
11.1 19.1598
11.105 18.7366
11.11 18.2804
11.115 17.7916
11.12 17.2711
11.125 16.7195
11.13 16.1375
11.135 15.5258
11.14 14.8852
11.145 14.2166
11.15 13.5204
11.155 12.7975
11.16 12.0485
11.165 11.2742
11.17 10.4755
11.175 9.65335
11.18 8.80876
11.185 7.9428
11.19 7.05666
11.195 6.15154
11.2 5.22862
11.205 4.28902
11.21 3.33383
11.215 2.36408
11.22 1.38063
11.225 0.384278
11.23 -0.62427
11.235 -1.64439
11.24 -2.67555
11.245 -3.71732
11.25 -4.76928
11.255 -5.83106
11.26 -6.90227
11.265 -7.9825
11.27 -9.07121
11.275 -10.1678
11.28 -11.2715
11.285 -12.3815
11.29 -13.497
11.295 -14.6166
11.3 -15.7394
11.305 -16.8639
11.31 -17.9888
11.315 -19.1124
11.32 -20.2332
11.325 -21.3496
11.33 -22.4599
11.335 -23.5626
11.34 -24.6561
11.345 -25.7386
11.35 -26.8087
11.355 -27.8649
11.36 -28.9056
11.365 -29.929
11.37 -30.9336
11.375 -31.9176
11.38 -32.8792
11.385 -33.8166
11.39 -34.7277
11.395 -35.6104
11.4 -36.4626
11.405 -37.2824
11.41 -38.0677
11.415 -38.8166
11.42 -39.5273
11.425 -40.1984
11.43 -40.8285
11.435 -41.4167
11.44 -41.9621
11.445 -42.4641
11.45 -42.9222
11.455 -43.336
11.46 -43.7052
11.465 -44.0296
11.47 -44.3088
11.475 -44.5422
11.48 -44.7297
11.485 -44.871
11.49 -44.9657
11.495 -45.0137
11.5 -45.0145
11.505 -44.9681
11.51 -44.8745
11.515 -44.7337
11.52 -44.5461
11.525 -44.312
11.53 -44.0319
11.535 -43.7066
11.54 -43.3371
11.545 -42.9241
11.55 -42.469
11.555 -41.9727
11.56 -41.4364
11.565 -40.8613
11.57 -40.2486
11.575 -39.5997
11.58 -38.916
11.585 -38.1987
11.59 -37.4491
11.595 -36.6685
11.6 -35.8583
11.605 -35.0201
11.61 -34.1555
11.615 -33.2664
11.62 -32.355
11.625 -31.4235
11.63 -30.4745
11.635 -29.5107
11.64 -28.5348
11.645 -27.5497
11.65 -26.5579
11.655 -25.5621
11.66 -24.5648
11.665 -23.5685
11.67 -22.5752
11.675 -21.5869
11.68 -20.6056
11.685 -19.6331
11.69 -18.6711
11.695 -17.7214
11.7 -16.7855
11.705 -15.8649
11.71 -14.9615
11.715 -14.0766
11.72 -13.2119
11.725 -12.3687
11.73 -11.548
11.735 -10.7508
11.74 -9.97788
11.745 -9.22979
11.75 -8.50677
11.755 -7.80887
11.76 -7.13596
11.765 -6.48785
11.77 -5.86429
11.775 -5.26497
11.78 -4.68959
11.785 -4.13783
11.79 -3.6095
11.795 -3.1045
11.8 -2.62273
11.805 -2.1641
11.81 -1.72856
11.815 -1.31608
11.82 -0.926686
11.825 -0.560338
11.83 -0.216869
11.835 0.103924
11.84 0.402168
11.845 0.677922
11.85 0.931182
11.855 1.16186
11.86 1.36977
11.865 1.55456
11.87 1.71568
11.875 1.85241
11.88 1.96402
11.885 2.04971
11.89 2.10861
11.895 2.1399
11.9 2.14275
11.905 2.11647
11.91 2.06053
11.915 1.97448
11.92 1.858
11.925 1.71084
11.93 1.53293
11.935 1.32428
11.94 1.08496
11.945 0.815076
11.95 0.514743
11.955 0.184098
11.96 -0.176649
11.965 -0.567306
11.97 -0.987762
11.975 -1.4379
11.98 -1.91749
11.985 -2.4262
11.99 -2.9636
11.995 -3.52918
12 -4.12228
12.005 -4.74213
12.01 -5.38786
12.015 -6.0585
12.02 -6.75307
12.025 -7.47053
12.03 -8.20981
12.035 -8.96982
12.04 -9.74958
12.045 -10.5481
12.05 -11.3646
12.055 -12.1982
12.06 -13.0482
12.065 -13.9139
12.07 -14.7948
12.075 -15.6903
12.08 -16.5999
12.085 -17.5231
12.09 -18.4596
12.095 -19.4087
12.1 -20.3701
12.105 -21.3432
12.11 -22.3278
12.115 -23.3233
12.12 -24.3295
12.125 -25.3459
12.13 -26.3723
12.135 -27.4085
12.14 -28.4542
12.145 -29.5091
12.15 -30.5732
12.155 -31.6464
12.16 -32.7286
12.165 -33.8197
12.17 -34.9193
12.175 -36.0274
12.18 -37.1435
12.185 -38.2673
12.19 -39.3983
12.195 -40.5358
12.2 -41.6793
12.205 -42.828
12.21 -43.9812
12.215 -45.1381
12.22 -46.2979
12.225 -47.4597
12.23 -48.6223
12.235 -49.7847
12.24 -50.945
12.245 -52.1016
12.25 -53.2531
12.255 -54.3977
12.26 -55.5329
12.265 -56.6564
12.27 -57.7659
12.275 -58.859
12.28 -59.9329
12.285 -60.9852
12.29 -62.0135
12.295 -63.0151
12.3 -63.9878
12.305 -64.9291
12.31 -65.8365
12.315 -66.708
12.32 -67.541
12.325 -68.3332
12.33 -69.0818
12.335 -69.7835
12.34 -70.4365
12.345 -71.0396
12.35 -71.5911
12.355 -72.0889
12.36 -72.5314
12.365 -72.9172
12.37 -73.2454
12.375 -73.5154
12.38 -73.7267
12.385 -73.8793
12.39 -73.9733
12.395 -74.0094
12.4 -73.9882
12.405 -73.9107
12.41 -73.7778
12.415 -73.5907
12.42 -73.3504
12.425 -73.0584
12.43 -72.7157
12.435 -72.3235
12.44 -71.8832
12.445 -71.3961
12.45 -70.8636
12.455 -70.2872
12.46 -69.6682
12.465 -69.0079
12.47 -68.3077
12.475 -67.5694
12.48 -66.795
12.485 -65.9865
12.49 -65.1452
12.495 -64.2725
12.5 -63.3695
12.505 -62.4371
12.51 -61.4761
12.515 -60.4871
12.52 -59.4706
12.525 -58.4267
12.53 -57.3557
12.535 -56.2576
12.54 -55.1323
12.545 -53.98
12.55 -52.8005
12.555 -51.5942
12.56 -50.3611
12.565 -49.1015
12.57 -47.8156
12.575 -46.5043
12.58 -45.1681
12.585 -43.8068
12.59 -42.4208
12.595 -41.0114
12.6 -39.5798
12.605 -38.1273
12.61 -36.6548
12.615 -35.1631
12.62 -33.653
12.625 -32.1256
12.63 -30.5818
12.635 -29.0225
12.64 -27.4488
12.645 -25.8618
12.65 -24.2626
12.655 -22.6523
12.66 -21.0323
12.665 -19.4037
12.67 -17.7677
12.675 -16.1256
12.68 -14.4784
12.685 -12.8273
12.69 -11.1729
12.695 -9.51572
12.7 -7.85626
12.705 -6.19467
12.71 -4.53077
12.715 -2.86414
12.72 -1.19428
12.725 0.479394
12.73 2.15751
12.735 3.84075
12.74 5.52982
12.745 7.2252
12.75 8.9268
12.755 10.6343
12.76 12.3475
12.765 14.0659
12.77 15.7884
12.775 17.5137
12.78 19.2408
12.785 20.9683
12.79 22.6949
12.795 24.4189
12.8 26.1389
12.805 27.8531
12.81 29.5598
12.815 31.2568
12.82 32.9418
12.825 34.612
12.83 36.2642
12.835 37.8949
12.84 39.5002
12.845 41.0755
12.85 42.6162
12.855 44.1172
12.86 45.5732
12.865 46.9789
12.87 48.3289
12.875 49.6181
12.88 50.8411
12.885 51.9931
12.89 53.0696
12.895 54.0664
12.9 54.9797
12.905 55.8058
12.91 56.5416
12.915 57.184
12.92 57.7304
12.925 58.1785
12.93 58.5263
12.935 58.7725
12.94 58.9158
12.945 58.9558
12.95 58.8922
12.955 58.7257
12.96 58.4572
12.965 58.0881
12.97 57.6206
12.975 57.0569
12.98 56.4002
12.985 55.6535
12.99 54.8204
12.995 53.9046
13 52.9102
13.005 51.8412
13.01 50.7018
13.015 49.4961
13.02 48.2281
13.025 46.902
13.03 45.5215
13.035 44.0905
13.04 42.6123
13.045 41.0902
13.05 39.5272
13.055 37.9259
13.06 36.2889
13.065 34.6182
13.07 32.9157
13.075 31.1831
13.08 29.4216
13.085 27.6322
13.09 25.8159
13.095 23.9729
13.1 22.1036
13.105 20.2081
13.11 18.2862
13.115 16.338
13.12 14.363
13.125 12.361
13.13 10.3318
13.135 8.27527
13.14 6.19139
13.145 4.08016
13.15 1.94175
13.155 -0.223492
13.16 -2.41505
13.165 -4.63223
13.17 -6.87415
13.175 -9.13976
13.18 -11.4278
13.185 -13.7366
13.19 -16.0646
13.195 -18.4097
13.2 -20.7697
13.205 -23.142
13.21 -25.524
13.215 -27.9129
13.22 -30.3054
13.225 -32.6984
13.23 -35.0886
13.235 -37.4726
13.24 -39.8469
13.245 -42.2081
13.25 -44.5526
13.255 -46.8771
13.26 -49.1776
13.265 -51.45
13.27 -53.6915
13.275 -55.899
13.28 -58.0692
13.285 -60.1999
13.29 -62.2894
13.295 -64.3358
13.3 -66.3366
13.305 -68.2884
13.31 -70.1891
13.315 -72.0397
13.32 -73.8409
13.325 -75.5925
13.33 -77.294
13.335 -78.9457
13.34 -80.5484
13.345 -82.1032
13.35 -83.6112
13.355 -85.0735
13.36 -86.4914
13.365 -87.8665
13.37 -89.2007
13.375 -90.4961
13.38 -91.7548
13.385 -92.979
13.39 -94.1709
13.395 -95.3329
13.4 -96.4673
13.405 -97.5761
13.41 -98.6604
13.415 -99.721
13.42 -100.758
13.425 -101.773
13.43 -102.764
13.435 -103.731
13.44 -104.672
13.445 -105.586
13.45 -106.472
13.455 -107.33
13.46 -108.156
13.465 -108.949
13.47 -109.707
13.475 -110.427
13.48 -111.108
13.485 -111.748
13.49 -112.343
13.495 -112.892
13.5 -113.39
13.505 -113.835
13.51 -114.223
13.515 -114.551
13.52 -114.814
13.525 -115.01
13.53 -115.134
13.535 -115.183
13.54 -115.153
13.545 -115.042
13.55 -114.845
13.555 -114.559
13.56 -114.184
13.565 -113.715
13.57 -113.152
13.575 -112.494
13.58 -111.739
13.585 -110.889
13.59 -109.943
13.595 -108.903
13.6 -107.77
13.605 -106.547
13.61 -105.236
13.615 -103.84
13.62 -102.363
13.625 -100.807
13.63 -99.1766
13.635 -97.4729
13.64 -95.6991
13.645 -93.8584
13.65 -91.954
13.655 -89.9889
13.66 -87.9661
13.665 -85.8885
13.67 -83.7591
13.675 -81.5809
13.68 -79.3568
13.685 -77.09
13.69 -74.7832
13.695 -72.4387
13.7 -70.0586
13.705 -67.6443
13.71 -65.1974
13.715 -62.721
13.72 -60.2182
13.725 -57.6912
13.73 -55.1414
13.735 -52.5691
13.74 -49.9752
13.745 -47.3611
13.75 -44.7279
13.755 -42.0755
13.76 -39.4038
13.765 -36.7147
13.77 -34.0103
13.775 -31.2926
13.78 -28.5637
13.785 -25.8253
13.79 -23.0793
13.795 -20.328
13.8 -17.5739
13.805 -14.8198
13.81 -12.0684
13.815 -9.32278
13.82 -6.58592
13.825 -3.86092
13.83 -1.15091
13.835 1.54096
13.84 4.21153
13.845 6.85761
13.85 9.47591
13.855 12.0631
13.86 14.616
13.865 17.1314
13.87 19.6061
13.875 22.0372
13.88 24.4219
13.885 26.7574
13.89 29.0413
13.895 31.2715
13.9 33.4458
13.905 35.5624
13.91 37.6196
13.915 39.6159
13.92 41.5498
13.925 43.4202
13.93 45.226
13.935 46.966
13.94 48.6395
13.945 50.2457
13.95 51.7842
13.955 53.2543
13.96 54.656
13.965 55.9891
13.97 57.2538
13.975 58.4503
13.98 59.5791
13.985 60.6407
13.99 61.6357
13.995 62.5646
14 63.4284
14.005 64.2277
14.01 64.9632
14.015 65.6354
14.02 66.245
14.025 66.7925
14.03 67.2783
14.035 67.7029
14.04 68.0665
14.045 68.3696
14.05 68.6122
14.055 68.7946
14.06 68.9167
14.065 68.9786
14.07 68.9802
14.075 68.9213
14.08 68.8018
14.085 68.6215
14.09 68.3803
14.095 68.0779
14.1 67.7141
14.105 67.2887
14.11 66.8016
14.115 66.2524
14.12 65.6408
14.125 64.9668
14.13 64.2303
14.135 63.4315
14.14 62.5706
14.145 61.6479
14.15 60.664
14.155 59.6192
14.16 58.5144
14.165 57.3502
14.17 56.1273
14.175 54.8466
14.18 53.5091
14.185 52.1155
14.19 50.6671
14.195 49.165
14.2 47.6103
14.205 46.0044
14.21 44.3485
14.215 42.6441
14.22 40.8923
14.225 39.0948
14.23 37.2531
14.235 35.369
14.24 33.4441
14.245 31.4804
14.25 29.4797
14.255 27.4438
14.26 25.3746
14.265 23.2741
14.27 21.144
14.275 18.9863
14.28 16.8029
14.285 14.5956
14.29 12.3664
14.295 10.1174
14.3 7.85059
14.305 5.56794
14.31 3.27137
14.315 0.962736
14.32 -1.35607
14.325 -3.68316
14.33 -6.01671
14.335 -8.35491
14.34 -10.6959
14.345 -13.0379
14.35 -15.3788
14.355 -17.7165
14.36 -20.0492
14.365 -22.3745
14.37 -24.6904
14.375 -26.9947
14.38 -29.2852
14.385 -31.56
14.39 -33.817
14.395 -36.0543
14.4 -38.2703
14.405 -40.4631
14.41 -42.6309
14.415 -44.7721
14.42 -46.885
14.425 -48.9668
14.43 -51.0152
14.435 -53.0301
14.44 -55.0095
14.445 -56.9505
14.45 -58.8509
14.455 -60.7095
14.46 -62.5245
14.465 -64.2942
14.47 -66.0163
14.475 -67.6887
14.48 -69.3085
14.485 -70.8725
14.49 -72.3809
14.495 -73.834
14.5 -75.2303
14.505 -76.5681
14.51 -77.8462
14.515 -79.0634
14.52 -80.219
14.525 -81.3119
14.53 -82.3413
14.535 -83.3062
14.54 -84.206
14.545 -85.0401
14.55 -85.8079
14.555 -86.5091
14.56 -87.1434
14.565 -87.7106
14.57 -88.211
14.575 -88.6446
14.58 -89.0118
14.585 -89.313
14.59 -89.5489
14.595 -89.7199
14.6 -89.8269
14.605 -89.8705
14.61 -89.8516
14.615 -89.7711
14.62 -89.6298
14.625 -89.4286
14.63 -89.1681
14.635 -88.8494
14.64 -88.4731
14.645 -88.04
14.65 -87.551
14.655 -87.0067
14.66 -86.4082
14.665 -85.756
14.67 -85.051
14.675 -84.2939
14.68 -83.4855
14.685 -82.6264
14.69 -81.7174
14.695 -80.7593
14.7 -79.7529
14.705 -78.6989
14.71 -77.5983
14.715 -76.4521
14.72 -75.2613
14.725 -74.0268
14.73 -72.7498
14.735 -71.4315
14.74 -70.0728
14.745 -68.6749
14.75 -67.2389
14.755 -65.7661
14.76 -64.258
14.765 -62.7173
14.77 -61.1462
14.775 -59.5468
14.78 -57.9211
14.785 -56.2708
14.79 -54.5981
14.795 -52.9051
14.8 -51.1936
14.805 -49.4653
14.81 -47.7225
14.815 -45.9677
14.82 -44.2018
14.825 -42.426
14.83 -40.643
14.835 -38.856
14.84 -37.068
14.845 -35.2815
14.85 -33.4986
14.855 -31.7214
14.86 -29.9521
14.865 -28.1927
14.87 -26.4452
14.875 -24.7111
14.88 -22.9922
14.885 -21.2898
14.89 -19.6052
14.895 -17.9396
14.9 -16.294
14.905 -14.6694
14.91 -13.067
14.915 -11.4876
14.92 -9.93233
14.925 -8.40191
14.93 -6.89725
14.935 -5.41912
14.94 -3.9682
14.945 -2.54502
14.95 -1.15
14.955 0.216561
14.96 1.55445
14.965 2.86356
14.97 4.14384
14.975 5.39528
14.98 6.61785
14.985 7.81147
14.99 8.976
14.995 10.1112
15 11.2167
