0.02 0.0100004 -3.83234e-008
0.04 0.0478035 -3.10168e-007
0.06 0.11655 -1.22317e-006
0.08 0.20892 -3.22518e-006
0.1 0.323596 -6.58713e-006
0.12 0.464469 -1.13787e-005
0.14 0.632647 -1.75513e-005
0.16 0.821755 -2.49531e-005
0.18 1.02169 -3.32662e-005
0.2 1.22458 -4.19784e-005
0.22 1.43202 -5.04816e-005
0.24 1.65607 -5.82961e-005
0.26 1.90834 -6.52938e-005
0.28 2.18879 -7.17304e-005
0.3 2.48675 -7.80427e-005
0.32 2.78951 -8.45813e-005
0.34 3.08521 -9.14524e-005
0.36 3.3628 -9.84898e-005
0.38 3.61719 -0.000105312
0.4 3.85846 -0.000111487
0.42 4.10804 -0.000116798
0.44 4.38171 -0.00012144
0.46 4.66974 -0.000125921
0.48 4.93695 -0.000130626
0.5 5.14611 -0.000135373
0.52 5.29433 -0.000139386
0.54 5.42349 -0.000141864
0.56 5.57042 -0.0001427
0.58 5.74806 -0.000142611
0.6 5.9691 -0.000142762
0.62 6.24866 -0.000144428
0.64 6.59304 -0.000148834
0.66 6.9821 -0.000156914
0.68 7.38446 -0.00016894
0.7 7.78699 -0.000184337
0.72 8.18559 -0.000201888
0.74 8.56838 -0.00022006
0.76 8.9104 -0.000237162
0.78 9.17879 -0.000251373
0.8 9.34321 -0.000260843
0.82 9.38808 -0.000263949
0.84 9.30995 -0.000259666
0.86 9.09512 -0.000247764
0.88 8.72622 -0.000228673
0.9 8.21179 -0.000203242
0.92 7.58551 -0.00017278
0.94 6.88526 -0.000139184
0.96 6.14212 -0.000104841
0.98 5.36248 -7.21992e-005
1 4.52433 -4.31068e-005
1.02 3.59847 -1.81924e-005
1.04 2.55666 3.36944e-006
1.06 1.37508 2.36609e-005
1.08 0.0544151 4.5499e-005
1.1 -1.37289 7.16264e-005
1.12 -2.85433 0.000103812
1.14 -4.33911 0.000142245
1.16 -5.77631 0.000185422
1.18 -7.05646 0.000230151
1.2 -8.03946 0.000271329
1.22 -8.68374 0.000302317
1.24 -9.06134 0.000316903
1.26 -9.27371 0.000311812
1.28 -9.41731 0.000288017
1.3 -9.57623 0.000250487
1.32 -9.81638 0.000207007
1.34 -10.1924 0.000166606
1.36 -10.7548 0.000138034
1.38 -11.5596 0.000128599
1.4 -12.665 0.000143454
1.42 -14.1245 0.000185262
1.44 -15.9577 0.00025409
1.46 -18.0967 0.000347204
1.48 -20.4145 0.000458729
1.5 -22.813 0.000579943
1.52 -25.2545 0.000700913
1.54 -27.7243 0.000812778
1.56 -30.205 0.000909401
1.58 -32.6977 0.000987976
1.6 -35.2312 0.00104906
1.62 -37.7519 0.00109593
1.64 -39.9364 0.00113213
1.66 -41.3473 0.00115748
1.68 -41.8082 0.0011664
1.7 -41.3898 0.00115041
1.72 -40.217 0.00110269
1.74 -38.4222 0.00102125
1.76 -36.1064 0.000909228
1.78 -33.3236 0.00077354
1.8 -30.1113 0.000622896
1.82 -26.519 0.000466207
1.84 -22.6416 0.000311685
1.86 -18.6048 0.000166472
1.88 -14.5317 3.62979e-005
1.9 -10.544 -7.50214e-005
1.92 -6.76939 -0.000165773
1.94 -3.33374 -0.000235877
1.96 -0.350946 -0.000285971
1.98 2.07878 -0.000316474
2 3.86911 -0.000326937
2.02 4.94912 -0.000315842
2.04 5.262 -0.000280854
2.06 4.7672 -0.000219365
2.08 3.45449 -0.000129182
2.1 1.35031 -9.26599e-006
2.12 -1.49247 0.000139661
2.14 -4.94233 0.000314628
2.16 -8.74387 0.00050961
2.18 -12.3375 0.000713589
2.2 -14.9113 0.000907287
2.22 -16.1083 0.00106278
2.24 -16.108 0.00115112
2.26 -15.1519 0.0011532
2.28 -13.4977 0.00106534
2.3 -11.3997 0.000898838
2.32 -9.05534 0.000676567
2.34 -6.62128 0.000427932
2.36 -4.23595 0.000183618
2.38 -2.02823 -2.89283e-005
2.4 -0.132968 -0.000188969
2.42 1.43383 -0.000285133
2.44 3.12659 -0.000318959
2.46 5.45249 -0.000308721
2.48 8.33404 -0.000286533
2.5 11.4481 -0.00028636
2.52 14.4951 -0.000331993
2.54 17.1575 -0.000431427
2.56 19.2871 -0.00057681
2.58 21.0873 -0.000749503
2.6 22.8216 -0.000928264
2.62 24.4909 -0.00109466
2.64 26.0051 -0.00123354
2.66 27.291 -0.00133263
2.68 28.2777 -0.00138349
2.7 28.9236 -0.00138259
2.72 29.2149 -0.00133168
2.74 29.1598 -0.00123689
2.76 28.7829 -0.00110722
2.78 28.1223 -0.000952783
2.8 27.2699 -0.000783638
2.82 26.4103 -0.000610071
2.84 25.7651 -0.000443741
2.86 25.5091 -0.000298197
2.88 25.7027 -0.000187495
2.9 26.3063 -0.000123257
2.92 27.251 -0.000111755
2.94 28.4533 -0.000152452
2.96 29.8165 -0.00023811
2.98 31.2423 -0.000356029
3 32.6375 -0.000490054
3.02 34.0078 -0.000623382
3.04 35.4886 -0.000742303
3.06 37.1296 -0.000839406
3.08 38.83 -0.000913731
3.1 40.4646 -0.000968355
3.12 41.9045 -0.00100797
3.14 43.0196 -0.00103721
3.16 43.6927 -0.00105947
3.18 43.824 -0.00107616
3.2 43.4608 -0.00108657
3.22 42.7888 -0.0010895
3.24 41.8355 -0.00108516
3.26 40.4784 -0.00107441
3.28 38.6014 -0.00105634
3.3 36.0922 -0.00102743
3.32 32.8567 -0.000982006
3.34 29.0983 -0.000914206
3.36 25.3776 -0.000822566
3.38 21.9463 -0.00071377
3.4 18.6477 -0.00059936
3.42 15.3153 -0.000488483
3.44 11.7825 -0.000384093
3.46 8.09996 -0.000283894
3.48 4.63691 -0.000184885
3.5 1.60914 -8.81695e-005
3.52 -1.02684 1.3375e-006
3.54 -3.33355 7.89863e-005
3.56 -5.38749 0.000142972
3.58 -7.27599 0.000194458
3.6 -9.06007 0.000236574
3.62 -10.7031 0.000272718
3.64 -12.1223 0.000304724
3.66 -13.3297 0.000332322
3.68 -14.3822 0.000354491
3.7 -15.3373 0.000371003
3.72 -16.2688 0.000382919
3.74 -17.2557 0.000392426
3.76 -18.3609 0.000402452
3.78 -19.5729 0.000415963
3.8 -20.7966 0.000434812
3.82 -21.9344 0.000458716
3.84 -22.9732 0.000485448
3.86 -23.9863 0.000512434
3.88 -25.0676 0.000538555
3.9 -26.307 0.000564951
3.92 -27.7892 0.000594826
3.94 -29.5849 0.00063278
3.96 -31.7403 0.000683947
3.98 -34.1345 0.000752472
4 -36.4563 0.000838719
4.02 -38.5238 0.000937168
4.04 -40.3646 0.001038
4.06 -41.9855 0.00113093
4.08 -43.3223 0.00120743
4.1 -44.3622 0.00126125
4.12 -45.165 0.00128904
4.14 -45.7958 0.00129137
4.16 -46.3196 0.00127279
4.18 -46.8051 0.00124106
4.2 -47.3207 0.00120573
4.22 -47.9345 0.00117642
4.24 -48.7149 0.00116109
4.26 -49.7304 0.00116485
4.28 -51.0253 0.00118934
4.3 -52.605 0.0012327
4.32 -54.4542 0.00129003
4.34 -56.4932 0.00135428
4.36 -58.3723 0.00141709
4.38 -59.6575 0.00146935
4.4 -60.302 0.00150243
4.42 -60.4531 0.00151056
4.44 -60.1134 0.00149121
4.46 -59.1642 0.00144322
4.48 -57.4568 0.00136523
4.5 -54.9557 0.00125576
4.52 -51.8116 0.00111521
4.54 -48.2478 0.000948334
4.56 -44.4714 0.000765126
4.58 -40.6797 0.000579583
4.6 -37.0585 0.000407487
4.62 -33.7766 0.000264235
4.64 -30.9809 0.000163005
4.66 -28.7834 0.00011326
4.68 -27.0453 0.000118774
4.7 -25.3752 0.00017425
4.72 -23.606 0.00026354
4.74 -21.8426 0.000363831
4.76 -20.2087 0.000453226
4.78 -18.8421 0.000516245
4.8 -17.8744 0.000546266
4.82 -17.4202 0.000545887
4.84 -17.4782 0.000525288
4.86 -17.594 0.000497338
4.88 -17.1487 0.000469746
4.9 -16.0013 0.000440936
4.92 -14.2896 0.00040401
4.94 -12.1564 0.000352882
4.96 -9.67778 0.000284643
4.98 -6.70485 0.000198323
5 -3.10875 9.24015e-005
5.02 1.02617 -3.52661e-005
5.04 5.5619 -0.000184616
5.06 10.3629 -0.000351317
5.08 15.2908 -0.000527164
5.1 20.2272 -0.00070192
5.12 25.1053 -0.000865664
5.14 29.9997 -0.00101105
5.16 35.0729 -0.00113476
5.18 40.4105 -0.00123699
5.2 46.0189 -0.00131919
5.22 51.8482 -0.00138236
5.24 57.7699 -0.00142775
5.26 63.6003 -0.00145817
5.28 69.2288 -0.00147848
5.3 74.7862 -0.00149489
5.32 80.3833 -0.00151367
5.34 85.9035 -0.00153947
5.36 91.1958 -0.00157389
5.38 96.1149 -0.00161496
5.4 100.51 -0.00165767
5.42 104.251 -0.0016951
5.44 107.239 -0.0017199
5.46 109.486 -0.00172578
5.48 111.132 -0.00170896
5.5 112.348 -0.00166908
5.52 113.227 -0.00160941
5.54 113.761 -0.00153618
5.56 113.896 -0.00145739
5.58 113.582 -0.00138001
5.6 112.787 -0.00130945
5.62 111.487 -0.00124754
5.64 109.656 -0.00119103
5.66 107.343 -0.001135
5.68 104.739 -0.00107543
5.7 102.067 -0.00101171
5.72 99.4221 -0.000947336
5.74 96.7669 -0.000887874
5.76 94.0196 -0.000837874
5.78 91.1416 -0.000799001
5.8 88.1744 -0.000770148
5.82 85.1829 -0.000748635
5.84 82.1764 -0.000731081
5.86 79.1364 -0.000713432
5.88 76.0626 -0.000691136
5.9 72.9466 -0.000659999
5.92 69.7552 -0.000617148
5.94 66.4398 -0.000561498
5.96 62.933 -0.000493688
5.98 59.1625 -0.000415566
6 55.1151 -0.000329642
6.02 50.8746 -0.000239071
6.04 46.5635 -0.000148004
6.06 42.2388 -6.13709e-005
6.08 37.8365 1.63951e-005
6.1 33.257 8.29504e-005
6.12 28.4833 0.000138601
6.14 23.5642 0.000185515
6.16 18.5064 0.000226692
6.18 13.2689 0.000265627
6.2 7.81091 0.000306299
6.22 2.09703 0.000352888
6.24 -3.84901 0.000409114
6.26 -9.91687 0.000477341
6.28 -15.9917 0.00055782
6.3 -22.0143 0.000648653
6.32 -27.9666 0.000746445
6.34 -33.8253 0.000847146
6.36 -39.5295 0.000946665
6.38 -45.0095 0.00104121
6.4 -50.2233 0.00112756
6.42 -55.1461 0.00120333
6.44 -59.7593 0.00126713
6.46 -64.0324 0.0013186
6.48 -67.8927 0.00135813
6.5 -71.2489 0.00138654
6.52 -74.0618 0.00140482
6.54 -76.3526 0.00141404
6.56 -78.1465 0.00141551
6.58 -79.4635 0.00141072
6.6 -80.3353 0.00140124
6.62 -80.817 0.00138867
6.64 -80.9398 0.00137447
6.66 -80.6894 0.00135894
6.68 -80.0923 0.00134048
6.7 -79.2077 0.00131596
6.72 -78.0728 0.0012821
6.74 -76.722 0.00123706
6.76 -75.2024 0.00118073
6.78 -73.5697 0.00111471
6.8 -71.8836 0.00104224
6.82 -70.2054 0.000967802
6.84 -68.6092 0.000896742
6.86 -67.1715 0.000834724
6.88 -65.8656 0.000786774
6.9 -64.5333 0.000755298
6.92 -63.0596 0.000738276
6.94 -61.4642 0.000729851
6.96 -59.8168 0.000723103
6.98 -58.162 0.000712522
7 -56.4729 0.000694781
7.02 -54.6669 0.000668125
7.04 -52.6856 0.000631566
7.06 -50.5471 0.000584954
7.08 -48.3187 0.000529775
7.1 -46.067 0.000469595
7.12 -43.8447 0.000409504
7.14 -41.6859 0.000354891
7.16 -39.5674 0.00031007
7.18 -37.3912 0.000276971
7.2 -35.0606 0.000254332
7.22 -32.5544 0.000238119
7.24 -29.8855 0.000223059
7.26 -27.0544 0.000204083
7.28 -24.0775 0.000177092
7.3 -20.995 0.000139423
7.32 -17.8495 9.021e-005
7.34 -14.6848 3.04498e-005
7.36 -11.5364 -3.72686e-005
7.38 -8.40313 -0.000109368
7.4 -5.25625 -0.000182182
7.42 -2.10356 -0.000252732
7.44 0.978657 -0.000318913
7.46 3.90103 -0.000379199
7.48 6.64492 -0.000432504
7.5 9.25781 -0.000478486
7.52 11.7794 -0.000517833
7.54 14.2184 -0.00055205
7.56 16.5558 -0.000582879
7.58 18.7529 -0.000611745
7.6 20.7622 -0.000639439
7.62 22.5251 -0.000666037
7.64 23.9814 -0.000690971
7.66 25.0857 -0.000713181
7.68 25.8321 -0.000731356
7.7 26.2468 -0.000744278
7.72 26.3328 -0.000751084
7.74 26.0588 -0.000750602
7.76 25.4457 -0.000740308
7.78 24.5839 -0.00071744
7.8 23.558 -0.000681253
7.82 22.4658 -0.000633813
7.84 21.3987 -0.000579678
7.86 20.3969 -0.000524944
7.88 19.4793 -0.000475797
7.9 18.6509 -0.000437248
7.92 17.9046 -0.000412401
7.94 17.2289 -0.000402135
7.96 16.5785 -0.000405008
7.98 15.8586 -0.000417103
8 15.0385 -0.000432278
8.02 14.2134 -0.000443894
8.04 13.4792 -0.000447414
8.06 12.8414 -0.000441603
8.08 12.2618 -0.000427714
8.1 11.7142 -0.000408169
8.12 11.1791 -0.000385785
8.14 10.6405 -0.000363325
8.16 10.0874 -0.000343082
8.18 9.51419 -0.000326542
8.2 8.92778 -0.000314223
8.22 8.33674 -0.000305758
8.24 7.72889 -0.000300071
8.26 7.0689 -0.000295454
8.28 6.31129 -0.000289603
8.3 5.40691 -0.00027977
8.32 4.32329 -0.000263039
8.34 3.06104 -0.000236803
8.36 1.6406 -0.000199356
8.38 0.0885547 -0.000150282
8.4 -1.56242 -9.0535e-005
8.42 -3.27741 -2.22947e-005
8.44 -5.01332 5.12536e-005
8.46 -6.72797 0.000126202
8.48 -8.40219 0.000198385
8.5 -10.0425 0.000264129
8.52 -11.5587 0.000320648
8.54 -12.696 0.000365015
8.56 -13.2847 0.000392641
8.58 -13.3412 0.000397992
8.6 -12.941 0.000377132
8.62 -12.1803 0.000329714
8.64 -11.162 0.000259477
8.66 -9.98136 0.000173501
8.68 -8.7227 8.09121e-005
8.7 -7.45974 -8.58025e-006
8.72 -6.25758 -8.60014e-005
8.74 -5.15359 -0.000144252
8.76 -4.13592 -0.000179215
8.78 -3.17735 -0.000190655
8.8 -2.2942 -0.000182178
8.82 -1.53688 -0.000159898
8.84 -0.921763 -0.000130654
8.86 -0.443967 -0.000100781
8.88 -0.151928 -7.51398e-005
8.9 -0.132446 -5.58769e-005
8.92 -0.464491 -4.15337e-005
8.94 -1.23211 -2.71825e-005
8.96 -2.43731 -5.63131e-006
8.98 -3.74244 2.93026e-005
9 -4.73003 7.78094e-005
9.02 -5.36466 0.000132574
9.04 -5.76257 0.000183311
9.06 -5.90849 0.000221585
9.08 -5.73328 0.00024167
9.1 -5.2563 0.000240006
9.12 -4.52958 0.000215694
9.14 -3.56683 0.000170943
9.16 -2.44139 0.000110692
9.18 -1.30036 4.22746e-005
9.2 -0.314919 -2.4855e-005
9.22 0.330704 -8.00654e-005
9.24 0.586653 -0.000113439
9.26 0.638837 -0.000119018
9.28 0.649589 -9.79435e-005
9.3 0.655192 -5.82606e-005
9.32 0.723038 -1.18073e-005
9.34 0.939638 2.86161e-005
9.36 1.37192 5.10874e-005
9.38 2.07331 4.61285e-005
9.4 3.05206 8.0325e-006
9.42 4.22709 -6.3897e-005
9.44 5.43202 -0.000164198
9.46 6.48686 -0.000281028
9.48 7.23285 -0.000397713
9.5 7.51175 -0.000495598
9.52 7.18156 -0.000557007
9.54 6.36949 -0.000568375
9.56 5.43354 -0.000524632
9.58 4.52548 -0.00043222
9.6 3.63076 -0.000306592
9.62 2.74124 -0.000166692
9.64 1.80428 -3.05958e-005
9.66 0.736103 8.75442e-005
9.68 -0.41593 0.000179105
9.7 -1.42248 0.000239944
9.72 -2.16326 0.000268313
9.74 -2.70667 0.000264996
9.76 -3.12274 0.000234894
9.78 -3.45682 0.000186802
9.8 -3.77368 0.000131428
9.82 -4.15209 7.94492e-005
9.84 -4.656 4.02035e-005
9.86 -5.31614 2.07716e-005
9.88 -6.10981 2.52582e-005
9.9 -6.95093 5.41024e-005
9.92 -7.73017 0.00010355
9.94 -8.38072 0.000165928
9.96 -8.86124 0.000231008
9.98 -9.11362 0.000287738
10 -9.16141 0.000325941
10.02 -9.13269 0.000338577
10.04 -9.16816 0.00032402
10.06 -9.3248 0.000286579
10.08 -9.53544 0.00023454
10.1 -9.74772 0.000177153
10.12 -9.97029 0.000122733
10.14 -10.1847 7.80031e-005
10.16 -10.3508 4.73663e-005
10.18 -10.4551 3.22786e-005
10.2 -10.528 3.15621e-005
10.22 -10.6187 4.25392e-005
10.24 -10.7886 6.2318e-005
10.26 -11.1202 8.89077e-005
10.28 -11.6953 0.000122008
10.3 -12.578 0.00016315
10.32 -13.7481 0.000214869
10.34 -15.0448 0.000278681
10.36 -16.2407 0.000352545
10.38 -17.182 0.000429736
10.4 -17.856 0.000500454
10.42 -18.2443 0.000554904
10.44 -18.2472 0.000585156
10.46 -17.863 0.000585676
10.48 -17.2195 0.000554623
10.5 -16.4603 0.000495588
10.52 -15.7022 0.000417728
10.54 -15.0223 0.000333958
10.56 -14.4412 0.000258082
10.58 -13.8992 0.000201556
10.6 -13.3004 0.000170639
10.62 -12.5809 0.000165073
10.64 -11.705 0.00017877
10.66 -10.6707 0.000201843
10.68 -9.49826 0.000223119
10.7 -8.18144 0.000232388
10.72 -6.69061 0.000221799
10.74 -5.00807 0.000186586
10.76 -3.17072 0.00012566
10.78 -1.27701 4.21753e-005
10.8 0.56036 -5.6439e-005
10.82 2.25118 -0.000159587
10.84 3.76892 -0.000255699
10.86 5.13548 -0.000334822
10.88 6.38001 -0.000390584
10.9 7.56001 -0.000420977
10.92 8.70669 -0.00042812
10.94 9.76641 -0.000416977
10.96 10.6622 -0.000393324
10.98 11.3268 -0.000362127
11 11.7206 -0.000326886
11.02 11.8952 -0.000289853
11.04 11.9914 -0.000253061
11.06 12.1653 -0.000219534
11.08 12.5113 -0.000193422
11.1 13.0196 -0.000178739
11.12 13.6233 -0.000177836
11.14 14.2502 -0.000190616
11.16 14.8249 -0.000214621
11.18 15.3043 -0.000245657
11.2 15.7459 -0.000278927
11.22 16.2716 -0.000310473
11.24 16.971 -0.000338074
11.26 17.8795 -0.000361232
11.28 18.9758 -0.00038061
11.3 20.2043 -0.000397435
11.32 21.5063 -0.000413093
11.34 22.8236 -0.000428902
11.36 24.1065 -0.000445881
11.38 25.3498 -0.000464607
11.4 26.5939 -0.000485286
11.42 27.8851 -0.000507883
11.44 29.274 -0.000532246
11.46 30.7679 -0.000558177
11.48 32.2958 -0.000585281
11.5 33.7698 -0.000612764
11.52 35.1158 -0.000639421
11.54 36.2742 -0.000663728
11.56 37.1955 -0.000683879
11.58 37.8277 -0.000697801
11.6 38.114 -0.000703223
11.62 38.0045 -0.000697648
11.64 37.4734 -0.000678262
11.66 36.5203 -0.000641481
11.68 35.1574 -0.000583975
11.7 33.4011 -0.000504566
11.72 31.2791 -0.000404546
11.74 28.8328 -0.000287358
11.76 26.1057 -0.00015802
11.78 23.1326 -2.23631e-005
11.8 19.9212 0.000113882
11.82 16.4475 0.000246093
11.84 12.6804 0.000371578
11.86 8.68554 0.000489512
11.88 4.70307 0.000599235
11.9 1.00856 0.000697784
11.92 -2.21163 0.000779118
11.94 -4.88803 0.000835874
11.96 -7.0601 0.000862213
11.98 -8.75799 0.000855916
12 -9.95622 0.000818588
12.02 -10.6536 0.000754582
12.04 -10.92 0.000670202
12.06 -10.8618 0.000573218
12.08 -10.588 0.000473308
12.1 -10.1846 0.000380367
12.12 -9.69032 0.000301852
12.14 -9.12614 0.000242137
12.16 -8.52192 0.000202005
12.18 -7.90867 0.000179111
12.2 -7.31422 0.000169114
12.22 -6.7615 0.000166985
12.24 -6.29863 0.000168295
12.26 -6.04997 0.000170623
12.28 -6.1536 0.000174905
12.3 -6.64928 0.000185509
12.32 -7.52559 0.00020854
12.34 -8.7519 0.000249751
12.36 -10.2267 0.000312921
12.38 -11.8636 0.000398699
12.4 -13.6443 0.000504611
12.42 -15.5318 0.000626109
12.44 -17.4316 0.000757265
12.46 -19.2226 0.000890793
12.48 -20.8037 0.00101837
12.5 -22.1432 0.00113184
12.52 -23.2398 0.00122488
12.54 -24.0455 0.00129398
12.56 -24.5168 0.00133804
12.58 -24.6363 0.00135759
12.6 -24.3591 0.00135399
12.62 -23.65 0.00132839
12.64 -22.5037 0.00128156
12.66 -20.9303 0.00121421
12.68 -18.9867 0.00112738
12.7 -16.7631 0.00102297
12.72 -14.3427 0.000904151
12.74 -11.7729 0.00077522
12.76 -9.06471 0.000640712
12.78 -6.24737 0.000504634
12.8 -3.41241 0.000370426
12.82 -0.690092 0.000241662
12.84 1.79086 0.000122651
12.86 3.9351 1.83002e-005
12.88 5.69558 -6.66815e-005
12.9 7.05493 -0.000128748
12.92 8.01255 -0.000166102
12.94 8.60117 -0.000178817
12.96 8.87727 -0.000168792
12.98 8.86574 -0.00013941
13 8.56109 -9.47973e-005
13.02 7.95905 -3.8797e-005
13.04 7.06734 2.57581e-005
13.06 5.91785 9.70768e-005
13.08 4.54293 0.000174166
13.1 2.96791 0.000256597
13.12 1.23316 0.000344255
13.14 -0.559836 0.000436679
13.16 -2.22576 0.000531743
13.18 -3.60467 0.000624483
13.2 -4.60909 0.000707388
13.22 -5.18205 0.00077206
13.24 -5.30832 0.00081102
13.26 -5.02216 0.000819177
13.28 -4.37926 0.000794887
13.3 -3.45304 0.000740357
13.32 -2.36576 0.000661458
13.34 -1.17033 0.000566876
13.36 0.218098 0.00046587
13.38 1.8181 0.000365496
13.4 3.50979 0.00026997
13.42 5.14676 0.000182094
13.44 6.65649 0.000104233
13.46 8.12613 3.75108e-005
13.48 9.69062 -1.98802e-005
13.5 11.3138 -7.27092e-005
13.52 12.8261 -0.00012582
13.54 14.0962 -0.000180858
13.56 15.0758 -0.00023552
13.58 15.79 -0.000285157
13.6 16.2883 -0.000324952
13.62 16.5907 -0.000351324
13.64 16.6994 -0.000362151
13.66 16.6175 -0.000356389
13.68 16.3401 -0.000333908
13.7 15.8649 -0.000295418
13.72 15.2059 -0.000242361
13.74 14.368 -0.000176852
13.76 13.3577 -0.000101378
13.78 12.1569 -1.83009e-005
13.8 10.7265 7.07139e-005
13.82 9.17017 0.000164512
13.84 7.74484 0.000260498
13.86 6.70291 0.000352306
13.88 6.17856 0.000429745
13.9 6.14875 0.000481564
13.92 6.52293 0.000499184
13.94 7.20421 0.000479215
13.96 8.09177 0.00042402
13.98 9.09878 0.000340921
14 10.1572 0.000240636
14.02 11.1909 0.000135453
14.04 12.1689 3.73823e-005
14.06 13.1936 -4.42337e-005
14.08 14.3592 -0.000105291
14.1 15.6642 -0.000147645
14.12 17.085 -0.000177468
14.14 18.5493 -0.00020277
14.16 19.9226 -0.000230765
14.18 21.0262 -0.000265322
14.2 21.6941 -0.00030535
14.22 21.8191 -0.000344827
14.24 21.3324 -0.000374213
14.26 20.248 -0.000382804
14.28 18.6917 -0.000361981
14.3 16.8565 -0.000308286
14.32 14.9294 -0.000224937
14.34 13.0268 -0.000121179
14.36 11.1619 -9.55946e-006
14.38 9.2752 9.78091e-005
14.4 7.29778 0.00019244
14.42 5.19859 0.000270941
14.44 3.04971 0.000334427
14.46 0.983647 0.00038638
14.48 -0.907896 0.00043048
14.5 -2.59509 0.000469652
14.52 -4.0908 0.000506026
14.54 -5.39186 0.000540857
14.56 -6.46007 0.000573996
14.58 -7.25855 0.000603401
14.6 -7.7532 0.000625386
14.62 -7.89903 0.00063549
14.64 -7.68753 0.00062943
14.66 -7.20277 0.000604451
14.68 -6.56724 0.000560762
14.7 -5.87645 0.000502
14.72 -5.20521 0.00043443
14.74 -4.60274 0.000365414
14.76 -4.1011 0.000301976
14.78 -3.74992 0.000249889
14.8 -3.57018 0.000213321
14.82 -3.46141 0.0001942
14.84 -3.29016 0.000191014
14.86 -3.06116 0.000198844
14.88 -2.87837 0.000211734
14.9 -2.84099 0.000225532
14.92 -3.02683 0.000239199
14.94 -3.44189 0.000254467
14.96 -3.99777 0.000274269
14.98 -4.5801 0.00030072
15 -5.12835 0.000334027
15.02 -5.67141 0.000372975
15.04 -6.27426 0.000416251
15.06 -6.99215 0.000463311
15.08 -7.8356 0.000514243
15.1 -8.72019 0.000568799
15.12 -9.50223 0.000625069
15.14 -10.0545 0.000678807
15.16 -10.3089 0.000724111
15.18 -10.2577 0.000755029
15.2 -9.9319 0.000767135
15.22 -9.38715 0.000758468
15.24 -8.69446 0.000729818
15.26 -7.88661 0.000684389
15.28 -6.92193 0.000626678
15.3 -5.73857 0.000560927
15.32 -4.31957 0.000490169
15.34 -2.72286 0.000416463
15.36 -1.04836 0.000341802
15.38 0.607038 0.000268727
15.4 2.19576 0.000200129
15.42 3.72396 0.00013837
15.44 5.16012 8.46289e-005
15.46 6.42616 3.93703e-005
15.48 7.44936 3.36017e-006
15.5 8.18905 -2.19487e-005
15.52 8.66156 -3.4989e-005
15.54 8.91133 -3.51219e-005
15.56 8.95591 -2.32447e-005
15.58 8.76919 -1.29644e-006
15.6 8.32425 2.87436e-005
15.62 7.67686 6.53141e-005
15.64 6.97522 0.000106562
15.66 6.37011 0.000149139
15.68 5.96076 0.000188052
15.7 5.75849 0.000217922
15.72 5.69134 0.000234951
15.74 5.68374 0.000238472
15.76 5.68551 0.000231096
15.78 5.69864 0.000217528
15.8 5.80096 0.000202635
15.82 6.08424 0.000189537
15.84 6.57826 0.0001788
15.86 7.24109 0.000169133
15.88 8.00441 0.000158726
15.9 8.79974 0.000146172
15.92 9.58627 0.00013068
15.94 10.3762 0.00011176
15.96 11.1991 8.87368e-005
15.98 12.079 6.06341e-005
16 13.0342 2.65003e-005
16.02 14.0303 -1.40722e-005
16.04 14.975 -6.02189e-005
16.06 15.7725 -0.000109218
16.08 16.3433 -0.00015663
16.1 16.6297 -0.000197045
16.12 16.6119 -0.000225033
16.14 16.3281 -0.000236177
16.16 15.8834 -0.000228311
16.18 15.4476 -0.000202804
16.2 15.1573 -0.000165082
16.22 14.9979 -0.000123379
16.24 14.8754 -8.57519e-005
16.26 14.7039 -5.7415e-005
16.28 14.4014 -3.9705e-005
16.3 13.9222 -3.03329e-005
16.32 13.3037 -2.46271e-005
16.34 12.5997 -1.74163e-005
16.36 11.8162 -4.38639e-006
16.38 10.97 1.74445e-005
16.4 10.1027 4.92733e-005
16.42 9.2453 8.99906e-005
16.44 8.41522 0.000136276
16.46 7.63638 0.00018334
16.48 6.95375 0.000225815
16.5 6.42082 0.00025853
16.52 6.06949 0.000277239
16.54 5.87279 0.000279479
16.56 5.75932 0.000265456
16.58 5.65646 0.000238379
16.6 5.5366 0.000203748
16.62 5.44354 0.000167625
16.64 5.42317 0.000134741
16.66 5.48532 0.000107613
16.68 5.61632 8.68576e-005
16.7 5.77546 7.19896e-005
16.72 5.92603 6.21711e-005
16.74 6.0497 5.6568e-005
16.76 6.12406 5.44025e-005
16.78 6.1214 5.51037e-005
16.8 6.0466 5.8456e-005
16.82 5.92774 6.43875e-005
16.84 5.75112 7.27574e-005
16.86 5.45444 8.37246e-005
16.88 4.95573 9.84049e-005
16.9 4.17843 0.000119141
16.92 3.1018 0.000149066
16.94 1.77694 0.000190938
16.96 0.295173 0.000245762
16.98 -1.22532 0.000311906
17 -2.66828 0.000384998
17.02 -3.95191 0.000458575
17.04 -5.03577 0.000525386
17.06 -5.92909 0.000578959
17.08 -6.66888 0.000615008
17.1 -7.29262 0.000632266
17.12 -7.83317 0.000632531
17.14 -8.29008 0.000619987
17.16 -8.6149 0.000599879
17.18 -8.74601 0.000576873
17.2 -8.62959 0.000553804
17.22 -8.22199 0.000531154
17.24 -7.52171 0.000507226
17.26 -6.58945 0.000479129
17.28 -5.51098 0.000444303
17.3 -4.36855 0.000401728
17.32 -3.237 0.000352418
17.34 -2.14975 0.000299217
17.36 -1.08132 0.000245862
17.38 0.0106946 0.000195644
17.4 1.13841 0.000150535
17.42 2.27353 0.000111212
17.44 3.3786 7.76045e-005
17.46 4.44276 4.92703e-005
17.48 5.48239 2.53624e-005
17.5 6.50982 4.58854e-006
17.52 7.51644 -1.44063e-005
17.54 8.4851 -3.23738e-005
17.56 9.39943 -4.90282e-005
17.58 10.2515 -6.31221e-005
17.6 11.0397 -7.29398e-005
17.62 11.7588 -7.69e-005
17.64 12.3602 -7.38316e-005
17.66 12.7495 -6.26356e-005
17.68 12.8729 -4.18551e-005
17.7 12.7538 -1.00447e-005
17.72 12.4572 3.29421e-005
17.74 12.0743 8.50612e-005
17.76 11.7322 0.000141898
17.78 11.5429 0.000196775
17.8 11.5529 0.000241774
17.82 11.7609 0.00026952
17.84 12.1289 0.000274935
17.86 12.6078 0.000256313
17.88 13.1603 0.000215516
17.9 13.7542 0.000157392
17.92 14.3557 8.87893e-005
17.94 14.9518 1.73993e-005
17.96 15.561 -4.96616e-005
17.98 16.1979 -0.000107226
18 16.8353 -0.000152716
18.02 17.4177 -0.000185779
18.04 17.9004 -0.000207512
18.06 18.2715 -0.000219899
18.08 18.5554 -0.000225604
18.1 18.7783 -0.00022781
18.12 18.9197 -0.000229621
18.14 18.9148 -0.00023297
18.16 18.7145 -0.000237724
18.18 18.3362 -0.000241952
18.2 17.8462 -0.000243293
18.22 17.2965 -0.000240265
18.24 16.6782 -0.000232435
18.26 15.9473 -0.000219587
18.28 15.0824 -0.000200938
18.3 14.0876 -0.000175205
18.32 12.9774 -0.000141194
18.34 11.774 -9.83209e-005
18.36 10.5011 -4.68734e-005
18.38 9.18 1.19924e-005
18.4 7.82912 7.64232e-005
18.42 6.46602 0.00014408
18.44 5.10648 0.00021232
18.46 3.76391 0.000278392
18.48 2.44841 0.000339676
18.5 1.16636 0.00039398
18.52 -0.083833 0.000439835
18.54 -1.30001 0.000476687
18.56 -2.45058 0.000504765
18.58 -3.48644 0.000524565
18.6 -4.36255 0.000536328
18.62 -5.04816 0.000539884
18.64 -5.56237 0.000534951
18.66 -5.96058 0.000521831
18.68 -6.25164 0.000501827
18.7 -6.37572 0.000476655
18.72 -6.27682 0.000447336
18.74 -5.96243 0.000413978
18.76 -5.49579 0.00037655
18.78 -4.9813 0.000335965
18.8 -4.55011 0.000294969
18.82 -4.29564 0.000258172
18.84 -4.20513 0.000230853
18.86 -4.20368 0.000216908
18.88 -4.24628 0.000217405
18.9 -4.31046 0.000230708
18.92 -4.35559 0.000253324
18.94 -4.33238 0.000280558
18.96 -4.24277 0.000307182
18.98 -4.16358 0.000328773
19 -4.16569 0.000343224
19.02 -4.26381 0.000351243
19.04 -4.44682 0.000355593
19.06 -4.7022 0.000359999
19.08 -5.0219 0.000368285
19.1 -5.39878 0.000383691
19.12 -5.79599 0.000408194
19.14 -6.11943 0.000441633
19.16 -6.25867 0.000480906
19.18 -6.15526 0.000520114
19.2 -5.80936 0.000552052
19.22 -5.23568 0.000570225
19.24 -4.4404 0.000570227
19.26 -3.43809 0.000550216
19.28 -2.2738 0.000510948
19.3 -1.01865 0.000455707
19.32 0.245004 0.000390001
19.34 1.45108 0.000320817
19.36 2.59233 0.00025528
19.38 3.70552 0.000198906
19.4 4.8305 0.000154254
19.42 6.00182 0.000120613
19.44 7.24148 9.46146e-005
19.46 8.5519 7.13828e-005
19.48 9.89428 4.5962e-005
19.5 11.1824 1.48647e-005
19.52 12.319 -2.26722e-005
19.54 13.2162 -6.42579e-005
19.56 13.8341 -0.000104939
19.58 14.2257 -0.000138791
19.6 14.4861 -0.000161067
19.62 14.6841 -0.000169737
19.64 14.8651 -0.000165691
19.66 15.064 -0.000152115
19.68 15.2976 -0.000133591
19.7 15.5704 -0.000115086
19.72 15.8861 -0.00010096
19.74 16.2553 -9.42726e-005
19.76 16.6936 -9.64687e-005
19.78 17.2006 -0.000107365
19.8 17.7641 -0.000125317
19.82 18.3769 -0.000147641
19.84 19.0192 -0.000171307
19.86 19.6508 -0.000193501
19.88 20.2345 -0.000211917
19.9 20.7596 -0.000224995
19.92 21.2464 -0.00023227
19.94 21.7267 -0.000234607
19.96 22.2176 -0.000234065
19.98 22.6892 -0.000233213
20 23.0651 -0.000234051
