0.02 20.0007 -7.66469e-005
0.04 95.607 -0.000620336
0.06 233.099 -0.00244634
0.08 417.841 -0.00645035
0.1 647.193 -0.0131743
0.12 928.937 -0.0227573
0.14 1265.29 -0.0351027
0.16 1643.51 -0.0499062
0.18 2043.38 -0.0665323
0.2 2449.16 -0.0839569
0.22 2864.05 -0.100963
0.24 3312.14 -0.116592
0.26 3816.69 -0.130588
0.28 4377.58 -0.143461
0.3 4973.51 -0.156085
0.32 5579.02 -0.169163
0.34 6170.43 -0.182905
0.36 6725.6 -0.19698
0.38 7234.39 -0.210624
0.4 7716.92 -0.222974
0.42 8216.08 -0.233596
0.44 8763.43 -0.242881
0.46 9339.48 -0.251842
0.48 9873.89 -0.261252
0.5 10292.2 -0.270747
0.52 10588.7 -0.278772
0.54 10847 -0.283729
0.56 11140.8 -0.2854
0.58 11496.1 -0.285222
0.6 11938.2 -0.285524
0.62 12497.3 -0.288855
0.64 13186.1 -0.297668
0.66 13964.2 -0.313828
0.68 14768.9 -0.33788
0.7 15574 -0.368674
0.72 16371.2 -0.403775
0.74 17136.8 -0.440121
0.76 17820.8 -0.474324
0.78 18357.6 -0.502745
0.8 18686.4 -0.521685
0.82 18776.2 -0.527899
0.84 18619.9 -0.519331
0.86 18190.2 -0.495529
0.88 17452.4 -0.457345
0.9 16423.6 -0.406485
0.92 15171 -0.345561
0.94 13770.5 -0.278368
0.96 12284.2 -0.209682
0.98 10725 -0.144398
1 9048.66 -0.0862137
1.02 7196.95 -0.0363848
1.04 5113.32 0.00673888
1.06 2750.15 0.0473218
1.08 108.83 0.0909979
1.1 -2745.78 0.143253
1.12 -5708.65 0.207623
1.14 -8678.22 0.284489
1.16 -11552.6 0.370843
1.18 -14112.9 0.460303
1.2 -16078.9 0.542657
1.22 -17367.5 0.604634
1.24 -18122.7 0.633805
1.26 -18547.4 0.623624
1.28 -18834.6 0.576034
1.3 -19152.5 0.500974
1.32 -19632.8 0.414014
1.34 -20384.8 0.333212
1.36 -21509.6 0.276068
1.38 -23119.2 0.257198
1.4 -25330 0.286908
1.42 -28249.1 0.370525
1.44 -31915.5 0.508179
1.46 -36193.4 0.694408
1.48 -40828.9 0.917458
1.5 -45625.6 1.15989
1.52 -50507.9 1.40183
1.54 -55445 1.62556
1.56 -60399.7 1.8188
1.58 -65368.2 1.97595
1.6 -70393.4 2.09812
1.62 -75339.4 2.19187
1.64 -79538.6 2.26426
1.66 -82178.4 2.31495
1.68 -83023.8 2.33279
1.7 -82186.9 2.30081
1.72 -79841.4 2.20538
1.74 -76251.9 2.0425
1.76 -71620.1 1.81846
1.78 -66054.7 1.54708
1.8 -59630.1 1.24579
1.82 -52445.5 0.932414
1.84 -44690.6 0.623369
1.86 -36617 0.332944
1.88 -28470.9 0.0725958
1.9 -20495.4 -0.150043
1.92 -12946.2 -0.331546
1.94 -6074.9 -0.471754
1.96 -109.358 -0.571942
1.98 4750.02 -0.632949
2 8330.57 -0.653875
2.02 10490.5 -0.631684
2.04 11116.2 -0.561708
2.06 10126.6 -0.43873
2.08 7501.19 -0.258365
2.1 3292.81 -0.018532
2.12 -2392.75 0.279322
2.14 -9292.47 0.629256
2.16 -16895.5 1.01922
2.18 -24082.7 1.42718
2.2 -29230.5 1.81457
2.22 -31624.3 2.12556
2.24 -31623.8 2.30224
2.26 -29711.6 2.30641
2.28 -26403.3 2.13068
2.3 -22207.2 1.79768
2.32 -17518.5 1.35313
2.34 -12650.4 0.855865
2.36 -7879.7 0.367237
2.38 -3464.26 -0.0578566
2.4 326.262 -0.377938
2.42 3459.86 -0.570266
2.44 6845.38 -0.637919
2.46 11497.2 -0.617442
2.48 17260.3 -0.573065
2.5 23488.3 -0.57272
2.52 29582.3 -0.663986
2.54 34907.1 -0.862854
2.56 39165.8 -1.15362
2.58 42765.5 -1.49901
2.6 46233 -1.85653
2.62 49569.4 -2.18931
2.64 52594.1 -2.46708
2.66 55161.2 -2.66527
2.68 57129.3 -2.76697
2.7 58416.6 -2.76518
2.72 58996.8 -2.66335
2.74 58886.5 -2.47377
2.76 58132.8 -2.21444
2.78 56811.4 -1.90557
2.8 55106.6 -1.56728
2.82 53387.4 -1.22014
2.84 52097.2 -0.887483
2.86 51585.2 -0.596394
2.88 51972.2 -0.37499
2.9 53179.5 -0.246513
2.92 55069 -0.223511
2.94 57473.6 -0.304904
2.96 60200 -0.47622
2.98 63051.6 -0.712057
3 65841.9 -0.980109
3.02 68582.5 -1.24676
3.04 71544 -1.48461
3.06 74826.2 -1.67881
3.08 78226.6 -1.82746
3.1 81494.5 -1.93671
3.12 84368.8 -2.01594
3.14 86586.2 -2.07442
3.16 87916.8 -2.11895
3.18 88175.3 -2.15231
3.2 87449 -2.17314
3.22 86104.9 -2.17899
3.24 84198.3 -2.17031
3.26 81484.2 -2.14882
3.28 77730 -2.11269
3.3 72711.8 -2.05485
3.32 66240.7 -1.96401
3.34 58723.9 -1.82841
3.36 51282.6 -1.64513
3.38 44420 -1.42754
3.4 37822.8 -1.19872
3.42 31157.9 -0.976966
3.44 24092.3 -0.768187
3.46 16727.2 -0.567787
3.48 9801.15 -0.36977
3.5 3745.65 -0.176339
3.52 -1526.24 0.00267499
3.54 -6139.53 0.157973
3.56 -10247.2 0.285943
3.58 -14023.8 0.388916
3.6 -17591.3 0.473147
3.62 -20876.4 0.545437
3.64 -23713.7 0.609447
3.66 -26127 0.664643
3.68 -28230.4 0.708981
3.7 -30138.9 0.742006
3.72 -31999.5 0.765838
3.74 -33970.2 0.784851
3.76 -36176.2 0.804904
3.78 -38593.9 0.831926
3.8 -41032.9 0.869623
3.82 -43298.2 0.917431
3.84 -45364.1 0.970896
3.86 -47375.8 1.02487
3.88 -49519.4 1.07711
3.9 -51970.2 1.1299
3.92 -54890.7 1.18965
3.94 -58408.2 1.26556
3.96 -62589.8 1.36789
3.98 -67160.3 1.50494
4 -71486 1.67744
4.02 -75216.8 1.87434
4.04 -78413.7 2.076
4.06 -81110 2.26186
4.08 -83236.5 2.41486
4.1 -84823.3 2.52249
4.12 -86005.1 2.57809
4.14 -86906 2.58274
4.16 -87635.1 2.54558
4.18 -88295.2 2.48212
4.2 -88979.4 2.41146
4.22 -89771.1 2.35283
4.24 -90741.2 2.32217
4.26 -91942.5 2.3297
4.28 -93374.4 2.37868
4.3 -94973 2.4654
4.32 -96648.5 2.58006
4.34 -98273.4 2.70856
4.36 -99590.1 2.83419
4.38 -100404 2.93871
4.4 -100789 3.00486
4.42 -100878 3.02112
4.44 -100198 2.98242
4.46 -98299.8 2.88644
4.48 -94884.9 2.73047
4.5 -89882.7 2.51152
4.52 -83594.6 2.23043
4.54 -76467 1.89667
4.56 -68914.2 1.53025
4.58 -61331 1.15917
4.6 -54088.8 0.814973
4.62 -47525.9 0.528469
4.64 -41936.1 0.32601
4.66 -37543.2 0.22652
4.68 -34069.4 0.237548
4.7 -30732.5 0.348499
4.72 -27199 0.52708
4.74 -23678.7 0.727662
4.76 -20419 0.906451
4.78 -17694.5 1.03249
4.8 -15766.4 1.09253
4.82 -14861.7 1.09177
4.84 -14977.7 1.05058
4.86 -15209.4 0.994675
4.88 -14318.7 0.939493
4.9 -12023.9 0.881873
4.92 -8600.45 0.808021
4.94 -4334.22 0.705763
4.96 623.108 0.569286
4.98 6568.92 0.396645
5 13760.6 0.184803
5.02 22027.3 -0.0705322
5.04 31083.3 -0.369232
5.06 40625.5 -0.702633
5.08 50295.5 -1.05433
5.1 59693.2 -1.40384
5.12 68433.6 -1.73133
5.14 76325 -2.0221
5.16 83269.2 -2.26952
5.18 89098.3 -2.47399
5.2 93774.3 -2.63837
5.22 97468.2 -2.76472
5.24 100431 -2.8555
5.26 102878 -2.91634
5.28 104980 -2.95696
5.3 106904 -2.98977
5.32 108750 -3.02733
5.34 110515 -3.07894
5.36 112173 -3.14778
5.38 113695 -3.22992
5.4 115044 -3.31534
5.42 116187 -3.39021
5.44 117096 -3.4398
5.46 117778 -3.45156
5.48 118278 -3.41792
5.5 118646 -3.33816
5.52 118912 -3.21881
5.54 119074 -3.07236
5.56 119115 -2.91479
5.58 118487 -2.76002
5.6 116898 -2.6189
5.62 114299 -2.49508
5.64 110637 -2.38206
5.66 106016 -2.27
5.68 100822 -2.15086
5.7 95506.7 -2.02342
5.72 90267.1 -1.89467
5.74 85032.9 -1.77575
5.76 79652.5 -1.67575
5.78 74062.8 -1.598
5.8 68359.2 -1.5403
5.82 62679.6 -1.49727
5.84 57052.5 -1.46216
5.86 51454.8 -1.42686
5.88 45897.9 -1.38227
5.9 40379.2 -1.32
5.92 34854.8 -1.2343
5.94 29260.3 -1.123
5.96 23510.7 -0.987376
5.98 17528 -0.831132
6 11342.1 -0.659284
6.02 5126.8 -0.478141
6.04 -912.095 -0.296007
6.06 -6689.13 -0.122742
6.08 -12286.4 0.0327901
6.1 -17814.3 0.165901
6.12 -23269.3 0.277202
6.14 -28577.9 0.37103
6.16 -33724.6 0.453384
6.18 -38743 0.531254
6.2 -43660.5 0.612598
6.22 -48495.2 0.705776
6.24 -53216.5 0.818229
6.26 -57740.2 0.954681
6.28 -62001.4 1.11564
6.3 -65989.3 1.29731
6.32 -69723.2 1.49289
6.34 -73218.1 1.69429
6.36 -76466.8 1.89333
6.38 -79459.1 2.08242
6.4 -82200.4 2.25512
6.42 -84702.7 2.40665
6.44 -86978.6 2.53427
6.46 -89031.8 2.6372
6.48 -90844.8 2.71626
6.5 -92390.8 2.77309
6.52 -93666.2 2.80964
6.54 -94691.8 2.82809
6.56 -95487.1 2.83102
6.58 -96066.7 2.82143
6.6 -96448.5 2.80248
6.62 -96658.8 2.77734
6.64 -96712.3 2.74894
6.66 -96211.4 2.71788
6.68 -95017.4 2.68096
6.7 -93248.4 2.63192
6.72 -90980 2.56419
6.74 -88282.3 2.47412
6.76 -85252.1 2.36146
6.78 -82003.7 2.22943
6.8 -78659.4 2.08447
6.82 -75343.6 1.9356
6.84 -72204 1.79348
6.86 -69389.6 1.66945
6.88 -66845.8 1.57355
6.9 -64263.6 1.5106
6.92 -61424.8 1.47655
6.94 -58373.1 1.4597
6.96 -55247.8 1.44621
6.98 -52136.5 1.42504
7 -48991.9 1.38956
7.02 -45666.2 1.33625
7.04 -42063.8 1.26313
7.06 -38232.1 1.16991
7.08 -34305.2 1.05955
7.1 -30407.9 0.939189
7.12 -26633.9 0.819009
7.14 -23038.2 0.709782
7.16 -19578.7 0.62014
7.18 -16097.3 0.553943
7.2 -12451.3 0.508664
7.22 -8625.99 0.476239
7.24 -4661.75 0.446119
7.26 -579.466 0.408166
7.28 3577.54 0.354183
7.3 7737.57 0.278845
7.32 11834.1 0.18042
7.34 15807.6 0.0608996
7.36 19617.3 -0.0745372
7.38 23271.6 -0.218737
7.4 26808.8 -0.364363
7.42 30223.9 -0.505463
7.44 33443.3 -0.637826
7.46 36391.3 -0.758398
7.48 39070.5 -0.865009
7.5 41545.3 -0.956972
7.52 43865.7 -1.03567
7.54 46049.1 -1.1041
7.56 48087.4 -1.16576
7.58 49956.9 -1.22349
7.6 51628.7 -1.27888
7.62 53066.6 -1.33207
7.64 54234.7 -1.38194
7.66 55108.8 -1.42636
7.68 55694 -1.46271
7.7 56017.2 -1.48856
7.72 56084.1 -1.50217
7.74 55536 -1.5012
7.76 54309.9 -1.48062
7.78 52586.3 -1.43488
7.8 50534.5 -1.36251
7.82 48350.1 -1.26763
7.84 46215.9 -1.15936
7.86 44212.4 -1.04989
7.88 42377.2 -0.951594
7.9 40720.5 -0.874496
7.92 39228.2 -0.824801
7.94 37877 -0.80427
7.96 36576.6 -0.810016
7.98 35137.2 -0.834206
8 33497.5 -0.864557
8.02 31848.2 -0.887789
8.04 30381 -0.894827
8.06 29106.5 -0.883206
8.08 27948.5 -0.855429
8.1 26854.6 -0.816339
8.12 25786 -0.771571
8.14 24710.5 -0.72665
8.16 23606.4 -0.686164
8.18 22462.5 -0.653083
8.2 21292.6 -0.628446
8.22 20113.9 -0.611516
8.24 18902.1 -0.600143
8.26 17587 -0.590907
8.28 16078.3 -0.579206
8.3 14278.7 -0.559541
8.32 12124.7 -0.526078
8.34 9619.25 -0.473606
8.36 6805.24 -0.398711
8.38 3738.39 -0.300565
8.4 486.746 -0.18107
8.42 -2877.09 -0.0445893
8.44 -6264.94 0.102507
8.46 -9591.62 0.252403
8.48 -12818.1 0.39677
8.5 -15955.4 0.528257
8.52 -18831.7 0.641297
8.54 -20972.7 0.73003
8.56 -22075 0.785282
8.58 -22180.7 0.795984
8.6 -21380.2 0.754263
8.62 -19858.9 0.659428
8.64 -17822.5 0.518955
8.66 -15462.4 0.347003
8.68 -12948.2 0.161824
8.7 -10428.4 -0.0171605
8.72 -8034.06 -0.172003
8.74 -5839.84 -0.288505
8.76 -3822.06 -0.358431
8.78 -1926.58 -0.38131
8.8 -185.295 -0.364357
8.82 1303.52 -0.319797
8.84 2509.54 -0.261309
8.86 3444.14 -0.201562
8.88 4014.4 -0.15028
8.9 4052.42 -0.111754
8.92 3388.33 -0.0830675
8.94 1853.08 -0.0543649
8.96 -557.314 -0.0112626
8.98 -3167.54 0.0586051
9 -5142.65 0.155619
9.02 -6411.8 0.265149
9.04 -7207.52 0.366621
9.06 -7499.34 0.44317
9.08 -7148.91 0.48334
9.1 -6194.96 0.480012
9.12 -4741.61 0.431387
9.14 -2816.57 0.341886
9.16 -567.415 0.221384
9.18 1710.69 0.0845491
9.2 3675.43 -0.0497099
9.22 4960.86 -0.160131
9.24 5469.98 -0.226879
9.26 5573.75 -0.238037
9.28 5595.13 -0.195887
9.3 5606.27 -0.116521
9.32 5741.16 -0.0236147
9.34 6171.66 0.0572321
9.36 7030.14 0.102175
9.38 8420.95 0.092257
9.4 10356.7 0.016065
9.42 12671.5 -0.127794
9.44 15033.1 -0.328396
9.46 17088.6 -0.562056
9.48 18534.7 -0.795426
9.5 19073.7 -0.991196
9.52 18413.3 -1.11401
9.54 16789.1 -1.13675
9.56 14917.2 -1.04926
9.58 13101.1 -0.864439
9.6 11311.7 -0.613184
9.62 9532.72 -0.333384
9.64 7658.91 -0.0611916
9.66 5522.82 0.175088
9.68 3219.3 0.35821
9.7 1207.04 0.479888
9.72 -273.623 0.536625
9.74 -1359.58 0.529993
9.76 -2190.93 0.469787
9.78 -2858.35 0.373604
9.8 -3491.29 0.262855
9.82 -4247.05 0.158898
9.84 -5253.23 0.080407
9.86 -6570.9 0.0415432
9.88 -8154.3 0.0505164
9.9 -9831.23 0.108205
9.92 -11383.6 0.207101
9.94 -12678.5 0.331855
9.96 -13634.2 0.462016
9.98 -14136 0.575476
10 -14231 0.651883
10.02 -14173.5 0.677153
10.04 -14244.5 0.64804
10.06 -14557.8 0.573157
10.08 -14979 0.469079
10.1 -15403.6 0.354306
10.12 -15848.7 0.245467
10.14 -16277.6 0.156006
10.16 -16609.8 0.0947325
10.18 -16818.4 0.0645571
10.2 -16964.2 0.0631241
10.22 -17145.5 0.0850784
10.24 -17485.4 0.124636
10.26 -18148.6 0.177815
10.28 -19298.7 0.244015
10.3 -21064.1 0.3263
10.32 -23404.2 0.429738
10.34 -25996.8 0.557361
10.36 -28387.4 0.70509
10.38 -30268.2 0.859472
10.4 -31614.3 1.00091
10.42 -32389.3 1.10981
10.44 -32395.2 1.17031
10.46 -31626.7 1.17135
10.48 -30339.8 1.10925
10.5 -28821.4 0.991177
10.52 -27305.5 0.835457
10.54 -25946.3 0.667916
10.56 -24785.1 0.516165
10.58 -23702 0.403112
10.6 -22506.3 0.341278
10.62 -21070.1 0.330146
10.64 -19323.4 0.357539
10.66 -17263.3 0.403685
10.68 -14932.3 0.446238
10.7 -12321 0.464776
10.72 -9375.3 0.443599
10.74 -6067.29 0.373173
10.76 -2479.23 0.25132
10.78 1187.12 0.0843506
10.8 4708.23 -0.112878
10.82 7912.55 -0.319174
10.84 10756.1 -0.511398
10.86 13287.6 -0.669643
10.88 15567.5 -0.781169
10.9 17705.3 -0.841954
10.92 19759.3 -0.85624
10.94 21636.3 -0.833954
10.96 23206.3 -0.786648
10.98 24361.1 -0.724254
11 25041.2 -0.653772
11.02 25341.7 -0.579705
11.04 25507 -0.506122
11.06 25805.4 -0.439069
11.08 26397.3 -0.386843
11.1 27262.3 -0.357479
11.12 28282.7 -0.355672
11.14 29334.2 -0.381231
11.16 30290.8 -0.429241
11.18 31083.2 -0.491313
11.2 31808.7 -0.557855
11.22 32666.9 -0.620945
11.24 33799.1 -0.676149
11.26 35253.6 -0.722464
11.28 36983.7 -0.76122
11.3 38889.7 -0.794869
11.32 40871.6 -0.826186
11.34 42836.5 -0.857804
11.36 44710.9 -0.891762
11.38 46490.4 -0.929215
11.4 48234.7 -0.970573
11.42 50006.5 -1.01577
11.44 51868.9 -1.06449
11.46 53822 -1.11635
11.48 55766.8 -1.17056
11.5 57592.7 -1.22553
11.52 59218 -1.27884
11.54 60585 -1.32746
11.56 61651.5 -1.36776
11.58 62373 -1.3956
11.6 62696.9 -1.40645
11.62 62478 -1.3953
11.64 61415.6 -1.35652
11.66 59509.5 -1.28296
11.68 56783.7 -1.16795
11.7 53271.3 -1.00913
11.72 49027.9 -0.809093
11.74 44137.7 -0.574715
11.76 38690.5 -0.316039
11.78 32760.8 -0.0447263
11.8 26373.2 0.227764
11.82 19496.3 0.492186
11.84 12095.1 0.743155
11.86 4337.55 0.979025
11.88 -3268.58 1.19847
11.9 -10178.4 1.39557
11.92 -16061.1 1.55824
11.94 -20835.5 1.67175
11.96 -24625.3 1.72443
11.98 -27530.7 1.71183
12 -29549.4 1.63718
12.02 -30711.8 1.50916
12.04 -31153.5 1.3404
12.06 -31037.1 1.14644
12.08 -30489.4 0.946617
12.1 -29682.7 0.760733
12.12 -28694.1 0.603705
12.14 -27565.8 0.484275
12.16 -26357.5 0.404011
12.18 -25131.2 0.358222
12.2 -23942.7 0.338228
12.22 -22837.9 0.33397
12.24 -21912.8 0.336589
12.26 -21416 0.341245
12.28 -21623.2 0.349811
12.3 -22614.6 0.371017
12.32 -24367.2 0.417081
12.34 -26819.7 0.499503
12.36 -29768.7 0.625842
12.38 -33039.5 0.797398
12.4 -36591.9 1.00922
12.42 -40345.2 1.25222
12.44 -44101.4 1.51453
12.46 -47612 1.78159
12.48 -50676.9 2.03674
12.5 -53241 2.26368
12.52 -55313.1 2.44977
12.54 -56818 2.58796
12.56 -57690.6 2.67608
12.58 -57910.9 2.71519
12.6 -57356.4 2.70798
12.62 -55938.4 2.65678
12.64 -53645.7 2.56311
12.66 -50499.5 2.42843
12.68 -46614.5 2.25477
12.7 -42174.2 2.04593
12.72 -37349.9 1.8083
12.74 -32243.4 1.55044
12.76 -26887.4 1.28142
12.78 -21353.2 1.00927
12.8 -15834.7 0.740851
12.82 -10594.7 0.483323
12.84 -5879.44 0.245301
12.86 -1857.27 0.0366003
12.88 1404.1 -0.133363
12.9 3895.08 -0.257496
12.92 5634.83 -0.332203
12.94 6697.8 -0.357633
12.96 7194.67 -0.337584
12.98 7171.61 -0.27882
13 6562.31 -0.189595
13.02 5358.24 -0.0775941
13.04 3574.81 0.0515161
13.06 1275.91 0.194154
13.08 -1473.63 0.348332
13.1 -4622.53 0.513193
13.12 -8088.78 0.68851
13.14 -11667.4 0.873358
13.16 -14986.3 1.06349
13.18 -17727 1.24897
13.2 -19718.5 1.41478
13.22 -20852.3 1.54412
13.24 -21102 1.62204
13.26 -20529.7 1.63835
13.28 -19243.9 1.58977
13.3 -17391.5 1.48071
13.32 -15217.4 1.32292
13.34 -12827.7 1.13375
13.36 -10054.1 0.931739
13.38 -6861.8 0.730991
13.4 -3493.67 0.539939
13.42 -244.286 0.364189
13.44 2741.21 0.208467
13.46 5634.3 0.0750215
13.48 8696.86 -0.0397604
13.5 11851.8 -0.145418
13.52 14767.4 -0.251641
13.54 17195.8 -0.361716
13.56 19054.7 -0.47104
13.58 20401.7 -0.570314
13.6 21337 -0.649903
13.62 21903 -0.702648
13.64 22106 -0.724302
13.66 21942.4 -0.712779
13.68 21387.5 -0.667816
13.7 20437.2 -0.590836
13.72 19119 -0.484723
13.74 17443.3 -0.353704
13.76 15422.7 -0.202757
13.78 13021.3 -0.0366019
13.8 10161.4 0.141428
13.82 7050.61 0.329024
13.84 4203.4 0.520997
13.86 2123.58 0.704611
13.88 1077.54 0.859491
13.9 1018.09 0.963129
13.92 1766.45 0.998369
13.94 3129 0.958431
13.96 4903.97 0.848041
13.98 6917.37 0.681841
14 9032.46 0.481271
14.02 11096.6 0.270907
14.04 13047.2 0.0747646
14.06 15087.7 -0.0884674
14.08 17403.4 -0.210582
14.1 19987.5 -0.29529
14.12 22787.5 -0.354937
14.14 25655 -0.405541
14.16 28324 -0.46153
14.18 30452 -0.530644
14.2 31731.8 -0.6107
14.22 31970.6 -0.689654
14.24 30997.2 -0.748426
14.26 28828.3 -0.765608
14.28 25715.8 -0.723962
14.3 22045.8 -0.616573
14.32 18192.8 -0.449875
14.34 14390.6 -0.242358
14.36 10667 -0.0191189
14.38 6905.12 0.195618
14.4 2970.58 0.384879
14.42 -1193.13 0.541881
14.44 -5436.22 0.668854
14.46 -9491.69 0.772761
14.48 -13178.4 0.860961
14.5 -16441.1 0.939305
14.52 -19309.9 1.01205
14.54 -21784.8 1.08171
14.56 -23801 1.14799
14.58 -25298 1.2068
14.6 -26220.9 1.25077
14.62 -26492.2 1.27098
14.64 -26069.2 1.25886
14.66 -25099.7 1.2089
14.68 -23828.7 1.12152
14.7 -22447.2 1.004
14.72 -21104.9 0.86886
14.74 -19900.3 0.730828
14.76 -18897.4 0.603952
14.78 -18195.5 0.499777
14.8 -17836.3 0.426642
14.82 -17618.9 0.388401
14.84 -17276.7 0.382028
14.86 -16819.1 0.397688
14.88 -16453.9 0.423469
14.9 -16379.3 0.451065
14.92 -16750.9 0.478398
14.94 -17581.1 0.508935
14.96 -18692.8 0.548538
14.98 -19857.5 0.601441
15 -20953.9 0.668055
15.02 -22040 0.74595
15.04 -23245.5 0.832502
15.06 -24680.8 0.926622
15.08 -26366.7 1.02849
15.1 -28134.1 1.1376
15.12 -29695.5 1.25014
15.14 -30797.3 1.35761
15.16 -31304.6 1.44822
15.18 -31202.2 1.51006
15.2 -30550.7 1.53427
15.22 -29461.2 1.51694
15.24 -28075.8 1.45964
15.26 -26460.3 1.36878
15.28 -24531.4 1.25336
15.3 -22166 1.12185
15.32 -19331.3 0.980338
15.34 -16145.4 0.832927
15.36 -12810.4 0.683603
15.38 -9522.06 0.537454
15.4 -6376.88 0.400259
15.42 -3363.84 0.276739
15.44 -545.62 0.169258
15.46 1926.28 0.0787406
15.48 3914.35 0.00672033
15.5 5345.67 -0.0438973
15.52 6257.19 -0.069978
15.54 6738.14 -0.0702439
15.56 6823.91 -0.0464894
15.58 6450.47 -0.00259288
15.6 5560.59 0.0574871
15.62 4265.82 0.130628
15.64 2862.54 0.213125
15.66 1652.35 0.298277
15.68 833.699 0.376104
15.7 429.176 0.435845
15.72 294.896 0.469902
15.74 279.694 0.476943
15.76 283.222 0.462193
15.78 309.494 0.435057
15.8 514.133 0.40527
15.82 1080.69 0.379074
15.84 2068.73 0.3576
15.86 3394.32 0.338265
15.88 4920.71 0.317452
15.9 6510.74 0.292344
15.92 8082.55 0.26136
15.94 9660.23 0.22352
15.96 11302.4 0.177474
15.98 13056.4 0.121268
16 14957.4 0.0530006
16.02 16935.5 -0.0281445
16.04 18806.5 -0.120438
16.06 20381.8 -0.218437
16.08 21506.1 -0.31326
16.1 22069.5 -0.39409
16.12 22033.9 -0.450066
16.14 21466.2 -0.472353
16.16 20576.9 -0.456623
16.18 19705.4 -0.405607
16.2 19124.7 -0.330165
16.22 18805.8 -0.246757
16.24 18560.9 -0.171504
16.26 18217.9 -0.11483
16.28 17612.9 -0.07941
16.3 16654.5 -0.0606659
16.32 15417.7 -0.0492543
16.34 14009.6 -0.0348326
16.36 12443 -0.00877279
16.38 10751 0.0348889
16.4 9016.97 0.0985466
16.42 7303.42 0.179981
16.44 5644.9 0.272552
16.46 4089.38 0.366679
16.48 2726.61 0.45163
16.5 1663.16 0.51706
16.52 962.366 0.554478
16.54 570.102 0.558958
16.56 343.842 0.530911
16.58 138.753 0.476758
16.6 -100.174 0.407496
16.62 -285.684 0.33525
16.64 -326.272 0.269481
16.66 -201.984 0.215226
16.68 60.0156 0.173715
16.7 378.298 0.143979
16.72 679.441 0.124342
16.74 926.787 0.113136
16.76 1075.5 0.108805
16.78 1070.18 0.110207
16.8 920.581 0.116912
16.82 682.864 0.128775
16.84 329.608 0.145515
16.86 -263.738 0.167449
16.88 -1261.16 0.19681
16.9 -2815.74 0.238283
16.92 -4968.92 0.298133
16.94 -7618.24 0.381877
16.96 -10580.4 0.491523
16.98 -13618.1 0.623813
17 -16497.8 0.769996
17.02 -19055.6 0.917149
17.04 -21211.4 1.05077
17.06 -22984.8 1.15792
17.08 -24450.5 1.23002
17.1 -25684 1.26453
17.12 -26751 1.26506
17.14 -27651.4 1.23997
17.16 -28290.6 1.19976
17.18 -28548.4 1.15375
17.2 -28315.5 1.10761
17.22 -27500.3 1.06231
17.24 -26099.8 1.01445
17.26 -24235.4 0.958258
17.28 -22078.8 0.888606
17.3 -19795.1 0.803456
17.32 -17534.4 0.704836
17.34 -15363.7 0.598434
17.36 -13232.8 0.491723
17.38 -11057.6 0.391288
17.4 -8815.11 0.30107
17.42 -6562.58 0.222423
17.44 -4375.14 0.155209
17.46 -2274.63 0.0985405
17.48 -229.04 0.0507248
17.5 1785.39 0.00917709
17.52 3751.31 -0.0288126
17.54 5635.13 -0.0647476
17.56 7405.43 -0.0980564
17.58 9047.75 -0.126244
17.6 10560.1 -0.14588
17.62 11933.7 -0.1538
17.64 13077.9 -0.147663
17.66 13816 -0.125271
17.68 14049.6 -0.0837103
17.7 13811.4 -0.0200894
17.72 13218.3 0.0658842
17.74 12452.4 0.170122
17.76 11768.2 0.283795
17.78 11389.6 0.393551
17.8 11409.6 0.483547
17.82 11825.6 0.53904
17.84 12561.6 0.549871
17.86 13519.4 0.512626
17.88 14624.4 0.431033
17.9 15811.9 0.314783
17.92 17014.4 0.177579
17.94 18205.6 0.0347986
17.96 19422.6 -0.0993231
17.98 20693.9 -0.214453
18 21965.4 -0.305431
18.02 23125.8 -0.371558
18.04 24086.5 -0.415025
18.06 24824.4 -0.439798
18.08 25388.5 -0.451208
18.1 25831 -0.455619
18.12 26111.6 -0.459243
18.14 26101.9 -0.46594
18.16 25701.2 -0.475448
18.18 24944.7 -0.483903
18.2 23964.6 -0.486587
18.22 22865.2 -0.480529
18.24 21628.6 -0.464869
18.26 20166.9 -0.439173
18.28 18437.2 -0.401876
18.3 16447.8 -0.350411
18.32 14228.1 -0.282387
18.34 11822.4 -0.196642
18.36 9279.02 -0.0937469
18.38 6640.88 0.0239848
18.4 3945.78 0.152846
18.42 1229.77 0.288159
18.44 -1474.56 0.42464
18.46 -4139.42 0.556784
18.48 -6743.67 0.679351
18.5 -9273.74 0.787959
18.52 -11731.9 0.879669
18.54 -14113.3 0.953374
18.56 -16355.8 1.00953
18.58 -18364.9 1.04913
18.6 -20056.2 1.07266
18.62 -21374.2 1.07977
18.64 -22359.2 1.0699
18.66 -23120 1.04366
18.68 -23674.8 1.00365
18.7 -23911 0.95331
18.72 -23713.2 0.894672
18.74 -23084.4 0.827957
18.76 -22151.2 0.753101
18.78 -21122.2 0.671929
18.8 -20259.9 0.589938
18.82 -19751 0.516343
18.84 -19570 0.461706
18.86 -19567.1 0.433815
18.88 -19652.3 0.434811
18.9 -19780.6 0.461415
18.92 -19870.9 0.506649
18.94 -19824.5 0.561116
18.96 -19645.3 0.614365
18.98 -19486.9 0.657545
19 -19491.1 0.686448
19.02 -19687.3 0.702485
19.04 -20053.3 0.711185
19.06 -20564.1 0.719998
19.08 -21203.5 0.73657
19.1 -21957.3 0.767383
19.12 -22751.7 0.816389
19.14 -23398.5 0.883266
19.16 -23677 0.961812
19.18 -23470.2 1.04023
19.2 -22778.4 1.1041
19.22 -21631 1.14045
19.24 -20040.5 1.14045
19.26 -18036.2 1.10043
19.28 -15708.6 1.0219
19.3 -13200.7 0.911414
19.32 -10677.9 0.780002
19.34 -8273.1 0.641635
19.36 -6001.08 0.51056
19.38 -3789.14 0.397812
19.4 -1558.95 0.308509
19.42 756.473 0.241226
19.44 3198.24 0.189229
19.46 5768 0.142766
19.48 8386.28 0.091924
19.5 10883.3 0.0297293
19.52 13072.6 -0.0453445
19.54 14790.6 -0.128516
19.56 15968.2 -0.209878
19.58 16711.8 -0.277582
19.6 17205.3 -0.322135
19.62 17580.1 -0.339473
19.64 17922 -0.331382
19.66 18297.2 -0.304229
19.68 18737.4 -0.267183
19.7 19250.3 -0.230172
19.72 19842.7 -0.20192
19.74 20533.6 -0.188545
19.76 21351 -0.192937
19.78 22293 -0.214731
19.8 23335.2 -0.250633
19.82 24462.7 -0.295283
19.84 25637.8 -0.342615
19.86 26786.5 -0.387003
19.88 27841.6 -0.423833
19.9 28785.4 -0.449991
19.92 29655.9 -0.46454
19.94 30510.1 -0.469215
19.96 31378.7 -0.46813
19.98 32208.8 -0.466425
20 32867 -0.468102
