0.02 0.0107848 -3.35837e-009 2.78988e-006
0.04 0.0531965 -2.72189e-008 2.17194e-005
0.06 0.135245 -1.09073e-007 8.6226e-005
0.08 0.254248 -2.96275e-007 0.000239662
0.1 0.412749 -6.29429e-007 0.000535933
0.12 0.6186 -1.13539e-006 0.00104008
0.14 0.877269 -1.82617e-006 0.00182993
0.16 1.18636 -2.69445e-006 0.00299477
0.18 1.53844 -3.70914e-006 0.00463135
0.2 1.92687 -4.82619e-006 0.00683991
0.22 2.35395 -6.02885e-006 0.0097235
0.24 2.83358 -7.39392e-006 0.0133913
0.26 3.38123 -9.15611e-006 0.0179623
0.28 4.00168 -1.17317e-005 0.0235627
0.3 4.68813 -1.56815e-005 0.0303155
0.32 5.42942 -2.16253e-005 0.0383263
0.34 6.21269 -3.01336e-005 0.04767
0.36 7.02334 -4.16204e-005 0.058379
0.38 7.85077 -5.62563e-005 0.0704358
0.4 8.6992 -7.39307e-005 0.0837748
0.42 9.58621 -9.42847e-005 0.0982947
0.44 10.5264 -0.000116811 0.113874
0.46 11.5091 -0.00014098 0.130375
0.48 12.4941 -0.000166342 0.147638
0.5 13.4329 -0.000192569 0.165461
0.52 14.3069 -0.000219431 0.18359
0.54 15.1451 -0.000246737 0.201742
0.56 15.9779 -0.000274255 0.219635
0.58 16.8164 -0.000301629 0.237005
0.6 17.6737 -0.000328358 0.25363
0.62 18.5685 -0.000353868 0.269335
0.64 19.5124 -0.000377666 0.284007
0.66 20.4905 -0.000399438 0.297584
0.68 21.4726 -0.00041903 0.310042
0.7 22.4437 -0.000436318 0.321384
0.72 23.3969 -0.000451057 0.331638
0.74 24.3178 -0.000462818 0.340874
0.76 25.1772 -0.00047107 0.349197
0.78 25.935 -0.00047539 0.356737
0.8 26.5497 -0.000475745 0.363629
0.82 26.992 -0.00047271 0.36999
0.84 27.2438 -0.000467541 0.375896
0.86 27.2758 -0.000462019 0.381355
0.88 27.0527 -0.000458102 0.386282
0.9 26.5636 -0.000457499 0.390472
0.92 25.8255 -0.000461313 0.393603
0.94 24.8645 -0.000469822 0.395248
0.96 23.7045 -0.000482428 0.394894
0.98 22.3469 -0.000497707 0.391952
1 20.7623 -0.000513541 0.385776
1.02 18.909 -0.000527277 0.375669
1.04 16.7411 -0.000535932 0.360905
1.06 14.213 -0.000536412 0.34076
1.08 11.3025 -0.000525754 0.314551
1.1 8.0237 -0.000501398 0.281689
1.12 4.4204 -0.000461491 0.241744
1.14 0.546495 -0.000405185 0.194492
1.16 -3.53215 -0.000332835 0.139952
1.18 -7.67489 -0.000246056 0.0784085
1.2 -11.6873 -0.000147558 0.0104491
1.22 -15.4554 -4.07085e-005 -0.0630272
1.24 -18.9787 7.11744e-005 -0.140867
1.26 -22.2991 0.000185594 -0.22175
1.28 -25.4688 0.000301384 -0.304266
1.3 -28.542 0.000418785 -0.386971
1.32 -31.5656 0.000539043 -0.468421
1.34 -34.5834 0.000663653 -0.547199
1.36 -37.642 0.000793381 -0.621935
1.38 -40.801 0.000927314 -0.691346
1.4 -44.1312 0.00106216 -0.7543
1.42 -47.7095 0.0011921 -0.809905
1.44 -51.5883 0.0013093 -0.857619
1.46 -55.7347 0.00140511 -0.897329
1.48 -60.0485 0.00147173 -0.929376
1.5 -64.4481 0.00150387 -0.954563
1.52 -68.9101 0.00150004 -0.974144
1.54 -73.4396 0.00146323 -0.989809
1.56 -78.0457 0.0014006 -1.00363
1.58 -82.7631 0.00132254 -1.01799
1.6 -87.6618 0.00124136 -1.03542
1.62 -92.7299 0.00116982 -1.05851
1.64 -97.6539 0.0011197 -1.08957
1.66 -101.943 0.00110039 -1.13028
1.68 -105.315 0.00111786 -1.18141
1.7 -107.723 0.00117425 -1.24273
1.72 -109.176 0.00126808 -1.31301
1.74 -109.699 0.00139486 -1.39011
1.76 -109.299 0.00154809 -1.47111
1.78 -107.937 0.00172047 -1.55238
1.8 -105.556 0.00190503 -1.62976
1.82 -102.111 0.00209553 -1.69862
1.84 -97.6029 0.00228602 -1.75402
1.86 -92.0744 0.00246954 -1.79094
1.88 -85.5837 0.00263652 -1.80449
1.9 -78.2083 0.00277396 -1.79026
1.92 -70.0585 0.0028658 -1.74456
1.94 -61.2733 0.00289491 -1.66476
1.96 -52.0141 0.00284595 -1.54946
1.98 -42.4639 0.00270819 -1.39865
2 -32.8268 0.00247759 -1.21383
2.02 -23.326 0.00215737 -0.997976
2.04 -14.2034 0.00175731 -0.755513
2.06 -5.71484 0.00129213 -0.49223
2.08 1.88901 0.000779486 -0.215109
2.1 8.37683 0.000238208 0.0678881
2.12 13.5353 -0.000313013 0.348085
2.14 17.234 -0.000856342 0.616398
2.16 19.4925 -0.0013751 0.863709
2.18 20.7008 -0.00185388 1.08134
2.2 21.6191 -0.00227881 1.26168
2.22 22.6642 -0.00263764 1.39865
2.24 23.7519 -0.00291937 1.48797
2.26 24.7226 -0.0031137 1.52709
2.28 25.3829 -0.00321075 1.51519
2.3 25.5304 -0.00320125 1.45316
2.32 25.017 -0.00307711 1.34356
2.34 23.7473 -0.00283261 1.19068
2.36 21.6644 -0.00246628 1.00042
2.38 18.7447 -0.00198358 0.780248
2.4 14.9801 -0.0013998 0.538914
2.42 10.5048 -0.000741963 0.286079
2.44 5.98309 -4.87955e-005 0.031925
2.46 2.22525 0.000632354 -0.213169
2.48 -0.502097 0.00125159 -0.439117
2.5 -2.21909 0.00176449 -0.636802
2.52 -2.99697 0.00213945 -0.798681
2.54 -3.00789 0.00236239 -0.919206
2.56 -2.33068 0.00243761 -0.995036
2.58 -0.727862 0.0023851 -1.02493
2.6 2.09856 0.00223494 -1.00937
2.62 6.17318 0.00202042 -0.950153
2.64 11.3915 0.00177121 -0.85003
2.66 17.6224 0.00150777 -0.712419
2.68 24.6954 0.00123826 -0.541199
2.7 32.4326 0.00095891 -0.34061
2.72 40.6529 0.000657852 -0.115209
2.74 49.1725 0.000321275 0.130144
2.76 57.8066 -6.03146e-005 0.390309
2.78 66.3715 -0.000487818 0.659903
2.8 74.7367 -0.000952525 0.933345
2.82 82.8784 -0.00143824 1.20492
2.84 90.8405 -0.00192529 1.46891
2.86 98.655 -0.00239461 1.71967
2.88 106.267 -0.0028306 1.95181
2.9 113.538 -0.00322205 2.16028
2.92 120.307 -0.0035615 2.34054
2.94 126.411 -0.00384369 2.48871
2.96 131.687 -0.0040639 2.60175
2.98 135.986 -0.00421695 2.67761
3 139.184 -0.00429711 2.71539
3.02 141.282 -0.00429913 2.71543
3.04 142.459 -0.00422006 2.67942
3.06 142.856 -0.00406131 2.61041
3.08 142.492 -0.00382998 2.51265
3.1 141.368 -0.003539 2.39133
3.12 139.476 -0.00320594 2.25218
3.14 136.801 -0.0028508 2.10114
3.16 133.324 -0.00249329 1.94399
3.18 129.032 -0.00215026 1.786
3.2 124.048 -0.00183411 1.63179
3.22 118.649 -0.0015524 1.48517
3.24 112.957 -0.00130885 1.34916
3.26 106.929 -0.00110472 1.22589
3.28 100.489 -0.000940215 1.11652
3.3 93.5278 -0.000815301 1.02117
3.32 85.9148 -0.000729616 0.93894
3.34 77.8046 -0.00068168 0.868056
3.36 69.7498 -0.000668018 0.806195
3.38 62.0446 -0.000682634 0.75088
3.4 54.57 -0.000716896 0.699632
3.42 47.1555 -0.000760115 0.649991
3.44 39.5872 -0.000800894 0.599507
3.46 31.8449 -0.000828685 0.545777
3.48 24.2503 -0.000834949 0.486623
3.5 17.016 -0.000813524 0.420317
3.52 10.1118 -0.000760193 0.345697
3.54 3.48435 -0.000672219 0.262209
3.56 -2.93841 -0.000548635 0.169914
3.58 -9.2439 -0.000391141 0.0694356
3.6 -15.4956 -0.000204806 -0.0381549
3.62 -21.6517 2.20923e-006 -0.151448
3.64 -27.6042 0.000220044 -0.268759
3.66 -33.3227 0.000439131 -0.388174
3.68 -38.8171 0.000651873 -0.50762
3.7 -44.0985 0.000853291 -0.624962
3.72 -49.1983 0.00104057 -0.738111
3.74 -54.1629 0.00121211 -0.845164
3.76 -59.0331 0.00136665 -0.944521
3.78 -63.782 0.00150299 -1.03496
3.8 -68.2938 0.00162013 -1.11563
3.82 -72.4389 0.00171749 -1.18597
3.84 -76.1686 0.00179505 -1.24568
3.86 -79.5312 0.00185334 -1.29469
3.88 -82.6177 0.00189317 -1.33322
3.9 -85.5389 0.00191551 -1.36181
3.92 -88.424 0.0019215 -1.38133
3.94 -91.4089 0.0019128 -1.39297
3.96 -94.6207 0.00189192 -1.39826
3.98 -98.017 0.00186232 -1.39891
4 -101.333 0.00182796 -1.39669
4.02 -104.394 0.00179239 -1.39319
4.04 -107.221 0.00175799 -1.38983
4.06 -109.824 0.00172569 -1.38787
4.08 -112.137 0.00169522 -1.38843
4.1 -114.149 0.00166598 -1.3925
4.12 -115.928 0.00163833 -1.40096
4.14 -117.551 0.00161476 -1.41453
4.16 -119.105 0.00160044 -1.43375
4.18 -120.679 0.00160256 -1.45892
4.2 -122.361 0.00162858 -1.49
4.22 -124.235 0.00168396 -1.52658
4.24 -126.382 0.00177005 -1.56796
4.26 -128.877 0.00188306 -1.61313
4.28 -131.767 0.00201446 -1.66092
4.3 -135.048 0.00215248 -1.71007
4.32 -138.69 0.00228452 -1.75934
4.34 -142.582 0.0023995 -1.80757
4.36 -146.334 0.00248977 -1.85374
4.38 -149.453 0.00255202 -1.89704
4.4 -151.832 0.00258729 -1.93683
4.42 -153.571 0.00260037 -1.97272
4.44 -154.621 0.0025984 -2.0045
4.46 -154.776 0.00258931 -2.03192
4.48 -153.771 0.00258022 -2.0545
4.5 -151.443 0.00257645 -2.07141
4.52 -147.823 0.002581 -2.08137
4.54 -143.044 0.00259444 -2.08274
4.56 -137.261 0.00261509 -2.07355
4.58 -130.654 0.00263939 -2.05163
4.6 -123.422 0.00266234 -2.0147
4.62 -115.776 0.00267816 -1.96056
4.64 -107.934 0.00268051 -1.88721
4.66 -100.098 0.00266248 -1.79305
4.68 -92.2272 0.00261597 -1.67701
4.7 -83.988 0.00253124 -1.5386
4.72 -75.235 0.00239696 -1.37793
4.74 -66.0997 0.00220177 -1.19599
4.76 -56.767 0.00193691 -0.994796
4.78 -47.4762 0.00159903 -0.777557
4.8 -38.5004 0.00119258 -0.54869
4.82 -30.1309 0.000730907 -0.313717
4.84 -22.5642 0.000235707 -0.0790221
4.86 -15.5129 -0.00026536 0.148641
4.88 -8.43646 -0.000742842 0.362842
4.9 -1.19857 -0.00117025 0.558056
4.92 6.07329 -0.00152802 0.729929
4.94 13.2363 -0.00180576 0.875367
4.96 20.2105 -0.00200237 0.992557
4.98 27.1612 -0.00212408 1.08101
5 34.2755 -0.0021808 1.14161
5.02 41.5534 -0.00218225 1.17656
5.04 48.9456 -0.00213511 1.18928
5.06 56.4037 -0.00204268 1.18418
5.08 63.871 -0.00190699 1.1665
5.1 71.298 -0.00173231 1.14193
5.12 78.6692 -0.00152811 1.11624
5.14 86.0962 -0.00131006 1.09494
5.16 93.7732 -0.00109887 1.08303
5.18 101.81 -0.000917319 1.0847
5.2 110.232 -0.000786787 1.1032
5.22 119.008 -0.000724375 1.14072
5.24 128.035 -0.00074109 1.1983
5.26 137.16 -0.000841084 1.27583
5.28 146.297 -0.0010216 1.37206
5.3 155.591 -0.00127342 1.48471
5.32 165.151 -0.00158171 1.61061
5.34 174.838 -0.00192729 1.74595
5.36 184.459 -0.00228827 1.8865
5.38 193.804 -0.00264213 2.02793
5.4 202.645 -0.00296801 2.16611
5.42 210.763 -0.00324884 2.29732
5.44 217.97 -0.00347317 2.41849
5.46 224.187 -0.00363625 2.52728
5.48 229.473 -0.0037401 2.62216
5.5 233.933 -0.00379272 2.70233
5.52 237.604 -0.00380633 2.76761
5.54 240.435 -0.00379502 2.81832
5.56 242.34 -0.00377235 2.85505
5.58 243.224 -0.00374917 2.87843
5.6 242.986 -0.00373195 2.88886
5.62 241.524 -0.00372202 2.88641
5.64 238.743 -0.00371614 2.87076
5.66 234.63 -0.00370775 2.84119
5.68 229.349 -0.00368883 2.79675
5.7 223.134 -0.00365179 2.73642
5.72 216.13 -0.00359113 2.65928
5.74 208.361 -0.00350413 2.5646
5.76 199.801 -0.00339065 2.45184
5.78 190.461 -0.00325204 2.32073
5.8 180.437 -0.00308961 2.17126
5.82 169.855 -0.00290314 2.00384
5.84 158.798 -0.00269016 1.8194
5.86 147.326 -0.00244613 1.61945
5.88 135.518 -0.00216606 1.40609
5.9 123.453 -0.00184678 1.18205
5.92 111.184 -0.00148919 0.95051
5.94 98.7494 -0.00109965 0.715042
5.96 86.1613 -0.000689694 0.479352
5.98 73.4192 -0.000274494 0.247099
6 60.5767 0.000129655 0.0217284
6.02 47.7868 0.000507785 -0.193657
6.04 35.2502 0.000848112 -0.396364
6.06 23.1054 0.001143 -0.584178
6.08 11.3596 0.00138908 -0.755438
6.1 -0.035971 0.00158681 -0.909103
6.12 -11.0665 0.00173956 -1.04476
6.14 -21.6627 0.00185271 -1.16257
6.16 -31.8075 0.00193277 -1.26316
6.18 -41.5447 0.00198687 -1.34754
6.2 -50.9315 0.00202215 -1.41699
6.22 -60.0319 0.00204521 -1.4729
6.24 -68.8587 0.00206147 -1.51674
6.26 -77.3409 0.00207446 -1.54992
6.28 -85.4028 0.00208562 -1.57379
6.3 -93.0267 0.00209443 -1.58957
6.32 -100.24 0.0020991 -1.59843
6.34 -107.07 0.00209744 -1.60148
6.36 -113.509 0.00208771 -1.59981
6.38 -119.539 0.00206922 -1.5945
6.4 -125.169 0.00204257 -1.58665
6.42 -130.424 0.00200968 -1.57741
6.44 -135.332 0.00197343 -1.56792
6.46 -139.904 0.0019372 -1.55932
6.48 -144.105 0.00190435 -1.55271
6.5 -147.869 0.00187768 -1.54908
6.52 -151.177 0.00185925 -1.5493
6.54 -154.06 0.00185029 -1.55404
6.56 -156.55 0.00185138 -1.56376
6.58 -158.666 0.00186271 -1.5787
6.6 -160.432 0.00188431 -1.59883
6.62 -161.894 0.00191617 -1.62389
6.64 -163.066 0.00195822 -1.65337
6.66 -163.898 0.00201021 -1.68645
6.68 -164.352 0.00207131 -1.72203
6.7 -164.418 0.00213993 -1.75868
6.72 -164.067 0.0022137 -1.79478
6.74 -163.273 0.00228955 -1.82859
6.76 -162.029 0.00236395 -1.85826
6.78 -160.345 0.0024332 -1.88201
6.8 -158.247 0.0024939 -1.89811
6.82 -155.77 0.00254319 -1.90497
6.84 -152.98 0.00257887 -1.90121
6.86 -149.955 0.00259911 -1.88568
6.88 -146.683 0.00260199 -1.85754
6.9 -143.005 0.00258495 -1.81618
6.92 -138.794 0.00254455 -1.76128
6.94 -134.053 0.00247684 -1.69276
6.96 -128.852 0.00237826 -1.61089
6.98 -123.255 0.00224669 -1.51635
7 -117.267 0.00208233 -1.41024
7.02 -110.837 0.00188819 -1.29401
7.04 -103.937 0.00167008 -1.16935
7.06 -96.6224 0.00143611 -1.03816
7.08 -89.0048 0.00119584 -0.902416
7.1 -81.2106 0.000958864 -0.7641
7.12 -73.3615 0.000733319 -0.625146
7.14 -65.5648 0.000524704 -0.487364
7.16 -57.8683 0.000335326 -0.35239
7.18 -50.2323 0.00016455 -0.221628
7.2 -42.5998 9.63408e-006 -0.0961895
7.22 -34.9758 -0.000133169 0.0231188
7.24 -27.3939 -0.000267583 0.135761
7.26 -19.871 -0.000396574 0.241414
7.28 -12.4375 -0.000521927 0.339898
7.3 -5.14634 -0.000644018 0.431114
7.32 1.94677 -0.000761736 0.514995
7.34 8.78495 -0.000872604 0.591485
7.36 15.3219 -0.000973199 0.660554
7.38 21.5532 -0.0010599 0.722229
7.4 27.5104 -0.00112981 0.776641
7.42 33.1968 -0.00118165 0.824051
7.44 38.5498 -0.00121624 0.864854
7.46 43.4928 -0.00123637 0.899553
7.48 48.0198 -0.00124625 0.928728
7.5 52.1963 -0.00125061 0.953024
7.52 56.0858 -0.00125373 0.973141
7.54 59.724 -0.00125864 0.989803
7.56 63.1186 -0.00126676 1.00373
7.58 66.2548 -0.00127794 1.0156
7.6 69.1048 -0.0012909 1.02604
7.62 71.6238 -0.00130397 1.03554
7.64 73.7596 -0.00131561 1.04451
7.66 75.4692 -0.00132489 1.05319
7.68 76.7456 -0.00133156 1.0617
7.7 77.6125 -0.00133605 1.07007
7.72 78.0696 -0.00133929 1.07821
7.74 78.0658 -0.00134242 1.08593
7.76 77.583 -0.00134654 1.09285
7.78 76.6727 -0.00135247 1.0984
7.8 75.3931 -0.00136071 1.10195
7.82 73.8288 -0.00137129 1.10279
7.84 72.0722 -0.00138367 1.1002
7.86 70.1738 -0.00139675 1.09352
7.88 68.166 -0.00140883 1.08214
7.9 66.0682 -0.00141785 1.06551
7.92 63.8863 -0.0014214 1.04315
7.94 61.6194 -0.00141674 1.01469
7.96 59.2298 -0.00140073 0.979883
7.98 56.6205 -0.00136985 0.938596
8 53.7516 -0.00132055 0.890879
8.02 50.7187 -0.00125005 0.837014
8.04 47.6389 -0.00115736 0.777601
8.06 44.5538 -0.00104402 0.713578
8.08 41.4639 -0.000914358 0.646161
8.1 38.3799 -0.000774973 0.576758
8.12 35.3174 -0.000633799 0.506871
8.14 32.2926 -0.000498772 0.437996
8.16 29.3241 -0.000376486 0.371526
8.18 26.4325 -0.000271121 0.30868
8.2 23.6484 -0.000183963 0.250461
8.22 21.0019 -0.000113677 0.197642
8.24 18.4991 -5.72316e-005 0.150764
8.26 16.1146 -1.1145e-005 0.110132
8.28 13.8024 2.73866e-005 0.0758049
8.3 11.5001 5.98335e-005 0.0475911
8.32 9.15043 8.62834e-005 0.0250537
8.34 6.72212 0.000105895 0.00753829
8.36 4.20123 0.000117595 -0.00578517
8.38 1.58031 0.000120736 -0.0158765
8.4 -1.14047 0.000115505 -0.0237853
8.42 -3.95619 0.000103014 -0.0306192
8.44 -6.85033 8.51249e-005 -0.0375178
8.46 -9.80301 6.41744e-005 -0.0456294
8.48 -12.8146 4.27689e-005 -0.0560926
8.5 -15.9113 2.37253e-005 -0.0700218
8.52 -19.0168 1.00847e-005 -0.088461
8.54 -21.8636 5.00689e-006 -0.112255
8.56 -24.2341 1.15113e-005 -0.141895
8.58 -26.0806 3.22251e-005 -0.177446
8.6 -27.4144 6.91748e-005 -0.218528
8.62 -28.2735 0.000123546 -0.26433
8.64 -28.7124 0.000195478 -0.313645
8.66 -28.7881 0.000284011 -0.364909
8.68 -28.5546 0.000387172 -0.416263
8.7 -28.0617 0.000502126 -0.465602
8.72 -27.3552 0.000625185 -0.510646
8.74 -26.4562 0.000751564 -0.549021
8.76 -25.3351 0.000874936 -0.578356
8.78 -23.9422 0.000987129 -0.596408
8.8 -22.2723 0.00107833 -0.60121
8.82 -20.3646 0.00113806 -0.591253
8.84 -18.238 0.00115674 -0.565643
8.86 -15.9019 0.00112747 -0.524198
8.88 -13.4342 0.00104743 -0.467508
8.9 -10.9744 0.000918787 -0.396955
8.92 -8.68011 0.000748564 -0.314701
8.94 -6.73987 0.000547697 -0.223617
8.96 -5.27699 0.000329357 -0.127155
8.98 -4.05635 0.000106896 -0.0290871
9 -2.7058 -0.000108179 0.0668807
9.02 -1.19708 -0.000307475 0.157374
9.04 0.341562 -0.000485831 0.239435
9.06 1.90504 -0.000640673 0.310566
9.08 3.55057 -0.000771023 0.368824
9.1 5.2559 -0.000876296 0.412867
9.12 6.96746 -0.000955033 0.441963
9.14 8.67355 -0.00100408 0.455999
9.16 10.3075 -0.00101868 0.455497
9.18 11.7251 -0.000993645 0.441592
9.2 12.7472 -0.000925425 0.415936
9.22 13.1676 -0.000814247 0.380541
9.24 12.9086 -0.000665581 0.337623
9.26 12.1509 -0.000490339 0.289506
9.28 11.0906 -0.0003037 0.238573
9.3 9.82299 -0.000122791 0.187168
9.32 8.48678 3.60996e-005 0.137461
9.34 7.25174 0.000159934 0.0913393
9.36 6.27634 0.000240571 0.0503348
9.38 5.70788 0.000275597 0.0155667
9.4 5.64377 0.000268432 -0.0122649
9.42 6.07576 0.000227792 -0.0328519
9.44 6.88013 0.000166476 -0.046225
9.46 7.88283 9.94301e-005 -0.0526761
9.48 8.89723 4.12138e-005 -0.0526585
9.5 9.708 3.3494e-006 -0.0466994
9.52 10.0891 -7.80629e-006 -0.0353561
9.54 10.0785 7.74795e-006 -0.0191587
9.56 9.98152 4.34983e-005 0.00152245
9.58 9.9388 8.74384e-005 0.0265445
9.6 9.9346 0.000124312 0.0558793
9.62 9.95189 0.000138571 0.089413
9.64 9.91547 0.000117402 0.126737
9.66 9.69819 5.33867e-005 0.166954
9.68 9.29068 -5.36526e-005 0.208578
9.7 8.87945 -0.000196105 0.249622
9.72 8.56685 -0.000359509 0.287799
9.74 8.27208 -0.000524837 0.320718
9.76 7.90475 -0.000671838 0.346064
9.78 7.39531 -0.000782843 0.361786
9.8 6.65426 -0.000845971 0.366254
9.82 5.57667 -0.000856731 0.358356
9.84 4.07199 -0.000817631 0.33755
9.86 2.08682 -0.000736198 0.303884
9.88 -0.36777 -0.000622359 0.257998
9.9 -3.19732 -0.000486192 0.201107
9.92 -6.25842 -0.000336649 0.13494
9.94 -9.4281 -0.000181225 0.0616199
9.96 -12.5954 -2.61749e-005 -0.0165066
9.98 -15.6233 0.000123187 -0.0970442
10 -18.4541 0.000262424 -0.177707
10.02 -21.1491 0.000388295 -0.25648
10.04 -23.8076 0.000499288 -0.331749
10.06 -26.465 0.00059595 -0.402349
10.08 -29.0355 0.000680698 -0.467495
10.1 -31.44 0.000757047 -0.526653
10.12 -33.657 0.000828482 -0.579426
10.14 -35.6386 0.00089728 -0.625473
10.16 -37.3131 0.000963545 -0.66443
10.18 -38.6345 0.00102483 -0.695881
10.2 -39.6068 0.00107655 -0.719384
10.22 -40.2662 0.00111328 -0.734541
10.24 -40.6782 0.00113029 -0.741083
10.26 -40.9493 0.00112515 -0.738954
10.28 -41.2072 0.00109851 -0.728392
10.3 -41.582 0.00105399 -0.709984
10.32 -42.1302 0.000997136 -0.684684
10.34 -42.7594 0.000933771 -0.653762
10.36 -43.2833 0.000868336 -0.618682
10.38 -43.5602 0.000802793 -0.580985
10.4 -43.5773 0.000736515 -0.542232
10.42 -43.315 0.000667118 -0.503977
10.44 -42.6649 0.000591895 -0.467703
10.46 -41.6075 0.000509452 -0.434739
10.48 -40.2611 0.000421227 -0.406224
10.5 -38.7783 0.000332415 -0.383096
10.52 -37.3017 0.000251788 -0.36604
10.54 -35.943 0.000190255 -0.355423
10.56 -34.7562 0.000158425 -0.351224
10.58 -33.7014 0.000163819 -0.352964
10.6 -32.6793 0.000208531 -0.35968
10.62 -31.5988 0.00028807 -0.369942
10.64 -30.381 0.000391703 -0.381953
10.66 -28.9716 0.000504233 -0.393699
10.68 -27.3385 0.000608798 -0.403139
10.7 -25.4249 0.000690031 -0.408378
10.72 -23.1511 0.000736883 -0.407796
10.74 -20.4501 0.00074445 -0.400119
10.76 -17.3163 0.000714413 -0.384442
10.78 -13.8214 0.000654021 -0.360241
10.8 -10.0737 0.00057389 -0.327346
10.82 -6.17898 0.000485215 -0.285909
10.84 -2.19189 0.000397133 -0.236318
10.86 1.87886 0.000314916 -0.179113
10.88 6.03433 0.000239352 -0.114897
10.9 10.3089 0.000167273 -0.0442701
10.92 14.7152 9.28772e-005 0.0321985
10.94 19.1762 9.41264e-006 0.113936
10.96 23.5779 -8.9141e-005 0.200276
10.98 27.7999 -0.000206696 0.29035
11 31.7356 -0.00034415 0.383009
11.02 35.3651 -0.000499058 0.476796
11.04 38.7667 -0.000665957 0.569993
11.06 42.0523 -0.000837313 0.66074
11.08 45.2899 -0.00100484 0.747151
11.1 48.4511 -0.00116094 0.827413
11.12 51.4482 -0.00129976 0.899831
11.14 54.1823 -0.00141775 0.962874
11.16 56.5466 -0.00151345 1.01521
11.18 58.4649 -0.00158659 1.05575
11.2 59.971 -0.0016371 1.08373
11.22 61.1844 -0.00166438 1.09883
11.24 62.2172 -0.00166721 1.10125
11.26 63.1459 -0.00164442 1.09174
11.28 64.0005 -0.00159589 1.0716
11.3 64.7789 -0.0015235 1.04251
11.32 65.4739 -0.00143145 1.00646
11.34 66.0752 -0.00132588 0.965586
11.36 66.5775 -0.00121373 0.922057
11.38 67.0184 -0.00110153 0.877979
11.4 67.4849 -0.000994399 0.835354
11.42 68.0747 -0.000895813 0.796061
11.44 68.8946 -0.000808011 0.761837
11.46 70.0083 -0.000732807 0.734248
11.48 71.3933 -0.000672303 0.714634
11.5 72.9956 -0.000629157 0.704048
11.52 74.7601 -0.000606269 0.703209
11.54 76.6319 -0.000606051 0.712481
11.56 78.5539 -0.000629609 0.731874
11.58 80.4544 -0.000676188 0.761061
11.6 82.2448 -0.000743153 0.799405
11.62 83.8277 -0.000826505 0.845965
11.64 85.104 -0.000921692 0.899462
11.66 85.9796 -0.00102445 0.958266
11.68 86.3664 -0.00113152 1.02041
11.7 86.1773 -0.00124083 1.08363
11.72 85.3358 -0.00135121 1.14539
11.74 83.7814 -0.00146176 1.20289
11.76 81.4607 -0.00157116 1.2532
11.78 78.3178 -0.00167717 1.29326
11.8 74.2747 -0.0017763 1.31994
11.82 69.2239 -0.00186363 1.33015
11.84 63.0522 -0.00193282 1.32083
11.86 55.754 -0.00197631 1.28913
11.88 47.5343 -0.00198584 1.23256
11.9 38.6881 -0.00195332 1.14929
11.92 29.4715 -0.00187186 1.03833
11.94 20.0565 -0.00173659 0.899662
11.96 10.5196 -0.0015452 0.73428
11.98 0.952268 -0.00129818 0.544133
12 -8.48838 -0.000998573 0.332114
12.02 -17.6562 -0.000651483 0.102005
12.04 -26.4683 -0.000263283 -0.14159
12.06 -34.8765 0.000158955 -0.393358
12.08 -42.8352 0.00060741 -0.647408
12.1 -50.278 0.00107278 -0.897434
12.12 -57.0947 0.00154332 -1.13693
12.14 -63.1611 0.00200426 -1.35944
12.16 -68.3696 0.00243802 -1.55882
12.18 -72.6272 0.00282553 -1.7295
12.2 -75.8568 0.00314828 -1.86673
12.22 -77.9995 0.00339065 -1.9668
12.24 -79.0499 0.00354176 -2.02717
12.26 -79.1188 0.00359666 -2.04666
12.28 -78.3804 0.0035566 -2.02546
12.3 -76.955 0.00342838 -1.96522
12.32 -74.9439 0.00322306 -1.86891
12.34 -72.4523 0.00295422 -1.74067
12.36 -69.529 0.00263632 -1.58556
12.38 -66.2436 0.00228321 -1.40933
12.4 -62.7426 0.00190731 -1.2182
12.42 -59.163 0.00151922 -1.01862
12.44 -55.5842 0.00112799 -0.817101
12.46 -52.0466 0.000741765 -0.620009
12.48 -48.5941 0.000368701 -0.433343
12.5 -45.3256 1.77802e-005 -0.262598
12.52 -42.3603 -0.00030074 -0.112629
12.54 -39.7554 -0.000575622 0.012471
12.56 -37.5491 -0.000795677 0.109498
12.58 -35.7801 -0.000951192 0.176235
12.6 -34.4284 -0.00103534 0.211523
12.62 -33.4465 -0.00104521 0.215332
12.64 -32.782 -0.000982237 0.188773
12.66 -32.3677 -0.000852034 0.134062
12.68 -32.1593 -0.000663693 0.0544368
12.7 -32.1303 -0.000428756 -0.0459987
12.72 -32.2378 -0.000160005 -0.162457
12.74 -32.3943 0.000129678 -0.289659
12.76 -32.4658 0.000428171 -0.422012
12.78 -32.3292 0.000724585 -0.55379
12.8 -31.9276 0.00100933 -0.679323
12.82 -31.2601 0.00127386 -0.793223
12.84 -30.3494 0.00151027 -0.890601
12.86 -29.2108 0.00171089 -0.967258
12.88 -27.8348 0.00186826 -1.01983
12.9 -26.2022 0.00197536 -1.04591
12.92 -24.297 0.00202625 -1.04408
12.94 -22.0881 0.00201676 -1.01394
12.96 -19.5378 0.00194505 -0.95612
12.98 -16.6584 0.00181186 -0.872192
13 -13.5188 0.00162059 -0.764658
13.02 -10.2154 0.00137728 -0.636892
13.04 -6.85617 0.00109051 -0.493031
13.06 -3.54234 0.000771156 -0.337827
13.08 -0.386315 0.000432047 -0.176465
13.1 2.4853 8.72453e-005 -0.0143596
13.12 4.95912 -0.0002489 0.14305
13.14 6.9921 -0.000562931 0.290515
13.16 8.65076 -0.000843472 0.423205
13.18 10.0116 -0.00108209 0.536924
13.2 11.11 -0.00127357 0.62826
13.22 11.9763 -0.00141546 0.69467
13.24 12.6209 -0.00150727 0.734538
13.26 13.022 -0.00154944 0.747182
13.28 13.15 -0.0015425 0.732842
13.3 12.9691 -0.0014866 0.69264
13.32 12.4019 -0.00138162 0.628516
13.34 11.4492 -0.00122771 0.543161
13.36 10.2743 -0.00102645 0.439989
13.38 9.00506 -0.000782147 0.323095
13.4 7.64232 -0.000502721 0.19711
13.42 6.15388 -0.000199883 0.0669723
13.44 4.57282 0.000111514 -0.0623137
13.46 3.09697 0.000414799 -0.185866
13.48 1.98956 0.000693242 -0.299054
13.5 1.34662 0.000932043 -0.397647
13.52 1.10573 0.00112017 -0.478025
13.54 1.20463 0.00125145 -0.537362
13.56 1.6326 0.00132462 -0.573732
13.58 2.43169 0.00134231 -0.586125
13.6 3.65434 0.00130966 -0.57441
13.62 5.3092 0.00123299 -0.539269
13.64 7.36867 0.00111879 -0.482107
13.66 9.78709 0.00097303 -0.40495
13.68 12.491 0.000800798 -0.310337
13.7 15.3918 0.000606151 -0.201235
13.72 18.4026 0.00039242 -0.0809559
13.74 21.4164 0.000162873 0.0469202
13.76 24.3177 -7.84431e-005 0.178626
13.78 26.9589 -0.000326039 0.310289
13.8 29.1623 -0.000572797 0.437997
13.82 30.8972 -0.000810414 0.557902
13.84 32.3177 -0.00103041 0.666385
13.86 33.6216 -0.00122525 0.760265
13.88 34.9304 -0.00138919 0.83695
13.9 36.23 -0.00151845 0.8945
13.92 37.443 -0.00161084 0.931632
13.94 38.4846 -0.00166522 0.947708
13.96 39.2656 -0.0016807 0.942724
13.98 39.7133 -0.00165619 0.917301
14 39.7795 -0.00159015 0.872693
14.02 39.4165 -0.00148101 0.810788
14.04 38.6328 -0.00132825 0.734098
14.06 37.5943 -0.00113396 0.645747
14.08 36.4911 -0.000904515 0.549432
14.1 35.4385 -0.000651229 0.449275
14.12 34.5352 -0.000389756 0.349603
14.14 33.8251 -0.0001381 0.254691
14.16 33.2708 8.6223e-005 0.168491
14.18 32.7587 0.000269138 0.0943764
14.2 32.1509 0.000402235 0.0349266
14.22 31.3346 0.000483668 -0.00819703
14.24 30.207 0.000517521 -0.0343025
14.26 28.7269 0.00051186 -0.0436425
14.28 26.9611 0.00047604 -0.0373029
14.3 25.0553 0.000418021 -0.0170333
14.32 23.1663 0.000342539 0.0149292
14.34 21.3915 0.000250669 0.0559994
14.36 19.7221 0.000140902 0.103325
14.38 18.0592 1.13589e-005 0.153821
14.4 16.2706 -0.000137633 0.204204
14.42 14.2434 -0.00030143 0.25106
14.44 11.9637 -0.000470163 0.290984
14.46 9.4924 -0.000629411 0.320793
14.48 6.87033 -0.000762339 0.337742
14.5 4.09337 -0.000852791 0.339697
14.52 1.12591 -0.000888539 0.325238
14.54 -2.04073 -0.000863802 0.293702
14.56 -5.36388 -0.000780301 0.245182
14.58 -8.78233 -0.000646488 0.180496
14.6 -12.2177 -0.000475192 0.101125
14.62 -15.5604 -0.000280505 0.00913642
14.64 -18.7183 -7.49149e-005 -0.0928877
14.66 -21.683 0.000132496 -0.201967
14.68 -24.4893 0.0003365 -0.31488
14.7 -27.1557 0.00053498 -0.428335
14.72 -29.6884 0.0007275 -0.539106
14.74 -32.0755 0.000913799 -0.644146
14.76 -34.2934 0.00109266 -0.740662
14.78 -36.3436 0.0012613 -0.826178
14.8 -38.2079 0.00141534 -0.898587
14.82 -39.7458 0.00154899 -0.956163
14.84 -40.7731 0.00165552 -0.997537
14.86 -41.2425 0.00172804 -1.02172
14.88 -41.2271 0.0017606 -1.0282
14.9 -40.8276 0.00174944 -1.01703
14.92 -40.1547 0.00169396 -0.988884
14.94 -39.2714 0.00159719 -0.945078
14.96 -38.1548 0.00146563 -0.887459
14.98 -36.7527 0.00130833 -0.818278
15 -35.0622 0.00113554 -0.740032
15.02 -33.1746 0.000957209 -0.655352
15.04 -31.2303 0.000781518 -0.56694
15.06 -29.3742 0.000613967 -0.477525
15.08 -27.7144 0.000457219 -0.38983
15.1 -26.2582 0.000311804 -0.3065
15.12 -24.9329 0.000177388 -0.229996
15.14 -23.6547 5.41212e-005 -0.162466
15.16 -22.3754 -5.64809e-005 -0.105644
15.18 -21.0923 -0.000151425 -0.0607958
15.2 -19.8331 -0.00022685 -0.0287144
15.22 -18.6478 -0.000278959 -0.00974226
15.24 -17.6012 -0.000304792 -0.00381414
15.26 -16.7177 -0.000302562 -0.0104845
15.28 -15.9347 -0.000271637 -0.0289091
15.3 -15.1481 -0.000212441 -0.0577934
15.32 -14.2788 -0.000126545 -0.095361
15.34 -13.3129 -1.69704e-005 -0.139386
15.36 -12.2808 0.000111422 -0.187295
15.38 -11.2187 0.000251751 -0.236311
15.4 -10.1206 0.000395397 -0.28361
15.42 -8.92875 0.000532824 -0.326442
15.44 -7.62518 0.000654811 -0.362248
15.46 -6.24964 0.000753721 -0.388783
15.48 -4.85333 0.00082436 -0.404228
15.5 -3.4712 0.00086412 -0.407276
15.52 -2.09178 0.000872443 -0.397183
15.54 -0.68074 0.000849993 -0.373786
15.56 0.7632 0.000797972 -0.337505
15.58 2.18456 0.000717884 -0.289344
15.6 3.50953 0.000611714 -0.230872
15.62 4.73655 0.000482273 -0.164156
15.64 5.96163 0.000333445 -0.0916252
15.66 7.29861 0.000170238 -0.0158932
15.68 8.8233 -1.29563e-006 0.060399
15.7 10.5277 -0.000174253 0.134712
15.72 12.3123 -0.000341204 0.204687
15.74 14.0607 -0.000494649 0.2682
15.76 15.6717 -0.00062757 0.323412
15.78 17.0961 -0.000733948 0.368836
15.8 18.373 -0.000809188 0.403418
15.82 19.5789 -0.000850477 0.426639
15.84 20.7494 -0.000857109 0.43857
15.86 21.8603 -0.000830773 0.439852
15.88 22.8638 -0.000775707 0.431613
15.9 23.7111 -0.000698522 0.415331
15.92 24.3809 -0.000607504 0.392697
15.94 24.9102 -0.000511419 0.36549
15.96 25.3627 -0.000418097 0.335501
15.98 25.8067 -0.000333253 0.304472
16 26.3119 -0.000259965 0.274071
16.02 26.8965 -0.000198963 0.245844
16.04 27.5115 -0.000149519 0.221161
16.06 28.0876 -0.000110488 0.201135
16.08 28.5541 -8.10865e-005 0.186566
16.1 28.847 -6.11579e-005 0.177913
16.12 28.9288 -5.09734e-005 0.175297
16.14 28.8154 -5.08408e-005 0.17854
16.16 28.5959 -6.08474e-005 0.187244
16.18 28.4398 -8.09095e-005 0.200887
16.2 28.5033 -0.00011104 0.218908
16.22 28.7953 -0.000151518 0.240727
16.24 29.2294 -0.000202711 0.265676
16.26 29.7041 -0.000264533 0.292937
16.28 30.1003 -0.000335732 0.321495
16.3 30.3185 -0.000413264 0.350146
16.32 30.3382 -0.000492067 0.377557
16.34 30.1615 -0.000565516 0.402379
16.36 29.7505 -0.000626537 0.423354
16.38 29.0836 -0.000669162 0.439387
16.4 28.1731 -0.00069008 0.449601
16.42 27.0323 -0.000689613 0.453354
16.44 25.6689 -0.000671614 0.450222
16.46 24.1053 -0.000642231 0.43996
16.48 22.3942 -0.000607952 0.422485
16.5 20.6087 -0.000573607 0.397873
16.52 18.8114 -0.000541001 0.366372
16.54 17.0108 -0.000508569 0.328402
16.56 15.1674 -0.000472046 0.284533
16.58 13.232 -0.000425864 0.235454
16.6 11.1962 -0.000364826 0.181963
16.62 9.1276 -0.000285582 0.124991
16.64 7.10761 -0.000187569 0.065645
16.66 5.19047 -7.32436e-005 0.00521957
16.68 3.4103 5.23097e-005 -0.0548169
16.7 1.77195 0.000182168 -0.112878
16.72 0.278305 0.000308546 -0.167342
16.74 -1.05545 0.000423819 -0.216646
16.76 -2.22483 0.000521492 -0.259381
16.78 -3.23934 0.000597022 -0.294379
16.8 -4.08375 0.000648302 -0.320773
16.82 -4.72346 0.000675628 -0.338018
16.84 -5.171 0.000681164 -0.345897
16.86 -5.50025 0.000668084 -0.344545
16.88 -5.82369 0.000639716 -0.334473
16.9 -6.26857 0.000598899 -0.316594
16.92 -6.92134 0.000547737 -0.292214
16.94 -7.80039 0.000487716 -0.262969
16.96 -8.87721 0.000420059 -0.230737
16.98 -10.0828 0.000346143 -0.197512
17 -11.3334 0.000267784 -0.165297
17.02 -12.5649 0.000187331 -0.136
17.04 -13.7457 0.000107622 -0.111374
17.06 -14.8917 3.19415e-005 -0.0929821
17.08 -16.0503 -3.5912e-005 -0.0821857
17.1 -17.2735 -9.14851e-005 -0.0801226
17.12 -18.6112 -0.000129609 -0.0876668
17.14 -20.0766 -0.000144649 -0.105366
17.16 -21.6231 -0.000131215 -0.133355
17.18 -23.1719 -8.52832e-005 -0.171274
17.2 -24.6315 -5.43784e-006 -0.218217
17.22 -25.9012 0.000106181 -0.272724
17.24 -26.9085 0.000243598 -0.332839
17.26 -27.639 0.000397617 -0.396214
17.28 -28.1094 0.000557251 -0.460276
17.3 -28.3428 0.000711592 -0.522375
17.32 -28.3656 0.000851577 -0.579941
17.34 -28.1714 0.000971186 -0.630587
17.36 -27.697 0.0010677 -0.672172
17.38 -26.8586 0.00114103 -0.702832
17.4 -25.6018 0.00119237 -0.720994
17.42 -23.9191 0.00122278 -0.725422
17.44 -21.8247 0.00123209 -0.71526
17.46 -19.3192 0.00121851 -0.690081
17.48 -16.3858 0.00117908 -0.649888
17.5 -13.0204 0.00111075 -0.595109
17.52 -9.24973 0.00101171 -0.526571
17.54 -5.12192 0.00088249 -0.445459
17.56 -0.696601 0.000726357 -0.353271
17.58 3.96429 0.000548963 -0.251758
17.6 8.79687 0.000357356 -0.142861
17.62 13.727 0.000158771 -0.0286566
17.64 18.629 -4.03774e-005 0.0886839
17.66 23.3176 -0.000235058 0.206912
17.68 27.6359 -0.000421721 0.323716
17.7 31.5019 -0.000598108 0.436756
17.72 34.884 -0.000762902 0.543727
17.74 37.793 -0.000915321 0.642429
17.76 40.3 -0.00105476 0.73084
17.78 42.4869 -0.00118054 0.807199
17.8 44.3912 -0.00129172 0.870048
17.82 46.0144 -0.00138692 0.918254
17.84 47.3258 -0.0014642 0.951
17.86 48.2854 -0.0015209 0.967787
17.88 48.8669 -0.00155354 0.968451
17.9 49.0541 -0.00155801 0.953198
17.92 48.8356 -0.00153002 0.922655
17.94 48.2293 -0.00146606 0.87791
17.96 47.2976 -0.00136452 0.820546
17.98 46.1138 -0.00122686 0.752634
18 44.7187 -0.00105831 0.676675
18.02 43.126 -0.000867711 0.595469
18.04 41.3565 -0.000666582 0.511962
18.06 39.4609 -0.000467505 0.429081
18.08 37.5259 -0.000282313 0.349598
18.1 35.6405 -0.000120494 0.276024
18.12 33.8419 1.18223e-005 0.210499
18.14 32.1088 0.000112139 0.1547
18.16 30.4162 0.000181118 0.109758
18.18 28.7924 0.000221555 0.0762423
18.2 27.3095 0.000237184 0.0541957
18.22 26.0246 0.000231691 0.0432086
18.24 24.9267 0.000208223 0.0424863
18.26 23.9556 0.000169364 0.050906
18.28 23.0582 0.000117369 0.0670758
18.3 22.1967 5.44382e-005 0.0894056
18.32 21.3373 -1.70437e-005 0.116177
18.34 20.4502 -9.43233e-005 0.145604
18.36 19.5062 -0.000174164 0.175893
18.38 18.4733 -0.00025288 0.205295
18.4 17.3184 -0.000326583 0.232147
18.42 16.0096 -0.000391589 0.254907
18.44 14.5171 -0.000444861 0.272172
18.46 12.8138 -0.000484292 0.282689
18.48 10.8746 -0.000508707 0.285363
18.5 8.67738 -0.000517624 0.27927
18.52 6.19853 -0.000510882 0.263673
18.54 3.42563 -0.000488314 0.238038
18.56 0.386302 -0.000449595 0.202065
18.58 -2.85947 -0.000394303 0.15573
18.6 -6.23957 -0.000322129 0.0993141
18.62 -9.68168 -0.000233121 0.0334356
18.64 -13.1543 -0.000127866 -0.040959
18.66 -16.6609 -7.54815e-006 -0.122626
18.68 -20.1575 0.000126076 -0.210066
18.7 -23.5226 0.000270738 -0.301532
18.72 -26.6248 0.000423715 -0.39504
18.74 -29.3878 0.000581911 -0.488388
18.76 -31.7939 0.000741942 -0.57923
18.78 -33.8802 0.00090017 -0.665178
18.8 -35.7311 0.00105267 -0.743926
18.82 -37.4153 0.00119523 -0.813378
18.84 -38.9072 0.00132337 -0.871732
18.86 -40.1179 0.00143252 -0.91751
18.88 -40.9847 0.00151828 -0.949572
18.9 -41.4692 0.00157679 -0.967138
18.92 -41.5182 0.00160486 -0.969811
18.94 -41.0727 0.00160012 -0.957583
18.96 -40.1317 0.00156114 -0.930857
18.98 -38.7868 0.00148777 -0.890486
19 -37.1476 0.00138174 -0.8378
19.02 -35.2858 0.00124719 -0.774577
19.04 -33.2573 0.00109082 -0.702949
19.06 -31.1208 0.000921354 -0.62528
19.08 -28.9424 0.000748474 -0.54404
19.1 -26.7896 0.0005814 -0.46169
19.12 -24.6968 0.000427449 -0.380581
19.14 -22.6292 0.000291018 -0.302855
19.16 -20.5159 0.00017328 -0.230354
19.18 -18.3196 7.27314e-005 -0.164561
19.2 -16.0513 -1.3575e-005 -0.106596
19.22 -13.7322 -8.85276e-005 -0.0572297
19.24 -11.37 -0.000153711 -0.0168974
19.26 -8.97521 -0.00020876 0.0142889
19.28 -6.58543 -0.000251396 0.0365252
19.3 -4.26454 -0.000278066 0.0502903
19.32 -2.09064 -0.000284968 0.0563149
19.34 -0.127893 -0.000269256 0.0555545
19.36 1.62199 -0.000230167 0.0491732
19.38 3.21301 -0.000169794 0.0385368
19.4 4.71691 -9.32818e-005 0.0251927
19.42 6.21289 -8.34356e-006 0.0108246
19.44 7.77644 7.58039e-005 -0.00281682
19.46 9.46694 0.000149818 -0.0140012
19.48 11.2984 0.000205644 -0.021123
19.5 13.2236 0.000237718 -0.0228188
19.52 15.1646 0.000243732 -0.0180751
19.54 17.0309 0.00022482 -0.00630011
19.56 18.7635 0.00018507 0.0126568
19.58 20.3902 0.00013043 0.0385526
19.6 21.9868 6.7206e-005 0.0708491
19.62 23.6106 5.61496e-007 0.108812
19.64 25.299 -6.65894e-005 0.151587
19.66 27.0805 -0.000134007 0.198241
19.68 28.964 -0.000203752 0.247796
19.7 30.9422 -0.000279086 0.299229
19.72 33.0026 -0.000362924 0.35148
19.74 35.1364 -0.00045632 0.403473
19.76 37.3383 -0.000557479 0.454156
19.78 39.5874 -0.000661636 0.502549
19.8 41.8499 -0.000761889 0.547797
19.82 44.0976 -0.000850728 0.589207
19.84 46.2909 -0.000921788 0.626283
19.86 48.3697 -0.000971271 0.658724
19.88 50.2762 -0.000998637 0.686414
19.9 51.981 -0.00100646 0.709405
19.92 53.4923 -0.000999633 0.727895
19.94 54.8389 -0.000984131 0.742219
19.96 56.0442 -0.000965828 0.752818
19.98 57.0878 -0.000949491 0.760191
20 57.898 -0.000938176 0.764822
