

 ETABS Ultimate C 64-bit 20.3.0 Build 2929 (Analysis Build 9907/64)
 File: E:\GitHub\opensees\opensees\openSEES_ÊµÀý1\etabs\EXAM01_V13.LOG




 B E G I N   A N A L Y S I S                                2023/05/26  20:03:16


 RUNNING ANALYSIS AS A SEPARATE PROCESS
 USING THE ADVANCED SOLVER (PROVIDES LIMITED INSTABILITY INFORMATION)

 NUMBER OF JOINTS                          =          18
    WITH RESTRAINTS                        =           4
    WITH MASS                              =          18
 NUMBER OF FRAME/TENDON ELEMENTS           =          46
 NUMBER OF LOAD PATTERNS                   =           5
 NUMBER OF ACCELERATION LOADS              =           9
 NUMBER OF LOAD CASES                      =           6
 NUMBER OF MASS SOURCES                    =           1

 UNITS (FORCE, LENGTH, TEMPERATURE, TIME)  = N, mm, °C, sec
 GRAVITATIONAL ACCELERATION                =    9806.650

 ADDRESSABLE PHYSICAL MEMORY (RAM)         =      31.747 GB

 PARALLELIZATION OF ANALYSIS OPERATIONS:
  (Env. variable SAPFIRE_NUM_THREADS not set)
 NUMBER OF THREADS: STATE (AUTOMATIC)      =          16
 NUMBER OF THREADS: STIFFNESS (AUTOMATIC)  =          16
 NUMBER OF THREADS: EVENT (AUTOMATIC)      =          16
 NUMBER OF THREADS: MOVE (AUTOMATIC)       =          16
 NUMBER OF THREADS: RESPONSE (AUTOMATIC)   =          16
 NUMBER OF THREADS: SOLVE (AUTOMATIC)      =          16
 NUMBER OF THREADS: FORM (AUTOMATIC)       =          16


 E L E M E N T   F O R M A T I O N                                      20:03:16



 L I N E A R   E Q U A T I O N   S O L U T I O N                        20:03:16

 FORMING STIFFNESS AT ZERO (UNSTRESSED) INITIAL CONDITIONS

 TOTAL NUMBER OF EQUILIBRIUM EQUATIONS     =          42
 NUMBER OF NON-ZERO STIFFNESS TERMS        =         390

 ---------------------------------
 BASIC STABILITY CHECK FOR LINEAR LOAD CASES:
    NUMBER OF NEGATIVE STIFFNESS EIGENVALUES SHOULD BE ZERO FOR STABILITY.
    (NOTE: FURTHER CHECKS SHOULD BE CONSIDERED AS DEEMED NECESSARY,
     SUCH AS REVIEWING EIGEN MODES FOR MECHANISMS AND RIGID-BODY MOTION)

    NUMBER OF NEGATIVE EIGENVALUES         =           1

 * * * W A R N I N G * * *
 THE STRUCTURE IS UNSTABLE OR ILL-CONDITIONED !!
 CHECK THE STRUCTURE CAREFULLY FOR:
 - INADEQUATE SUPPORT CONDITIONS, OR
 - ONE OR MORE INTERNAL MECHANISMS, OR
 - ZERO OR NEGATIVE STIFFNESS PROPERTIES, OR
 - EXTREMELY LARGE STIFFNESS PROPERTIES, OR
 - BUCKLING DUE TO P-DELTA OR GEOMETRIC NONLINEARITY, OR
 - A FREQUENCY SHIFT (IF ANY) ONTO A NATURAL FREQUENCY



 L I N E A R   S T A T I C   C A S E S                                  20:03:16

 USING STIFFNESS AT ZERO (UNSTRESSED) INITIAL CONDITIONS

 TOTAL NUMBER OF CASES TO SOLVE            =           5
 NUMBER OF CASES TO SOLVE PER BLOCK        =           5

 LINEAR STATIC CASES TO BE SOLVED:

 CASE: DEAD
 CASE: LIVE
 CASE: ~LLRF
 CASE: ~CHINESEX
 CASE: ~CHINESEY


 E I G E N   M O D A L   A N A L Y S I S                                20:03:16

 CASE: MODAL

 USING STIFFNESS AT ZERO (UNSTRESSED) INITIAL CONDITIONS

 NUMBER OF STIFFNESS DEGREES OF FREEDOM    =          42
 NUMBER OF MASS DEGREES OF FREEDOM         =          28
 MAXIMUM NUMBER OF EIGEN MODES SOUGHT      =          12
 MINIMUM NUMBER OF EIGEN MODES SOUGHT      =          12
 NUMBER OF RESIDUAL-MASS MODES SOUGHT      =           0
 NUMBER OF SUBSPACE VECTORS USED           =          24
 RELATIVE CONVERGENCE TOLERANCE            =    1.00E-07

 FREQUENCY SHIFT  (CENTER) (CYC/TIME)      =     .000000
 FREQUENCY CUTOFF (RADIUS) (CYC/TIME)      =  -INFINITY-
 ALLOW AUTOMATIC FREQUENCY SHIFTING        =         YES


 Original stiffness at shift : EV= 0.0000000E+00, f=     .000000, T=  -INFINITY-
 Number of eigenvalues below shift =      1

 Iteration    Approximations to next 5 eigenvalues, from shift EV= 0.0000000E+00
       1   3.8867903E-12-8.5005620E-12 1.0386351E-11 1.3278764E-11-1.5245349E-11
       3  -1.5245349E-11 1.3527928E+02 2.0744565E+02 2.7264651E+02 3.0758693E+02

 Found mode      1 of     12:  EV=-1.5245349E-11, f=   -6.21E-07, T= -1.6092E+06

 Iteration    Approximations to next 5 eigenvalues, from shift EV= 0.0000000E+00
       4   8.4252569E+02 4.7025085E+03 8.0006630E+03 2.3869913E+04 2.6343224E+04
       5   1.8845005E+01 4.7016200E+03 8.0005990E+03 2.3814221E+04 2.6343200E+04
       7   3.4712909E-01 4.7015733E+03 8.0005981E+03 2.3813348E+04 2.6343193E+04
       8   3.5128368E-03 4.7015730E+03 8.0005981E+03 2.3813283E+04 2.6343193E+04
       9   1.0015643E-04 4.7015730E+03 8.0005981E+03 2.3813283E+04 2.6343193E+04

 Forming stiffness, new shift: EV= 9.5148603E-05, f=    0.001552, T=  644.137613
 Number of eigenvalues below shift =      1

 Iteration    Approximations to next 5 eigenvalues, from shift EV= 9.5148603E-05
      10   4.7015729E+03 8.0005980E+03 2.3813283E+04 2.6343193E+04 4.8389755E+04
      11   4.7015729E+03 8.0005980E+03 2.3813283E+04 2.6343193E+04 4.8389755E+04

 Found mode      2 of     12:  EV= 4.7015730E+03, f=   10.912939, T=    0.091634
 Found mode      3 of     12:  EV= 8.0005981E+03, f=   14.235783, T=    0.070246
 Found mode      4 of     12:  EV= 2.3813283E+04, f=   24.560080, T=    0.040716
 Found mode      5 of     12:  EV= 2.6343193E+04, f=   25.831780, T=    0.038712
 Found mode      6 of     12:  EV= 4.8389755E+04, f=   35.010382, T=    0.028563
 Found mode      7 of     12:  EV= 5.8863333E+04, f=   38.613801, T=    0.025897
 Found mode      8 of     12:  EV= 1.0356786E+05, f=   51.219180, T=    0.019524
 Found mode      9 of     12:  EV= 3.1984531E+05, f=   90.009867, T=    0.011110
 Found mode     10 of     12:  EV= 3.5203713E+05, f=   94.430952, T=    0.010590
 Found mode     11 of     12:  EV= 4.1759428E+05, f=  102.848367, T=    0.009723
 Found mode     12 of     12:  EV= 4.4655328E+05, f=  106.354722, T=    0.009402

 * * * W A R N I N G * * *
 ZERO OR NEGATIVE MODAL-MASS VALUES WERE DETECTED DURING ITERATION,
 THE RESULTING EIGEN-MODES MAY NOT BE VALID - CHECK THEM CAREFULLY !!

 THE STRUCTURE IS UNSTABLE OR ILL-CONDITIONED !!
 CHECK THE STRUCTURE CAREFULLY FOR:
 - INADEQUATE SUPPORT CONDITIONS, OR
 - ONE OR MORE INTERNAL MECHANISMS, OR
 - ZERO OR NEGATIVE STIFFNESS PROPERTIES, OR
 - EXTREMELY LARGE STIFFNESS PROPERTIES, OR
 - BUCKLING DUE TO P-DELTA OR GEOMETRIC NONLINEARITY, OR
 - A FREQUENCY SHIFT (IF ANY) ONTO A NATURAL FREQUENCY


 NUMBER OF EIGEN MODES FOUND               =          12
 NUMBER OF ITERATIONS PERFORMED            =          12
 NUMBER OF STIFFNESS SHIFTS                =           1


 A N A L Y S I S   C O M P L E T E                          2023/05/26  20:03:16
