1 0 0 0
17.7453 3.18035e-018 0 -1
37.5779 -2.56975e-017 0 -2
58.9319 -4.71998e-018 0 -3
81.0243 9.45779e-017 0 -4
103.464 -4.84837e-017 0 -5
126.054 1.79653e-018 0 -6
148.697 -5.26499e-018 0 -7
176.835 1.75705e-017 0 -8
198.85 1.44063e-017 0 -9
217.65 1.03713e-016 0 -10
235.307 -3.22841e-017 0 -11
249.123 -4.91958e-017 0 -12
267.513 -2.04964e-016 0 -13
283.786 4.28644e-017 0 -14
298.756 1.47878e-016 0 -15
312.654 -3.30746e-017 0 -16
323.881 -1.08931e-016 0 -17
336.189 5.6231e-016 0 -18
348.952 2.78751e-017 0 -19
365.125 -6.07834e-017 0 -20
378.786 3.13344e-018 0 -21
389.437 1.21498e-018 0 -22
401.05 1.42397e-017 0 -23
415.937 2.59079e-016 0 -24
426.674 -2.98546e-016 0 -25
438.219 -1.00641e-016 0 -26
450.153 2.63517e-016 0 -27
462.266 1.55016e-016 0 -28
474.437 -3.05104e-016 0 -29
489.573 3.81676e-016 0 -30
500.144 -2.29819e-016 0 -31
511.449 -3.06949e-016 0 -32
523.105 1.0813e-015 0 -33
534.92 3.05409e-016 0 -34
549.704 1.90644e-016 0 -35
560.007 6.65699e-016 0 -36
571.024 2.04148e-016 0 -37
582.382 -7.56291e-017 0 -38
593.894 2.4943e-016 0 -39
605.468 3.4472e-016 0 -40
617.057 -2.7224e-017 0 -41
628.638 1.31885e-016 0 -42
643.056 1.48586e-016 0 -43
653.113 -6.90995e-016 0 -44
663.859 -1.37176e-016 0 -45
674.935 -2.52523e-016 0 -46
686.16 -5.41634e-016 0 -47
700.232 4.73986e-016 0 -48
710.119 3.24282e-016 0 -49
720.693 -3.23521e-016 0 -50
734.032 3.01403e-016 0 -51
743.368 -2.50164e-016 0 -52
753.375 9.6023e-017 0 -53
766.12 6.70652e-017 0 -54
776.987 1.74738e-016 0 -55
783.689 -3.77601e-016 0 -56
790.857 -9.81566e-017 0 -57
798.244 6.48028e-016 0 -58
805.723 1.90193e-015 0 -59
814.627 1.16216e-016 0 -60
820.379 1.18946e-016 0 -61
826.498 -5.09216e-016 0 -62
832.786 -1.00219e-016 0 -63
839.145 4.39937e-016 0 -64
845.525 2.92568e-016 0 -65
851.902 -1.00484e-015 0 -66
858.262 -2.78817e-016 0 -67
866.138 4.99219e-016 0 -68
871.302 7.50302e-016 0 -69
876.778 -7.6321e-016 0 -70
882.393 2.6348e-016 0 -71
888.06 5.03757e-016 0 -72
893.738 -1.14213e-015 0 -73
899.403 3.0801e-015 0 -74
905.046 -4.21719e-016 0 -75
910.659 1.73066e-015 0 -76
916.241 5.37622e-016 0 -77
921.79 3.76716e-015 0 -78
927.304 -2.45899e-015 0 -79
932.783 2.54835e-016 0 -80
938.226 -4.2378e-015 0 -81
944.955 5.0823e-016 0 -82
949.589 1.41232e-015 0 -83
954.519 -1.97953e-015 0 -84
959.577 3.79438e-015 0 -85
964.681 3.33239e-015 0 -86
971.055 -1.40997e-015 0 -87
975.512 -1.14869e-015 0 -88
980.257 -7.98598e-016 0 -89
985.127 3.01923e-015 0 -90
991.246 2.10752e-015 0 -91
996.454 2.70747e-015 0 -92
1000.57 -3.68635e-015 0 -93
1005.03 -1.46444e-015 0 -94
1009.64 -1.2067e-017 0 -95
1014.31 -1.94524e-016 0 -96
1018.99 -4.97209e-015 0 -97
1023.64 5.04758e-015 0 -98
1028.27 6.21645e-015 0 -99
1034 3.20716e-015 0 -100
1038.82 -4.22662e-016 0 -101
1043.37 -5.00353e-016 0 -102
1047.8 4.42471e-015 0 -103
1052.17 2.18319e-015 0 -104
1056.49 -5.68482e-016 0 -105
1060.76 -2.22699e-016 0 -106
1065.1 5.98442e-016 0 -107
1069.45 -1.11949e-016 0 -108
1073.75 3.06228e-016 0 -109
1077.99 -1.54066e-015 0 -110
1082.17 -1.18266e-016 0 -111
1086.29 1.85647e-015 0 -112
1090.31 1.30483e-015 0 -113
1094.27 9.58072e-016 0 -114
1098.17 -2.52497e-015 0 -115
1102.01 -2.10042e-015 0 -116
1106.01 -2.44997e-016 0 -117
1110.16 1.63463e-015 0 -118
1114.25 -1.9534e-015 0 -119
1118.27 -1.54066e-015 0 -120
1121.92 8.80646e-016 0 -121
1124.8 -5.52602e-016 0 -122
1127.78 -3.65246e-016 0 -123
1130.74 2.75236e-015 0 -124
1133.64 1.83851e-015 0 -125
1136.47 8.17623e-016 0 -126
1139.24 1.46642e-015 0 -127
1141.93 4.56567e-016 0 -128
1144.54 -3.3644e-016 0 -129
1147.08 3.17936e-016 0 -130
1149.53 -5.39802e-016 0 -131
1151.91 1.2987e-015 0 -132
1154.19 5.20333e-016 0 -133
1156.39 -1.53494e-015 0 -134
1158.49 4.52226e-016 0 -135
1160.5 4.71603e-016 0 -136
1162.4 -1.29024e-015 0 -137
1164.19 4.12304e-016 0 -138
1165.88 -1.05763e-015 0 -139
1167.45 1.03981e-016 0 -140
1167.53 8.06091e-016 0 -141
1166.96 6.80254e-016 0 -142
1166.33 7.02228e-016 0 -143
1165.62 1.67905e-015 0 -144
1164.85 2.05701e-016 0 -145
1164 1.10785e-015 0 -146
1163.07 5.15774e-016 0 -147
1162.24 -2.93321e-016 0 -148
1161.08 1.36779e-015 0 -149
1160 1.69818e-015 0 -150
1158.87 -2.87986e-016 0 -151
1157.65 5.57091e-016 0 -152
1156.35 1.30767e-015 0 -153
1154.96 -2.61673e-016 0 -154
1153.48 2.74568e-016 0 -155
1151.9 1.51218e-015 0 -156
1150.22 2.2192e-016 0 -157
1148.44 1.14321e-015 0 -158
1146.56 8.96353e-016 0 -159
1144.56 3.75827e-016 0 -160
1142.46 3.02891e-016 0 -161
1140.24 -9.06779e-016 0 -162
1137.9 3.01913e-016 0 -163
1135.44 8.3678e-016 0 -164
1132.84 3.54822e-016 0 -165
1130.12 2.67966e-017 0 -166
1127.25 6.49651e-016 0 -167
1123.61 -7.30416e-017 0 -168
1120.05 9.56993e-016 0 -169
1116.07 2.86732e-015 0 -170
1111.87 3.05765e-015 0 -171
1108.76 5.56873e-016 0 -172
1108.02 8.05242e-016 0 -173
1107.23 1.19561e-015 0 -174
1106.4 -2.11204e-016 0 -175
1105.53 6.61271e-016 0 -176
1104.62 2.0904e-015 0 -177
1103.68 1.08474e-015 0 -178
1102.71 1.28923e-015 0 -179
1101.7 3.64204e-015 0 -180
1100.66 9.10188e-016 0 -181
1099.58 1.84746e-016 0 -182
1098.46 1.0067e-015 0 -183
1097.32 -9.43206e-016 0 -184
1096.13 9.31368e-016 0 -185
1094.91 3.81436e-015 0 -186
1093.65 -4.333e-016 0 -187
1092.35 1.82034e-015 0 -188
1091.01 1.43214e-015 0 -189
1089.64 2.37973e-017 0 -190
1088.22 -2.44663e-016 0 -191
1086.77 3.73572e-015 0 -192
1085.27 -7.25196e-016 0 -193
1083.73 -1.22833e-015 0 -194
1082.15 -1.59173e-016 0 -195
1080.14 3.01708e-016 0 -196
1078.72 1.49021e-015 0 -197
1077.16 -2.13366e-015 0 -198
1075.51 9.73185e-016 0 -199
1073.79 2.33094e-015 0 -200
1072 -2.38994e-015 0 -201
1070.16 9.53099e-016 0 -202
1068.27 -2.37919e-015 0 -203
1066.33 -2.38211e-016 0 -204
1064.33 -5.74856e-016 0 -205
1062.28 5.93092e-016 0 -206
1060.18 -4.66937e-016 0 -207
1058.03 2.2292e-015 0 -208
1055.82 2.77452e-015 0 -209
1053.55 -4.53816e-016 0 -210
1051.23 -1.50657e-016 0 -211
1048.84 1.47494e-015 0 -212
1046.4 2.85292e-015 0 -213
1043.89 2.30999e-015 0 -214
1041.33 1.03348e-015 0 -215
1038.7 -1.35933e-015 0 -216
1035.79 2.16087e-015 0 -217
1031.82 1.17724e-015 0 -218
1027.72 2.09365e-015 0 -219
1023.55 -1.07108e-015 0 -220
1019.35 1.13408e-016 0 -221
1015.12 5.13052e-016 0 -222
1010.89 -6.82918e-016 0 -223
1006.64 1.8371e-015 0 -224
1002.39 -2.68493e-016 0 -225
998.134 4.53169e-016 0 -226
993.881 -1.0599e-015 0 -227
989.627 1.6305e-015 0 -228
985.372 2.05519e-015 0 -229
981.788 -1.4899e-015 0 -230
981.155 1.16125e-015 0 -231
980.57 1.31185e-015 0 -232
980.011 1.15007e-015 0 -233
979.465 4.86264e-015 0 -234
978.927 3.37362e-015 0 -235
978.391 8.53644e-016 0 -236
977.853 1.14775e-016 0 -237
977.308 -1.98704e-016 0 -238
976.77 4.11158e-015 0 -239
976.235 -2.12362e-015 0 -240
975.696 6.79871e-017 0 -241
975.15 -8.23259e-016 0 -242
974.604 7.63702e-016 0 -243
974.058 2.49619e-015 0 -244
973.511 5.06561e-016 0 -245
972.965 -1.29121e-015 0 -246
972.418 -3.81215e-016 0 -247
971.869 1.91853e-015 0 -248
971.604 5.46254e-015 0 -249
971.799 -1.1521e-015 0 -250
972.023 -2.36257e-015 0 -251
972.262 3.35694e-016 0 -252
972.509 -5.06555e-015 0 -253
972.759 -5.55307e-015 0 -254
973.01 9.08951e-016 0 -255
973.263 -7.30394e-017 0 -256
973.515 -7.59023e-015 0 -257
973.762 1.27105e-015 0 -258
974.009 -4.80641e-015 0 -259
974.256 1.60852e-016 0 -260
974.503 -3.02065e-015 0 -261
974.749 3.94056e-015 0 -262
975.035 4.87712e-015 0 -263
975.215 7.46955e-016 0 -264
975.406 -3.13891e-015 0 -265
975.603 -1.37251e-015 0 -266
975.803 9.81318e-016 0 -267
976.005 1.47719e-015 0 -268
976.207 2.44147e-015 0 -269
976.41 -6.11739e-015 0 -270
976.613 -3.37276e-015 0 -271
976.816 -1.02486e-015 0 -272
977.018 8.33303e-015 0 -273
977.221 3.31888e-015 0 -274
977.424 -8.1884e-016 0 -275
977.627 -7.89202e-015 0 -276
977.829 3.13892e-015 0 -277
978.032 1.63088e-015 0 -278
978.234 4.37354e-015 0 -279
978.436 1.63237e-015 0 -280
978.637 6.66955e-015 0 -281
978.838 1.58813e-016 0 -282
979.041 1.73445e-015 0 -283
979.243 3.60609e-015 0 -284
979.445 2.51422e-015 0 -285
979.647 -8.94839e-015 0 -286
979.849 4.48876e-015 0 -287
980.051 1.94031e-015 0 -288
980.254 7.47627e-015 0 -289
980.453 -5.91628e-015 0 -290
980.645 -1.17393e-015 0 -291
980.835 1.33951e-015 0 -292
981.024 -4.98163e-016 0 -293
981.214 -2.33255e-015 0 -294
981.409 4.01479e-015 0 -295
981.61 -9.57827e-015 0 -296
981.812 -7.55752e-015 0 -297
982.01 -3.99822e-015 0 -298
982.2 3.59356e-015 0 -299
982.388 -5.85204e-015 0 -300
982.577 5.73048e-015 0 -301
982.764 7.79913e-015 0 -302
982.948 -8.5729e-015 0 -303
983.084 -1.57459e-014 0 -304
983.212 -4.61824e-015 0 -305
983.349 -3.2569e-015 0 -306
983.49 4.01242e-015 0 -307
983.633 9.22145e-015 0 -308
983.777 -1.95154e-015 0 -309
983.922 -2.95839e-015 0 -310
984.173 2.49402e-015 0 -311
984.486 -1.06881e-015 0 -312
984.735 2.084e-015 0 -313
985.009 5.48441e-015 0 -314
985.295 -7.66475e-016 0 -315
985.587 -3.82514e-016 0 -316
985.882 -4.99813e-016 0 -317
986.177 4.49242e-016 0 -318
986.474 -1.95219e-015 0 -319
986.77 2.48473e-015 0 -320
987.066 -1.13574e-015 0 -321
987.362 -4.47e-016 0 -322
987.662 5.21793e-015 0 -323
987.979 2.87827e-015 0 -324
988.3 1.34728e-015 0 -325
988.621 -1.7638e-015 0 -326
988.942 -5.77553e-017 0 -327
989.263 1.0188e-015 0 -328
989.585 1.21105e-015 0 -329
989.906 -1.27228e-015 0 -330
990.226 3.2371e-016 0 -331
990.547 1.0127e-015 0 -332
990.867 1.68005e-015 0 -333
991.187 2.55471e-015 0 -334
991.507 2.70919e-016 0 -335
991.826 -4.33665e-015 0 -336
992.145 -8.50911e-016 0 -337
992.464 -9.52198e-016 0 -338
992.782 1.26988e-015 0 -339
993.1 2.81899e-015 0 -340
993.418 -9.36043e-016 0 -341
993.735 1.40071e-015 0 -342
994.052 -1.24511e-015 0 -343
994.369 1.92976e-015 0 -344
994.685 1.22892e-015 0 -345
995.002 -4.43014e-015 0 -346
995.317 1.94647e-015 0 -347
995.633 -7.14289e-016 0 -348
995.948 -3.23382e-015 0 -349
996.263 -3.5316e-015 0 -350
996.578 -2.70378e-017 0 -351
996.888 5.57856e-015 0 -352
997.191 6.2732e-015 0 -353
997.493 -5.10049e-017 0 -354
997.787 -2.13561e-015 0 -355
998.074 7.83518e-016 0 -356
998.361 -6.44984e-016 0 -357
998.647 8.52672e-015 0 -358
998.932 3.6209e-015 0 -359
999.217 -1.00293e-015 0 -360
