0 0 0 0
0.1 -0.00675164 -0.00271256 -0.302045
0.2 -0.0134564 -0.00543013 -0.604632
0.3 -0.0201139 -0.0081528 -0.90777
0.4 -0.0267239 -0.0108807 -1.21147
0.5 -0.033286 -0.0136138 -1.51574
0.6 -0.0398 -0.0163523 -1.82059
0.7 -0.0462654 -0.0190962 -2.12604
0.8 -0.052682 -0.0218457 -2.43209
0.9 -0.0590493 -0.0246009 -2.73876
1 -0.0653672 -0.0273618 -3.04605
0.00654138 0.934633 -0.000217512 -0.0120461
0.0141733 1.93463 -0.000185162 -0.00936178
0.0217632 2.93463 -0.000146957 -0.00569306
0.0293371 3.93463 -0.000104882 -0.00180336
0.0369015 4.93463 -6.17063e-005 0.0022279
0.0444577 5.93463 -1.35909e-005 0.00638615
0.0520067 6.93463 3.72146e-005 0.0106232
0.0595493 7.93463 8.93735e-005 0.0148972
0.0670861 8.93463 0.000137338 0.0191836
0.0746173 9.93463 0.000186564 0.0234781
0.0821429 10.9346 0.000238826 0.0277814
0.0896626 11.9346 0.000290385 0.0320921
0.0971779 12.9346 0.000340256 0.0364018
0.104687 13.9346 0.000390456 0.0407156
0.112191 14.9346 0.000440786 0.0450337
0.119689 15.9346 0.000493561 0.0493494
0.127181 16.9346 0.000546226 0.0536683
0.134665 17.9346 0.000599912 0.0579871
0.142144 18.9346 0.000642226 0.0623063
0.149617 19.9346 0.000692564 0.0666256
0.157084 20.9346 0.000744369 0.0709438
0.164545 21.9346 0.000792705 0.0752593
0.171999 22.9346 0.000842891 0.0795724
0.179448 23.9346 0.000894098 0.0838829
0.18689 24.9346 0.000945203 0.0881935
0.194326 25.9346 0.000999208 0.0924989
0.201755 26.9346 0.00104964 0.0968007
0.209177 27.9346 0.00110061 0.101102
0.216593 28.9346 0.00115157 0.105402
0.224003 29.9346 0.00120419 0.109701
0.231405 30.9346 0.00125827 0.113993
0.2388 31.9346 0.00131029 0.118279
0.246189 32.9346 0.0013617 0.122561
0.25357 33.9346 0.00141295 0.126841
0.260945 34.9346 0.00146567 0.131118
0.268312 35.9346 0.00151886 0.135387
0.275673 36.9346 0.00157036 0.139651
0.283026 37.9346 0.00162036 0.143913
0.290371 38.9346 0.00167265 0.148172
0.297708 39.9346 0.00172299 0.15243
0.305039 40.9346 0.00177393 0.156684
0.312362 41.9346 0.00182458 0.160937
0.319678 42.9346 0.00187336 0.165188
0.326987 43.9346 0.00192226 0.169436
0.334288 44.9346 0.00197144 0.173684
0.341582 45.9346 0.0020191 0.177931
0.348869 46.9346 0.00206627 0.182176
0.356148 47.9346 0.00211301 0.18642
0.36342 48.9346 0.00216119 0.190659
0.370685 49.9346 0.00220881 0.194895
0.377941 50.9346 0.00225509 0.199131
0.385191 51.9346 0.00230002 0.203365
0.392432 52.9346 0.00234602 0.207598
0.399667 53.9346 0.00239177 0.211827
0.406894 54.9346 0.0024388 0.216054
0.414113 55.9346 0.00248204 0.220276
0.421325 56.9346 0.0025273 0.224496
0.42853 57.9346 0.00257567 0.22871
0.435727 58.9346 0.00262419 0.232921
0.442917 59.9346 0.00267292 0.237128
0.450099 60.9346 0.00272168 0.24133
0.457273 61.9346 0.00276955 0.245528
0.46444 62.9346 0.00281679 0.249723
0.4716 63.9346 0.00286341 0.253915
0.478753 64.9346 0.00290997 0.258102
0.485897 65.9346 0.00295571 0.262282
0.493035 66.9346 0.00299958 0.266455
0.500164 67.9346 0.00304264 0.270625
0.507287 68.9346 0.00308612 0.274791
0.514401 69.9346 0.00312932 0.278953
0.521509 70.9346 0.00317471 0.283109
0.528608 71.9346 0.00322034 0.287261
0.5357 72.9346 0.00326479 0.291409
0.542784 73.9346 0.00330749 0.295554
0.549861 74.9346 0.00334773 0.299696
0.55693 75.9346 0.00338706 0.303835
0.563991 76.9346 0.00342557 0.307968
0.571044 77.9346 0.00346598 0.312095
0.57809 78.9346 0.00350714 0.316216
0.585128 79.9346 0.00355008 0.320331
0.592158 80.9346 0.00359345 0.324442
0.599181 81.9346 0.00363651 0.328548
0.606196 82.9346 0.00367907 0.33265
0.613203 83.9346 0.00372136 0.336748
0.620202 84.9346 0.00376349 0.340837
0.627193 85.9346 0.003805 0.34492
0.634176 86.9346 0.00384569 0.348998
0.641152 87.9346 0.00388672 0.353073
0.648119 88.9346 0.0039267 0.357144
0.655079 89.9346 0.00396737 0.361212
0.66203 90.9346 0.00400888 0.365277
0.668974 91.9346 0.00405085 0.369337
0.675909 92.9346 0.00409083 0.373393
0.682837 93.9346 0.00413273 0.377444
0.689757 94.9346 0.004173 0.381491
0.696668 95.9346 0.00421303 0.385533
0.703571 96.9346 0.00425703 0.38957
0.710466 97.9346 0.00429446 0.393603
0.717354 98.9346 0.00433146 0.397631
0.724232 99.9346 0.00436931 0.401655
0.731103 100.935 0.00440465 0.405676
0.737966 101.935 0.00444143 0.409693
0.74482 102.935 0.00448141 0.413705
0.751666 103.935 0.00451963 0.417714
0.758503 104.935 0.00455833 0.421719
0.765332 105.935 0.00459736 0.42572
0.772153 106.935 0.00463698 0.429718
0.778965 107.935 0.00467592 0.433712
0.785769 108.935 0.00471126 0.437703
0.792564 109.935 0.00474242 0.441689
0.799351 110.935 0.00475165 0.445672
0.806129 111.935 0.00474816 0.449653
0.812899 112.935 0.00478352 0.453632
0.81966 113.935 0.00481804 0.457607
0.826412 114.935 0.00485155 0.461579
0.833155 115.935 0.00488573 0.465546
0.83989 116.935 0.00491802 0.46951
0.846616 117.935 0.0049484 0.473471
0.853333 118.935 0.00498034 0.477429
0.860042 119.935 0.00501338 0.481383
0.866741 120.935 0.00504624 0.485335
0.873432 121.935 0.00507865 0.489284
0.880113 122.935 0.00511035 0.493229
0.886786 123.935 0.00513883 0.49717
0.893449 124.935 0.00516553 0.501107
0.900104 125.935 0.00519198 0.505041
0.906749 126.935 0.00522154 0.508971
0.913386 127.935 0.00525215 0.512897
0.920013 128.935 0.00528246 0.516821
0.926631 129.935 0.00531251 0.520741
0.933239 130.935 0.00534324 0.524658
0.939839 131.935 0.00537267 0.528572
0.946429 132.935 0.00540401 0.532482
0.953009 133.935 0.00543301 0.536389
0.959573 134.935 0.00545571 0.540317
0.96611 135.935 0.00548097 0.54429
0.972619 136.935 0.00549083 0.548319
0.979084 137.935 0.00551818 0.552453
0.985495 138.935 0.00554302 0.556718
0.991847 139.935 0.00557676 0.561125
0.998147 140.935 0.00561794 0.565655
1.0044 141.935 0.00565735 0.570295
1.01061 142.935 0.00568361 0.575025
1.01677 143.935 0.00568969 0.579857
1.02291 144.935 0.00568202 0.584777
1.02901 145.935 0.00567019 0.589763
1.03508 146.935 0.00566489 0.594802
1.04114 147.935 0.00566363 0.599881
1.04717 148.935 0.00566482 0.605019
1.05318 149.935 0.00565928 0.610192
1.05917 150.935 0.00562975 0.615412
1.06514 151.935 0.00563857 0.620653
1.0711 152.935 0.00563883 0.625911
1.07704 153.935 0.00562849 0.631169
1.08297 154.935 0.00562152 0.636438
1.08888 155.935 0.00560058 0.641751
1.09475 156.935 0.00558843 0.647148
1.10059 157.935 0.00557065 0.652577
1.10641 158.935 0.0055537 0.658088
1.1122 159.935 0.00553936 0.66364
1.11796 160.935 0.00552733 0.669261
1.12369 161.935 0.0055163 0.674941
1.12939 162.935 0.00548223 0.680659
1.13508 163.935 0.00543996 0.686397
1.14074 164.935 0.0054066 0.692171
1.1464 165.935 0.00534756 0.69794
1.15203 166.935 0.00531655 0.703748
1.15765 167.935 0.00528274 0.709552
1.16326 168.935 0.00524938 0.71535
1.16886 169.935 0.00520837 0.721145
1.17446 170.935 0.00517436 0.726933
1.18004 171.935 0.00513401 0.732718
1.18561 172.935 0.00509245 0.738498
1.19117 173.935 0.00500835 0.744281
1.19671 174.935 0.00490727 0.75014
1.20224 175.935 0.0048288 0.756034
1.20776 176.935 0.00477647 0.761925
1.21326 177.935 0.00468185 0.767854
1.21874 178.935 0.00460927 0.77383
1.22421 179.935 0.00454175 0.779801
1.22966 180.935 0.00447927 0.785792
1.23509 181.935 0.00440051 0.791818
1.24051 182.935 0.00432627 0.797858
1.24592 183.935 0.00427258 0.803912
1.25131 184.935 0.00421853 0.809983
1.25668 185.935 0.00417115 0.816107
1.26203 186.935 0.00412289 0.822239
1.26737 187.935 0.00406966 0.828414
1.27268 188.935 0.00403196 0.834589
1.27797 189.935 0.00394234 0.840742
1.28325 190.935 0.00387259 0.846886
1.2885 191.935 0.00380814 0.852926
1.29372 192.935 0.00374196 0.8589
1.29892 193.935 0.00366275 0.864806
1.30407 194.935 0.00360719 0.870527
1.3092 195.935 0.00353806 0.876089
1.31429 196.935 0.00346859 0.881597
1.31933 197.935 0.00340182 0.886814
1.32432 198.935 0.0033019 0.891935
1.32928 199.935 0.00319103 0.89696
1.33419 200.935 0.00310329 0.901805
1.33906 201.935 0.00299519 0.906503
1.34389 202.935 0.0028831 0.911136
1.34868 203.935 0.0027836 0.915718
1.35344 204.935 0.00268449 0.920161
1.35816 205.935 0.00259178 0.92452
1.36286 206.935 0.00249091 0.928884
1.36752 207.935 0.00238446 0.933103
1.37213 208.935 0.00227013 0.937364
1.3767 209.935 0.00217139 0.941576
1.38124 210.935 0.00205953 0.945805
1.38575 211.935 0.00195846 0.950105
1.39023 212.935 0.0018613 0.954307
1.39468 213.935 0.00177202 0.95852
1.39908 214.935 0.00168648 0.962815
1.40346 215.935 0.00160303 0.967086
1.40781 216.935 0.00150921 0.971333
1.41213 217.935 0.00142121 0.975595
1.41641 218.935 0.0013425 0.979902
1.42067 219.935 0.00122118 0.984235
1.42489 220.935 0.00112634 0.988537
1.42906 221.935 0.00103419 0.992833
1.43321 222.935 0.000893326 0.997109
1.43734 223.935 0.000779218 1.00137
1.44142 224.935 0.000670502 1.00558
1.44547 225.935 0.000550675 1.00977
1.44947 226.935 0.000436838 1.01378
1.45346 227.935 0.000334578 1.01782
1.4574 228.935 0.000238303 1.02181
1.46131 229.935 0.000127604 1.02584
1.46518 230.935 -4.09149e-005 1.02976
1.46901 231.935 -0.00019901 1.03362
1.47282 232.935 -0.00033149 1.03747
1.47657 233.935 -0.000425873 1.0413
1.48029 234.935 -0.000553348 1.04516
1.48399 235.935 -0.000665103 1.04903
1.48764 236.935 -0.000738209 1.05285
1.49126 237.935 -0.000830785 1.05665
1.49484 238.935 -0.000956877 1.06044
1.49839 239.935 -0.00103118 1.06426
1.50192 240.935 -0.00115813 1.06813
1.50542 241.935 -0.00124983 1.07187
1.5089 242.935 -0.00136215 1.07553
1.51236 243.935 -0.00147114 1.07919
1.51579 244.935 -0.00157421 1.08289
1.5192 245.935 -0.00167171 1.08662
1.52259 246.935 -0.00178365 1.09029
1.52596 247.935 -0.00192319 1.0939
1.52931 248.935 -0.00201866 1.09753
1.53263 249.935 -0.00211311 1.10119
1.53593 250.935 -0.0022471 1.10486
1.53921 251.935 -0.00235448 1.10853
1.54248 252.935 -0.00245455 1.11219
1.54574 253.935 -0.00256703 1.11587
1.54897 254.935 -0.00267263 1.11957
1.55219 255.935 -0.00280128 1.12326
1.5554 256.935 -0.00292034 1.12697
1.55858 257.935 -0.00302778 1.13072
1.56174 258.935 -0.00309731 1.13447
1.56488 259.935 -0.00321599 1.13825
1.56799 260.935 -0.00334741 1.14208
1.57107 261.935 -0.00347567 1.14597
1.57412 262.935 -0.00362044 1.14992
1.57714 263.935 -0.00375434 1.1539
1.58014 264.935 -0.00389143 1.15786
1.58311 265.935 -0.0040199 1.16187
1.58605 266.935 -0.00417041 1.16596
1.58897 267.935 -0.00431275 1.17009
1.59185 268.935 -0.00443491 1.1743
1.59471 269.935 -0.00455495 1.1786
1.59752 270.935 -0.00467982 1.18289
1.60031 271.935 -0.00475671 1.18718
1.60307 272.935 -0.00484251 1.19151
1.6058 273.935 -0.0049328 1.19589
1.6085 274.935 -0.00503166 1.20033
1.61116 275.935 -0.00512303 1.20484
1.61381 276.935 -0.00521288 1.20933
1.61644 277.935 -0.00532274 1.21377
1.61905 278.935 -0.00545874 1.21819
1.62164 279.935 -0.00557688 1.22259
1.62422 280.935 -0.00560155 1.22702
1.62677 281.935 -0.00572979 1.23145
1.62931 282.935 -0.00585931 1.23589
1.63183 283.935 -0.00596388 1.24032
1.63433 284.935 -0.00607323 1.24473
1.63682 285.935 -0.00621642 1.24917
1.63929 286.935 -0.00631806 1.25358
1.64173 287.935 -0.00643543 1.25798
1.64416 288.935 -0.00655657 1.26242
1.64656 289.935 -0.00666372 1.26691
1.64893 290.935 -0.00677454 1.27136
1.65128 291.935 -0.00682775 1.27585
1.6536 292.935 -0.00692092 1.28038
1.6559 293.935 -0.00703323 1.28494
1.65819 294.935 -0.00716072 1.28943
1.66045 295.935 -0.00729414 1.29383
1.66269 296.935 -0.00743466 1.29825
1.66491 297.935 -0.00756412 1.30274
1.66711 298.935 -0.00764216 1.30724
1.66928 299.935 -0.0076935 1.31165
1.67142 300.935 -0.00775127 1.31606
1.67354 301.935 -0.00777921 1.32052
1.67563 302.935 -0.00776905 1.32492
1.67769 303.935 -0.00786289 1.32935
1.67972 304.935 -0.00800383 1.33384
1.68171 305.935 -0.00806615 1.3383
1.68367 306.935 -0.00805917 1.3427
1.68558 307.935 -0.00808686 1.34706
1.68749 308.935 -0.00961929 1.35154
1.68937 309.935 -0.0101882 1.35617
1.69124 310.935 -0.0103531 1.36075
1.69309 311.935 -0.0104833 1.36529
1.6949 312.935 -0.0106561 1.36985
1.69669 313.935 -0.0107893 1.37446
1.69847 314.935 -0.0109966 1.37908
1.70022 315.935 -0.0111582 1.38371
1.70196 316.935 -0.0113085 1.38836
1.70364 317.935 -0.0114724 1.39295
1.70531 318.935 -0.0116525 1.39753
1.70696 319.935 -0.0118082 1.40212
1.70858 320.935 -0.0119323 1.40691
1.71017 321.935 -0.0120852 1.41199
1.71172 322.935 -0.0122442 1.4173
1.71322 323.935 -0.0123606 1.42295
1.7147 324.935 -0.0125048 1.4286
1.71615 325.935 -0.0126695 1.43432
1.71756 326.935 -0.0128342 1.44005
1.71896 327.935 -0.0130164 1.44582
1.72031 328.935 -0.0130111 1.45177
1.72163 329.935 -0.013106 1.45792
1.72287 330.935 -0.0128904 1.46416
1.72407 331.935 -0.0131366 1.47048
1.72524 332.935 -0.0133517 1.47683
1.72637 333.935 -0.0135788 1.48332
1.72748 334.935 -0.0138083 1.48994
1.72855 335.935 -0.0139027 1.49666
1.72957 336.935 -0.014142 1.50351
1.73055 337.935 -0.0143284 1.51067
1.7315 338.935 -0.0145229 1.51788
1.73245 339.935 -0.0147108 1.52505
1.73338 340.935 -0.0149555 1.53233
1.73428 341.935 -0.0151174 1.53974
1.73516 342.935 -0.0153996 1.5472
1.73602 343.935 -0.0156234 1.55469
1.73674 344.935 -0.0152197 1.56246
1.73736 345.935 -0.0155717 1.57042
1.73796 346.935 -0.015888 1.57854
1.73853 347.935 -0.0162299 1.58686
1.73907 348.935 -0.0165502 1.59523
1.73958 349.935 -0.0168589 1.60371
1.74007 350.935 -0.0171895 1.61229
1.74057 351.935 -0.0185098 1.62098
1.7412 352.935 -0.0194546 1.62986
1.74181 353.935 -0.0196315 1.63887
1.74239 354.935 -0.0198633 1.64796
1.74294 355.935 -0.0200504 1.65711
1.74348 356.935 -0.0202733 1.66628
1.74399 357.935 -0.0205335 1.67554
1.74451 358.935 -0.0206891 1.68473
1.74503 359.935 -0.0208819 1.69382
1.74555 360.935 -0.021186 1.70288
1.74628 361.935 -0.0214048 1.71126
1.74699 362.935 -0.0215805 1.71967
1.74769 363.935 -0.0217564 1.72815
1.74836 364.935 -0.0218976 1.73666
1.74905 365.935 -0.021988 1.74507
1.74977 366.935 -0.0221232 1.75319
1.75047 367.935 -0.0222973 1.76143
1.75114 368.935 -0.0224675 1.7698
1.75179 369.935 -0.0226565 1.77825
1.75242 370.935 -0.0228225 1.78674
1.75304 371.935 -0.0229216 1.79522
1.75367 372.935 -0.023115 1.80368
1.75435 373.935 -0.0232304 1.81203
1.75505 374.935 -0.0233506 1.82044
1.75573 375.935 -0.0235089 1.82888
1.7564 376.935 -0.0236656 1.8374
1.75705 377.935 -0.0238366 1.84608
1.75769 378.935 -0.0239713 1.85487
1.75831 379.935 -0.0241103 1.86376
1.75892 380.935 -0.0242198 1.87269
1.75952 381.935 -0.0243896 1.88161
1.76011 382.935 -0.0245605 1.89055
1.76069 383.935 -0.0247062 1.89952
1.76125 384.935 -0.0248424 1.90854
1.76181 385.935 -0.0249868 1.91761
1.76235 386.935 -0.0251984 1.92672
1.76285 387.935 -0.0253646 1.93604
1.76334 388.935 -0.0254843 1.94539
1.76382 389.935 -0.0255943 1.95476
1.76429 390.935 -0.0257971 1.96418
1.76474 391.935 -0.0259366 1.9736
1.76518 392.935 -0.026093 1.98308
1.7656 393.935 -0.0262549 1.99259
1.76602 394.935 -0.0264174 2.00212
1.76641 395.935 -0.0265592 2.01168
1.7668 396.935 -0.0267883 2.02131
1.76716 397.935 -0.0269319 2.03101
1.76752 398.935 -0.0271514 2.04076
1.76785 399.935 -0.0274379 2.05059
1.76816 400.935 -0.0277501 2.06053
1.76844 401.935 -0.0282047 2.07062
1.76868 402.935 -0.0285457 2.08089
1.76891 403.935 -0.0285586 2.09123
1.76916 404.935 -0.0283003 2.10142
1.76943 405.935 -0.0281494 2.11149
1.76971 406.935 -0.028154 2.1215
1.76998 407.935 -0.0282898 2.13152
1.77024 408.935 -0.0283954 2.14151
1.7705 409.935 -0.0284902 2.15153
1.77075 410.935 -0.0286213 2.16155
1.77101 411.935 -0.0284064 2.17149
1.77131 412.935 -0.0284221 2.18103
1.77164 413.935 -0.0285381 2.19038
1.77194 414.935 -0.0286535 2.19979
1.77223 415.935 -0.0287686 2.20927
1.77251 416.935 -0.0288031 2.21884
1.77279 417.935 -0.0288943 2.22842
1.77308 418.935 -0.0289713 2.23792
1.77341 419.935 -0.0290629 2.24723
1.77375 420.935 -0.029137 2.25648
1.77407 421.935 -0.0291752 2.26582
1.77439 422.935 -0.029252 2.27526
1.77469 423.935 -0.0293424 2.28484
1.77497 424.935 -0.0294498 2.29459
1.77525 425.935 -0.0295999 2.30437
1.77552 426.935 -0.0297542 2.31419
1.77579 427.935 -0.029884 2.32405
1.77605 428.935 -0.0300222 2.33418
1.77629 429.935 -0.0301271 2.34441
1.77651 430.935 -0.0302783 2.35472
1.77671 431.935 -0.0305562 2.36521
1.77688 432.935 -0.0306158 2.37584
1.77709 433.935 -0.0304573 2.38619
1.77731 434.935 -0.0304336 2.39627
1.77754 435.935 -0.0305703 2.40622
1.77776 436.935 -0.0306818 2.41618
1.77797 437.935 -0.0307746 2.42613
1.77817 438.935 -0.0309501 2.43612
1.77836 439.935 -0.0310756 2.44617
1.77853 440.935 -0.0312615 2.45631
1.77868 441.935 -0.0314147 2.46654
1.77881 442.935 -0.031851 2.47699
1.7789 443.935 -0.0325699 2.4878
1.7789 444.935 -0.0334639 2.49942
1.77883 445.935 -0.0338848 2.51177
1.77874 446.935 -0.0339015 2.52421
1.77867 447.935 -0.0338012 2.53657
1.7786 448.935 -0.0338325 2.54883
1.77852 449.935 -0.0341429 2.56112
1.77837 450.935 -0.035049 2.57404
1.77811 451.935 -0.0366876 2.58805
1.77774 452.935 -0.0375632 2.60312
1.77735 453.935 -0.0378729 2.61841
1.77693 454.935 -0.0382757 2.63396
1.77648 455.935 -0.0386999 2.64979
1.77613 456.935 -0.03263 2.66473
1.77618 457.935 -0.0325118 2.67549
1.77626 458.935 -0.0325514 2.68581
1.77635 459.935 -0.032409 2.69598
1.77644 460.935 -0.0325434 2.70601
1.77655 461.935 -0.0323571 2.71587
1.77667 462.935 -0.0323798 2.72559
1.77679 463.935 -0.0323953 2.73518
1.77692 464.935 -0.0323824 2.74463
1.77705 465.935 -0.032447 2.75408
1.77717 466.935 -0.0325121 2.76352
1.77729 467.935 -0.0326571 2.77296
1.7774 468.935 -0.0327209 2.78242
1.77751 469.935 -0.0327501 2.7919
1.7776 470.935 -0.0327491 2.8014
1.7777 471.935 -0.0327879 2.81092
1.77778 472.935 -0.0328404 2.82046
1.77786 473.935 -0.0328907 2.83
1.77793 474.935 -0.0329209 2.83952
1.778 475.935 -0.0329548 2.849
1.77807 476.935 -0.0329807 2.85847
1.77813 477.935 -0.0329995 2.86793
1.77819 478.935 -0.0330287 2.8774
1.77824 479.935 -0.0330693 2.88687
1.77829 480.935 -0.0330989 2.89631
1.77833 481.935 -0.0331738 2.90575
1.77838 482.935 -0.0332303 2.91517
1.77841 483.935 -0.0332198 2.92458
1.77845 484.935 -0.0333414 2.93398
1.77848 485.935 -0.0334212 2.94338
1.7785 486.935 -0.0334681 2.9528
1.77852 487.935 -0.0335252 2.9622
1.77854 488.935 -0.0335914 2.9716
1.77855 489.935 -0.0336514 2.981
1.77855 490.935 -0.0337535 2.9904
1.77855 491.935 -0.0337465 2.9998
1.77855 492.935 -0.0337561 3.00919
1.77854 493.935 -0.03376 3.01858
1.77853 494.935 -0.0337208 3.02794
1.77852 495.935 -0.0336178 3.03725
1.77851 496.935 -0.033553 3.04656
1.7785 497.935 -0.0335788 3.05582
1.77849 498.935 -0.0334866 3.06506
1.77848 499.935 -0.0334853 3.07427
1.77847 500.935 -0.0335205 3.08344
1.77846 501.935 -0.0334281 3.09262
1.77844 502.935 -0.0334476 3.10178
1.77841 503.935 -0.0333412 3.11094
1.77838 504.935 -0.0332271 3.12011
1.77834 505.935 -0.0332999 3.12929
1.7783 506.935 -0.0331705 3.13846
1.77825 507.935 -0.0330079 3.14762
1.77821 508.935 -0.033188 3.15676
1.77816 509.935 -0.03328 3.16589
1.77811 510.935 -0.033337 3.175
1.77806 511.935 -0.033421 3.18412
1.77801 512.935 -0.0334815 3.19326
1.77795 513.935 -0.0335346 3.20239
1.77789 514.935 -0.0336636 3.21155
1.77783 515.935 -0.0337656 3.22072
1.77776 516.935 -0.0338683 3.22989
1.77769 517.935 -0.0339484 3.2391
1.77761 518.935 -0.0339882 3.2483
1.77753 519.935 -0.0341063 3.25755
1.77744 520.935 -0.0341925 3.26683
1.77736 521.935 -0.0342378 3.27608
1.77727 522.935 -0.0343191 3.28537
1.77717 523.935 -0.0343713 3.29467
1.77708 524.935 -0.0343088 3.30396
1.77698 525.935 -0.0344031 3.31332
1.77688 526.935 -0.0344923 3.32272
1.77678 527.935 -0.0345847 3.33211
1.77667 528.935 -0.0346549 3.3415
1.77657 529.935 -0.0347427 3.3509
1.77646 530.935 -0.0348156 3.36028
1.77635 531.935 -0.0348864 3.36963
1.77624 532.935 -0.0349444 3.37909
1.77613 533.935 -0.0350087 3.38854
1.77601 534.935 -0.0350546 3.39797
1.77589 535.935 -0.0351711 3.40739
1.77578 536.935 -0.0353329 3.41681
1.77567 537.935 -0.0355675 3.42625
1.77556 538.935 -0.0356673 3.43567
1.77545 539.935 -0.0357606 3.44508
1.77534 540.935 -0.035912 3.4545
1.77522 541.935 -0.0360835 3.46394
1.77509 542.935 -0.0361572 3.47344
1.77497 543.935 -0.0362856 3.48294
1.77485 544.935 -0.0364446 3.4924
1.77472 545.935 -0.0365133 3.50191
1.77461 546.935 -0.0365508 3.51133
1.77447 547.935 -0.0366171 3.52088
1.77434 548.935 -0.0366917 3.53041
1.77421 549.935 -0.0367585 3.53988
1.77407 550.935 -0.0368256 3.54941
1.77394 551.935 -0.0369433 3.55887
1.77382 552.935 -0.0371976 3.56832
1.77372 553.935 -0.0374593 3.57773
1.77363 554.935 -0.0375207 3.5871
1.77353 555.935 -0.0375594 3.59649
1.77344 556.935 -0.0376172 3.60584
1.77334 557.935 -0.037665 3.61518
1.77324 558.935 -0.0377064 3.62452
1.77314 559.935 -0.0377696 3.63385
1.77304 560.935 -0.0378254 3.64318
1.77294 561.935 -0.0378859 3.65251
1.77284 562.935 -0.0379328 3.66184
1.77274 563.935 -0.0379361 3.67116
1.77264 564.935 -0.0379878 3.68048
1.77254 565.935 -0.0380512 3.68977
1.77243 566.935 -0.0381099 3.69904
1.77233 567.935 -0.038151 3.70831
1.77222 568.935 -0.0381914 3.7176
1.77211 569.935 -0.0382053 3.72697
1.77199 570.935 -0.0381789 3.73634
1.77188 571.935 -0.0382179 3.74568
1.77176 572.935 -0.0382549 3.75504
1.77164 573.935 -0.0383057 3.7644
1.77152 574.935 -0.0383494 3.77376
1.7714 575.935 -0.0383689 3.78313
1.77127 576.935 -0.0383805 3.7925
1.77114 577.935 -0.0381546 3.80188
1.77101 578.935 -0.0380844 3.81128
1.77088 579.935 -0.0381285 3.8207
1.77075 580.935 -0.0380421 3.8301
1.77062 581.935 -0.0379809 3.8395
1.77049 582.935 -0.0380097 3.8489
1.77035 583.935 -0.0380461 3.85832
1.77021 584.935 -0.0380936 3.86773
1.77008 585.935 -0.0381446 3.87714
1.76994 586.935 -0.0380543 3.88653
1.7698 587.935 -0.0379855 3.89594
1.76966 588.935 -0.0380179 3.90535
1.76952 589.935 -0.0380572 3.91477
1.76937 590.935 -0.0380745 3.92419
1.76923 591.935 -0.0381092 3.93362
1.76908 592.935 -0.0381467 3.94306
1.76893 593.935 -0.0381927 3.95249
1.76878 594.935 -0.0382354 3.96191
1.76862 595.935 -0.038304 3.97134
1.76846 596.935 -0.0383548 3.98078
1.7683 597.935 -0.0383348 3.99026
1.76812 598.935 -0.0383892 3.99985
1.76794 599.935 -0.0384313 4.00946
1.76776 600.935 -0.0384901 4.01908
1.76758 601.935 -0.0385279 4.02872
1.76739 602.935 -0.0385595 4.03836
1.76721 603.935 -0.0385734 4.04799
1.76702 604.935 -0.0386312 4.05763
1.76682 605.935 -0.0386629 4.06729
1.76663 606.935 -0.0386928 4.07696
1.76644 607.935 -0.0387509 4.08662
1.76624 608.935 -0.038829 4.09631
1.76604 609.935 -0.0388707 4.106
1.76584 610.935 -0.0389281 4.1157
1.76564 611.935 -0.0389575 4.12542
1.76543 612.935 -0.039 4.13515
1.76523 613.935 -0.0390647 4.1449
1.76502 614.935 -0.0390965 4.15467
1.76481 615.935 -0.0391328 4.16446
1.7646 616.935 -0.0391734 4.17424
1.76439 617.935 -0.0392517 4.18404
1.76417 618.935 -0.0393162 4.19384
1.76396 619.935 -0.0393541 4.20367
1.76374 620.935 -0.03941 4.21351
1.76352 621.935 -0.0394464 4.22335
1.7633 622.935 -0.0394949 4.23322
1.76308 623.935 -0.0395235 4.2431
1.76286 624.935 -0.0395438 4.25299
1.76263 625.935 -0.0396057 4.26288
1.7624 626.935 -0.0396923 4.27279
1.76217 627.935 -0.0397443 4.28269
1.76194 628.935 -0.0397849 4.29261
1.76171 629.935 -0.0398505 4.30255
1.76148 630.935 -0.0398846 4.31252
1.76125 631.935 -0.0399061 4.3225
1.76101 632.935 -0.0399465 4.33249
1.76077 633.935 -0.0399825 4.34249
1.76053 634.935 -0.0400807 4.3525
1.76029 635.935 -0.0401709 4.3625
1.76005 636.935 -0.0402314 4.37251
1.75981 637.935 -0.0402772 4.38252
1.75957 638.935 -0.0402921 4.39255
1.75932 639.935 -0.0403095 4.40258
1.75908 640.935 -0.0403765 4.41261
1.75883 641.935 -0.0404052 4.42264
1.75858 642.935 -0.0404799 4.43266
1.75833 643.935 -0.0405477 4.44269
1.75807 644.935 -0.0406234 4.45272
1.75782 645.935 -0.0407076 4.46275
1.75757 646.935 -0.0406795 4.47278
1.75731 647.935 -0.0405895 4.48281
1.75706 648.935 -0.0405395 4.49284
1.7568 649.935 -0.0405534 4.50288
1.75655 650.935 -0.0405666 4.51293
1.75629 651.935 -0.0405753 4.52298
1.75603 652.935 -0.0405139 4.53305
1.75578 653.935 -0.0404945 4.54312
1.75552 654.935 -0.0404424 4.55319
1.75527 655.935 -0.0404723 4.56329
1.75502 656.935 -0.0404368 4.57338
1.75476 657.935 -0.0403459 4.58349
1.75451 658.935 -0.0402885 4.5936
1.75426 659.935 -0.0402885 4.60373
1.754 660.935 -0.0403186 4.61386
1.75375 661.935 -0.0403539 4.624
1.75349 662.935 -0.0403785 4.63412
1.75324 663.935 -0.0404184 4.64425
1.75299 664.935 -0.0404633 4.65441
1.75274 665.935 -0.0404943 4.66456
1.7525 666.935 -0.0405269 4.67474
1.75225 667.935 -0.0405292 4.68491
1.752 668.935 -0.0407045 4.69508
1.75175 669.935 -0.0407253 4.70527
1.75151 670.935 -0.0407438 4.71545
1.75126 671.935 -0.0407234 4.72562
1.75101 672.935 -0.0407352 4.73582
1.75077 673.935 -0.0407488 4.74601
1.75053 674.935 -0.0407699 4.75618
1.75029 675.935 -0.0407711 4.76637
1.75006 676.935 -0.0407978 4.77656
1.74982 677.935 -0.0408449 4.78675
1.74959 678.935 -0.0408502 4.79697
1.74936 679.935 -0.0408618 4.80723
1.74913 680.935 -0.0408868 4.81749
1.74889 681.935 -0.0409012 4.82776
1.74867 682.935 -0.0409381 4.83803
1.74844 683.935 -0.041022 4.84831
1.74821 684.935 -0.041131 4.85859
1.74798 685.935 -0.0411977 4.86887
1.74776 686.935 -0.0412264 4.87919
1.74754 687.935 -0.0412432 4.88949
1.74732 688.935 -0.041282 4.89979
1.74711 689.935 -0.0413201 4.91009
1.74689 690.935 -0.041343 4.92039
1.74668 691.935 -0.0413831 4.93068
1.74647 692.935 -0.0414464 4.94099
1.74626 693.935 -0.0415054 4.9513
1.74605 694.935 -0.0415642 4.96163
1.74584 695.935 -0.0416508 4.97198
1.74563 696.935 -0.0416997 4.98235
1.74542 697.935 -0.0417189 4.99272
1.74522 698.935 -0.0417895 5.00312
1.74501 699.935 -0.0418329 5.01353
1.7448 700.935 -0.0419085 5.02392
1.7446 701.935 -0.0419189 5.03433
1.7444 702.935 -0.0419451 5.04471
1.7442 703.935 -0.0419586 5.05511
1.744 704.935 -0.0419804 5.06555
1.74381 705.935 -0.0420232 5.07599
1.74361 706.935 -0.0420418 5.08646
1.74341 707.935 -0.042017 5.09694
1.74322 708.935 -0.042009 5.10746
1.74303 709.935 -0.0420938 5.11798
1.74284 710.935 -0.0420975 5.12849
1.74265 711.935 -0.0421047 5.13903
1.74247 712.935 -0.0421389 5.1496
1.74229 713.935 -0.0421617 5.16016
1.74211 714.935 -0.0422286 5.17072
1.74193 715.935 -0.0422491 5.1813
1.74175 716.935 -0.0422939 5.1919
1.74157 717.935 -0.0422718 5.2025
1.7414 718.935 -0.0423103 5.2131
1.74123 719.935 -0.0423323 5.22368
1.74106 720.935 -0.0423554 5.23424
1.74089 721.935 -0.0423741 5.24481
1.74073 722.935 -0.0423681 5.25541
1.74056 723.935 -0.04239 5.26601
1.7404 724.935 -0.0424077 5.27662
1.74024 725.935 -0.0417833 5.2873
1.74008 726.935 -0.0418667 5.29803
1.73992 727.935 -0.0418762 5.30878
1.73975 728.935 -0.041884 5.31955
1.73959 729.935 -0.0418835 5.33034
1.73944 730.935 -0.0418942 5.34113
1.73928 731.935 -0.0419541 5.35193
1.73912 732.935 -0.041957 5.36275
1.73897 733.935 -0.0419903 5.37354
1.73882 734.935 -0.0419814 5.38433
1.73868 735.935 -0.0419809 5.39511
1.73853 736.935 -0.0420012 5.4059
1.73839 737.935 -0.0419438 5.41669
1.73825 738.935 -0.0419557 5.42746
1.73811 739.935 -0.0419823 5.43824
1.73797 740.935 -0.0419551 5.44901
1.73783 741.935 -0.041967 5.45982
1.73769 742.935 -0.0419985 5.47062
1.73755 743.935 -0.0420327 5.48144
1.73741 744.935 -0.0420375 5.49229
1.73727 745.935 -0.0420589 5.50313
1.73713 746.935 -0.0420461 5.51398
1.73699 747.935 -0.0420647 5.52485
1.73686 748.935 -0.0420671 5.53573
1.73672 749.935 -0.0420857 5.54659
1.73658 750.935 -0.0421055 5.55745
1.73645 751.935 -0.0421332 5.56831
1.73632 752.935 -0.0422026 5.5792
1.73618 753.935 -0.0422599 5.59009
1.73605 754.935 -0.0422896 5.601
1.73593 755.935 -0.0423224 5.61191
1.7358 756.935 -0.0423376 5.62281
1.73568 757.935 -0.0423224 5.6337
1.73555 758.935 -0.0423453 5.64456
1.73543 759.935 -0.0423627 5.65542
1.73531 760.935 -0.0423532 5.66625
1.7352 761.935 -0.0423736 5.67707
1.73508 762.935 -0.0424166 5.68791
1.73497 763.935 -0.0424464 5.69875
1.73486 764.935 -0.0424191 5.70958
1.73475 765.935 -0.0424151 5.72043
1.73464 766.935 -0.0424063 5.73126
1.73453 767.935 -0.0424109 5.74209
1.73443 768.935 -0.0424049 5.75291
1.73432 769.935 -0.0424554 5.76369
1.73422 770.935 -0.0424446 5.7745
1.73411 771.935 -0.0424703 5.78531
1.73401 772.935 -0.0424837 5.79611
1.73391 773.935 -0.0424894 5.8069
1.73381 774.935 -0.0425413 5.81771
1.7337 775.935 -0.0425841 5.8285
1.7336 776.935 -0.0425699 5.83931
1.7335 777.935 -0.0425817 5.85009
1.7334 778.935 -0.0425849 5.86087
1.7333 779.935 -0.0426044 5.87165
1.7332 780.935 -0.0426546 5.88243
1.73309 781.935 -0.0426798 5.89322
1.73299 782.935 -0.0426977 5.90402
1.7329 783.935 -0.0427131 5.91479
1.7328 784.935 -0.0426805 5.92554
1.73271 785.935 -0.0426842 5.93629
1.73262 786.935 -0.0427068 5.94705
1.73253 787.935 -0.042747 5.95779
1.73245 788.935 -0.0428206 5.96854
1.73236 789.935 -0.0428834 5.97928
1.73228 790.935 -0.0428975 5.99004
1.73219 791.935 -0.0429105 6.00081
1.7321 792.935 -0.0429081 6.01157
1.73202 793.935 -0.0429005 6.02233
1.73193 794.935 -0.0429378 6.03308
1.73185 795.935 -0.0429479 6.04384
1.73177 796.935 -0.0429738 6.05458
1.73169 797.935 -0.042996 6.06528
1.73161 798.935 -0.0430034 6.07599
1.73153 799.935 -0.0430711 6.0867
1.73146 800.935 -0.0431392 6.09741
1.73139 801.935 -0.0431904 6.10811
1.73131 802.935 -0.0430543 6.1188
1.73124 803.935 -0.0427525 6.12946
1.73117 804.935 -0.0427291 6.14013
1.7311 805.935 -0.0427421 6.1508
1.73103 806.935 -0.0428025 6.16147
1.73096 807.935 -0.0428734 6.17219
1.73089 808.935 -0.0429176 6.18293
1.73082 809.935 -0.0429623 6.19366
1.73075 810.935 -0.0430079 6.20438
1.73069 811.935 -0.0431259 6.21509
1.73062 812.935 -0.0432297 6.22582
1.73055 813.935 -0.0432475 6.23654
1.73048 814.935 -0.0432649 6.24727
1.73042 815.935 -0.0432711 6.25799
1.73035 816.935 -0.0433615 6.2687
1.73028 817.935 -0.0434747 6.27941
1.73021 818.935 -0.0435025 6.29014
1.73014 819.935 -0.0435184 6.30089
1.73007 820.935 -0.0435389 6.31166
1.73 821.935 -0.0436379 6.32242
1.72994 822.935 -0.0437648 6.33319
1.72987 823.935 -0.0437932 6.34396
1.7298 824.935 -0.0438099 6.35474
1.72973 825.935 -0.0438245 6.36551
1.72966 826.935 -0.0438454 6.37629
1.7296 827.935 -0.0438723 6.38709
1.72953 828.935 -0.0438982 6.39791
1.72946 829.935 -0.0439105 6.40872
1.72939 830.935 -0.0439095 6.41953
1.72932 831.935 -0.043921 6.43034
1.72925 832.935 -0.0439854 6.44114
1.72918 833.935 -0.0439771 6.45194
1.72911 834.935 -0.0439814 6.46277
1.72904 835.935 -0.0440044 6.47361
1.72897 836.935 -0.0440314 6.48445
1.7289 837.935 -0.0440483 6.49532
1.72883 838.935 -0.0440751 6.50621
1.72876 839.935 -0.0440746 6.51711
1.72869 840.935 -0.044091 6.528
1.72862 841.935 -0.0441119 6.53889
1.72855 842.935 -0.0441346 6.54979
1.72848 843.935 -0.0441839 6.5607
1.72841 844.935 -0.0441931 6.57162
1.72834 845.935 -0.0442101 6.58257
1.72826 846.935 -0.0442099 6.59352
1.72819 847.935 -0.0442267 6.60449
1.72811 848.935 -0.0442541 6.61549
1.72804 849.935 -0.0442544 6.6265
1.72797 850.935 -0.0442755 6.63751
1.72789 851.935 -0.0442759 6.64853
1.72782 852.935 -0.0442892 6.65956
1.72774 853.935 -0.0443102 6.67058
1.72767 854.935 -0.0443281 6.68163
1.72759 855.935 -0.0443784 6.69269
1.72752 856.935 -0.0443958 6.70377
1.72745 857.935 -0.0444316 6.71485
1.72738 858.935 -0.0444487 6.72594
1.72731 859.935 -0.044352 6.73703
1.72724 860.935 -0.0440996 6.7481
1.72717 861.935 -0.0438662 6.75917
1.7271 862.935 -0.0438005 6.77023
1.72703 863.935 -0.0438114 6.78128
1.72696 864.935 -0.0436425 6.79232
1.72689 865.935 -0.0434381 6.80337
1.72682 866.935 -0.0433106 6.81443
1.72675 867.935 -0.0430485 6.82552
1.72668 868.935 -0.0428696 6.83661
1.72661 869.935 -0.0427399 6.8477
1.72654 870.935 -0.0426039 6.8588
1.72648 871.935 -0.0425253 6.86993
1.72641 872.935 -0.0425598 6.88104
1.72635 873.935 -0.0425705 6.89217
1.72628 874.935 -0.0424795 6.90329
1.72622 875.935 -0.04235 6.91441
1.72616 876.935 -0.0422774 6.92552
1.7261 877.935 -0.0422287 6.93662
1.72604 878.935 -0.0422006 6.94772
1.72598 879.935 -0.04216 6.95879
1.72592 880.935 -0.0420775 6.96985
1.72586 881.935 -0.0419364 6.98089
1.7258 882.935 -0.0419128 6.99189
1.72573 883.935 -0.0419937 7.00289
1.72567 884.935 -0.0420008 7.01395
1.72561 885.935 -0.0420043 7.02501
1.72555 886.935 -0.042001 7.03609
1.72549 887.935 -0.0419937 7.0472
1.72543 888.935 -0.0420124 7.05828
1.72537 889.935 -0.0420357 7.06938
1.72531 890.935 -0.0420872 7.08052
1.72525 891.935 -0.0421235 7.0917
1.72519 892.935 -0.0421415 7.10289
1.72513 893.935 -0.0421586 7.11408
1.72507 894.935 -0.0421911 7.1253
1.72502 895.935 -0.0422133 7.13656
1.72496 896.935 -0.0422235 7.14781
1.72491 897.935 -0.042228 7.15905
1.72485 898.935 -0.0422322 7.17029
1.7248 899.935 -0.0422357 7.18155
