0.573049 8.26114e-006 3.39248e-026 -5.92498e-008 1.32158e-005 2.64446e-024 -9.48152e-008 1.48671e-005 6.64758e-024 -1.06673e-007 1.32158e-005 1.83858e-024 -9.48152e-008 8.26114e-006 3.01038e-024 -5.92498e-008 4.51102e-012 -1.63001e-026 -3.83062e-014
1.14561 1.65109e-005 -5.65695e-026 -1.1848e-007 2.64096e-005 5.1991e-025 -1.89631e-007 2.97078e-005 2.90628e-024 -2.13359e-007 2.64096e-005 1.11858e-023 -1.89631e-007 1.65109e-005 -1.15394e-023 -1.1848e-007 1.21561e-010 -6.41019e-026 1.00438e-012
1.71765 2.47493e-005 3.71283e-024 -1.77691e-007 3.95811e-005 -4.3105e-024 -2.84448e-007 4.4522e-005 1.60804e-023 -3.20058e-007 3.95811e-005 -9.09476e-024 -2.84448e-007 2.47493e-005 -9.19848e-024 -1.77691e-007 1.21616e-010 3.79908e-024 1.00449e-012
2.28919 3.29763e-005 -9.26999e-026 -2.36883e-007 5.27302e-005 3.81e-024 -3.79266e-007 5.93094e-005 2.19268e-023 -4.2677e-007 5.27302e-005 1.10905e-023 -3.79266e-007 3.29763e-005 1.40516e-024 -2.36883e-007 1.21605e-010 1.01931e-025 1.00405e-012
2.86022 4.11918e-005 -1.95778e-024 -2.96055e-007 6.58567e-005 -7.85688e-024 -4.74085e-007 7.40697e-005 3.55341e-023 -5.33495e-007 6.58567e-005 8.57568e-024 -4.74085e-007 4.11918e-005 8.38592e-024 -2.96055e-007 1.21593e-010 -3.84944e-024 1.0036e-012
3.43074 4.93957e-005 -1.13581e-024 -3.55206e-007 7.89605e-005 -2.81361e-023 -5.68904e-007 8.88029e-005 1.86156e-023 -6.40234e-007 7.89605e-005 4.76054e-023 -5.68904e-007 4.93957e-005 -7.04806e-024 -3.55206e-007 1.21581e-010 -2.80387e-024 1.00316e-012
4.00074 5.7588e-005 -1.62587e-024 -4.14337e-007 9.20413e-005 -1.14642e-023 -6.63724e-007 0.000103509 -9.25914e-024 -7.46987e-007 9.20413e-005 3.89677e-023 -6.63724e-007 5.7588e-005 -4.23217e-024 -4.14337e-007 1.21568e-010 1.26964e-024 1.0027e-012
4.57023 6.57686e-005 -2.96771e-025 -4.73448e-007 0.000105099 3.68466e-023 -7.58545e-007 0.000118187 -3.79104e-023 -8.53754e-007 0.000105099 -5.07605e-024 -7.58545e-007 6.57686e-005 -3.5616e-023 -4.73448e-007 1.21555e-010 -2.08875e-025 1.00224e-012
5.13918 7.39374e-005 -9.70361e-026 -5.32538e-007 0.000118134 4.70128e-023 -8.53367e-007 0.000132837 -3.36504e-023 -9.60535e-007 0.000118134 -2.97695e-023 -8.53367e-007 7.39374e-005 3.4685e-024 -5.32538e-007 1.21541e-010 -1.06134e-025 1.00178e-012
5.70761 8.20943e-005 -7.3438e-025 -5.91606e-007 0.000131145 3.63838e-023 -9.4819e-007 0.000147459 -3.20632e-023 -1.06733e-006 0.000131145 -2.83452e-023 -9.4819e-007 8.20944e-005 -2.64619e-023 -5.91606e-007 1.21526e-010 -1.21023e-024 1.00131e-012
6.27551 9.02394e-005 6.9747e-024 -6.50653e-007 0.000144133 3.60449e-023 -1.04301e-006 0.000162053 -3.36292e-023 -1.17414e-006 0.000144133 -2.87993e-023 -1.04301e-006 9.02394e-005 -1.71053e-023 -6.50653e-007 1.21511e-010 5.69689e-024 1.00084e-012
6.84288 9.83725e-005 2.21722e-023 -7.09678e-007 0.000157096 1.21997e-023 -1.13784e-006 0.000176619 -8.11688e-023 -1.28097e-006 0.000157096 -1.13053e-022 -1.13784e-006 9.83725e-005 -2.24304e-023 -7.09678e-007 1.21494e-010 2.90202e-023 1.00036e-012
7.40971 0.000106494 8.70163e-024 -7.68681e-007 0.000170036 6.03173e-024 -1.23266e-006 0.000191155 -9.43757e-023 -1.38781e-006 0.000170036 -8.61912e-023 -1.23266e-006 0.000106494 -1.98569e-023 -7.68681e-007 1.21477e-010 1.78819e-023 9.99872e-013
7.97599 0.000114602 6.52854e-024 -8.27662e-007 0.000182952 -2.15962e-023 -1.32749e-006 0.000205663 4.55599e-023 -1.49466e-006 0.000182952 -8.7782e-023 -1.32749e-006 0.000114602 4.06101e-024 -8.27662e-007 1.2146e-010 -1.29546e-023 9.99381e-013
8.54173 0.000122699 -1.4891e-023 -8.8662e-007 0.000195844 -4.03362e-023 -1.42231e-006 0.000220141 7.7178e-023 -1.60153e-006 0.000195844 -5.36057e-023 -1.42231e-006 0.000122699 -7.20755e-023 -8.8662e-007 1.21441e-010 -5.57098e-024 9.98884e-013
9.10692 0.000130784 -6.37607e-025 -9.45555e-007 0.000208711 3.53277e-023 -1.51714e-006 0.00023459 -1.09006e-023 -1.70842e-006 0.000208711 -2.09973e-022 -1.51714e-006 0.000130784 -5.21196e-023 -9.45555e-007 1.21422e-010 -3.40296e-026 9.98382e-013
9.67156 0.000138856 -9.9543e-026 -1.00447e-006 0.000221553 2.11068e-023 -1.61197e-006 0.000249009 -9.3861e-023 -1.81532e-006 0.000221553 -7.44421e-023 -1.61197e-006 0.000138856 3.13123e-023 -1.00447e-006 1.21403e-010 2.4974e-024 9.97873e-013
10.2356 0.000146916 8.29432e-026 -1.06336e-006 0.00023437 -1.69704e-023 -1.7068e-006 0.000263397 -9.23245e-023 -1.92224e-006 0.00023437 -9.25924e-023 -1.7068e-006 0.000146916 1.38835e-023 -1.06336e-006 1.21382e-010 2.03612e-025 9.97359e-013
10.7992 0.000154963 -1.91754e-023 -1.12222e-006 0.000247163 -3.68695e-023 -1.80162e-006 0.000277756 -1.1487e-022 -2.02918e-006 0.000247163 -1.15206e-022 -1.80162e-006 0.000154963 -8.31303e-024 -1.12222e-006 1.21361e-010 -1.07295e-025 9.96839e-013
11.3621 0.000162998 -1.50889e-023 -1.18106e-006 0.00025993 4.49509e-023 -1.89645e-006 0.000292084 -1.1554e-022 -2.13613e-006 0.00025993 -1.16123e-022 -1.89645e-006 0.000162998 -5.58357e-024 -1.18106e-006 1.21339e-010 2.54358e-023 9.96312e-013
11.9245 0.00017102 -7.30902e-024 -1.23988e-006 0.000272672 1.46784e-022 -1.99128e-006 0.000306381 -1.17233e-022 -2.2431e-006 0.000272672 -1.15666e-022 -1.99128e-006 0.00017102 5.23492e-023 -1.23988e-006 1.21316e-010 -2.29948e-023 9.9578e-013
12.4863 0.000179029 -5.01222e-024 -1.29867e-006 0.000285388 1.0831e-022 -2.08611e-006 0.000320647 -1.18403e-022 -2.35009e-006 0.000285388 -1.16935e-022 -2.08611e-006 0.000179029 7.75903e-023 -1.29867e-006 1.21292e-010 6.72606e-024 9.95241e-013
13.0475 0.000187026 -4.67367e-024 -1.35743e-006 0.000298078 8.84115e-023 -2.18094e-006 0.000334882 -1.55705e-022 -2.45709e-006 0.000298078 -3.61818e-023 -2.18094e-006 0.000187026 7.59546e-023 -1.35743e-006 1.21267e-010 1.04585e-023 9.94696e-013
13.6082 0.000195009 2.67774e-023 -1.41617e-006 0.000310742 1.11371e-022 -2.27578e-006 0.000349085 -1.19193e-022 -2.56411e-006 0.000310742 1.24792e-022 -2.27578e-006 0.000195009 1.18749e-022 -1.41617e-006 1.21242e-010 2.33098e-023 9.94144e-013
14.1682 0.00020298 -1.63045e-023 -1.47489e-006 0.00032338 1.06116e-022 -2.37061e-006 0.000363256 -2.05767e-022 -2.67115e-006 0.00032338 -1.93367e-024 -2.37061e-006 0.00020298 5.90608e-023 -1.47489e-006 1.21216e-010 -4.79046e-023 9.93586e-013
14.7277 0.000210938 7.81183e-024 -1.53357e-006 0.000335991 8.86945e-023 -2.46544e-006 0.000377395 -5.07897e-023 -2.77821e-006 0.000335991 -2.84427e-022 -2.46544e-006 0.000210938 2.25579e-023 -1.53357e-006 1.21189e-010 2.80009e-023 9.93022e-013
15.2866 0.000218882 -9.74668e-024 -1.59223e-006 0.000348576 1.05007e-022 -2.56027e-006 0.000391501 -1.3421e-023 -2.88529e-006 0.000348576 7.81855e-023 -2.56027e-006 0.000218882 5.97386e-023 -1.59223e-006 1.21161e-010 9.57896e-024 9.9245e-013
15.8448 0.000226814 2.35108e-024 -1.65087e-006 0.000361134 2.23005e-022 -2.65511e-006 0.000405574 7.42974e-023 -2.99239e-006 0.000361134 -8.70765e-023 -2.65511e-006 0.000226814 2.16865e-023 -1.65087e-006 1.21132e-010 1.9284e-023 9.91872e-013
16.4025 0.000234732 -1.91626e-023 -1.70947e-006 0.000373664 3.18198e-024 -2.74994e-006 0.000419615 -3.79674e-024 -3.09951e-006 0.000373664 1.19562e-022 -2.74994e-006 0.000234732 -1.82418e-023 -1.70947e-006 1.21102e-010 -2.03696e-024 9.91287e-013
16.9595 0.000242637 -2.1743e-023 -1.76805e-006 0.000386167 8.48133e-023 -2.84477e-006 0.000433621 1.56968e-022 -3.20664e-006 0.000386167 -4.53332e-023 -2.84477e-006 0.000242637 3.79845e-024 -1.76805e-006 1.21071e-010 2.30305e-023 9.90695e-013
17.516 0.000250528 2.80612e-024 -1.8266e-006 0.000398643 -1.12014e-022 -2.93961e-006 0.000447594 1.5898e-022 -3.3138e-006 0.000398643 2.84291e-022 -2.93961e-006 0.000250528 -5.14779e-023 -1.8266e-006 1.2104e-010 2.04121e-023 9.90096e-013
18.0718 0.000258406 1.22652e-025 -1.88512e-006 0.00041109 -1.34556e-022 -3.03444e-006 0.000461533 -8.77248e-023 -3.42098e-006 0.00041109 -1.76197e-024 -3.03444e-006 0.000258406 -9.51596e-023 -1.88512e-006 1.21007e-010 9.95641e-025 9.8949e-013
18.627 0.00026627 2.85242e-025 -1.94362e-006 0.00042351 -1.74191e-022 -3.12927e-006 0.000475437 -1.66779e-022 -3.52818e-006 0.00042351 4.18674e-023 -3.12927e-006 0.00026627 -2.12432e-022 -1.94362e-006 1.20974e-010 2.4608e-025 9.88876e-013
19.1816 0.000274121 2.83791e-026 -2.00208e-006 0.000435901 -1.3274e-022 -3.22411e-006 0.000489306 -1.23587e-022 -3.6354e-006 0.000435901 -3.93621e-023 -3.22411e-006 0.000274121 -1.74035e-022 -2.00208e-006 1.20939e-010 3.22386e-026 9.88255e-013
19.7355 0.000281957 1.90107e-025 -2.06051e-006 0.000448263 -1.64651e-023 -3.31894e-006 0.00050314 -1.23143e-022 -3.74264e-006 0.000448263 4.1472e-024 -3.31894e-006 0.000281957 2.63017e-023 -2.06051e-006 1.20904e-010 4.73397e-026 9.87627e-013
20.2888 0.00028978 4.64564e-024 -2.11891e-006 0.000460597 1.51243e-022 -3.41378e-006 0.000516939 -1.62741e-022 -3.8499e-006 0.000460597 -3.09991e-023 -3.41378e-006 0.00028978 1.4795e-022 -2.11891e-006 1.20868e-010 -2.83047e-025 9.86991e-013
20.8414 0.000297589 2.47229e-025 -2.17729e-006 0.000472901 1.88944e-022 -3.50861e-006 0.000530701 -1.6771e-022 -3.95719e-006 0.000472901 -2.42353e-022 -3.50861e-006 0.000297589 1.47915e-022 -2.17729e-006 1.2083e-010 -4.88523e-024 9.86347e-013
21.3934 0.000305384 4.78754e-024 -2.23563e-006 0.000485176 1.48329e-022 -3.60344e-006 0.000544428 -1.17059e-022 -4.0645e-006 0.000485176 -2.44015e-022 -3.60344e-006 0.000305384 1.87633e-022 -2.23563e-006 1.20792e-010 -3.25285e-026 9.85696e-013
21.9447 0.000313164 1.11169e-023 -2.29394e-006 0.000497422 1.86267e-022 -3.69828e-006 0.000558117 -1.15898e-022 -4.17183e-006 0.000497422 -2.88029e-022 -3.69828e-006 0.000313164 1.37979e-022 -2.29394e-006 1.20752e-010 4.92236e-024 9.85036e-013
22.2759 0.000317836 9.31726e-025 -2.32898e-006 0.00050477 2.64237e-022 -3.7553e-006 0.000632308 -1.61028e-022 -4.55536e-006 0.00050477 -2.87695e-022 -3.7553e-006 0.000317836 9.46002e-023 -2.32898e-006 7.31374e-012 -3.29863e-024 -5.24461e-014
22.4775 0.000320679 6.32596e-024 -2.35032e-006 0.000509242 3.04602e-022 -3.79003e-006 0.000741972 -1.6129e-022 -5.10166e-006 0.000509242 -2.88719e-022 -3.79003e-006 0.000320679 1.75646e-022 -2.35032e-006 7.12015e-012 2.39889e-023 5.80634e-014
22.6782 0.000323508 2.39961e-023 -2.37157e-006 0.000513689 1.82996e-022 -3.82462e-006 0.00085166 -1.68402e-022 -5.64907e-006 0.000513689 -2.97194e-022 -3.82462e-006 0.000323508 1.75685e-022 -2.37157e-006 1.05862e-012 -3.06253e-023 1.7333e-014
22.6809 0.000323546 8.55673e-024 -2.37185e-006 0.000513749 -1.42199e-022 -3.82509e-006 0.00105348 -1.65704e-022 -6.44566e-006 0.000513749 -1.64413e-022 -3.82509e-006 0.000323546 1.77508e-022 -2.37185e-006 -5.47426e-019 -8.70716e-023 6.60564e-021
22.6831 0.000323576 1.41853e-023 -2.37208e-006 0.000513797 -1.42198e-022 -3.82545e-006 0.00125555 -1.65706e-022 -7.24297e-006 0.000513797 -1.64414e-022 -3.82545e-006 0.000323576 2.18439e-022 -2.37208e-006 2.61426e-017 -6.79141e-024 -3.20816e-019
22.6852 0.000323606 -6.05919e-024 -2.37231e-006 0.000513844 -1.93976e-023 -3.82582e-006 0.00145762 -1.65701e-022 -8.04027e-006 0.000513844 -1.64421e-022 -3.82582e-006 0.000323606 2.18444e-022 -2.37231e-006 2.61442e-017 -1.6109e-023 -3.20836e-019
22.6873 0.000323636 1.30087e-023 -2.37253e-006 0.000513892 -1.83131e-022 -3.82619e-006 0.00165969 -1.65702e-022 -8.83758e-006 0.000513892 -1.64423e-022 -3.82619e-006 0.000323636 9.56369e-023 -2.37253e-006 2.61442e-017 -3.63325e-023 -3.20836e-019
22.6895 0.000323666 -2.00252e-023 -2.37276e-006 0.000513939 -1.42188e-022 -3.82656e-006 0.00186176 -6.64473e-023 -9.63489e-006 0.000513939 -1.64414e-022 -3.82656e-006 0.000323666 1.37796e-023 -2.37276e-006 2.61442e-017 2.12562e-023 -3.20837e-019
22.6916 0.000323697 -2.87649e-023 -2.37299e-006 0.000513986 -1.01226e-022 -3.82693e-006 0.00206383 -6.64714e-023 -1.04322e-005 0.000513986 -1.6441e-022 -3.82693e-006 0.000323697 9.56577e-023 -2.37299e-006 2.61442e-017 1.09271e-023 -3.20837e-019
22.6938 0.000323727 3.60408e-024 -2.37321e-006 0.000514034 -1.01214e-022 -3.8273e-006 0.00226589 -6.64974e-023 -1.12295e-005 0.000514034 -1.64433e-022 -3.8273e-006 0.000323727 1.38085e-023 -2.37321e-006 2.61441e-017 -4.06397e-023 -3.20837e-019
22.6959 0.000323757 -3.77232e-023 -2.37344e-006 0.000514081 -1.01199e-022 -3.82767e-006 0.00246796 -6.64935e-023 -1.20268e-005 0.000514081 -1.64446e-022 -3.82767e-006 0.000323757 1.38072e-023 -2.37344e-006 2.61441e-017 3.83967e-023 -3.20838e-019
22.698 0.000323787 6.60603e-024 -2.37367e-006 0.000514129 1.03455e-022 -3.82804e-006 0.00267003 -6.64875e-023 -1.28241e-005 0.000514129 -1.64461e-022 -3.82804e-006 0.000323787 5.47212e-023 -2.37367e-006 2.61441e-017 4.89294e-023 -3.20838e-019
22.7002 0.000323817 -5.77162e-023 -2.37389e-006 0.000514176 1.03464e-022 -3.8284e-006 0.0028721 -6.64867e-023 -1.36214e-005 0.000514176 -1.64465e-022 -3.8284e-006 0.000323817 1.37956e-023 -2.37389e-006 2.61441e-017 -1.5558e-023 -3.20838e-019
22.7023 0.000323847 -1.14458e-023 -2.37412e-006 0.000514223 1.0345e-022 -3.82877e-006 0.00307417 -6.6484e-023 -1.44187e-005 0.000514223 -1.64463e-022 -3.82877e-006 0.000323847 9.56691e-023 -2.37412e-006 2.61441e-017 4.09046e-023 -3.20839e-019
22.7044 0.000323878 -1.41049e-023 -2.37435e-006 0.000514271 1.03472e-022 -3.82914e-006 0.00327624 -6.64941e-023 -1.5216e-005 0.000514271 -1.64479e-022 -3.82914e-006 0.000323878 1.77565e-022 -2.37435e-006 2.6144e-017 4.47767e-023 -3.20839e-019
22.7066 0.000323908 1.90718e-024 -2.37457e-006 0.000514318 -6.02753e-023 -3.82951e-006 0.00347831 -6.64971e-023 -1.60133e-005 0.000514318 -1.64467e-022 -3.82951e-006 0.000323908 1.36628e-022 -2.37457e-006 2.6144e-017 6.15243e-024 -3.20839e-019
22.7087 0.000323938 -2.10724e-023 -2.3748e-006 0.000514366 -6.02844e-023 -3.82988e-006 0.00368038 -6.64789e-023 -1.68106e-005 0.000514366 -1.64454e-022 -3.82988e-006 0.000323938 5.47581e-023 -2.3748e-006 2.6144e-017 -2.04243e-023 -3.2084e-019
22.7109 0.000323968 -2.14283e-023 -2.37502e-006 0.000514413 2.15814e-023 -3.83025e-006 0.00388244 -6.64842e-023 -1.7608e-005 0.000514413 -1.64475e-022 -3.83025e-006 0.000323968 5.47521e-023 -2.37502e-006 2.6144e-017 -3.69089e-023 -3.2084e-019
22.713 0.000323998 -4.01442e-023 -2.37525e-006 0.00051446 2.15841e-023 -3.83062e-006 0.00408451 -6.64993e-023 -1.84053e-005 0.00051446 -1.64476e-022 -3.83062e-006 0.000323998 5.47479e-023 -2.37525e-006 2.6144e-017 -1.0495e-025 -3.2084e-019
22.7151 0.000324028 -1.47121e-023 -2.37548e-006 0.000514508 -6.02914e-023 -3.83099e-006 0.00428658 -6.64844e-023 -1.92026e-005 0.000514508 -1.64477e-022 -3.83099e-006 0.000324028 1.36618e-022 -2.37548e-006 2.6144e-017 3.18333e-023 -3.20841e-019
22.7173 0.000324058 -6.24288e-023 -2.3757e-006 0.000514555 -6.02815e-023 -3.83136e-006 0.00448865 -6.64994e-023 -1.99999e-005 0.000514555 -1.64481e-022 -3.83136e-006 0.000324058 1.36635e-022 -2.3757e-006 2.61439e-017 -4.31989e-024 -3.20841e-019
22.7194 0.000324089 -4.7793e-023 -2.37593e-006 0.000514603 -1.01225e-022 -3.83172e-006 0.00469072 -6.64869e-023 -2.07972e-005 0.000514603 -1.64469e-022 -3.83172e-006 0.000324089 1.36621e-022 -2.37593e-006 2.61439e-017 1.63436e-023 -3.20841e-019
22.7216 0.000324119 -2.21302e-024 -2.37616e-006 0.00051465 -1.8309e-022 -3.83209e-006 0.00489279 -2.65014e-022 -2.15945e-005 0.00051465 3.40418e-023 -3.83209e-006 0.000324119 1.36626e-022 -2.37616e-006 2.61439e-017 -4.86098e-025 -3.20842e-019
22.7237 0.000324149 -7.67241e-025 -2.37638e-006 0.000514697 -1.83099e-022 -3.83246e-006 0.00509486 -2.65006e-022 -2.23918e-005 0.000514697 3.40615e-023 -3.83246e-006 0.000324149 9.56916e-023 -2.37638e-006 2.61439e-017 3.91195e-023 -3.20842e-019
22.7258 0.000324179 4.89004e-024 -2.37661e-006 0.000514745 -2.6495e-022 -3.83283e-006 0.00529693 -2.65036e-022 -2.31891e-005 0.000514745 3.40413e-023 -3.83283e-006 0.000324179 1.36643e-022 -2.37661e-006 2.61439e-017 -1.14016e-023 -3.20842e-019
22.728 0.000324209 -2.54463e-023 -2.37684e-006 0.000514792 -1.83082e-022 -3.8332e-006 0.00549899 -2.65032e-022 -2.39864e-005 0.000514792 3.40361e-023 -3.8332e-006 0.000324209 2.59449e-022 -2.37684e-006 2.61438e-017 1.07717e-023 -3.20843e-019
22.7301 0.000324239 -2.47184e-023 -2.37706e-006 0.00051484 -1.01203e-022 -3.83357e-006 0.00570106 -2.65023e-022 -2.47837e-005 0.00051484 2.32555e-022 -3.83357e-006 0.000324239 9.56864e-023 -2.37706e-006 2.61438e-017 -6.29041e-024 -3.20843e-019
22.7323 0.000324269 -2.37852e-023 -2.37729e-006 0.000514887 -1.01226e-022 -3.83394e-006 0.00590313 -2.65031e-022 -2.5581e-005 0.000514887 2.32564e-022 -3.83394e-006 0.000324269 9.56618e-023 -2.37729e-006 2.61438e-017 -2.20828e-023 -3.20843e-019
22.7344 0.0003243 -3.47334e-023 -2.37752e-006 0.000514934 -1.83105e-022 -3.83431e-006 0.0061052 -2.65038e-022 -2.63783e-005 0.000514934 2.32559e-022 -3.83431e-006 0.0003243 -6.80952e-023 -2.37752e-006 2.61438e-017 -1.24844e-023 -3.20844e-019
22.7365 0.00032433 -2.31069e-023 -2.37774e-006 0.000514982 -1.83109e-022 -3.83467e-006 0.00630727 -2.65058e-022 -2.71756e-005 0.000514982 2.3254e-022 -3.83467e-006 0.00032433 -2.7136e-023 -2.37774e-006 2.61438e-017 5.00597e-023 -3.20844e-019
22.7387 0.00032436 1.45936e-023 -2.37797e-006 0.000515029 -1.42164e-022 -3.83504e-006 0.00650934 -2.65071e-022 -2.79729e-005 0.000515029 2.32506e-022 -3.83504e-006 0.00032436 -2.71319e-023 -2.37797e-006 2.61437e-017 6.72826e-023 -3.20844e-019
22.7408 0.00032439 1.91866e-023 -2.3782e-006 0.000515076 -1.0124e-022 -3.83541e-006 0.00671141 -2.65058e-022 -2.87702e-005 0.000515076 2.32514e-022 -3.83541e-006 0.00032439 -2.71485e-023 -2.3782e-006 2.61437e-017 4.06733e-023 -3.20845e-019
22.743 0.00032442 1.4623e-023 -2.37842e-006 0.000515124 -1.83099e-022 -3.83578e-006 0.00691347 -2.65063e-022 -2.95675e-005 0.000515124 2.32488e-022 -3.83578e-006 0.00032442 -1.09004e-022 -2.37842e-006 2.61437e-017 2.60531e-023 -3.20845e-019
22.7451 0.00032445 2.38188e-023 -2.37865e-006 0.000515171 -1.01187e-022 -3.83615e-006 0.00711554 -3.64364e-022 -3.03649e-005 0.000515171 3.31732e-022 -3.83615e-006 0.00032445 5.47665e-023 -2.37865e-006 2.61437e-017 -4.63709e-025 -3.20845e-019
22.7472 0.000324481 2.50435e-023 -2.37888e-006 0.000515219 -1.42128e-022 -3.83652e-006 0.00731761 -4.63646e-022 -3.11622e-005 0.000515219 3.31739e-022 -3.83652e-006 0.000324481 1.36657e-022 -2.37888e-006 2.61437e-017 -7.16561e-025 -3.20846e-019
22.7494 0.000324511 1.62413e-023 -2.3791e-006 0.000515266 -1.83079e-022 -3.83689e-006 0.00751968 -1.65851e-022 -3.19595e-005 0.000515266 3.31733e-022 -3.83689e-006 0.000324511 1.36667e-022 -2.3791e-006 2.61436e-017 -8.65815e-024 -3.20846e-019
22.7515 0.000324541 -6.29362e-023 -2.37933e-006 0.000515313 -1.83078e-022 -3.83726e-006 0.00772175 -1.65836e-022 -3.27568e-005 0.000515313 3.31745e-022 -3.83726e-006 0.000324541 1.77591e-022 -2.37933e-006 2.61437e-017 3.65899e-024 -3.20846e-019
22.7536 0.000324571 3.81935e-023 -2.37956e-006 0.000515361 -1.83093e-022 -3.83763e-006 0.00792382 -6.65578e-023 -3.35541e-005 0.000515361 1.33198e-022 -3.83763e-006 0.000324571 9.57069e-023 -2.37956e-006 2.61436e-017 -8.21614e-024 -3.20846e-019
22.7558 0.000324601 -8.59266e-023 -2.37978e-006 0.000515408 -1.83088e-022 -3.83799e-006 0.00812589 -6.65744e-023 -3.43514e-005 0.000515408 1.33183e-022 -3.83799e-006 0.000324601 9.57061e-023 -2.37978e-006 2.61436e-017 -7.89156e-023 -3.20847e-019
22.7579 0.000324631 -1.65515e-023 -2.38001e-006 0.000515456 -2.64975e-022 -3.83836e-006 0.00832796 -6.65912e-023 -3.51487e-005 0.000515456 3.3903e-023 -3.83836e-006 0.000324631 9.57046e-023 -2.38001e-006 2.61436e-017 -1.03302e-023 -3.20847e-019
22.7601 0.000324661 -3.65676e-024 -2.38023e-006 0.000515503 -1.83092e-022 -3.83873e-006 0.00853002 3.2682e-023 -3.5946e-005 0.000515503 3.39159e-023 -3.83873e-006 0.000324661 1.38094e-023 -2.38023e-006 2.61436e-017 2.34541e-023 -3.20847e-019
22.7622 0.000324692 4.1833e-023 -2.38046e-006 0.00051555 -2.24031e-022 -3.8391e-006 0.00873209 -6.6587e-023 -3.67433e-005 0.00051555 3.39245e-023 -3.8391e-006 0.000324692 5.4762e-023 -2.38046e-006 2.61435e-017 2.56528e-023 -3.20848e-019
22.7643 0.000324722 4.72463e-025 -2.38069e-006 0.000515598 -1.8308e-022 -3.83947e-006 0.00893416 -6.65691e-023 -3.75406e-005 0.000515598 1.332e-022 -3.83947e-006 0.000324722 9.5709e-023 -2.38069e-006 2.61435e-017 4.72338e-023 -3.20848e-019
22.7665 0.000324752 -2.14056e-023 -2.38091e-006 0.000515645 -6.02642e-023 -3.83984e-006 0.00913623 -6.65781e-023 -3.83379e-005 0.000515645 1.332e-022 -3.83984e-006 0.000324752 9.57134e-023 -2.38091e-006 2.61435e-017 2.88224e-023 -3.20848e-019
22.7686 0.000324782 -3.44185e-023 -2.38114e-006 0.000515693 -1.93162e-023 -3.84021e-006 0.0093383 3.26967e-023 -3.91352e-005 0.000515693 3.3931e-023 -3.84021e-006 0.000324782 1.36663e-022 -2.38114e-006 2.61435e-017 -5.59753e-023 -3.20849e-019
22.7708 0.000324812 8.45915e-024 -2.38137e-006 0.00051574 6.25814e-023 -3.84058e-006 0.00954037 3.27073e-023 -3.99325e-005 0.00051574 3.39495e-023 -3.84058e-006 0.000324812 2.18555e-022 -2.38137e-006 2.61435e-017 9.89433e-024 -3.20849e-019
22.7729 0.000324842 -2.49703e-023 -2.38159e-006 0.000515787 6.25734e-023 -3.84094e-006 0.00974244 3.27023e-023 -4.07298e-005 0.000515787 -6.53339e-023 -3.84094e-006 0.000324842 1.77604e-022 -2.38159e-006 2.61435e-017 -6.19183e-023 -3.20849e-019
22.775 0.000324872 -3.53247e-023 -2.38182e-006 0.000515835 6.25731e-023 -3.84131e-006 0.0099445 3.2709e-023 -4.15271e-005 0.000515835 -6.53285e-023 -3.84131e-006 0.000324872 1.77601e-022 -2.38182e-006 2.61435e-017 -6.8067e-023 -3.2085e-019
22.7772 0.000324903 -3.5294e-023 -2.38205e-006 0.000515882 -1.93085e-023 -3.84168e-006 0.0101466 3.27064e-023 -4.23244e-005 0.000515882 3.39559e-023 -3.84168e-006 0.000324903 9.57041e-023 -2.38205e-006 2.61434e-017 5.14826e-023 -3.2085e-019
22.7793 0.000324933 1.91033e-023 -2.38227e-006 0.00051593 1.44475e-022 -3.84205e-006 0.0103486 -1.6587e-022 -4.31218e-005 0.00051593 -6.53263e-023 -3.84205e-006 0.000324933 1.38268e-023 -2.38227e-006 2.61434e-017 7.30203e-023 -3.2085e-019
22.7815 0.000324963 -2.36878e-023 -2.3825e-006 0.000515977 1.03541e-022 -3.84242e-006 0.0105503 -1.65852e-022 -4.39175e-005 0.000515977 -6.5307e-023 -3.84242e-006 0.000324963 9.57464e-023 -2.3825e-006 -1.09088e-022 -3.52542e-023 -1.382e-023
22.7835 0.000324992 -1.37971e-023 -2.38272e-006 0.000516023 1.85439e-022 -3.84278e-006 0.0107481 -5.9675e-023 -4.46979e-005 0.000516023 -1.71181e-022 -3.84278e-006 0.000324992 9.5751e-023 -2.38272e-006 2.50847e-017 -1.31587e-023 -3.0786e-019
22.7856 0.000325022 -7.485e-023 -2.38294e-006 0.00051607 1.85432e-022 -3.84314e-006 0.0109459 4.64793e-023 -4.54783e-005 0.00051607 -2.76879e-022 -3.84314e-006 0.000325022 1.36698e-022 -2.38294e-006 2.50487e-017 -3.03368e-023 -3.07417e-019
22.7877 0.000325051 1.98088e-023 -2.38316e-006 0.000516116 2.26381e-022 -3.8435e-006 0.0111437 4.67702e-023 -4.62588e-005 0.000516116 -2.7687e-022 -3.8435e-006 0.000325051 9.57547e-023 -2.38316e-006 2.50487e-017 2.31153e-023 -3.07416e-019
22.7898 0.000325081 -4.10361e-023 -2.38339e-006 0.000516162 1.03531e-022 -3.84386e-006 0.0113415 4.69464e-023 -4.70392e-005 0.000516162 -1.70854e-022 -3.84386e-006 0.000325081 9.57634e-023 -2.38339e-006 2.50485e-017 -2.66216e-023 -3.07416e-019
22.7919 0.00032511 1.54863e-023 -2.38361e-006 0.000516209 1.4446e-022 -3.84422e-006 0.0115393 4.69756e-023 -4.78196e-005 0.000516209 -1.70827e-022 -3.84422e-006 0.00032511 1.77638e-022 -2.38361e-006 2.50484e-017 6.5895e-023 -3.07415e-019
22.794 0.00032514 -2.40349e-023 -2.38383e-006 0.000516255 1.44467e-022 -3.84459e-006 0.0117371 4.68479e-023 -4.86001e-005 0.000516255 -3.82452e-022 -3.84459e-006 0.00032514 1.36687e-022 -2.38383e-006 2.50484e-017 5.04076e-023 -3.07414e-019
22.7961 0.000325169 8.15915e-025 -2.38405e-006 0.000516302 1.44464e-022 -3.84495e-006 0.0119349 1.53052e-022 -4.93805e-005 0.000516302 -3.8234e-022 -3.84495e-006 0.000325169 5.47842e-023 -2.38405e-006 2.50482e-017 2.95361e-023 -3.07414e-019
22.7982 0.000325199 4.26346e-024 -2.38427e-006 0.000516348 1.03506e-022 -3.84531e-006 0.0121326 4.69083e-023 -5.01609e-005 0.000516348 -3.82168e-022 -3.84531e-006 0.000325199 1.38289e-023 -2.38427e-006 2.50482e-017 -3.02572e-023 -3.07413e-019
22.8003 0.000325228 3.44709e-023 -2.3845e-006 0.000516394 -1.9355e-023 -3.84567e-006 0.0123304 4.72229e-023 -5.09414e-005 0.000516394 -2.76006e-022 -3.84567e-006 0.000325228 1.36683e-022 -2.3845e-006 2.5048e-017 7.33204e-023 -3.07413e-019
22.8024 0.000325258 -6.11544e-024 -2.38472e-006 0.000516441 -1.93603e-023 -3.84603e-006 0.0125282 1.53679e-022 -5.17218e-005 0.000516441 -2.7584e-022 -3.84603e-006 0.000325258 1.77643e-022 -2.38472e-006 2.5048e-017 -3.00306e-023 -3.07412e-019
