0.573049 0 0 0 0.0297368 0 0 0.00220314 0 -0.050616 0.00771008 0 -0.0869129 0.0148684 0 -0.1 0.0220268 0 -0.0869129 0.0275337 0 -0.050616
1.14561 0 0 0 0.0594262 0 0 0.00440355 0 -0.101229 0.0154089 0 -0.173824 0.0297131 0 -0.2 0.0440173 0 -0.173824 0.0550227 0 -0.101229
1.71765 0 0 0 0.0890681 0 0 0.00660132 0 -0.15184 0.0230965 0 -0.260735 0.044534 0 -0.3 0.0659716 0 -0.260735 0.0824667 0 -0.15184
2.28919 0 0 0 0.118662 0 0 0.00879639 0 -0.202448 0.0307727 0 -0.347644 0.059331 0 -0.4 0.0878892 0 -0.347644 0.109866 0 -0.202448
2.86022 0 0 0 0.148207 0 0 0.0109887 0 -0.253053 0.0384375 0 -0.434551 0.0741037 0 -0.5 0.10977 0 -0.434551 0.137219 0 -0.253053
3.43074 0 0 0 0.177704 0 0 0.0131783 0 -0.303655 0.0460909 0 -0.521457 0.0888521 0 -0.6 0.131613 0 -0.521457 0.164526 0 -0.303655
4.00074 0 0 0 0.207152 0 0 0.0153652 0 -0.354254 0.0537327 0 -0.608362 0.103576 0 -0.7 0.153419 0 -0.608362 0.191787 0 -0.354254
4.57023 0 0 0 0.236551 0 0 0.0175493 0 -0.404851 0.0613628 0 -0.695265 0.118275 0 -0.8 0.175188 0 -0.695265 0.219001 0 -0.404851
5.13918 0 0 0 0.265899 0 0 0.0197306 0 -0.455445 0.0689812 0 -0.782167 0.13295 0 -0.9 0.196918 0 -0.782167 0.246169 0 -0.455445
5.70761 0 0 0 0.295198 0 0 0.0219091 0 -0.506035 0.0765879 0 -0.869067 0.147599 0 -1 0.21861 0 -0.869067 0.273289 0 -0.506035
6.27551 0 0 0 0.324446 0 0 0.0240848 0 -0.556623 0.0841827 0 -0.955966 0.162223 0 -1.1 0.240264 0 -0.955966 0.300362 0 -0.556623
6.84288 0 0 0 0.353644 0 0 0.0262577 0 -0.607207 0.0917656 0 -1.04286 0.176822 0 -1.2 0.261878 0 -1.04286 0.327386 0 -0.607207
7.40971 0 0 0 0.38279 0 0 0.0284277 0 -0.657789 0.0993364 0 -1.12976 0.191395 0 -1.3 0.283454 0 -1.12976 0.354363 0 -0.657789
7.97599 0 0 0 0.411885 0 0 0.0305949 0 -0.708367 0.106895 0 -1.21665 0.205943 0 -1.4 0.30499 0 -1.21665 0.38129 0 -0.708367
8.54173 0 0 0 0.440928 0 0 0.0327592 0 -0.758943 0.114442 0 -1.30354 0.220464 0 -1.5 0.326486 0 -1.30354 0.408169 0 -0.758943
9.10692 0 0 0 0.469919 0 0 0.0349206 0 -0.809515 0.121976 0 -1.39044 0.234959 0 -1.6 0.347943 0 -1.39044 0.434998 0 -0.809515
9.67156 0 0 0 0.498857 0 0 0.0370791 0 -0.860083 0.129498 0 -1.47732 0.249428 0 -1.7 0.369358 0 -1.47732 0.461777 0 -0.860083
10.2356 0 0 0 0.527741 0 0 0.0392347 0 -0.910649 0.137008 0 -1.56421 0.263871 0 -1.8 0.390734 0 -1.56421 0.488507 0 -0.910649
10.7992 0 0 0 0.556573 0 0 0.0413873 0 -0.961211 0.144505 0 -1.6511 0.278286 0 -1.9 0.412068 0 -1.6511 0.515185 0 -0.961211
11.3621 0 0 0 0.58535 0 0 0.043537 0 -1.01177 0.151989 0 -1.73798 0.292675 0 -2 0.433361 0 -1.73798 0.541813 0 -1.01177
11.9245 0 0 0 0.614073 0 0 0.0456836 0 -1.06233 0.159461 0 -1.82486 0.307036 0 -2.1 0.454612 0 -1.82486 0.568389 0 -1.06233
12.4863 0 0 0 0.642741 0 0 0.0478273 0 -1.11288 0.16692 0 -1.91174 0.321371 0 -2.2 0.475821 0 -1.91174 0.594914 0 -1.11288
13.0475 0 0 0 0.671354 0 0 0.049968 0 -1.16343 0.174367 0 -1.99862 0.335677 0 -2.3 0.496988 0 -1.99862 0.621386 0 -1.16343
13.6082 0 0 0 0.699912 0 0 0.0521057 0 -1.21397 0.1818 0 -2.0855 0.349956 0 -2.4 0.518112 0 -2.0855 0.647806 0 -1.21397
14.1682 0 0 0 0.728413 0 0 0.0542403 0 -1.26451 0.18922 0 -2.17238 0.364207 0 -2.5 0.539193 0 -2.17238 0.674173 0 -1.26451
14.7277 0 0 0 0.756858 0 0 0.0563718 0 -1.31505 0.196627 0 -2.25925 0.378429 0 -2.6 0.56023 0 -2.25925 0.700486 0 -1.31505
15.2866 0 0 0 0.785246 0 0 0.0585002 0 -1.36558 0.204021 0 -2.34612 0.392623 0 -2.7 0.581224 0 -2.34612 0.726745 0 -1.36558
15.8448 0 0 0 0.813576 0 0 0.0606255 0 -1.41611 0.211402 0 -2.43299 0.406788 0 -2.8 0.602174 0 -2.43299 0.752951 0 -1.41611
16.4025 0 0 0 0.841849 0 0 0.0627477 0 -1.46664 0.218769 0 -2.51986 0.420924 0 -2.9 0.623079 0 -2.51986 0.779101 0 -1.46664
16.9595 0 0 0 0.870063 0 0 0.0648668 0 -1.51716 0.226123 0 -2.60672 0.435031 0 -3 0.643939 0 -2.60672 0.805196 0 -1.51716
17.516 0 0 0 0.898218 0 0 0.0669827 0 -1.56768 0.233464 0 -2.69358 0.449109 0 -3.1 0.664754 0 -2.69358 0.831235 0 -1.56768
18.0718 0 0 0 0.926314 0 0 0.0690954 0 -1.61819 0.24079 0 -2.78044 0.463157 0 -3.2 0.685523 0 -2.78044 0.857218 0 -1.61819
18.627 0 0 0 0.954349 0 0 0.0712049 0 -1.6687 0.248103 0 -2.8673 0.477175 0 -3.3 0.706247 0 -2.8673 0.883144 0 -1.6687
19.1816 0 0 0 0.982325 0 0 0.0733112 0 -1.71921 0.255402 0 -2.95416 0.491162 0 -3.4 0.726923 0 -2.95416 0.909014 0 -1.71921
19.7355 0 0 0 1.01024 0 0 0.0754142 0 -1.76971 0.262686 0 -3.04101 0.50512 0 -3.5 0.747553 0 -3.04101 0.934825 0 -1.76971
20.2888 0 0 0 1.03809 0 0 0.0775139 0 -1.82021 0.269957 0 -3.12787 0.519046 0 -3.6 0.768135 0 -3.12787 0.960579 0 -1.82021
20.8414 0 0 0 1.06588 0 0 0.0796104 0 -1.8707 0.277214 0 -3.21472 0.532942 0 -3.7 0.78867 0 -3.21472 0.986273 0 -1.8707
21.3934 0 0 0 1.09361 0 0 0.0817035 0 -1.92119 0.284456 0 -3.30156 0.546806 0 -3.8 0.809156 0 -3.30156 1.01191 0 -1.92119
21.9447 0 0 0 1.12128 0 0 0.0837933 0 -1.97167 0.291684 0 -3.38841 0.560639 0 -3.9 0.829594 0 -3.38841 1.03748 0 -1.97167
22.2759 0 0 0 1.14888 0 0 0.0850483 0 -2.01532 0.296023 0 -3.46721 0.574439 0 -4 0.852855 0 -3.46721 1.06383 0 -2.01532
22.4775 0 0 0 1.17643 0 0 0.0858122 0 -2.05493 0.298663 0 -3.54126 0.588213 0 -4.1 0.877762 0 -3.54126 1.09061 0 -2.05493
22.6782 0 0 0 1.20393 0 0 0.0865723 0 -2.09452 0.30129 0 -3.61529 0.601965 0 -4.2 0.902639 0 -3.61529 1.11736 0 -2.09452
22.6809 0 0 0 1.23769 0 0 0.0865825 0 -2.12793 0.301326 0 -3.68205 0.618845 0 -4.3 0.936365 0 -3.68205 1.15111 0 -2.12793
22.6831 0 0 0 1.27147 0 0 0.0865906 0 -2.16133 0.301354 0 -3.7488 0.635734 0 -4.4 0.970113 0 -3.7488 1.18488 0 -2.16133
22.6852 0 0 0 1.30524 0 0 0.0865987 0 -2.19473 0.301382 0 -3.81554 0.652622 0 -4.5 1.00386 0 -3.81554 1.21864 0 -2.19473
22.6873 0 0 0 1.33902 0 0 0.0866068 0 -2.22813 0.30141 0 -3.88229 0.66951 0 -4.6 1.03761 0 -3.88229 1.25241 0 -2.22813
22.6895 0 0 0 1.3728 0 0 0.0866149 0 -2.26153 0.301438 0 -3.94903 0.686398 0 -4.7 1.07136 0 -3.94903 1.28618 0 -2.26153
22.6916 0 0 0 1.40657 0 0 0.086623 0 -2.29493 0.301466 0 -4.01578 0.703286 0 -4.8 1.10511 0 -4.01578 1.31995 0 -2.29493
22.6938 0 0 0 1.44035 0 0 0.0866311 0 -2.32833 0.301494 0 -4.08253 0.720175 0 -4.9 1.13886 0 -4.08253 1.35372 0 -2.32833
22.6959 0 0 0 1.47413 0 0 0.0866393 0 -2.36173 0.301522 0 -4.14927 0.737063 0 -5 1.1726 0 -4.14927 1.38749 0 -2.36173
22.698 0 0 0 1.5079 0 0 0.0866474 0 -2.39513 0.30155 0 -4.21602 0.753951 0 -5.1 1.20635 0 -4.21602 1.42125 0 -2.39513
22.7002 0 0 0 1.54168 0 0 0.0866555 0 -2.42853 0.301578 0 -4.28276 0.770839 0 -5.2 1.2401 0 -4.28276 1.45502 0 -2.42853
22.7023 0 0 0 1.57545 0 0 0.0866636 0 -2.46193 0.301606 0 -4.34951 0.787727 0 -5.3 1.27385 0 -4.34951 1.48879 0 -2.46193
22.7044 0 0 0 1.60923 0 0 0.0866717 0 -2.49533 0.301634 0 -4.41625 0.804616 0 -5.4 1.3076 0 -4.41625 1.52256 0 -2.49533
22.7066 0 0 0 1.64301 0 0 0.0866798 0 -2.52873 0.301662 0 -4.483 0.821504 0 -5.5 1.34135 0 -4.483 1.55633 0 -2.52873
22.7087 0 0 0 1.67678 0 0 0.0866879 0 -2.56213 0.30169 0 -4.54974 0.838392 0 -5.6 1.37509 0 -4.54974 1.5901 0 -2.56213
22.7109 0 0 0 1.71056 0 0 0.086696 0 -2.59553 0.301718 0 -4.61649 0.85528 0 -5.7 1.40884 0 -4.61649 1.62386 0 -2.59553
22.713 0 0 0 1.74434 0 0 0.0867041 0 -2.62893 0.301746 0 -4.68323 0.872169 0 -5.8 1.44259 0 -4.68323 1.65763 0 -2.62893
22.7151 0 0 0 1.77811 0 0 0.0867122 0 -2.66233 0.301774 0 -4.74998 0.889057 0 -5.9 1.47634 0 -4.74998 1.6914 0 -2.66233
22.7173 0 0 0 1.81189 0 0 0.0867203 0 -2.69573 0.301802 0 -4.81672 0.905945 0 -6 1.51009 0 -4.81672 1.72517 0 -2.69573
22.7194 0 0 0 1.84567 0 0 0.0867284 0 -2.72913 0.30183 0 -4.88347 0.922833 0 -6.1 1.54384 0 -4.88347 1.75894 0 -2.72913
22.7216 0 0 0 1.87944 0 0 0.0867365 0 -2.76253 0.301858 0 -4.95021 0.939721 0 -6.2 1.57758 0 -4.95021 1.79271 0 -2.76253
22.7237 0 0 0 1.91322 0 0 0.0867446 0 -2.79593 0.301886 0 -5.01696 0.95661 0 -6.3 1.61133 0 -5.01696 1.82647 0 -2.79593
22.7258 0 0 0 1.947 0 0 0.0867527 0 -2.82933 0.301914 0 -5.0837 0.973498 0 -6.4 1.64508 0 -5.0837 1.86024 0 -2.82933
22.728 0 0 0 1.98077 0 0 0.0867608 0 -2.86273 0.301942 0 -5.15045 0.990386 0 -6.5 1.67883 0 -5.15045 1.89401 0 -2.86273
22.7301 0 0 0 2.01455 0 0 0.0867689 0 -2.89613 0.30197 0 -5.21719 1.00727 0 -6.6 1.71258 0 -5.21719 1.92778 0 -2.89613
22.7323 0 0 0 2.04832 0 0 0.086777 0 -2.92953 0.301998 0 -5.28394 1.02416 0 -6.7 1.74633 0 -5.28394 1.96155 0 -2.92953
22.7344 0 0 0 2.0821 0 0 0.0867851 0 -2.96293 0.302026 0 -5.35068 1.04105 0 -6.8 1.78008 0 -5.35068 1.99532 0 -2.96293
22.7365 0 0 0 2.11588 0 0 0.0867932 0 -2.99633 0.302054 0 -5.41743 1.05794 0 -6.9 1.81382 0 -5.41743 2.02908 0 -2.99633
22.7387 0 0 0 2.14965 0 0 0.0868013 0 -3.02973 0.302082 0 -5.48417 1.07483 0 -7 1.84757 0 -5.48417 2.06285 0 -3.02973
22.7408 0 0 0 2.18343 0 0 0.0868094 0 -3.06313 0.30211 0 -5.55092 1.09172 0 -7.1 1.88132 0 -5.55092 2.09662 0 -3.06313
22.743 0 0 0 2.21721 0 0 0.0868175 0 -3.09653 0.302138 0 -5.61766 1.1086 0 -7.2 1.91507 0 -5.61766 2.13039 0 -3.09653
22.7451 0 0 0 2.25098 0 0 0.0868256 0 -3.12993 0.302166 0 -5.68441 1.12549 0 -7.3 1.94882 0 -5.68441 2.16416 0 -3.12993
22.7472 0 0 0 2.28476 0 0 0.0868337 0 -3.16333 0.302194 0 -5.75115 1.14238 0 -7.4 1.98257 0 -5.75115 2.19793 0 -3.16333
22.7494 0 0 0 2.31854 0 0 0.0868418 0 -3.19673 0.302222 0 -5.8179 1.15927 0 -7.5 2.01631 0 -5.8179 2.23169 0 -3.19673
22.7515 0 0 0 2.35231 0 0 0.0868499 0 -3.23013 0.30225 0 -5.88464 1.17616 0 -7.6 2.05006 0 -5.88464 2.26546 0 -3.23013
22.7536 0 0 0 2.38609 0 0 0.086858 0 -3.26353 0.302278 0 -5.95139 1.19304 0 -7.7 2.08381 0 -5.95139 2.29923 0 -3.26353
22.7558 0 0 0 2.41987 0 0 0.0868661 0 -3.29693 0.302306 0 -6.01813 1.20993 0 -7.8 2.11756 0 -6.01813 2.333 0 -3.29693
22.7579 0 0 0 2.45364 0 0 0.0868742 0 -3.33033 0.302334 0 -6.08488 1.22682 0 -7.9 2.15131 0 -6.08488 2.36677 0 -3.33033
22.7601 0 0 0 2.48742 0 0 0.0868823 0 -3.36373 0.302362 0 -6.15162 1.24371 0 -8 2.18506 0 -6.15162 2.40054 0 -3.36373
22.7622 0 0 0 2.52119 0 0 0.0868904 0 -3.39713 0.30239 0 -6.21837 1.2606 0 -8.1 2.2188 0 -6.21837 2.4343 0 -3.39713
22.7643 0 0 0 2.55497 0 0 0.0868985 0 -3.43053 0.302418 0 -6.28511 1.27749 0 -8.2 2.25255 0 -6.28511 2.46807 0 -3.43053
22.7665 0 0 0 2.58875 0 0 0.0869066 0 -3.46393 0.302446 0 -6.35186 1.29437 0 -8.3 2.2863 0 -6.35186 2.50184 0 -3.46393
22.7686 0 0 0 2.62252 0 0 0.0869147 0 -3.49733 0.302474 0 -6.4186 1.31126 0 -8.4 2.32005 0 -6.4186 2.53561 0 -3.49733
22.7708 0 0 0 2.6563 0 0 0.0869228 0 -3.53073 0.302502 0 -6.48535 1.32815 0 -8.5 2.3538 0 -6.48535 2.56938 0 -3.53073
22.7729 0 0 0 2.69008 0 0 0.0869309 0 -3.56413 0.30253 0 -6.55209 1.34504 0 -8.6 2.38755 0 -6.55209 2.60315 0 -3.56413
22.775 0 0 0 2.72385 0 0 0.086939 0 -3.59753 0.302558 0 -6.61884 1.36193 0 -8.7 2.42129 0 -6.61884 2.63691 0 -3.59753
22.7772 0 0 0 2.75763 0 0 0.0869471 0 -3.63093 0.302586 0 -6.68558 1.37881 0 -8.8 2.45504 0 -6.68558 2.67068 0 -3.63093
22.7793 0 0 0 2.79141 0 0 0.0869552 0 -3.66433 0.302614 0 -6.75233 1.3957 0 -8.9 2.48879 0 -6.75233 2.70445 0 -3.66433
22.7815 0 0 0 2.82518 0 0 0.0869633 0 -3.69775 0.302642 0 -6.8191 1.41259 0 -9 2.52254 0 -6.8191 2.73822 0 -3.69775
22.7835 0 0 0 2.85894 0 0 0.0869712 0 -3.73129 0.302669 0 -6.88613 1.42947 0 -9.1 2.55627 0 -6.88613 2.77197 0 -3.73129
22.7856 0 0 0 2.8927 0 0 0.0869792 0 -3.76483 0.302697 0 -6.95315 1.44635 0 -9.2 2.59001 0 -6.95315 2.80573 0 -3.76483
22.7877 0 0 0 2.92647 0 0 0.0869871 0 -3.79837 0.302724 0 -7.02018 1.46323 0 -9.3 2.62374 0 -7.02018 2.83948 0 -3.79837
22.7898 0 0 0 2.96023 0 0 0.086995 0 -3.83191 0.302751 0 -7.0872 1.48011 0 -9.4 2.65748 0 -7.0872 2.87323 0 -3.83191
22.7919 0 0 0 2.99399 0 0 0.087003 0 -3.86545 0.302779 0 -7.15423 1.497 0 -9.5 2.69121 0 -7.15423 2.90699 0 -3.86545
22.794 0 0 0 3.02775 0 0 0.0870109 0 -3.89899 0.302806 0 -7.22126 1.51388 0 -9.6 2.72495 0 -7.22126 2.94074 0 -3.89899
22.7961 0 0 0 3.06152 0 0 0.0870188 0 -3.93253 0.302834 0 -7.28828 1.53076 0 -9.7 2.75868 0 -7.28828 2.9745 0 -3.93253
22.7982 0 0 0 3.09528 0 0 0.0870268 0 -3.96607 0.302861 0 -7.35531 1.54764 0 -9.8 2.79242 0 -7.35531 3.00825 0 -3.96607
22.8003 0 0 0 3.12904 0 0 0.0870347 0 -3.9996 0.302888 0 -7.42233 1.56452 0 -9.9 2.82615 0 -7.42233 3.042 0 -3.9996
22.8024 0 0 0 3.1628 0 0 0.0870426 0 -4.03314 0.302916 0 -7.48936 1.5814 0 -10 2.85989 0 -7.48936 3.07576 0 -4.03314
