0.573049 0.0148684 0 -0.1
1.14561 0.0297131 0 -0.2
1.71765 0.044534 0 -0.3
2.28919 0.059331 0 -0.4
2.86022 0.0741037 0 -0.5
3.43074 0.0888521 0 -0.6
4.00074 0.103576 0 -0.7
4.57023 0.118275 0 -0.8
5.13918 0.13295 0 -0.9
5.70761 0.147599 0 -1
6.27551 0.162223 0 -1.1
6.84288 0.176822 0 -1.2
7.40971 0.191395 0 -1.3
7.97599 0.205943 0 -1.4
8.54173 0.220464 0 -1.5
9.10692 0.234959 0 -1.6
9.67156 0.249428 0 -1.7
10.2356 0.263871 0 -1.8
10.7992 0.278286 0 -1.9
11.3621 0.292675 0 -2
11.9245 0.307036 0 -2.1
12.4863 0.321371 0 -2.2
13.0475 0.335677 0 -2.3
13.6082 0.349956 0 -2.4
14.1682 0.364207 0 -2.5
14.7277 0.378429 0 -2.6
15.2866 0.392623 0 -2.7
15.8448 0.406788 0 -2.8
16.4025 0.420924 0 -2.9
16.9595 0.435031 0 -3
17.516 0.449109 0 -3.1
18.0718 0.463157 0 -3.2
18.627 0.477175 0 -3.3
19.1816 0.491162 0 -3.4
19.7355 0.50512 0 -3.5
20.2888 0.519046 0 -3.6
20.8414 0.532942 0 -3.7
21.3934 0.546806 0 -3.8
21.9447 0.560639 0 -3.9
22.2759 0.574439 0 -4
22.4775 0.588213 0 -4.1
22.6782 0.601965 0 -4.2
22.6809 0.618845 0 -4.3
22.6831 0.635734 0 -4.4
22.6852 0.652622 0 -4.5
22.6873 0.66951 0 -4.6
22.6895 0.686398 0 -4.7
22.6916 0.703286 0 -4.8
22.6938 0.720175 0 -4.9
22.6959 0.737063 0 -5
22.698 0.753951 0 -5.1
22.7002 0.770839 0 -5.2
22.7023 0.787727 0 -5.3
22.7044 0.804616 0 -5.4
22.7066 0.821504 0 -5.5
22.7087 0.838392 0 -5.6
22.7109 0.85528 0 -5.7
22.713 0.872169 0 -5.8
22.7151 0.889057 0 -5.9
22.7173 0.905945 0 -6
22.7194 0.922833 0 -6.1
22.7216 0.939721 0 -6.2
22.7237 0.95661 0 -6.3
22.7258 0.973498 0 -6.4
22.728 0.990386 0 -6.5
22.7301 1.00727 0 -6.6
22.7323 1.02416 0 -6.7
22.7344 1.04105 0 -6.8
22.7365 1.05794 0 -6.9
22.7387 1.07483 0 -7
22.7408 1.09172 0 -7.1
22.743 1.1086 0 -7.2
22.7451 1.12549 0 -7.3
22.7472 1.14238 0 -7.4
22.7494 1.15927 0 -7.5
22.7515 1.17616 0 -7.6
22.7536 1.19304 0 -7.7
22.7558 1.20993 0 -7.8
22.7579 1.22682 0 -7.9
22.7601 1.24371 0 -8
22.7622 1.2606 0 -8.1
22.7643 1.27749 0 -8.2
22.7665 1.29437 0 -8.3
22.7686 1.31126 0 -8.4
22.7708 1.32815 0 -8.5
22.7729 1.34504 0 -8.6
22.775 1.36193 0 -8.7
22.7772 1.37881 0 -8.8
22.7793 1.3957 0 -8.9
22.7815 1.41259 0 -9
22.7835 1.42947 0 -9.1
22.7856 1.44635 0 -9.2
22.7877 1.46323 0 -9.3
22.7898 1.48011 0 -9.4
22.7919 1.497 0 -9.5
22.794 1.51388 0 -9.6
22.7961 1.53076 0 -9.7
22.7982 1.54764 0 -9.8
22.8003 1.56452 0 -9.9
22.8024 1.5814 0 -10
