-5.9759 -798.959 -758.848 -661.411 -533.077 -390.88 -244.253 -758.848 -661.411 -533.077 -390.88 -244.253
-11.9518 -1597.92 -1517.7 -1322.82 -1066.15 -781.76 -488.507 -1517.7 -1322.82 -1066.15 -781.76 -488.507
-17.9277 -2396.88 -2276.54 -1984.23 -1599.23 -1172.64 -732.76 -2276.54 -1984.23 -1599.23 -1172.64 -732.76
-23.9036 -3195.84 -3035.39 -2645.64 -2132.31 -1563.52 -977.014 -3035.39 -2645.64 -2132.31 -1563.52 -977.014
-29.8795 -3994.8 -3794.24 -3307.05 -2665.39 -1954.4 -1221.27 -3794.24 -3307.05 -2665.39 -1954.4 -1221.27
-35.8554 -4793.75 -4553.09 -3968.46 -3198.46 -2345.28 -1465.52 -4553.09 -3968.46 -3198.46 -2345.28 -1465.52
-41.8313 -5592.71 -5311.93 -4629.87 -3731.54 -2736.16 -1709.77 -5311.93 -4629.87 -3731.54 -2736.16 -1709.77
-47.8072 -6391.67 -6070.78 -5291.28 -4264.62 -3127.04 -1954.03 -6070.78 -5291.28 -4264.62 -3127.04 -1954.03
-53.7831 -7190.63 -6829.63 -5952.69 -4797.69 -3517.92 -2198.28 -6829.63 -5952.69 -4797.69 -3517.92 -2198.28
-59.759 -7989.59 -7588.48 -6614.11 -5330.77 -3908.8 -2442.53 -7588.48 -6614.11 -5330.77 -3908.8 -2442.53
-65.7349 -8788.55 -8347.32 -7275.52 -5863.85 -4299.68 -2686.79 -8347.32 -7275.52 -5863.85 -4299.68 -2686.79
-71.7108 -9587.51 -9106.17 -7936.93 -6396.92 -4690.56 -2931.04 -9106.17 -7936.93 -6396.92 -4690.56 -2931.04
-77.6867 -10386.5 -9865.02 -8598.34 -6930 -5081.44 -3175.29 -9865.02 -8598.34 -6930 -5081.44 -3175.29
-83.6626 -11185.4 -10623.9 -9259.75 -7463.08 -5472.32 -3419.55 -10623.9 -9259.75 -7463.08 -5472.32 -3419.55
-89.6385 -11984.4 -11382.7 -9921.16 -7996.16 -5863.2 -3663.8 -11382.7 -9921.16 -7996.16 -5863.2 -3663.8
-95.6143 -12783.3 -12141.6 -10582.6 -8529.23 -6254.08 -3908.05 -12141.6 -10582.6 -8529.23 -6254.08 -3908.05
-101.59 -13582.3 -12900.4 -11244 -9062.31 -6644.96 -4152.31 -12900.4 -11244 -9062.31 -6644.96 -4152.31
-107.566 -14381.3 -13659.3 -11905.4 -9595.39 -7035.84 -4396.56 -13659.3 -11905.4 -9595.39 -7035.84 -4396.56
-113.542 -15180.2 -14418.1 -12566.8 -10128.5 -7426.72 -4640.81 -14418.1 -12566.8 -10128.5 -7426.72 -4640.81
-119.518 -15979.2 -15177 -13228.2 -10661.5 -7817.6 -4885.07 -15177 -13228.2 -10661.5 -7817.6 -4885.07
-125.494 -16778.1 -15935.8 -13889.6 -11194.6 -8208.49 -5129.32 -15935.8 -13889.6 -11194.6 -8208.49 -5129.32
-131.47 -17577.1 -16694.6 -14551 -11727.7 -8599.37 -5373.57 -16694.6 -14551 -11727.7 -8599.37 -5373.57
-137.446 -18376.1 -17453.5 -15212.4 -12260.8 -8990.25 -5617.83 -17453.5 -15212.4 -12260.8 -8990.25 -5617.83
-143.422 -19175 -18212.3 -15873.9 -12793.8 -9381.13 -5862.08 -18212.3 -15873.9 -12793.8 -9381.13 -5862.08
-149.397 -19974 -18971.2 -16535.3 -13326.9 -9772.01 -6106.33 -18971.2 -16535.3 -13326.9 -9772.01 -6106.33
-155.373 -20772.9 -19730 -17196.7 -13860 -10162.9 -6350.59 -19730 -17196.7 -13860 -10162.9 -6350.59
-161.349 -21571.9 -20488.9 -17858.1 -14393.1 -10553.8 -6594.84 -20488.9 -17858.1 -14393.1 -10553.8 -6594.84
-167.325 -22370.9 -21247.7 -18519.5 -14926.2 -10944.6 -6839.09 -21247.7 -18519.5 -14926.2 -10944.6 -6839.09
-173.301 -23169.8 -22006.6 -19180.9 -15459.2 -11335.5 -7083.35 -22006.6 -19180.9 -15459.2 -11335.5 -7083.35
-179.277 -23968.8 -22765.4 -19842.3 -15992.3 -11726.4 -7327.6 -22765.4 -19842.3 -15992.3 -11726.4 -7327.6
-185.253 -24767.7 -23524.3 -20503.7 -16525.4 -12117.3 -7571.85 -23524.3 -20503.7 -16525.4 -12117.3 -7571.85
-191.229 -25566.7 -24283.1 -21165.1 -17058.5 -12508.2 -7816.11 -24283.1 -21165.1 -17058.5 -12508.2 -7816.11
-197.205 -26365.7 -25042 -21826.5 -17591.5 -12899 -8060.36 -25042 -21826.5 -17591.5 -12899 -8060.36
-203.18 -27164.6 -25800.8 -22488 -18124.6 -13289.9 -8304.61 -25800.8 -22488 -18124.6 -13289.9 -8304.61
-209.156 -27963.6 -26559.7 -23149.4 -18657.7 -13680.8 -8548.87 -26559.7 -23149.4 -18657.7 -13680.8 -8548.87
-215.132 -28762.5 -27318.5 -23810.8 -19190.8 -14071.7 -8793.12 -27318.5 -23810.8 -19190.8 -14071.7 -8793.12
-221.108 -29561.5 -28077.4 -24472.2 -19723.9 -14462.6 -9037.37 -28077.4 -24472.2 -19723.9 -14462.6 -9037.37
-227.084 -30360.4 -28836.2 -25133.6 -20256.9 -14853.4 -9281.63 -28836.2 -25133.6 -20256.9 -14853.4 -9281.63
-233.06 -31159.4 -29595.1 -25795 -20790 -15244.3 -9525.88 -29595.1 -25795 -20790 -15244.3 -9525.88
-239.036 -31958.4 -30353.9 -26456.4 -21323.1 -15635.2 -9770.14 -30353.9 -26456.4 -21323.1 -15635.2 -9770.14
-245.012 -32757.3 -31112.8 -27117.8 -21856.2 -16026.1 -10014.4 -31112.8 -27117.8 -21856.2 -16026.1 -10014.4
-250.988 -33556.3 -31871.6 -27779.2 -22389.2 -16417 -10258.6 -31871.6 -27779.2 -22389.2 -16417 -10258.6
-256.964 -34355.2 -32630.4 -28440.7 -22922.3 -16807.9 -10502.9 -32630.4 -28440.7 -22922.3 -16807.9 -10502.9
-262.939 -35154.2 -33389.3 -29102.1 -23455.4 -17198.7 -10747.1 -33389.3 -29102.1 -23455.4 -17198.7 -10747.1
-268.915 -35953.2 -34148.1 -29763.5 -23988.5 -17589.6 -10991.4 -34148.1 -29763.5 -23988.5 -17589.6 -10991.4
-274.891 -36752.1 -34907 -30424.9 -24521.5 -17980.5 -11235.7 -34907 -30424.9 -24521.5 -17980.5 -11235.7
-280.867 -37551.1 -35665.8 -31086.3 -25054.6 -18371.4 -11479.9 -35665.8 -31086.3 -25054.6 -18371.4 -11479.9
-286.843 -38350 -36424.7 -31747.7 -25587.7 -18762.3 -11724.2 -36424.7 -31747.7 -25587.7 -18762.3 -11724.2
-292.819 -39149 -37183.5 -32409.1 -26120.8 -19153.1 -11968.4 -37183.5 -32409.1 -26120.8 -19153.1 -11968.4
-298.795 -39948 -37942.4 -33070.5 -26653.9 -19544 -12212.7 -37942.4 -33070.5 -26653.9 -19544 -12212.7
-304.771 -40746.9 -38701.2 -33731.9 -27186.9 -19934.9 -12456.9 -38701.2 -33731.9 -27186.9 -19934.9 -12456.9
-310.747 -41545.9 -39460.1 -34393.3 -27720 -20325.8 -12701.2 -39460.1 -34393.3 -27720 -20325.8 -12701.2
-316.723 -42344.8 -40218.9 -35054.8 -28253.1 -20716.7 -12945.4 -40218.9 -35054.8 -28253.1 -20716.7 -12945.4
-322.698 -43143.8 -40977.8 -35716.2 -28786.2 -21107.5 -13189.7 -40977.8 -35716.2 -28786.2 -21107.5 -13189.7
-328.674 -43942.8 -41736.6 -36377.6 -29319.2 -21498.4 -13433.9 -41736.6 -36377.6 -29319.2 -21498.4 -13433.9
-334.65 -44741.7 -42495.5 -37039 -29852.3 -21889.3 -13678.2 -42495.5 -37039 -29852.3 -21889.3 -13678.2
-340.626 -45540.7 -43254.3 -37700.4 -30385.4 -22280.2 -13922.4 -43254.3 -37700.4 -30385.4 -22280.2 -13922.4
-346.602 -46339.6 -44013.2 -38361.8 -30918.5 -22671.1 -14166.7 -44013.2 -38361.8 -30918.5 -22671.1 -14166.7
-352.578 -47138.6 -44772 -39023.2 -31451.5 -23061.9 -14410.9 -44772 -39023.2 -31451.5 -23061.9 -14410.9
-358.554 -47937.5 -45530.9 -39684.6 -31984.6 -23452.8 -14655.2 -45530.9 -39684.6 -31984.6 -23452.8 -14655.2
-364.53 -48736.5 -46289.7 -40346 -32517.7 -23843.7 -14899.5 -46289.7 -40346 -32517.7 -23843.7 -14899.5
-370.506 -49535.5 -47048.6 -41007.5 -33050.8 -24234.6 -15143.7 -47048.6 -41007.5 -33050.8 -24234.6 -15143.7
-376.481 -50334.4 -47807.4 -41668.9 -33583.9 -24625.5 -15388 -47807.4 -41668.9 -33583.9 -24625.5 -15388
-382.457 -51133.4 -48566.3 -42330.3 -34116.9 -25016.3 -15632.2 -48566.3 -42330.3 -34116.9 -25016.3 -15632.2
-388.433 -51932.3 -49325.1 -42991.7 -34650 -25407.2 -15876.5 -49325.1 -42991.7 -34650 -25407.2 -15876.5
-394.409 -52731.3 -50083.9 -43653.1 -35183.1 -25798.1 -16120.7 -50083.9 -43653.1 -35183.1 -25798.1 -16120.7
-400.385 -53530.3 -50842.8 -44314.5 -35716.2 -26189 -16365 -50842.8 -44314.5 -35716.2 -26189 -16365
-406.361 -54329.2 -51601.6 -44975.9 -36249.2 -26579.9 -16609.2 -51601.6 -44975.9 -36249.2 -26579.9 -16609.2
-412.337 -55128.2 -52360.5 -45637.3 -36782.3 -26970.7 -16853.5 -52360.5 -45637.3 -36782.3 -26970.7 -16853.5
-418.313 -55927.1 -53119.3 -46298.7 -37315.4 -27361.6 -17097.7 -53119.3 -46298.7 -37315.4 -27361.6 -17097.7
-424.289 -56726.1 -53878.2 -46960.1 -37848.5 -27752.5 -17342 -53878.2 -46960.1 -37848.5 -27752.5 -17342
-430.265 -57525.1 -54637 -47621.6 -38381.5 -28143.4 -17586.2 -54637 -47621.6 -38381.5 -28143.4 -17586.2
-436.24 -58324 -55395.9 -48283 -38914.6 -28534.3 -17830.5 -55395.9 -48283 -38914.6 -28534.3 -17830.5
-442.216 -59123 -56154.7 -48944.4 -39447.7 -28925.1 -18074.7 -56154.7 -48944.4 -39447.7 -28925.1 -18074.7
-448.192 -59921.9 -56913.6 -49605.8 -39980.8 -29316 -18319 -56913.6 -49605.8 -39980.8 -29316 -18319
-454.168 -60720.9 -57672.4 -50267.2 -40513.9 -29706.9 -18563.3 -57672.4 -50267.2 -40513.9 -29706.9 -18563.3
-460.144 -61519.9 -58431.3 -50928.6 -41046.9 -30097.8 -18807.5 -58431.3 -50928.6 -41046.9 -30097.8 -18807.5
-466.12 -62318.8 -59190.1 -51590 -41580 -30488.7 -19051.8 -59190.1 -51590 -41580 -30488.7 -19051.8
-472.096 -63117.8 -59949 -52251.4 -42113.1 -30879.5 -19296 -59949 -52251.4 -42113.1 -30879.5 -19296
-478.072 -63916.7 -60707.8 -52912.8 -42646.2 -31270.4 -19540.3 -60707.8 -52912.8 -42646.2 -31270.4 -19540.3
-484.048 -64715.7 -61466.7 -53574.3 -43179.2 -31661.3 -19784.5 -61466.7 -53574.3 -43179.2 -31661.3 -19784.5
-490.024 -65514.6 -62225.5 -54235.7 -43712.3 -32052.2 -20028.8 -62225.5 -54235.7 -43712.3 -32052.2 -20028.8
-495.999 -66313.6 -62984.4 -54897.1 -44245.4 -32443.1 -20273 -62984.4 -54897.1 -44245.4 -32443.1 -20273
-501.975 -67112.6 -63743.2 -55558.5 -44778.5 -32833.9 -20517.3 -63743.2 -55558.5 -44778.5 -32833.9 -20517.3
-507.951 -67911.5 -64502.1 -56219.9 -45311.5 -33224.8 -20761.5 -64502.1 -56219.9 -45311.5 -33224.8 -20761.5
-513.927 -68710.5 -65260.9 -56881.3 -45844.6 -33615.7 -21005.8 -65260.9 -56881.3 -45844.6 -33615.7 -21005.8
-519.903 -69509.4 -66019.7 -57542.7 -46377.7 -34006.6 -21250 -66019.7 -57542.7 -46377.7 -34006.6 -21250
-525.879 -70308.4 -66778.6 -58204.1 -46910.8 -34397.5 -21494.3 -66778.6 -58204.1 -46910.8 -34397.5 -21494.3
-531.855 -71107.4 -67537.4 -58865.5 -47443.9 -34788.3 -21738.6 -67537.4 -58865.5 -47443.9 -34788.3 -21738.6
-537.831 -71906.3 -68296.3 -59526.9 -47976.9 -35179.2 -21982.8 -68296.3 -59526.9 -47976.9 -35179.2 -21982.8
-543.807 -72705.3 -69055.1 -60188.4 -48510 -35570.1 -22227.1 -69055.1 -60188.4 -48510 -35570.1 -22227.1
-549.783 -73504.2 -69814 -60849.8 -49043.1 -35961 -22471.3 -69814 -60849.8 -49043.1 -35961 -22471.3
-555.758 -74303.2 -70572.8 -61511.2 -49576.2 -36351.9 -22715.6 -70572.8 -61511.2 -49576.2 -36351.9 -22715.6
-561.734 -75102.2 -71331.7 -62172.6 -50109.2 -36742.7 -22959.8 -71331.7 -62172.6 -50109.2 -36742.7 -22959.8
-567.71 -75901.1 -72090.5 -62834 -50642.3 -37133.6 -23204.1 -72090.5 -62834 -50642.3 -37133.6 -23204.1
-573.686 -76700.1 -72849.4 -63495.4 -51175.4 -37524.5 -23448.3 -72849.4 -63495.4 -51175.4 -37524.5 -23448.3
-579.662 -77499 -73608.2 -64156.8 -51708.5 -37915.4 -23692.6 -73608.2 -64156.8 -51708.5 -37915.4 -23692.6
-585.638 -78298 -74367.1 -64818.2 -52241.6 -38306.3 -23936.8 -74367.1 -64818.2 -52241.6 -38306.3 -23936.8
-591.614 -79097 -75125.9 -65479.6 -52774.6 -38697.1 -24181.1 -75125.9 -65479.6 -52774.6 -38697.1 -24181.1
-597.59 -79895.9 -75884.8 -66141.1 -53307.7 -39088 -24425.3 -75884.8 -66141.1 -53307.7 -39088 -24425.3
-649.227 -79895.9 -78123.5 -69848.7 -57994.8 -44493.3 -30449.8 -73646 -62433.4 -48620.7 -33682.7 -18400.9
-726.248 -79895.9 -80362.3 -73556.4 -62681.8 -49898.7 -36474.2 -71407.2 -58725.7 -43933.6 -28277.4 -12376.4
-828.695 -79895.9 -82601.1 -77264.1 -67368.8 -55304 -42498.7 -69168.5 -55018 -39246.6 -22872 -6352
-956.61 -79895.9 -84839.9 -80971.7 -72055.9 -60709.3 -48523.1 -66929.7 -51310.4 -34559.5 -17466.7 -327.556
-1108.27 -79538.8 -86869.6 -84599.3 -76777.2 -66254.2 -54788.7 -64089.6 -46589.8 -28293.3 -9789.19 0
-1281.74 -79161.1 -88887.3 -88222.3 -81500.4 -71807.1 -61068.1 -61215 -41811 -21936.4 -1981.02 0
-1476.7 -78084.8 -90406.5 -91540.4 -86103.2 -77416.8 -67578.1 -57349 -35579.5 -13531.3 0 0
-1689.41 -76771 -91756.4 -94754.7 -90664.9 -83045.8 -74166.6 -53146 -28854.2 -4430.04 0 0
-1920.9 -74612.2 -92450.7 -97513.2 -94970.9 -88616.6 -80892.6 -47852 -20681.5 0 0 0
-2165.43 -71651.9 -92523.3 -99839.3 -99034.3 -94132.3 -87749.2 -41523.3 -11136.2 0 0 0
-2426.91 -68691.6 -92595.9 -102165 -103098 -99647.9 -94605.8 -35194.6 -1590.92 0 0 0
-2701.92 -63810.1 -91098.1 -103322 -106411 -104837 -101559 -26551.3 0 0 0 0
-2985.65 -58544.4 -89286.1 -104245 -109575 -109962 -108532 -17445.1 0 0 0 0
-3282.26 -53278.7 -87474.2 -105168 -112739 -115086 -115505 -8338.94 0 0 0 0
-3591.45 -47777.9 -85462.2 -105935 -115795 -120152 -122468 0 0 0 0 0
-3906.06 -39721.9 -81276.5 -105005 -117676 -124578 -129332 0 0 0 0 0
-4229.84 -31665.9 -77090.7 -104076 -119557 -129005 -136195 0 0 0 0 0
-4562.83 -23609.8 -72904.9 -103147 -121438 -133432 -143059 0 0 0 0 0
-4905.02 -15553.8 -68719.2 -102218 -123319 -137858 -149922 0 0 0 0 0
-5256.44 -7497.73 -64533.4 -101288 -125199 -142285 -156786 0 0 0 0 0
-5616.89 0 -60154.7 -100203 -126966 -146642 -163624 0 0 0 0 0
-5980.53 0 -53184.9 -97022.4 -127202 -150059 -170121 0 0 0 0 0
-6350.4 0 -46215 -93841.9 -127439 -153476 -176618 0 0 0 0 0
-6726.51 0 -39245.1 -90661.4 -127675 -156893 -183115 0 0 0 0 0
-7108.87 0 -32275.3 -87480.9 -127911 -160310 -189612 0 0 0 0 0
-7497.49 0 -25305.4 -84300.4 -128147 -163728 -196109 0 0 0 0 0
-7892.39 0 -18335.6 -81119.8 -128383 -167145 -202607 0 0 0 0 0
-8293.56 0 -11365.7 -77939.3 -128619 -170562 -209104 0 0 0 0 0
-8701.03 0 -4395.83 -74758.8 -128855 -173979 -215601 0 0 0 0 0
-9113.93 0 0 -70581.9 -128321 -176869 -221819 0 0 0 0 0
-9528.38 0 0 -64703.3 -126470 -178857 -227559 0 0 0 0 0
-9946.77 0 0 -58824.8 -124619 -180846 -233300 0 0 0 0 0
-10369.1 0 0 -52946.2 -122768 -182834 -239041 0 0 0 0 0
-10795.4 0 0 -47067.7 -120917 -184823 -244782 0 0 0 0 0
-11225.6 0 0 -41189.1 -119067 -186811 -250523 0 0 0 0 0
-11659.8 0 0 -35310.6 -117216 -188800 -256264 0 0 0 0 0
-12098 0 0 -29432 -115365 -190788 -262004 0 0 0 0 0
-12540.2 0 0 -23553.5 -113514 -192777 -267745 0 0 0 0 0
-12986.3 0 0 -17674.9 -111663 -194765 -273486 0 0 0 0 0
-13436.4 0 0 -11796.4 -109813 -196754 -279227 0 0 0 0 0
-13890.6 0 0 -5917.85 -107962 -198742 -284968 0 0 0 0 0
-14348.7 0 0 -39.2951 -106111 -200731 -290709 0 0 0 0 0
-14809.1 0 0 0 -101715 -200765 -295110 0 0 0 0 0
-15269.9 0 0 0 -97301.7 -200786 -299502 0 0 0 0 0
-15733 0 0 0 -92888.4 -200807 -303895 0 0 0 0 0
-16198.4 0 0 0 -88475.1 -200828 -308287 0 0 0 0 0
-16666 0 0 0 -84061.9 -200849 -312679 0 0 0 0 0
-17135.9 0 0 0 -79648.6 -200870 -317071 0 0 0 0 0
-17608.1 0 0 0 -75235.4 -200891 -321464 0 0 0 0 0
-18082.5 0 0 0 -70822.1 -200912 -325856 0 0 0 0 0
-18559.2 0 0 0 -66408.8 -200933 -330248 0 0 0 0 0
-19038.1 0 0 0 -61995.6 -200954 -334641 0 0 0 0 0
-19519.4 0 0 0 -57582.3 -200975 -339033 0 0 0 0 0
-20002.9 0 0 0 -53169.1 -200996 -343425 0 0 0 0 0
-20488.7 0 0 0 -48755.8 -201017 -347817 0 0 0 0 0
-20976.8 0 0 0 -44342.5 -201037 -352210 0 0 0 0 0
-21467.2 0 0 0 -39929.3 -201058 -356602 0 0 0 0 0
-21959.9 0 0 0 -35516 -201079 -360994 0 0 0 0 0
-22454.8 0 0 0 -31102.8 -201100 -365386 0 0 0 0 0
-22952.1 0 0 0 -26689.5 -201121 -369779 0 0 0 0 0
-23451.7 0 0 0 -22276.3 -201142 -374171 0 0 0 0 0
-23953.7 0 0 0 -17863 -201163 -378563 0 0 0 0 0
-24457.9 0 0 0 -13449.7 -201184 -382956 0 0 0 0 0
-24964.5 0 0 0 -9036.47 -201205 -387348 0 0 0 0 0
-25473.3 0 0 0 -4623.21 -201226 -391740 0 0 0 0 0
-25984.5 0 0 0 -209.956 -201247 -396132 0 0 0 0 0
-26497.1 0 0 0 0 -198957 -398633 0 0 0 0 0
-27009.8 0 0 0 0 -196551 -401039 0 0 0 0 0
-27523.8 0 0 0 0 -194145 -403445 0 0 0 0 0
-28039 0 0 0 0 -191739 -405851 0 0 0 0 0
-28555.5 0 0 0 0 -189333 -408257 0 0 0 0 0
-29073.3 0 0 0 0 -186927 -410663 0 0 0 0 0
-29592.3 0 0 0 0 -184521 -413069 0 0 0 0 0
-30112.6 0 0 0 0 -182115 -415475 0 0 0 0 0
-30634.2 0 0 0 0 -179709 -417881 0 0 0 0 0
-31157.1 0 0 0 0 -177303 -420287 0 0 0 0 0
-31681.3 0 0 0 0 -174897 -422693 0 0 0 0 0
-32206.7 0 0 0 0 -172491 -425099 0 0 0 0 0
-32733.4 0 0 0 0 -170085 -427505 0 0 0 0 0
-33261.4 0 0 0 0 -167679 -429911 0 0 0 0 0
-33790.7 0 0 0 0 -165273 -432317 0 0 0 0 0
-34321.3 0 0 0 0 -162867 -434723 0 0 0 0 0
-34853.2 0 0 0 0 -160461 -437129 0 0 0 0 0
-35386.3 0 0 0 0 -158055 -439535 0 0 0 0 0
-35920.8 0 0 0 0 -155649 -441941 0 0 0 0 0
-36456.6 0 0 0 0 -153243 -444347 0 0 0 0 0
-36993.6 0 0 0 0 -150837 -446753 0 0 0 0 0
-37532 0 0 0 0 -148431 -449159 0 0 0 0 0
-38071.7 0 0 0 0 -146025 -451565 0 0 0 0 0
-38612.7 0 0 0 0 -143619 -453971 0 0 0 0 0
-39155 0 0 0 0 -141213 -456377 0 0 0 0 0
-39698.6 0 0 0 0 -138807 -458783 0 0 0 0 0
-40243.5 0 0 0 0 -136401 -461189 0 0 0 0 0
-40789.7 0 0 0 0 -133995 -463595 0 0 0 0 0
-41337.3 0 0 0 0 -131589 -466001 0 0 0 0 0
-41886.2 0 0 0 0 -129183 -468407 0 0 0 0 0
-42436.4 0 0 0 0 -126777 -470813 0 0 0 0 0
-42987.9 0 0 0 0 -124371 -473219 0 0 0 0 0
-43540.7 0 0 0 0 -121965 -475625 0 0 0 0 0
-44094.9 0 0 0 0 -119559 -478031 0 0 0 0 0
