-5.9759 -2.48472e-019 0 -0.01
-11.9518 -3.0492e-018 0 -0.02
-17.9277 -2.33337e-018 0 -0.03
-23.9036 3.44759e-018 0 -0.04
-29.8795 5.05737e-018 0 -0.05
-35.8554 5.69492e-018 0 -0.06
-41.8313 2.9161e-018 0 -0.07
-47.8072 -5.40216e-018 0 -0.08
-53.7831 6.58893e-018 0 -0.09
-59.759 5.76264e-018 0 -0.1
-65.7349 8.8453e-018 0 -0.11
-71.7108 -3.00096e-018 0 -0.12
-77.6867 -1.86943e-017 0 -0.13
-83.6626 -2.79736e-017 0 -0.14
-89.6385 -1.57322e-017 0 -0.15
-95.6143 -2.32424e-017 0 -0.16
-101.59 -1.65232e-017 0 -0.17
-107.566 -4.17147e-017 0 -0.18
-113.542 -1.718e-017 0 -0.19
-119.518 -1.85278e-017 0 -0.2
-125.494 -2.15026e-017 0 -0.21
-131.47 -2.66168e-017 0 -0.22
-137.446 5.42631e-018 0 -0.23
-143.422 -2.35551e-017 0 -0.24
-149.397 -2.61379e-017 0 -0.25
-155.373 -2.0372e-017 0 -0.26
-161.349 -1.58801e-017 0 -0.27
-167.325 -2.62652e-017 0 -0.28
-173.301 -1.16996e-017 0 -0.29
-179.277 2.64751e-018 0 -0.3
-185.253 -2.63935e-017 0 -0.31
-191.229 6.4678e-018 0 -0.32
-197.205 1.52627e-017 0 -0.33
-203.18 -1.91836e-017 0 -0.34
-209.156 -2.86199e-017 0 -0.35
-215.132 -7.40735e-018 0 -0.36
-221.108 -1.69163e-017 0 -0.37
-227.084 -3.16441e-017 0 -0.38
-233.06 -9.08248e-018 0 -0.39
-239.036 -2.34379e-017 0 -0.4
-245.012 -6.18238e-017 0 -0.41
-250.988 1.01791e-017 0 -0.42
-256.964 -2.41444e-017 0 -0.43
-262.939 -3.28778e-017 0 -0.44
-268.915 -6.69115e-018 0 -0.45
-274.891 -6.49553e-017 0 -0.46
-280.867 -4.2967e-017 0 -0.47
-286.843 -9.0845e-018 0 -0.48
-292.819 -4.09857e-017 0 -0.49
-298.795 -2.88088e-017 0 -0.5
-304.771 3.31254e-018 0 -0.51
-310.747 -7.17626e-017 0 -0.52
-316.723 2.74995e-017 0 -0.53
-322.698 7.77883e-018 0 -0.54
-328.674 -5.58193e-017 0 -0.55
-334.65 -3.33661e-017 0 -0.56
-340.626 6.34482e-018 0 -0.57
-346.602 -5.64234e-018 0 -0.58
-352.578 -5.34823e-018 0 -0.59
-358.554 2.47576e-017 0 -0.6
-364.53 -1.29758e-017 0 -0.61
-370.506 4.41809e-020 0 -0.62
-376.481 -1.32742e-017 0 -0.63
-382.457 2.60868e-017 0 -0.64
-388.433 -2.59563e-017 0 -0.65
-394.409 4.98539e-017 0 -0.66
-400.385 -1.52954e-017 0 -0.67
-406.361 4.99689e-017 0 -0.68
-412.337 5.83914e-018 0 -0.69
-418.313 -6.85599e-017 0 -0.7
-424.289 -9.05831e-018 0 -0.71
-430.265 4.56809e-018 0 -0.72
-436.24 -3.5025e-017 0 -0.73
-442.216 -5.12655e-017 0 -0.74
-448.192 3.78109e-017 0 -0.75
-454.168 -8.70214e-017 0 -0.76
-460.144 -3.76518e-017 0 -0.77
-466.12 -4.65413e-017 0 -0.78
-472.096 -3.62889e-017 0 -0.79
-478.072 -1.32159e-016 0 -0.8
-484.048 -7.54879e-017 0 -0.81
-490.024 -2.00246e-017 0 -0.82
-495.999 -1.51614e-017 0 -0.83
-501.975 3.44853e-017 0 -0.84
-507.951 -8.62267e-017 0 -0.85
-513.927 -8.87945e-018 0 -0.86
-519.903 -3.05008e-017 0 -0.87
-525.879 -2.12325e-017 0 -0.88
-531.855 -2.54927e-017 0 -0.89
-537.831 3.29385e-017 0 -0.9
-543.807 -1.74463e-017 0 -0.91
-549.783 2.83269e-017 0 -0.92
-555.758 -1.3149e-016 0 -0.93
-561.734 -1.60654e-017 0 -0.94
-567.71 -7.4212e-017 0 -0.95
-573.686 -3.38209e-017 0 -0.96
-579.662 -5.13694e-017 0 -0.97
-585.638 -9.5011e-018 0 -0.98
-591.614 -2.3617e-017 0 -0.99
-597.59 -6.04959e-017 0 -1
-649.227 0.5 0 -1
-726.248 1 0 -1
-828.695 1.5 0 -1
-956.61 2 0 -1
-1108.27 2.5 0 -0.996427
-1281.74 3 0 -0.992648
-1476.7 3.5 0 -0.98188
-1689.41 4 0 -0.968736
-1920.9 4.5 0 -0.947136
-2165.43 5 0 -0.917518
-2426.91 5.5 0 -0.8879
-2701.92 6 0 -0.839061
-2985.65 6.5 0 -0.786378
-3282.26 7 0 -0.733695
-3591.45 7.5 0 -0.67866
-3906.06 8 0 -0.598059
-4229.84 8.5 0 -0.517458
-4562.83 9 0 -0.436857
-4905.02 9.5 0 -0.356257
-5256.44 10 0 -0.275656
-5616.89 10.5 0 -0.19286
-5980.53 11 0 -0.0805765
-6350.4 11.5 0 0.0317065
-6726.51 12 0 0.143989
-7108.87 12.5 0 0.256272
-7497.49 13 0 0.368555
-7892.39 13.5 0 0.480838
-8293.56 14 0 0.593121
-8701.03 14.5 0 0.705404
-9113.93 15 0 0.830673
-9528.38 15.5 0 0.978118
-9946.77 16 0 1.12556
-10369.1 16.5 0 1.27301
-10795.4 17 0 1.42045
-11225.6 17.5 0 1.5679
-11659.8 18 0 1.71534
-12098 18.5 0 1.86279
-12540.2 19 0 2.01023
-12986.3 19.5 0 2.15768
-13436.4 20 0 2.30512
-13890.6 20.5 0 2.45257
-14348.7 21 0 2.60001
-14809.1 21.5 0 2.78426
-15269.9 22 0 2.96877
-15733 22.5 0 3.15327
-16198.4 23 0 3.33777
-16666 23.5 0 3.52227
-17135.9 24 0 3.70677
-17608.1 24.5 0 3.89127
-18082.5 25 0 4.07577
-18559.2 25.5 0 4.26027
-19038.1 26 0 4.44477
-19519.4 26.5 0 4.62927
-20002.9 27 0 4.81377
-20488.7 27.5 0 4.99827
-20976.8 28 0 5.18277
-21467.2 28.5 0 5.36728
-21959.9 29 0 5.55178
-22454.8 29.5 0 5.73628
-22952.1 30 0 5.92078
-23451.7 30.5 0 6.10528
-23953.7 31 0 6.28978
-24457.9 31.5 0 6.47428
-24964.5 32 0 6.65878
-25473.3 32.5 0 6.84328
-25984.5 33 0 7.02778
-26497.1 33.5 0 7.24597
-27009.8 34 0 7.46583
-27523.8 34.5 0 7.6857
-28039 35 0 7.90556
-28555.5 35.5 0 8.12543
-29073.3 36 0 8.34529
-29592.3 36.5 0 8.56516
-30112.6 37 0 8.78503
-30634.2 37.5 0 9.00489
-31157.1 38 0 9.22476
-31681.3 38.5 0 9.44462
-32206.7 39 0 9.66449
-32733.4 39.5 0 9.88435
-33261.4 40 0 10.1042
-33790.7 40.5 0 10.3241
-34321.3 41 0 10.544
-34853.2 41.5 0 10.7638
-35386.3 42 0 10.9837
-35920.8 42.5 0 11.2035
-36456.6 43 0 11.4234
-36993.6 43.5 0 11.6433
-37532 44 0 11.8631
-38071.7 44.5 0 12.083
-38612.7 45 0 12.3029
-39155 45.5 0 12.5227
-39698.6 46 0 12.7426
-40243.5 46.5 0 12.9625
-40789.7 47 0 13.1823
-41337.3 47.5 0 13.4022
-41886.2 48 0 13.6221
-42436.4 48.5 0 13.8419
-42987.9 49 0 14.0618
-43540.7 49.5 0 14.2817
-44094.9 50 0 14.5015
