                                 E T A B S (R)                                  

                                 Version 9.6.0.0                                

                            Copyright (C) 1984-2009                             
                         COMPUTERS AND STRUCTURES, INC.                         
                              All rights reserved                               

                 This copy of ETABS is for the exclusive use of                 

                                  THE LICENSEE                                  

           Unauthorized use is in violation of Federal copyright laws           

               It is the responsibility of the user to verify all               
                        results produced by this program                        

                             30 May 2023  15:33:51                              
 Program ETABS Version 9.6.0.0                                 File:EXAM06-2.OUT
                                                                            Page
                                                                               1

 D I S P L A C E M E N T   D E G R E E S   O F   F R E E D O M

         (A) = Active DOF, equilibrium equation
         (-) = Restrained DOF, reaction computed
         (+) = Constrained DOF
         (>) = External substructure DOF
         ( ) = Null DOF

  JOINTS              UX  UY  UZ  RX  RY  RZ
       1 TO      24    A   A   A   A   A   A
      25 TO      30    -   -   -   -   -   -
 Program ETABS Version 9.6.0.0                                 File:EXAM06-2.OUT
                                                                            Page
                                                                               2

 A S S E M B L E D   J O I N T   M A S S E S

 IN GLOBAL COORDINATES

   JOINT          UX          UY          UZ          RX          RY          RZ
       1  389.606011  389.606011     .000000     .000000     .000000     .000000
       2  389.606011  389.606011     .000000     .000000     .000000     .000000
       3  627.581574  627.581574     .000000     .000000     .000000     .000000
       4  627.581574  627.581574     .000000     .000000     .000000     .000000
       5  389.606011  389.606011     .000000     .000000     .000000     .000000
       6  389.606011  389.606011     .000000     .000000     .000000     .000000
       7  473.845148  473.845148     .000000     .000000     .000000     .000000
       8  473.845148  473.845148     .000000     .000000     .000000     .000000
       9  711.820712  711.820712     .000000     .000000     .000000     .000000
      10  711.820712  711.820712     .000000     .000000     .000000     .000000
      11  473.845148  473.845148     .000000     .000000     .000000     .000000
      12  473.845148  473.845148     .000000     .000000     .000000     .000000
      13  473.845148  473.845148     .000000     .000000     .000000     .000000
      14  473.845148  473.845148     .000000     .000000     .000000     .000000
      15  711.820712  711.820712     .000000     .000000     .000000     .000000
      16  711.820712  711.820712     .000000     .000000     .000000     .000000
      17  473.845148  473.845148     .000000     .000000     .000000     .000000
      18  473.845148  473.845148     .000000     .000000     .000000     .000000
      19  501.924861  501.924861     .000000     .000000     .000000     .000000
      20  501.924861  501.924861     .000000     .000000     .000000     .000000
      21  739.900424  739.900424     .000000     .000000     .000000     .000000
      22  739.900424  739.900424     .000000     .000000     .000000     .000000
      23  501.924861  501.924861     .000000     .000000     .000000     .000000
      24  501.924861  501.924861     .000000     .000000     .000000     .000000
      25  112.318850  112.318850     .000000     .000000     .000000     .000000
      26  112.318850  112.318850     .000000     .000000     .000000     .000000
      27  112.318850  112.318850     .000000     .000000     .000000     .000000
      28  112.318850  112.318850     .000000     .000000     .000000     .000000
      29  112.318850  112.318850     .000000     .000000     .000000     .000000
      30  112.318850  112.318850     .000000     .000000     .000000     .000000


 T O T A L   A S S E M B L E D   J O I N T   M A S S E S

 IN GLOBAL COORDINATES

                  UX          UY          UZ          RX          RY          RZ
   TOTAL   13613.045   13613.045     .000000     .000000     .000000     .000000
 Program ETABS Version 9.6.0.0                                 File:EXAM06-2.OUT
                                                                            Page
                                                                               3


 T O T A L   A C C E L E R A T E D   M A S S   A N D   L O C A T I O N

 TOTAL MASS ACTIVATED BY ACCELERATION LOADS, IN GLOBAL COORDINATES

                  UX          UY          UZ
    MASS   12939.132   12939.132     .000000
   X-LOC    4500.000    4500.000     .000000
   Y-LOC    2250.000    2250.000     .000000
   Z-LOC    8265.625    8265.625     .000000
 Program ETABS Version 9.6.0.0                                 File:EXAM06-2.OUT
                                                                            Page
                                                                               4

 M O D A L   P E R I O D S   A N D   F R E Q U E N C I E S

    MODE      PERIOD   FREQUENCY   FREQUENCY  EIGENVALUE
              (TIME)  (CYC/TIME)  (RAD/TIME)  (RAD/TIME)**2

       1   10.613342    0.094221    0.592008    0.350474
       2    9.761503    0.102443    0.643670    0.414311
       3    8.903316    0.112318    0.705713    0.498031
       4    3.150975    0.317362    1.994045    3.976215
       5    2.953745    0.338553    2.127193    4.524950
       6    2.719297    0.367742    2.310592    5.338835
       7    1.575272    0.634811    3.988635   15.909206
       8    1.521501    0.657246    4.129597   17.053568
       9    1.417122    0.705655    4.433764   19.658260
      10    0.980806    1.019569    6.406143   41.038673
      11    0.968966    1.032028    6.484422   42.047727
      12    0.904702    1.105336    6.945032   48.233470
 Program ETABS Version 9.6.0.0                                 File:EXAM06-2.OUT
                                                                            Page
                                                                               5

 M O D A L   P A R T I C I P A T I O N   F A C T O R S

 FOR UNIT ACCELERATION LOADS IN GLOBAL COORDINATES

    MODE      PERIOD          UX          UY          UZ
       1   10.613342    6.24E-12 -106.367368     .000000
       2    9.761503  107.173536    1.29E-11     .000000
       3    8.903316    6.71E-12    1.97E-11     .000000
       4    3.150975    4.01E-13  -35.803077     .000000
       5    2.953745  -33.977495   -1.87E-11     .000000
       6    2.719297    3.24E-11    6.00E-11     .000000
       7    1.575272   -7.30E-09  -17.111332     .000000
       8    1.521501  -15.960713    4.69E-09     .000000
       9    1.417122   -3.52E-09   -1.36E-08     .000000
      10    0.980806    2.22E-09   -7.098961     .000000
      11    0.968966   -6.614230    3.54E-09     .000000
      12    0.904702   -1.07E-08    1.13E-08     .000000
 Program ETABS Version 9.6.0.0                                 File:EXAM06-2.OUT
                                                                            Page
                                                                               6

 M O D A L   P A R T I C I P A T I N G   M A S S   R A T I O S

    MODE      PERIOD    INDIVIDUAL MODE (PERCENT)     CUMULATIVE SUM (PERCENT)
                             UX       UY       UZ         UX       UY       UZ

       1   10.613342     0.0000  87.4403   0.0000     0.0000  87.4403   0.0000
       2    9.761503    88.7708   0.0000   0.0000    88.7708  87.4403   0.0000
       3    8.903316     0.0000   0.0000   0.0000    88.7708  87.4403   0.0000
       4    3.150975     0.0000   9.9068   0.0000    88.7708  97.3472   0.0000
       5    2.953745     8.9223   0.0000   0.0000    97.6931  97.3472   0.0000
       6    2.719297     0.0000   0.0000   0.0000    97.6931  97.3472   0.0000
       7    1.575272     0.0000   2.2629   0.0000    97.6931  99.6100   0.0000
       8    1.521501     1.9688   0.0000   0.0000    99.6619  99.6100   0.0000
       9    1.417122     0.0000   0.0000   0.0000    99.6619  99.6100   0.0000
      10    0.980806     0.0000   0.3895   0.0000    99.6619  99.9995   0.0000
      11    0.968966     0.3381   0.0000   0.0000   100.0000  99.9995   0.0000
      12    0.904702     0.0000   0.0000   0.0000   100.0000  99.9995   0.0000
 Program ETABS Version 9.6.0.0                                 File:EXAM06-2.OUT
                                                                            Page
                                                                               7

 M O D A L   L O A D   P A R T I C I P A T I O N   R A T I O S

 LOAD, ACC, OR LINK/DEF        STATIC    DYNAMIC                       EFFECTIVE
        (TYPE)      (NAME)   (PERCENT)  (PERCENT)                         PERIOD

         LOAD    DEAD          0.0000 ->  0.0000<- (*) SEE NOTE         0.003645
         LOAD    LIVE          0.0000 ->  0.0000<- (*) SEE NOTE         0.004948
         LOAD    TRIBUTAR      0.0000 ->  0.0000<- (*) SEE NOTE         0.004948
          ACC          UX    100.0000   100.0000                        9.718278
          ACC          UY    100.0000    99.9995                       10.562276
          ACC          UZ      0.0000     0.0000                      -INFINITY-
          ACC          RX    100.0000   100.0000                       10.612555
          ACC          RY    100.0000   100.0000                        9.759969
          ACC          RZ    100.0000   100.0000                       17.439016

 (*) NOTE: DYNAMIC LOAD PARTICIPATION RATIO EXCLUDES LOAD APPLIED
           TO NON-MASS DEGREES OF FREEDOM
 Program ETABS Version 9.6.0.0                                 File:EXAM06-2.OUT
                                                                            Page
                                                                               8

 G L O B A L   F O R C E   B A L A N C E

 TOTAL FORCE AND MOMENT AT THE ORIGIN, IN GLOBAL COORDINATES

 LOADDEAD     ------------------    

                  FX          FY          FZ          MX          MY          MZ
 APPLIED     .000000     .000000 -5.4776E+06 -1.2325E+10  2.4649E+10     .000000
 INERTIA     .000000     .000000     .000000     .000000     .000000     .000000
 REACTNS   -3.64E-12   -1.64E-11  5.4776E+06  1.2325E+10 -2.4649E+10   -7.71E-08

   TOTAL   -3.64E-12   -1.64E-11    9.31E-09    2.29E-05   -3.81E-05   -7.71E-08

 LOADLIVE     ------------------    

                  FX          FY          FZ          MX          MY          MZ
 APPLIED     .000000     .000000  -46992.223 -1.0573E+08  2.1147E+08     .000000
 INERTIA     .000000     .000000     .000000     .000000     .000000     .000000
 REACTNS   -2.84E-14   -1.56E-13   46992.223  1.0573E+08 -2.1147E+08   -1.38E-09

   TOTAL   -2.84E-14   -1.56E-13    8.00E-11    2.53E-07   -3.28E-07   -1.38E-09

 LOADTRIBUTAR ------------------    

                  FX          FY          FZ          MX          MY          MZ
 APPLIED     .000000     .000000 -1.6200E+08 -3.6450E+11  7.2900E+11     .000000
 INERTIA     .000000     .000000     .000000     .000000     .000000     .000000
 REACTNS   -5.24E-10   -6.98E-10  1.6200E+08  3.6450E+11 -7.2900E+11   -3.70E-06

   TOTAL   -5.24E-10   -6.98E-10    3.28E-07    0.000916   -0.001587   -3.70E-06

 MODE       1 ------------------    

                  FX          FY          FZ          MX          MY          MZ
 APPLIED     .000000     .000000     .000000     .000000     .000000     .000000
 INERTIA    2.19E-12  -37.278963     .000000  354417.779    1.16E-08 -167755.335
 REACTNS    4.26E-10   37.278963   -3.91E-14 -354417.779    1.11E-06  167755.335

   TOTAL    4.28E-10    6.11E-10   -3.91E-14   -9.41E-07    1.12E-06    2.01E-06

 MODE       2 ------------------    

                  FX          FY          FZ          MX          MY          MZ
 APPLIED     .000000     .000000     .000000     .000000     .000000     .000000
 INERTIA   44.403161    5.36E-12     .000000   -1.72E-08  418590.340  -99907.113
 REACTNS  -44.403161    9.30E-10     .000000   -3.97E-06 -418590.340   99907.113

   TOTAL    2.71E-10    9.35E-10     .000000   -3.99E-06   -1.57E-07    1.47E-05
 Program ETABS Version 9.6.0.0                                 File:EXAM06-2.OUT
                                                                            Page
                                                                               9

 G L O B A L   F O R C E   B A L A N C E

 TOTAL FORCE AND MOMENT AT THE ORIGIN, IN GLOBAL COORDINATES

 MODE       3 ------------------    

                  FX          FY          FZ          MX          MY          MZ
 APPLIED     .000000     .000000     .000000     .000000     .000000     .000000
 INERTIA    3.34E-12    9.83E-12     .000000   -6.66E-08    5.93E-08 -217310.755
 REACTNS    6.32E-10    5.26E-10    5.33E-15   -7.56E-06   -1.69E-07  217310.755

   TOTAL    6.36E-10    5.36E-10    5.33E-15   -7.63E-06   -1.10E-07    2.44E-05

 MODE       4 ------------------    

                  FX          FY          FZ          MX          MY          MZ
 APPLIED     .000000     .000000     .000000     .000000     .000000     .000000
 INERTIA    1.60E-12 -142.360728     .000000 -149244.699   -7.41E-09 -640623.274
 REACTNS   -5.93E-10  142.360728    1.28E-13  149244.699   -3.70E-06  640623.274

   TOTAL   -5.91E-10   -1.57E-08    1.28E-13    1.82E-05   -3.71E-06   -8.61E-05

 MODE       5 ------------------    

                  FX          FY          FZ          MX          MY          MZ
 APPLIED     .000000     .000000     .000000     .000000     .000000     .000000
 INERTIA -153.746464   -8.48E-11     .000000    7.03E-08  262948.413  345929.545
 REACTNS  153.746464    9.71E-09    2.84E-14   -2.35E-05 -262948.413 -345929.545

   TOTAL   -5.65E-09    9.63E-09    2.84E-14   -2.34E-05   -1.05E-05    0.000112

 MODE       6 ------------------    

                  FX          FY          FZ          MX          MY          MZ
 APPLIED     .000000     .000000     .000000     .000000     .000000     .000000
 INERTIA    1.73E-10    3.20E-10     .000000   -6.56E-07   -1.02E-07 -736504.183
 REACTNS   -1.89E-08    8.08E-09   -7.11E-15    0.000130   -3.19E-05  736504.183

   TOTAL   -1.87E-08    8.40E-09   -7.11E-15    0.000129   -3.20E-05   -3.67E-05

 MODE       7 ------------------    

                  FX          FY          FZ          MX          MY          MZ
 APPLIED     .000000     .000000     .000000     .000000     .000000     .000000
 INERTIA   -1.16E-07 -272.227713     .000000  672507.693   -0.000142 -1.2250E+06
 REACTNS    1.91E-06  272.227714   -9.06E-14 -672507.708    0.003216  1.2250E+06

   TOTAL    1.79E-06    1.49E-06   -9.06E-14   -0.015497    0.003073    0.021563
 Program ETABS Version 9.6.0.0                                 File:EXAM06-2.OUT
                                                                            Page
                                                                              10

 G L O B A L   F O R C E   B A L A N C E

 TOTAL FORCE AND MOMENT AT THE ORIGIN, IN GLOBAL COORDINATES

 MODE       8 ------------------    

                  FX          FY          FZ          MX          MY          MZ
 APPLIED     .000000     .000000     .000000     .000000     .000000     .000000
 INERTIA -272.187103    8.00E-08     .000000   -0.000120 -700185.062  612420.982
 REACTNS  272.187103   -4.57E-07   -2.66E-14    0.000470  700185.063 -612420.984

   TOTAL    3.29E-07   -3.77E-07   -2.66E-14    0.000349    0.000657   -0.002214

 MODE       9 ------------------    

                  FX          FY          FZ          MX          MY          MZ
 APPLIED     .000000     .000000     .000000     .000000     .000000     .000000
 INERTIA   -6.91E-08   -2.67E-07     .000000    0.000705    6.09E-05 -1.2915E+06
 REACTNS    2.65E-06   -5.85E-07   -1.87E-14   -0.013072    0.003715  1.2915E+06

   TOTAL    2.58E-06   -8.51E-07   -1.87E-14   -0.012367    0.003776   -0.014093

 MODE      10 ------------------    

                  FX          FY          FZ          MX          MY          MZ
 APPLIED     .000000     .000000     .000000     .000000     .000000     .000000
 INERTIA    9.11E-08 -291.331937     .000000   35166.331    0.000475 -1.3110E+06
 REACTNS   -3.64E-06  291.331922    4.97E-14  -35166.328   -0.003579  1.3110E+06

   TOTAL   -3.55E-06   -1.53E-05    4.97E-14    0.003106   -0.003104   -0.055034

 MODE      11 ------------------    

                  FX          FY          FZ          MX          MY          MZ
 APPLIED     .000000     .000000     .000000     .000000     .000000     .000000
 INERTIA -278.113341    1.49E-07     .000000   -0.000840   72438.350  625755.019
 REACTNS  278.113345    8.42E-06    1.42E-14    0.000310  -72438.343 -625754.994

   TOTAL    4.10E-06    8.57E-06    1.42E-14   -0.000530    0.007182    0.024552

 MODE      12 ------------------    

                  FX          FY          FZ          MX          MY          MZ
 APPLIED     .000000     .000000     .000000     .000000     .000000     .000000
 INERTIA   -5.18E-07    5.43E-07     .000000   -0.003850   -0.000790 -1.3138E+06
 REACTNS    1.21E-05    3.14E-05   -2.13E-14    0.000631    0.006921  1.3138E+06

   TOTAL    1.16E-05    3.19E-05   -2.13E-14   -0.003219    0.006130    0.119283
