105.918 -7.55877e-016 3.03136e-015 -5
208.641 -7.01529e-015 -6.69078e-015 -10
308.192 1.61145e-016 2.64755e-016 -15
404.595 5.9143e-016 2.19699e-016 -20
497.873 5.26849e-016 1.86903e-016 -25
588.049 4.68425e-016 -8.13883e-017 -30
675.147 1.06665e-015 -3.97958e-016 -35
759.19 2.58414e-016 4.55886e-016 -40
840.203 -3.29098e-016 7.9167e-016 -45
918.21 -4.01567e-015 5.36823e-016 -50
993.234 -9.58348e-015 6.86741e-016 -55
1065.3 -2.04385e-014 6.92074e-016 -60
1134.43 -3.74213e-014 4.16974e-016 -65
1200.66 -6.04522e-014 1.10275e-015 -70
1264 -9.38002e-014 1.09145e-015 -75
1324.48 -1.35658e-013 9.70946e-016 -80
1382.14 -1.87589e-013 3.09124e-015 -85
1436.99 -2.41507e-013 1.46245e-015 -90
1489.06 -2.85378e-013 -1.72408e-016 -95
1538.38 -2.96023e-013 -1.14365e-015 -100
1584.98 -2.32552e-013 -1.13413e-015 -105
1628.89 -2.09813e-014 2.82651e-016 -110
1670.14 4.61854e-013 5.46513e-016 -115
1708.76 1.41516e-012 -8.38039e-016 -120
1744.78 3.16752e-012 1.61352e-016 -125
1778.23 6.2519e-012 8.47013e-016 -130
1809.15 1.15259e-011 -1.02838e-015 -135
1837.58 2.0399e-011 1.61165e-015 -140
1863.54 3.51884e-011 1.27345e-015 -145
1887.08 5.9756e-011 4.02398e-016 -150
1908.22 1.0067e-010 6.34655e-015 -155
1927.01 1.69022e-010 8.06005e-015 -160
1943.43 2.81787e-010 -2.48646e-013 -165
1957.34 4.33836e-010 -4.18685e-014 -170
1966.81 -7.42009e-010 -7.39612e-014 -175
1961.87 -6.44463e-008 -9.32649e-014 -180
1948.45 -4.24071e-007 8.05836e-015 -185
1932.98 -1.36975e-006 1.32947e-012 -190
1916.44 -3.54861e-006 -1.27787e-012 -195
1899.09 -9.41954e-006 -7.78942e-013 -200
1881.06 -4.5118e-005 -7.20595e-013 -205
1862.4 4.19789e-005 -6.38887e-013 -210
1843.16 1.92559e-005 -4.99876e-013 -215
1823.41 1.40689e-005 -4.34016e-013 -220
1803.16 1.16553e-005 -3.6014e-013 -225
1782.46 1.01278e-005 -3.69211e-013 -230
1761.34 8.94485e-006 -3.36519e-013 -235
1739.83 7.88885e-006 -3.55773e-013 -240
1717.97 6.85292e-006 -2.94322e-013 -245
1695.78 5.77636e-006 -2.92061e-013 -250
1673.3 4.62063e-006 -2.97658e-013 -255
1650.55 3.35899e-006 -2.96519e-013 -260
1627.55 1.97147e-006 -3.23273e-013 -265
1604.35 4.42326e-007 -3.10888e-013 -270
1580.95 -1.24145e-006 -3.35171e-013 -275
1557.39 -3.09096e-006 -3.42937e-013 -280
1533.7 -5.11589e-006 -3.64984e-013 -285
1509.89 -7.32486e-006 -3.61909e-013 -290
1485.99 -9.72561e-006 -4.27058e-013 -295
1462.03 -1.23252e-005 -3.74566e-013 -300
1438.01 -1.51299e-005 -3.99308e-013 -305
1413.97 -1.81455e-005 -3.48644e-013 -310
1389.92 -2.13774e-005 -3.95219e-013 -315
1365.89 -2.48302e-005 -3.64045e-013 -320
1341.89 -2.85084e-005 -4.61171e-013 -325
1317.93 -3.24157e-005 -4.05386e-013 -330
1294.05 -3.65556e-005 -4.49447e-013 -335
1270.24 -4.09311e-005 -3.86767e-013 -340
1246.54 -4.55448e-005 -3.98175e-013 -345
1222.95 -5.03992e-005 -3.89093e-013 -350
1199.49 -5.5496e-005 -3.79706e-013 -355
1176.17 -6.08371e-005 -4.16071e-013 -360
1153.01 -6.64238e-005 -4.11979e-013 -365
1130.02 -7.22573e-005 -3.97081e-013 -370
1107.21 -7.83388e-005 -4.13737e-013 -375
1084.6 -8.4669e-005 -3.79517e-013 -380
1062.2 -9.12491e-005 -3.74851e-013 -385
1040.01 -9.808e-005 -4.14866e-013 -390
1018.06 -0.000105163 -3.99084e-013 -395
996.349 -0.000112499 -4.18231e-013 -400
974.891 -0.000120092 -4.36939e-013 -405
953.696 -0.000127942 -4.71695e-013 -410
932.774 -0.000136054 -4.54022e-013 -415
912.137 -0.000144432 -4.73815e-013 -420
891.793 -0.000153083 -5.04653e-013 -425
871.752 -0.000162014 -4.86246e-013 -430
852.025 -0.000171235 -5.21652e-013 -435
832.621 -0.00018076 -5.03746e-013 -440
813.549 -0.000190605 -5.1184e-013 -445
794.819 -0.000200791 -4.82958e-013 -450
776.441 -0.000211344 -5.23414e-013 -455
758.422 -0.000222297 -5.43538e-013 -460
740.774 -0.000233692 -5.93028e-013 -465
723.506 -0.00024558 -5.40043e-013 -470
706.626 -0.000258027 -4.65527e-013 -475
690.144 -0.000271115 -7.10008e-013 -480
674.07 -0.000284948 -5.71989e-013 -485
658.414 -0.000299657 -5.43665e-013 -490
643.184 -0.000315412 -5.27516e-013 -495
628.391 -0.000332428 -5.73846e-013 -500
614.045 -0.00035099 -6.04503e-013 -505
600.155 -0.000371471 -6.03819e-013 -510
586.733 -0.00039437 -6.05107e-013 -515
573.787 -0.000420372 -6.45631e-013 -520
561.328 -0.000450428 -5.40259e-013 -525
549.368 -0.000485907 -5.17152e-013 -530
537.916 -0.000528838 -4.78195e-013 -535
526.984 -0.000582358 -5.43776e-013 -540
516.582 -0.000651583 -5.75327e-013 -545
506.721 -0.000745444 -5.69523e-013 -550
497.414 -0.000881054 -5.22171e-013 -555
488.67 -0.00109584 -5.55881e-013 -560
480.502 -0.00149037 -5.41074e-013 -565
472.92 -0.00245875 -5.42664e-013 -570
465.936 -0.00865459 -5.80762e-013 -575
459.559 0.00482227 -5.4893e-013 -580
453.8 0.00175962 -5.5283e-013 -585
448.667 0.00102613 -4.95521e-013 -590
444.167 0.000696479 -5.33953e-013 -595
440.304 0.000508702 -4.99752e-013 -600
437.076 0.000386881 -4.93588e-013 -605
434.473 0.000300691 -5.40354e-013 -610
432.47 0.000235423 -5.24778e-013 -615
431.015 0.000182759 -4.39235e-013 -620
429.994 0.000137163 -5.62959e-013 -625
429.149 9.40287e-005 -5.81726e-013 -630
427.892 4.91984e-005 -5.72266e-013 -635
425.859 7.94639e-006 -5.64183e-013 -640
425.354 -1.3427e-005 -5.30772e-013 -645
427.251 -2.2893e-005 -6.19413e-013 -650
431.021 -2.83653e-005 -4.70463e-013 -655
436.35 -3.24742e-005 -5.1309e-013 -660
443.094 -3.62032e-005 -4.41746e-013 -665
451.184 -4.00087e-005 -4.93546e-013 -670
460.588 -4.41415e-005 -4.38067e-013 -675
471.297 -4.87533e-005 -4.25383e-013 -680
483.314 -5.39382e-005 -3.97614e-013 -685
496.648 -5.97499e-005 -4.5417e-013 -690
511.316 -6.62103e-005 -4.16802e-013 -695
527.336 -7.33147e-005 -4.65997e-013 -700
544.731 -8.10359e-005 -4.06958e-013 -705
563.522 -8.93267e-005 -4.91208e-013 -710
583.737 -9.81237e-005 -4.39621e-013 -715
605.401 -0.00010735 -3.77069e-013 -720
628.54 -0.000116918 -2.5634e-013 -725
653.182 -0.000126735 -4.40461e-013 -730
679.356 -0.000136701 -4.00233e-013 -735
707.088 -0.000146719 -3.83621e-013 -740
736.408 -0.000156692 -3.65437e-013 -745
767.343 -0.000166525 -2.41906e-013 -750
799.923 -0.000176133 -5.0066e-013 -755
834.175 -0.000185436 -4.24456e-013 -760
870.128 -0.000194361 -7.87294e-013 -765
907.81 -0.000202846 -6.01974e-013 -770
947.248 -0.000210834 -3.35892e-013 -775
988.472 -0.000218279 -1.54679e-013 -780
1031.51 -0.000225138 -1.07879e-013 -785
1076.39 -0.000231377 1.1808e-013 -790
1123.13 -0.000236962 -2.07447e-013 -795
1171.77 -0.000241864 -2.82394e-013 -800
1222.34 -0.000246052 1.65184e-012 -805
1274.85 -0.000249494 5.37697e-012 -810
1329.34 -0.000252154 -3.4628e-011 -815
1385.83 -0.000253989 -3.50833e-012 -820
1444.36 -0.000254944 2.63089e-013 -825
1504.94 -0.000254957 1.17224e-013 -830
1567.6 -0.000253945 7.80674e-013 -835
1632.37 -0.000251813 4.68933e-013 -840
1699.28 -0.000248442 5.86631e-013 -845
1768.34 -0.000243695 4.51858e-013 -850
1839.58 -0.000237418 4.48464e-013 -855
1913.04 -0.000229451 3.60486e-013 -860
1988.72 -0.000219647 4.05815e-013 -865
2066.66 -0.000207915 2.23393e-013 -870
2146.88 -0.000194285 1.5303e-013 -875
2229.39 -0.000179007 2.07077e-013 -880
2314.22 -0.000162666 1.62357e-013 -885
2401.39 -0.000146264 1.41635e-013 -890
2490.92 -0.000131201 6.82769e-014 -895
2582.84 -0.000119054 6.90381e-014 -900
2677.16 -0.000111211 4.54701e-014 -905
2773.92 -0.000108498 4.64647e-014 -910
2873.16 -0.00011103 7.00713e-015 -915
2974.89 -0.000118321 6.95221e-014 -920
3079.16 -0.000129551 -2.73228e-015 -925
3185.99 -0.00014382 9.5677e-016 -930
3295.42 -0.000160312 -1.12699e-013 -935
3407.48 -0.000178364 -4.61149e-014 -940
3522.2 -0.000197474 -1.34064e-013 -945
3639.6 -0.000217276 -7.12155e-014 -950
3759.71 -0.000237513 1.8351e-010 -955
3882.57 -0.000258008 -3.13878e-010 -960
4008.2 -0.000278641 -4.1198e-012 -965
4136.63 -0.000299332 -6.45715e-014 -970
4267.88 -0.000320031 -4.29757e-014 -975
4401.98 -0.000340703 -4.90148e-014 -980
4538.97 -0.000361331 -5.96213e-014 -985
4678.86 -0.000381904 -3.66314e-014 -990
4821.68 -0.000402416 -3.34041e-014 -995
4967.45 -0.000422869 -4.00028e-014 -1000
