0.02 -0.00100507
0.04 -0.00331252
0.06 -0.00394549
0.08 0.000113242
0.1 0.00968745
0.12 0.0225536
0.14 0.0336499
0.16 0.0398002
0.18 0.0396668
0.2 0.0329345
0.22 0.0233945
0.24 0.0160808
0.26 0.010757
0.28 0.00285484
0.3 -0.00884023
0.32 -0.0210832
0.34 -0.0306933
0.36 -0.0350386
0.38 -0.0318098
0.4 -0.0225016
0.42 -0.0126071
0.44 -0.00569206
0.46 -0.000488844
0.48 0.00647784
0.5 0.0160887
0.52 0.0264328
0.54 0.035499
0.56 0.0403997
0.58 0.0395035
0.6 0.0361848
0.62 0.0345732
0.64 0.0322166
0.66 0.0248931
0.68 0.0138427
0.7 0.00116253
0.72 -0.0118284
0.74 -0.0192736
0.76 -0.0155734
0.78 -0.00447001
0.8 0.00680117
0.82 0.01308
0.84 0.00914751
0.86 -0.00708262
0.88 -0.0327599
0.9 -0.0613886
0.92 -0.0863316
0.94 -0.102692
0.96 -0.103515
0.98 -0.0832227
1 -0.0414762
1.02 0.0174405
1.04 0.0839286
1.06 0.14707
1.08 0.19884
1.1 0.237183
1.12 0.262318
1.14 0.271712
1.16 0.263119
1.18 0.232826
1.2 0.176888
1.22 0.0974257
1.24 0.00442374
1.26 -0.0907507
1.28 -0.188573
1.3 -0.294801
1.32 -0.401901
1.34 -0.492577
1.36 -0.549017
1.38 -0.549692
1.4 -0.476071
1.42 -0.330809
1.44 -0.136305
1.46 0.0825817
1.48 0.300598
1.5 0.490081
1.52 0.630814
1.54 0.711283
1.56 0.719071
1.58 0.641254
1.6 0.47484
1.62 0.234583
1.64 -0.0489607
1.66 -0.339508
1.68 -0.599808
1.7 -0.795487
1.72 -0.906303
1.74 -0.924014
1.76 -0.839831
1.78 -0.648904
1.8 -0.361472
1.82 -0.00779617
1.84 0.361371
1.86 0.686295
1.88 0.919079
1.9 1.03692
1.92 1.03587
1.94 0.921646
1.96 0.707984
1.98 0.409914
2 0.0428173
2.02 -0.362255
2.04 -0.754134
2.06 -1.08154
2.08 -1.31014
2.1 -1.42425
2.12 -1.42507
2.14 -1.3296
2.16 -1.16853
2.18 -0.978491
2.2 -0.783819
2.22 -0.587145
2.24 -0.388436
2.26 -0.194064
2.28 -0.000723184
2.3 0.200509
2.32 0.411524
2.34 0.635613
2.36 0.869732
2.38 1.06904
2.4 1.14253
2.42 1.00209
2.44 0.612407
2.46 0.00261299
2.48 -0.739801
2.5 -1.47595
2.52 -2.05254
2.54 -2.36301
2.56 -2.36833
2.58 -2.07097
2.6 -1.49846
2.62 -0.707918
2.64 0.221075
2.66 1.20224
2.68 2.14721
2.7 2.96946
2.72 3.59727
2.74 3.98544
2.76 4.1091
2.78 3.94425
2.8 3.45887
2.82 2.62947
2.84 1.48117
2.86 0.117733
2.88 -1.28409
2.9 -2.50773
2.92 -3.35133
2.94 -3.68561
2.96 -3.48017
2.98 -2.79084
3 -1.72767
3.02 -0.420413
3.04 0.999731
3.06 2.39299
3.08 3.60724
3.1 4.4977
3.12 4.9527
3.14 4.91068
3.16 4.36672
3.18 3.37057
3.2 2.01631
3.22 0.422445
3.24 -1.28201
3.26 -2.95225
3.28 -4.42837
3.3 -5.56091
3.32 -6.23689
3.34 -6.38551
3.36 -5.97749
3.38 -5.03657
3.4 -3.65084
3.42 -1.96235
3.44 -0.146492
3.46 1.60052
3.48 3.08298
3.5 4.14691
3.52 4.70748
3.54 4.73758
3.56 4.24764
3.58 3.28468
3.6 1.94036
3.62 0.351366
3.64 -1.31241
3.66 -2.86937
3.68 -4.14637
3.7 -4.98994
3.72 -5.28262
3.74 -4.96326
3.76 -4.03605
3.78 -2.58551
3.8 -0.795998
3.82 1.06785
3.84 2.72948
3.86 3.98607
3.88 4.75561
3.9 5.05312
3.92 4.93851
3.94 4.47696
3.96 3.71101
3.98 2.66156
4 1.38113
4.02 0.00265031
4.04 -1.29165
4.06 -2.33858
4.08 -3.02492
4.1 -3.29466
4.12 -3.15222
4.14 -2.63766
4.16 -1.79597
4.18 -0.690287
4.2 0.561738
4.22 1.77982
4.24 2.75517
4.26 3.30899
4.28 3.34464
4.3 2.86662
4.32 1.95892
4.34 0.744398
4.36 -0.647129
4.38 -2.09224
4.4 -3.47179
4.42 -4.66149
4.44 -5.52922
4.46 -5.94813
4.48 -5.81885
4.5 -5.0947
4.52 -3.80848
4.54 -2.08122
4.56 -0.100644
4.58 1.91342
4.6 3.74457
4.62 5.21557
4.64 6.20739
4.66 6.64821
4.68 6.49283
4.7 5.72053
4.72 4.35649
4.74 2.50406
4.76 0.356047
4.78 -1.8387
4.8 -3.83159
4.82 -5.42595
4.84 -6.50415
4.86 -7.009
4.88 -6.90336
4.9 -6.16259
4.92 -4.80693
4.94 -2.93927
4.96 -0.757387
4.98 1.47578
5 3.49212
5.02 5.07896
5.04 6.11304
5.06 6.55432
5.08 6.41838
5.1 5.7578
5.12 4.65979
5.14 3.2549
5.16 1.71987
5.18 0.251632
5.2 -0.977024
5.22 -1.84632
5.24 -2.29477
5.26 -2.31269
5.28 -1.92933
5.3 -1.19965
5.32 -0.200756
5.34 0.96374
5.36 2.1659
5.38 3.2679
5.4 4.13649
5.42 4.65245
5.44 4.72415
5.46 4.30789
5.48 3.42683
5.5 2.1779
5.52 0.718043
5.54 -0.767963
5.56 -2.1075
5.58 -3.17273
5.6 -3.89134
5.62 -4.23531
5.64 -4.207
5.66 -3.83801
5.68 -3.19525
5.7 -2.38087
5.72 -1.51962
5.74 -0.737004
5.76 -0.135426
5.78 0.221593
5.8 0.309153
5.82 0.133396
5.84 -0.270728
5.86 -0.84484
5.88 -1.51867
5.9 -2.21812
5.92 -2.87243
5.94 -3.41981
5.96 -3.80921
5.98 -4.00208
6 -3.97201
6.02 -3.70326
6.04 -3.19874
6.06 -2.49461
6.08 -1.65897
6.1 -0.773437
6.12 0.082112
6.14 0.835316
6.16 1.42314
6.18 1.79432
6.2 1.91477
6.22 1.77516
6.24 1.39926
6.26 0.849409
6.28 0.220712
6.3 -0.378913
6.32 -0.854027
6.34 -1.13964
6.36 -1.20469
6.38 -1.04697
6.4 -0.688996
6.42 -0.173221
6.44 0.445515
6.46 1.10764
6.48 1.75431
6.5 2.33031
6.52 2.78616
6.54 3.08073
6.56 3.18505
6.58 3.08817
6.6 2.80107
6.62 2.35429
6.64 1.79138
6.66 1.1619
6.68 0.514821
6.7 -0.102795
6.72 -0.644101
6.74 -1.06472
6.76 -1.32627
6.78 -1.40104
6.8 -1.2812
6.82 -0.984435
6.84 -0.549444
6.86 -0.027089
6.88 0.527561
6.9 1.06225
6.92 1.53144
6.94 1.89541
6.96 2.11748
6.98 2.16331
7 2.0071
7.02 1.64563
7.04 1.11145
7.06 0.471259
7.08 -0.193416
7.1 -0.808078
7.12 -1.31686
7.14 -1.6843
7.16 -1.88844
7.18 -1.91569
7.2 -1.76626
7.22 -1.45512
7.24 -1.00651
7.26 -0.452966
7.28 0.164444
7.3 0.798165
7.32 1.39555
7.34 1.90002
7.36 2.25835
7.38 2.43568
7.4 2.4272
7.42 2.25587
7.44 1.95711
7.46 1.56067
7.48 1.0826
7.5 0.533044
7.52 -0.0682973
7.54 -0.685672
7.56 -1.27311
7.58 -1.7809
7.6 -2.15921
7.62 -2.36604
7.64 -2.37542
7.66 -2.17816
7.68 -1.78117
7.7 -1.21322
7.72 -0.531356
7.74 0.185442
7.76 0.853762
7.78 1.40021
7.8 1.76723
7.82 1.91572
7.84 1.82877
7.86 1.51383
7.88 0.99865
7.9 0.3219
7.92 -0.471104
7.94 -1.32737
7.96 -2.18938
7.98 -2.99518
8 -3.67133
8.02 -4.13494
8.04 -4.31065
8.06 -4.15128
8.08 -3.65173
8.1 -2.85186
8.12 -1.82906
8.14 -0.685267
8.16 0.466713
8.18 1.51625
8.2 2.3659
8.22 2.93918
8.24 3.18913
8.26 3.10321
8.28 2.70246
8.3 2.03904
8.32 1.18959
8.34 0.245563
8.36 -0.694615
8.38 -1.53351
8.4 -2.18608
8.42 -2.59029
8.44 -2.71187
8.46 -2.54387
8.48 -2.10361
8.5 -1.43025
8.52 -0.583832
8.54 0.357932
8.56 1.3061
8.58 2.17181
8.6 2.88091
8.62 3.38365
8.64 3.65858
8.66 3.71009
8.68 3.55845
8.7 3.23105
8.72 2.76112
8.74 2.18922
8.76 1.56319
8.78 0.936346
8.8 0.362405
8.82 -0.114384
8.84 -0.468385
8.86 -0.695491
8.88 -0.808368
8.9 -0.826636
8.92 -0.768348
8.94 -0.645038
8.96 -0.464212
8.98 -0.239774
9 0.00300801
9.02 0.231231
9.04 0.41213
9.06 0.52348
9.08 0.55863
9.1 0.522646
9.12 0.42631
9.14 0.283302
9.16 0.107605
9.18 -0.0885125
9.2 -0.292942
9.22 -0.491703
9.24 -0.668317
9.26 -0.806
9.28 -0.892656
9.3 -0.923037
9.32 -0.897192
9.34 -0.819015
9.36 -0.695778
9.38 -0.538835
9.4 -0.364545
9.42 -0.195635
9.44 -0.060807
9.46 0.0134864
9.48 0.0154695
9.5 -0.0478393
9.52 -0.158162
9.54 -0.297191
9.56 -0.452806
9.58 -0.615991
9.6 -0.774291
9.62 -0.909014
9.64 -0.995673
9.66 -1.00831
9.68 -0.930226
9.7 -0.764923
9.72 -0.534561
9.74 -0.266324
9.76 0.0167202
9.78 0.293558
9.8 0.542577
9.82 0.744073
9.84 0.883847
9.86 0.954287
9.88 0.953456
9.9 0.885493
9.92 0.762551
9.94 0.60253
9.96 0.420099
9.98 0.2214
10 0.00914412
10.02 -0.211554
10.04 -0.432341
10.06 -0.641739
10.08 -0.824153
10.1 -0.961741
10.12 -1.04153
10.14 -1.0609
10.16 -1.02648
10.18 -0.947947
10.2 -0.831388
10.22 -0.678012
10.24 -0.487833
10.26 -0.266845
10.28 -0.0311997
10.3 0.19679
10.32 0.393382
10.34 0.535287
10.36 0.603583
10.38 0.588819
10.4 0.490969
10.42 0.315081
10.44 0.0713495
10.46 -0.221273
10.48 -0.536931
10.5 -0.849882
10.52 -1.13832
10.54 -1.38178
10.56 -1.55734
10.58 -1.63937
10.6 -1.60381
10.62 -1.43544
10.64 -1.13481
10.66 -0.722135
10.68 -0.236176
10.7 0.273295
10.72 0.755449
10.74 1.16507
10.76 1.46598
10.78 1.63438
10.8 1.66018
10.82 1.54552
10.84 1.30565
10.86 0.970861
10.88 0.58346
10.9 0.191244
10.92 -0.157457
10.94 -0.417779
10.96 -0.556626
10.98 -0.561576
11 -0.441457
11.02 -0.219777
11.04 0.0713651
11.06 0.395012
11.08 0.713002
11.1 0.989943
11.12 1.19603
11.14 1.30751
11.16 1.30771
11.18 1.19093
11.2 0.965743
11.22 0.653538
11.24 0.285089
11.26 -0.101943
11.28 -0.465913
11.3 -0.765496
11.32 -0.964389
11.34 -1.03602
11.36 -0.96874
11.38 -0.769107
11.4 -0.459895
11.42 -0.0739909
11.44 0.351181
11.46 0.777686
11.48 1.17123
11.5 1.50354
11.52 1.75147
11.54 1.89598
11.56 1.92277
11.58 1.82338
11.6 1.59722
11.62 1.25431
11.64 0.81565
11.66 0.31355
11.68 -0.207988
11.7 -0.697958
11.72 -1.10769
11.74 -1.39845
11.76 -1.54455
11.78 -1.53619
11.8 -1.38208
11.82 -1.10733
11.84 -0.746666
11.86 -0.338965
11.88 0.0739477
11.9 0.449269
11.92 0.748718
11.94 0.943481
11.96 1.01606
11.98 0.960412
12 0.782318
12.02 0.499146
12.04 0.137547
12.06 -0.269153
12.08 -0.682581
12.1 -1.06186
12.12 -1.36929
12.14 -1.57793
12.16 -1.67685
12.18 -1.671
12.2 -1.57626
12.22 -1.41346
12.24 -1.20354
12.26 -0.962876
12.28 -0.701575
12.3 -0.427318
12.32 -0.150775
12.34 0.112595
12.36 0.343932
12.38 0.523124
12.4 0.631639
12.42 0.657736
12.44 0.602139
12.46 0.478339
12.48 0.30689
12.5 0.109651
12.52 -0.0923754
12.54 -0.27945
12.56 -0.433566
12.58 -0.538295
12.6 -0.578659
12.62 -0.543086
12.64 -0.426293
12.66 -0.230624
12.68 0.0344741
12.7 0.355423
12.72 0.719043
12.74 1.11365
12.76 1.5225
12.78 1.91447
12.8 2.24214
12.82 2.44939
12.84 2.48375
12.86 2.31074
12.88 1.92655
12.9 1.3624
12.92 0.676856
12.94 -0.0586344
12.96 -0.770046
12.98 -1.38627
13 -1.84545
13.02 -2.10227
13.04 -2.13358
13.06 -1.94179
13.08 -1.55534
13.1 -1.02514
13.12 -0.41674
13.14 0.200498
13.16 0.762404
13.18 1.214
13.2 1.51172
13.22 1.62615
13.24 1.54437
13.26 1.27156
13.28 0.83187
13.3 0.266578
13.32 -0.371405
13.34 -1.02565
13.36 -1.64411
13.38 -2.18536
13.4 -2.62349
13.42 -2.94379
13.44 -3.13095
13.46 -3.16697
13.48 -3.03813
13.5 -2.7398
13.52 -2.28207
13.54 -1.69568
13.56 -1.02845
13.58 -0.334114
13.6 0.335198
13.62 0.929623
13.64 1.40231
13.66 1.71396
13.68 1.83943
13.7 1.7738
13.72 1.53599
13.74 1.16568
13.76 0.713197
13.78 0.229372
13.8 -0.238676
13.82 -0.647134
13.84 -0.955243
13.86 -1.12893
13.88 -1.14701
13.9 -1.00556
13.92 -0.719613
13.94 -0.321358
13.96 0.146466
13.98 0.638651
14 1.1122
14.02 1.52743
14.04 1.84951
14.06 2.05228
14.08 2.12126
14.1 2.05488
14.12 1.86361
14.14 1.56736
14.16 1.19279
14.18 0.770368
14.2 0.332579
14.22 -0.0868069
14.24 -0.454063
14.26 -0.738162
14.28 -0.91535
14.3 -0.972474
14.32 -0.909033
14.34 -0.739223
14.36 -0.489732
14.38 -0.193644
14.4 0.114202
14.42 0.400116
14.44 0.634861
14.46 0.796283
14.48 0.870391
14.5 0.85106
14.52 0.739905
14.54 0.547478
14.56 0.2932
14.58 0.00278634
14.6 -0.294524
14.62 -0.568612
14.64 -0.792184
14.66 -0.944415
14.68 -1.01277
14.7 -0.993085
14.72 -0.889588
14.74 -0.715175
14.76 -0.490724
14.78 -0.242864
14.8 -0.000340804
14.82 0.209785
14.84 0.365198
14.86 0.451032
14.88 0.462797
14.9 0.407681
14.92 0.301572
14.94 0.164159
14.96 0.0157912
14.98 -0.124607
15 -0.241683
15.02 -0.323442
15.04 -0.359571
15.06 -0.342374
15.08 -0.269173
15.1 -0.143671
15.12 0.0249742
15.14 0.225018
15.16 0.445252
15.18 0.676078
15.2 0.906269
15.22 1.11765
15.24 1.283
15.26 1.37193
15.28 1.36266
15.3 1.24963
15.32 1.04245
15.34 0.761438
15.36 0.433142
15.38 0.0858209
15.4 -0.253197
15.42 -0.556561
15.44 -0.796155
15.46 -0.947073
15.48 -0.994572
15.5 -0.938002
15.52 -0.78919
15.54 -0.568704
15.56 -0.302791
15.58 -0.0203243
15.6 0.249697
15.62 0.479766
15.64 0.645884
15.66 0.729859
15.68 0.721289
15.7 0.618853
15.72 0.430255
15.74 0.171402
15.76 -0.134193
15.78 -0.456851
15.8 -0.76424
15.82 -1.02573
15.84 -1.21624
15.86 -1.31915
15.88 -1.32663
15.9 -1.23648
15.92 -1.05074
15.94 -0.779372
15.96 -0.443848
15.98 -0.07568
16 0.287929
16.02 0.608404
16.04 0.850676
16.06 0.989144
16.08 1.01154
16.1 0.918469
16.12 0.722087
16.14 0.446684
16.16 0.128358
16.18 -0.189868
16.2 -0.466431
16.22 -0.668575
16.24 -0.775997
16.26 -0.781662
16.28 -0.690729
16.3 -0.517903
16.32 -0.284768
16.34 -0.0176699
16.36 0.254265
16.38 0.501703
16.4 0.699555
16.42 0.831343
16.44 0.890061
16.46 0.876206
16.48 0.795887
16.5 0.659985
16.52 0.483037
16.54 0.282025
16.56 0.0757453
16.58 -0.116919
16.6 -0.279559
16.62 -0.400027
16.64 -0.471122
16.66 -0.490059
16.68 -0.458182
16.7 -0.381543
16.72 -0.270759
16.74 -0.140161
16.76 -0.00662951
16.78 0.112654
16.8 0.203058
16.82 0.254182
16.84 0.259874
16.86 0.218251
16.88 0.13283
16.9 0.0128866
16.92 -0.128109
16.94 -0.274216
16.96 -0.408718
16.98 -0.516788
17 -0.587704
17.02 -0.615485
17.04 -0.598757
17.06 -0.540724
17.08 -0.449272
17.1 -0.336151
17.12 -0.215334
17.14 -0.10111
17.16 -0.00544872
17.18 0.0638994
17.2 0.103548
17.22 0.114341
17.24 0.101103
17.26 0.0705343
17.28 0.0280065
17.3 -0.0229463
17.32 -0.078561
17.34 -0.134615
17.36 -0.187745
17.38 -0.234752
17.4 -0.271623
17.42 -0.294778
17.44 -0.301908
17.46 -0.291207
17.48 -0.2619
17.5 -0.215731
17.52 -0.156722
17.54 -0.0902991
17.56 -0.0229857
17.58 0.0385981
17.6 0.0889614
17.62 0.124116
17.64 0.141852
17.66 0.14212
17.68 0.127109
17.7 0.100941
17.72 0.0686559
17.74 0.0352919
17.76 0.00586931
17.78 -0.0149541
17.8 -0.024042
17.82 -0.020568
17.84 -0.00580489
17.86 0.0176463
17.88 0.0462978
17.9 0.0762065
17.92 0.104415
17.94 0.129815
17.96 0.151646
17.98 0.168064
18 0.177469
18.02 0.179879
18.04 0.176084
18.06 0.166915
18.08 0.153716
18.1 0.13827
18.12 0.121909
18.14 0.105289
18.16 0.0892345
18.18 0.0756817
18.2 0.0675448
18.22 0.0676997
18.24 0.0778492
18.26 0.0979777
18.28 0.126943
18.3 0.163221
18.32 0.204566
18.34 0.24764
18.36 0.289202
18.38 0.326713
18.4 0.356601
18.42 0.373325
18.44 0.370737
18.46 0.343274
18.48 0.286953
18.5 0.201894
18.52 0.0944255
18.54 -0.023697
18.56 -0.137649
18.58 -0.232374
18.6 -0.295933
18.62 -0.321926
18.64 -0.309821
18.66 -0.263667
18.68 -0.190376
18.7 -0.0984883
18.72 0.00241147
18.74 0.102208
18.76 0.19101
18.78 0.259567
18.8 0.299648
18.82 0.305416
18.84 0.27485
18.86 0.209955
18.88 0.116376
18.9 0.00325
18.92 -0.117267
18.94 -0.231842
18.96 -0.328214
18.98 -0.396508
19 -0.429861
19.02 -0.424944
19.04 -0.382536
19.06 -0.307538
19.08 -0.208525
19.1 -0.0975055
19.12 0.0109131
19.14 0.101409
19.16 0.16061
19.18 0.179763
19.2 0.155988
19.22 0.092518
19.24 -0.00108021
19.26 -0.110045
19.28 -0.217919
19.3 -0.309818
19.32 -0.373331
19.34 -0.398885
19.36 -0.381139
19.38 -0.320497
19.4 -0.223216
19.42 -0.100324
19.44 0.0337425
19.46 0.163374
19.48 0.274705
19.5 0.357676
19.52 0.406316
19.54 0.417827
19.56 0.391859
19.58 0.330711
19.6 0.239978
19.62 0.128891
19.64 0.00991318
19.66 -0.102802
19.68 -0.195603
19.7 -0.257009
19.72 -0.278563
19.74 -0.255584
19.76 -0.187566
19.78 -0.0780692
19.8 0.0647206
19.82 0.226719
19.84 0.388394
19.86 0.528746
19.88 0.630586
19.9 0.683418
19.92 0.683715
19.94 0.633899
19.96 0.539885
19.98 0.408587
20 0.247951
