0.02 0.00304435
0.04 0.0115594
0.06 0.0210776
0.08 0.0289382
0.1 0.0375889
0.12 0.0480317
0.14 0.0586377
0.16 0.0656594
0.18 0.0648967
0.2 0.0552054
0.22 0.0417832
0.24 0.0328466
0.26 0.0303327
0.28 0.0284595
0.3 0.0241959
0.32 0.0224255
0.34 0.0274723
0.36 0.0366953
0.38 0.0445222
0.4 0.0479712
0.42 0.0468918
0.44 0.043732
0.46 0.0395844
0.48 0.0310058
0.5 0.0148238
0.52 -0.00183799
0.54 -0.00605583
0.56 -0.000398023
0.58 0.00577263
0.6 0.014043
0.62 0.0315208
0.64 0.0632413
0.66 0.102681
0.68 0.136144
0.7 0.154018
0.72 0.150876
0.74 0.128826
0.76 0.0914052
0.78 0.0343725
0.8 -0.0435808
0.82 -0.127049
0.84 -0.195803
0.86 -0.244522
0.88 -0.273924
0.9 -0.277267
0.92 -0.24996
0.94 -0.196561
0.96 -0.12573
0.98 -0.0536403
1 -4.95349e-005
1.02 0.0249455
1.04 0.0198048
1.06 -0.0153686
1.08 -0.0789846
1.1 -0.164521
1.12 -0.254204
1.14 -0.325387
1.16 -0.355873
1.18 -0.311604
1.2 -0.17715
1.22 0.0104306
1.24 0.204554
1.26 0.379888
1.28 0.510663
1.3 0.569041
1.32 0.529759
1.34 0.369136
1.36 0.0877242
1.38 -0.268273
1.4 -0.618773
1.42 -0.897794
1.44 -1.07675
1.46 -1.13288
1.48 -1.04636
1.5 -0.830418
1.52 -0.528819
1.54 -0.191093
1.56 0.128218
1.58 0.363817
1.6 0.464993
1.62 0.442827
1.64 0.384381
1.66 0.347666
1.68 0.305371
1.7 0.257215
1.72 0.251902
1.74 0.324486
1.76 0.495954
1.78 0.730494
1.8 0.914421
1.82 0.952446
1.84 0.854105
1.86 0.704997
1.88 0.549423
1.9 0.347901
1.92 0.0727589
1.94 -0.233576
1.96 -0.507685
1.98 -0.702466
2 -0.798184
2.02 -0.831569
2.04 -0.872527
2.06 -0.937761
2.08 -0.976621
2.1 -0.957778
2.12 -0.917487
2.14 -0.895216
2.16 -0.879625
2.18 -0.757842
2.2 -0.409135
2.22 0.0612432
2.24 0.501903
2.26 0.889542
2.28 1.19386
2.3 1.39986
2.32 1.47081
2.34 1.27137
2.36 0.706394
2.38 -0.126131
2.4 -0.980661
2.42 -1.61274
2.44 -1.83856
2.46 -1.66977
2.48 -1.2496
2.5 -0.594859
2.52 0.268335
2.54 1.19967
2.56 2.03405
2.58 2.56476
2.6 2.57181
2.62 2.02533
2.64 1.18387
2.66 0.344713
2.68 -0.369626
2.7 -0.952785
2.72 -1.36125
2.74 -1.5012
2.76 -1.33786
2.78 -0.901654
2.8 -0.268685
2.82 0.38084
2.84 0.862674
2.86 1.1731
2.88 1.38392
2.9 1.46384
2.92 1.33604
2.94 0.974785
2.96 0.416632
2.98 -0.244242
3 -0.877475
3.02 -1.34215
3.04 -1.54678
3.06 -1.50832
3.08 -1.24559
3.1 -0.731433
3.12 -0.0318111
3.14 0.67624
3.16 1.20507
3.18 1.40692
3.2 1.24544
3.22 0.809009
3.24 0.203229
3.26 -0.462049
3.28 -1.08587
3.3 -1.57909
3.32 -1.82147
3.34 -1.67345
3.36 -1.12024
3.38 -0.411955
3.4 0.229684
3.42 0.776225
3.44 1.19453
3.46 1.49943
3.48 1.71562
3.5 1.67917
3.52 1.25865
3.54 0.581552
3.56 -0.0937096
3.58 -0.579135
3.6 -0.893241
3.62 -1.11548
3.64 -1.21291
3.66 -1.10506
3.68 -0.717657
3.7 -0.0679772
3.72 0.632131
3.74 1.10525
3.76 1.24828
3.78 1.14864
3.8 0.900585
3.82 0.524656
3.84 0.0234618
3.86 -0.558969
3.88 -1.09069
3.9 -1.38988
3.92 -1.36392
3.94 -1.09664
3.96 -0.775567
3.98 -0.484801
4 -0.158533
4.02 0.211182
4.04 0.529736
4.06 0.724085
4.08 0.766074
4.1 0.664758
4.12 0.48115
4.14 0.264698
4.16 -0.0165818
4.18 -0.398749
4.2 -0.819779
4.22 -1.15646
4.24 -1.33196
4.26 -1.33885
4.28 -1.18865
4.3 -0.91607
4.32 -0.590858
4.34 -0.248087
4.36 0.156825
4.38 0.56813
4.4 0.783955
4.42 0.768724
4.44 0.673276
4.46 0.613402
4.48 0.627741
4.5 0.665323
4.52 0.617925
4.54 0.457859
4.56 0.28209
4.58 0.201167
4.6 0.183181
4.62 0.0620002
4.64 -0.233549
4.66 -0.579544
4.68 -0.767963
4.7 -0.702506
4.72 -0.514239
4.74 -0.365641
4.76 -0.295244
4.78 -0.25079
4.8 -0.139463
4.82 0.0103704
4.84 0.0444855
4.86 -0.0485197
4.88 -0.160724
4.9 -0.221675
4.92 -0.146438
4.94 0.0367312
4.96 0.232718
4.98 0.47963
5 0.767889
5.02 0.983894
5.04 1.06968
5.06 1.01144
5.08 0.834591
5.1 0.58617
5.12 0.282482
5.14 -0.0246672
5.16 -0.25765
5.18 -0.391369
5.2 -0.401907
5.22 -0.269272
5.24 -0.0431232
5.26 0.199237
5.28 0.433779
5.3 0.673968
5.32 0.843942
5.34 0.861965
5.36 0.755459
5.38 0.546142
5.4 0.257541
5.42 -0.0522667
5.44 -0.358075
5.46 -0.647085
5.48 -0.875572
5.5 -0.967122
5.52 -0.867199
5.54 -0.624719
5.56 -0.335381
5.58 -0.0380348
5.6 0.240286
5.62 0.421572
5.64 0.431327
5.66 0.268179
5.68 -0.0122341
5.7 -0.342697
5.72 -0.651602
5.74 -0.869826
5.76 -0.948637
5.78 -0.855887
5.8 -0.577981
5.82 -0.162831
5.84 0.269892
5.86 0.606048
5.88 0.803359
5.9 0.866555
5.92 0.796886
5.94 0.590985
5.96 0.266393
5.98 -0.12756
6 -0.501428
6.02 -0.749801
6.04 -0.824324
6.06 -0.763961
6.08 -0.630905
6.1 -0.430885
6.12 -0.131593
6.14 0.248692
6.16 0.607969
6.18 0.827697
6.2 0.842228
6.22 0.664703
6.24 0.383316
6.26 0.0794997
6.28 -0.241528
6.3 -0.583614
6.32 -0.872429
6.34 -0.98183
6.36 -0.837038
6.38 -0.484344
6.4 -0.0536277
6.42 0.329646
6.44 0.598049
6.46 0.755979
6.48 0.830883
6.5 0.795308
6.52 0.589978
6.54 0.236354
6.56 -0.140036
6.58 -0.415177
6.6 -0.546868
6.62 -0.572337
6.64 -0.541079
6.66 -0.459608
6.68 -0.309296
6.7 -0.0720666
6.72 0.219637
6.74 0.465363
6.76 0.588839
6.78 0.597058
6.8 0.525772
6.82 0.380365
6.84 0.142155
6.86 -0.187076
6.88 -0.536458
6.9 -0.790478
6.92 -0.876404
6.94 -0.787346
6.96 -0.56211
6.98 -0.257123
7 0.103625
7.02 0.499644
7.04 0.841875
7.06 1.00406
7.08 0.926776
7.1 0.658388
7.12 0.29776
7.14 -0.0774939
7.16 -0.421323
7.18 -0.694135
7.2 -0.860347
7.22 -0.883731
7.24 -0.725861
7.26 -0.401829
7.28 -0.00951434
7.3 0.347435
7.32 0.616444
7.34 0.771415
7.36 0.798121
7.38 0.699603
7.4 0.479739
7.42 0.140304
7.44 -0.27615
7.46 -0.664049
7.48 -0.909323
7.5 -0.967616
7.52 -0.864069
7.54 -0.632459
7.56 -0.305299
7.58 0.0739943
7.6 0.453876
7.62 0.757283
7.64 0.886049
7.66 0.78358
7.68 0.491837
7.7 0.111825
7.72 -0.282033
7.74 -0.653471
7.76 -0.946152
7.78 -1.08878
7.8 -1.04243
7.82 -0.793801
7.84 -0.385484
7.86 0.0787029
7.88 0.506919
7.9 0.85047
7.92 1.08256
7.94 1.16699
7.96 1.05585
7.98 0.737426
8 0.286163
8.02 -0.17774
8.04 -0.564045
8.06 -0.823666
8.08 -0.932943
8.1 -0.878119
8.12 -0.643708
8.14 -0.237645
8.16 0.260414
8.18 0.713235
8.2 1.00755
8.22 1.1075
8.24 1.03027
8.26 0.795713
8.28 0.422934
8.3 -0.0403295
8.32 -0.510795
8.34 -0.891167
8.36 -1.09872
8.38 -1.09964
8.4 -0.924081
8.42 -0.631036
8.44 -0.26361
8.46 0.139907
8.48 0.51751
8.5 0.790171
8.52 0.924627
8.54 0.947086
8.56 0.856673
8.58 0.658383
8.6 0.407261
8.62 0.150245
8.64 -0.0706272
8.66 -0.210015
8.68 -0.256523
8.7 -0.240488
8.72 -0.192228
8.74 -0.102623
8.76 0.0427729
8.78 0.199818
8.8 0.296713
8.82 0.311545
8.84 0.268568
8.86 0.182905
8.88 0.0560225
8.9 -0.10367
8.92 -0.299035
8.94 -0.534774
8.96 -0.745327
8.98 -0.779251
9 -0.614154
9.02 -0.398407
9.04 -0.175108
9.06 0.11856
9.08 0.486594
9.1 0.854888
9.12 1.1228
9.14 1.18111
9.16 0.95447
9.18 0.518631
9.2 0.0419055
9.22 -0.424376
9.24 -0.899121
9.26 -1.28978
9.28 -1.47643
9.3 -1.41286
9.32 -1.09186
9.34 -0.55081
9.36 0.115328
9.38 0.768932
9.4 1.29639
9.42 1.63993
9.44 1.74137
9.46 1.55124
9.48 1.0803
9.5 0.384809
9.52 -0.443117
9.54 -1.20172
9.56 -1.69676
9.58 -1.90867
9.6 -1.83816
9.62 -1.45977
9.64 -0.822189
9.66 -0.0269409
9.68 0.806922
9.7 1.51947
9.72 1.89765
9.74 1.83996
9.76 1.44676
9.78 0.855779
9.8 0.143429
9.82 -0.611275
9.84 -1.28848
9.86 -1.77257
9.88 -1.96508
9.9 -1.78057
9.92 -1.24364
9.94 -0.538469
9.96 0.164753
9.98 0.825123
10 1.38816
10.02 1.72944
10.04 1.75131
10.06 1.43911
10.08 0.859746
10.1 0.119273
10.12 -0.633505
10.14 -1.24047
10.16 -1.61608
10.18 -1.71224
10.2 -1.4764
10.22 -0.921615
10.24 -0.178621
10.26 0.571107
10.28 1.17305
10.3 1.49888
10.32 1.47973
10.34 1.15741
10.36 0.634417
10.38 -0.0020199
10.4 -0.662128
10.42 -1.17406
10.44 -1.36154
10.46 -1.20704
10.48 -0.808663
10.5 -0.28218
10.52 0.25038
10.54 0.694695
10.56 1.00623
10.58 1.15219
10.6 1.07516
10.62 0.757515
10.64 0.302482
10.66 -0.142321
10.68 -0.492734
10.7 -0.714721
10.72 -0.788892
10.74 -0.715472
10.76 -0.515742
10.78 -0.206337
10.8 0.186729
10.82 0.575947
10.84 0.854751
10.86 0.968923
10.88 0.914518
10.9 0.715997
10.92 0.397182
10.94 -0.00986521
10.96 -0.436397
10.98 -0.806069
11 -1.04396
11.02 -1.07565
11.04 -0.887256
11.06 -0.541311
11.08 -0.121536
11.1 0.300077
11.12 0.668532
11.14 0.928736
11.16 1.02034
11.18 0.914421
11.2 0.63899
11.22 0.258919
11.24 -0.13824
11.26 -0.460968
11.28 -0.662871
11.3 -0.730123
11.32 -0.644504
11.34 -0.406268
11.36 -0.0619796
11.38 0.315811
11.4 0.65579
11.42 0.901475
11.44 1.02541
11.46 1.01078
11.48 0.85526
11.5 0.591833
11.52 0.264098
11.54 -0.0774157
11.56 -0.3727
11.58 -0.582423
11.6 -0.692669
11.62 -0.697313
11.64 -0.600582
11.66 -0.42489
11.68 -0.212737
11.7 -0.0189092
11.72 0.113358
11.74 0.161714
11.76 0.116281
11.78 -0.0188409
11.8 -0.228968
11.82 -0.493745
11.84 -0.775872
11.86 -0.996212
11.88 -1.06154
11.9 -0.94758
11.92 -0.683795
11.94 -0.311552
11.96 0.1196
11.98 0.583
12 1.04093
12.02 1.394
12.04 1.52582
12.06 1.38537
12.08 1.02253
12.1 0.554556
12.12 0.0865042
12.14 -0.333731
12.16 -0.67352
12.18 -0.872444
12.2 -0.858611
12.22 -0.59816
12.24 -0.154588
12.26 0.315573
12.28 0.676496
12.3 0.885825
12.32 0.93619
12.34 0.827182
12.36 0.571268
12.38 0.165812
12.4 -0.344083
12.42 -0.815885
12.44 -1.10703
12.46 -1.16535
12.48 -1.02936
12.5 -0.776916
12.52 -0.450163
12.54 -0.0538367
12.56 0.367191
12.58 0.725828
12.6 0.930436
12.62 0.909097
12.64 0.688402
12.66 0.379102
12.68 0.0523335
12.7 -0.275118
12.72 -0.577956
12.74 -0.795322
12.76 -0.850785
12.78 -0.712568
12.8 -0.425176
12.82 -0.0765262
12.84 0.244616
12.86 0.484755
12.88 0.633309
12.9 0.674304
12.92 0.565724
12.94 0.300537
12.96 -0.055933
12.98 -0.41175
13 -0.686982
13.02 -0.834274
13.04 -0.851979
13.06 -0.759166
13.08 -0.577576
13.1 -0.332275
13.12 -0.0629588
13.14 0.180834
13.16 0.362949
13.18 0.453969
13.2 0.450639
13.22 0.383929
13.24 0.283009
13.26 0.166279
13.28 0.0456305
13.3 -0.0777332
13.32 -0.207686
13.34 -0.304439
13.36 -0.310553
13.38 -0.248112
13.4 -0.173205
13.42 -0.101419
13.44 -0.012828
13.46 0.134257
13.48 0.328949
13.5 0.471605
13.52 0.479977
13.54 0.365168
13.56 0.208155
13.58 0.0944668
13.6 0.0201002
13.62 -0.0856938
13.64 -0.229626
13.66 -0.330218
13.68 -0.308593
13.7 -0.162609
13.72 0.0211632
13.74 0.134667
13.76 0.15118
13.78 0.109365
13.8 0.0461602
13.82 -0.00199955
13.84 -0.038384
13.86 -0.0930424
13.88 -0.144291
13.9 -0.138595
13.92 -0.0391664
13.94 0.137399
13.96 0.318637
13.98 0.427393
14 0.426233
14.02 0.322517
14.04 0.170303
14.06 0.037086
14.08 -0.0847574
14.1 -0.217095
14.12 -0.305278
14.14 -0.295314
14.16 -0.186226
14.18 -0.025696
14.2 0.109898
14.22 0.150371
14.24 0.0657236
14.26 -0.0962949
14.28 -0.26048
14.3 -0.399798
14.32 -0.511992
14.34 -0.564255
14.36 -0.513066
14.38 -0.350611
14.4 -0.108398
14.42 0.154276
14.44 0.369116
14.46 0.47519
14.48 0.457541
14.5 0.353923
14.52 0.199964
14.54 0.0257682
14.56 -0.128505
14.58 -0.230609
14.6 -0.262162
14.62 -0.215641
14.64 -0.103733
14.66 0.036306
14.68 0.166232
14.7 0.262921
14.72 0.315959
14.74 0.325711
14.76 0.284733
14.78 0.176367
14.8 0.0180383
14.82 -0.124931
14.84 -0.210287
14.86 -0.256
14.88 -0.278023
14.9 -0.265806
14.92 -0.206766
14.94 -0.0855814
14.96 0.087031
14.98 0.24771
15 0.321609
15.02 0.284611
15.04 0.181131
15.06 0.0531904
15.08 -0.0966854
15.1 -0.254431
15.12 -0.388617
15.14 -0.470676
15.16 -0.465645
15.18 -0.346401
15.2 -0.137054
15.22 0.0886867
15.24 0.2668
15.26 0.386139
15.28 0.457675
15.3 0.471732
15.32 0.412209
15.34 0.274976
15.36 0.0803053
15.38 -0.122398
15.4 -0.268398
15.42 -0.326338
15.44 -0.338603
15.46 -0.349552
15.48 -0.3449
15.5 -0.289396
15.52 -0.172288
15.54 -0.0290253
15.56 0.0759579
15.58 0.0974495
15.6 0.0479981
15.62 -0.00454416
15.64 -0.0094377
15.66 0.00694398
15.68 -0.00205742
15.7 -0.0390661
15.72 -0.062657
15.74 -0.0220318
15.76 0.0807792
15.78 0.189571
15.8 0.24747
15.82 0.235299
15.84 0.183288
15.86 0.133753
15.88 0.0932197
15.9 0.0356346
15.92 -0.0468288
15.94 -0.121498
15.96 -0.152969
15.98 -0.12862
16 -0.0613059
16.02 0.00790617
16.04 0.0463646
16.06 0.060566
16.08 0.0677471
16.1 0.0654681
16.12 0.0309252
16.14 -0.0470928
16.16 -0.139207
16.18 -0.187777
16.2 -0.165177
16.22 -0.0985029
16.24 -0.0163434
16.26 0.0683779
16.28 0.147518
16.3 0.221223
16.32 0.274111
16.34 0.253794
16.36 0.126183
16.38 -0.0639941
16.4 -0.240039
16.42 -0.358511
16.44 -0.413329
16.46 -0.407357
16.48 -0.336065
16.5 -0.195669
16.52 0.00759445
16.54 0.236886
16.56 0.418807
16.58 0.489286
16.6 0.454108
16.62 0.368869
16.64 0.254923
16.66 0.107372
16.68 -0.0585327
16.7 -0.212019
16.72 -0.307183
16.74 -0.307198
16.76 -0.225222
16.78 -0.112654
16.8 -0.00603153
16.82 0.0922071
16.84 0.184772
16.86 0.253739
16.88 0.25886
16.9 0.170154
16.92 0.00409641
16.94 -0.192735
16.96 -0.375797
16.98 -0.511131
17 -0.583516
17.02 -0.579524
17.04 -0.473508
17.06 -0.261322
17.08 0.0220046
17.1 0.310825
17.12 0.527628
17.14 0.627352
17.16 0.610357
17.18 0.492778
17.2 0.300805
17.22 0.0752588
17.24 -0.141596
17.26 -0.305286
17.28 -0.368658
17.3 -0.316995
17.32 -0.184468
17.34 -0.018121
17.36 0.147251
17.38 0.285358
17.4 0.377186
17.42 0.412401
17.44 0.393526
17.46 0.335695
17.48 0.257772
17.5 0.174926
17.52 0.0936464
17.54 0.0115982
17.56 -0.0685277
17.58 -0.12754
17.6 -0.150004
17.62 -0.139983
17.64 -0.118159
17.66 -0.103923
17.68 -0.0934248
17.7 -0.0808558
17.72 -0.0792536
17.74 -0.103587
17.76 -0.151464
17.78 -0.210181
17.8 -0.25251
17.82 -0.239396
17.84 -0.162126
17.86 -0.0465321
17.88 0.0771816
17.9 0.184997
17.92 0.253123
17.94 0.262722
17.96 0.211072
17.98 0.10793
18 -0.0320731
18.02 -0.179123
18.04 -0.284878
18.06 -0.310922
18.08 -0.25227
18.1 -0.137254
18.12 -0.011491
18.14 0.087574
18.16 0.152783
18.18 0.199904
18.2 0.232592
18.22 0.230738
18.24 0.176829
18.26 0.0881522
18.28 0.00948029
18.3 -0.0324706
18.32 -0.0498497
18.34 -0.0761035
18.36 -0.132157
18.38 -0.198918
18.4 -0.230222
18.42 -0.199819
18.44 -0.127713
18.46 -0.0550582
18.48 -0.00334927
18.5 0.0323957
18.52 0.0558281
18.54 0.0552122
18.56 0.0172667
18.58 -0.0605645
18.6 -0.154678
18.62 -0.217083
18.64 -0.218309
18.66 -0.162977
18.68 -0.062662
18.7 0.0707416
18.72 0.213244
18.74 0.332864
18.76 0.402408
18.78 0.401249
18.8 0.322148
18.82 0.188688
18.84 0.0464035
18.86 -0.0818817
18.88 -0.200731
18.9 -0.294109
18.92 -0.324146
18.94 -0.26976
18.96 -0.146289
18.98 0.00567535
19 0.149111
19.02 0.258547
19.04 0.323468
19.06 0.343453
19.08 0.298238
19.1 0.159947
19.12 -0.0475013
19.14 -0.245052
19.16 -0.369481
19.18 -0.411138
19.2 -0.379555
19.22 -0.272886
19.24 -0.0916234
19.26 0.140827
19.28 0.37343
19.3 0.534729
19.32 0.559629
19.34 0.438601
19.36 0.231553
19.38 0.00260521
19.4 -0.221336
19.42 -0.416527
19.44 -0.540376
19.46 -0.549293
19.48 -0.430543
19.5 -0.215674
19.52 0.0298796
19.54 0.227174
19.56 0.335532
19.58 0.373887
19.6 0.359817
19.62 0.280738
19.64 0.138392
19.66 -0.0283982
19.68 -0.165322
19.7 -0.229174
19.72 -0.20765
19.74 -0.123602
19.76 -0.0154378
19.78 0.0929274
19.8 0.206004
19.82 0.324327
19.84 0.410808
19.86 0.422657
19.88 0.352042
19.9 0.221799
19.92 0.0677218
19.94 -0.0775065
19.96 -0.200567
19.98 -0.308302
20 -0.395834
