0.02 0.00540444
0.04 0.026711
0.06 0.0677434
0.08 0.124515
0.1 0.189011
0.12 0.249019
0.14 0.293288
0.16 0.31711
0.18 0.318167
0.2 0.290109
0.22 0.23108
0.24 0.1557
0.26 0.0907544
0.28 0.0602238
0.3 0.0730063
0.32 0.117955
0.34 0.169802
0.36 0.205487
0.38 0.217214
0.4 0.211808
0.42 0.200177
0.44 0.190503
0.46 0.183768
0.48 0.169551
0.5 0.128835
0.52 0.0540513
0.54 -0.0326218
0.56 -0.0950268
0.58 -0.0997216
0.6 -0.0257964
0.62 0.119926
0.64 0.30835
0.66 0.504985
0.68 0.679318
0.7 0.799587
0.72 0.827436
0.74 0.734607
0.76 0.517852
0.78 0.196726
0.8 -0.193554
0.82 -0.603187
0.84 -0.973441
0.86 -1.25441
0.88 -1.41068
0.9 -1.41896
0.92 -1.27866
0.94 -1.01392
0.96 -0.658072
0.98 -0.260283
1 0.100674
1.02 0.33456
1.04 0.369228
1.06 0.171297
1.08 -0.235293
1.1 -0.767989
1.12 -1.309
1.14 -1.73777
1.16 -1.94593
1.18 -1.82159
1.2 -1.27574
1.22 -0.321648
1.24 0.894226
1.26 2.11716
1.28 3.03364
1.3 3.3784
1.32 3.04148
1.34 2.07157
1.36 0.609332
1.38 -1.15072
1.4 -2.96258
1.42 -4.5537
1.44 -5.66047
1.46 -6.05848
1.48 -5.6344
1.5 -4.45153
1.52 -2.73321
1.54 -0.795077
1.56 1.01252
1.58 2.3559
1.6 2.98492
1.62 2.82713
1.64 2.0917
1.66 1.20239
1.68 0.577073
1.7 0.486819
1.72 0.95802
1.74 1.76087
1.76 2.62572
1.78 3.4289
1.8 4.11833
1.82 4.57047
1.84 4.59881
1.86 4.06912
1.88 2.99463
1.9 1.56765
1.92 0.0772962
1.94 -1.26067
1.96 -2.38557
1.98 -3.30814
2 -3.99933
2.02 -4.3956
2.04 -4.49304
2.06 -4.39248
2.08 -4.24587
2.1 -4.17527
2.12 -4.21837
2.14 -4.30044
2.16 -4.28897
2.18 -3.95773
2.2 -2.94306
2.22 -1.03672
2.24 1.64239
2.26 4.65323
2.28 7.21815
2.3 8.56073
2.32 8.33429
2.34 6.6286
2.36 3.69586
2.38 -0.134426
2.4 -4.37729
2.42 -8.32341
2.44 -10.91
2.46 -11.0844
2.48 -8.4951
2.5 -3.64953
2.52 2.24596
2.54 7.67356
2.56 11.4796
2.58 13.2497
2.6 12.9841
2.62 10.7788
2.64 6.98875
2.66 2.28369
2.68 -2.45931
2.7 -6.24782
2.72 -8.30294
2.74 -8.44951
2.76 -7.06177
2.78 -4.67227
2.8 -1.72885
2.82 1.39554
2.84 4.32393
2.86 6.66513
2.88 8.05846
2.9 8.25955
2.92 7.23891
2.94 5.17316
2.96 2.31725
2.98 -1.05365
3 -4.53057
3.02 -7.468
3.04 -9.12992
3.06 -9.02185
3.08 -7.07957
3.1 -3.6914
3.12 0.364495
3.14 4.16341
3.16 6.91062
3.18 8.04379
3.2 7.31074
3.22 4.88099
3.24 1.30791
3.26 -2.59676
3.28 -6.00209
3.3 -8.33002
3.32 -9.33824
3.34 -8.91447
3.36 -6.95022
3.38 -3.63296
3.4 0.481463
3.42 4.59782
3.44 7.73925
3.46 9.23496
3.48 9.15774
3.5 7.95898
3.52 5.98379
3.54 3.41638
3.56 0.383317
3.58 -2.8504
3.6 -5.69242
3.62 -7.35705
3.64 -7.37022
3.66 -5.85072
3.68 -3.25977
3.7 -0.118628
3.72 3.05636
3.74 5.71695
3.76 7.27589
3.78 7.2681
3.8 5.60428
3.82 2.7078
3.84 -0.618459
3.86 -3.57403
3.88 -5.68784
3.9 -6.81954
3.92 -6.96116
3.94 -6.15423
3.96 -4.57269
3.98 -2.52912
4 -0.390692
4.02 1.47816
4.04 2.86176
4.06 3.76026
4.08 4.19044
4.1 4.03541
4.12 3.1867
4.14 1.70724
4.16 -0.211042
4.18 -2.31232
4.2 -4.29486
4.22 -5.87342
4.24 -6.82753
4.26 -6.98224
4.28 -6.23657
4.3 -4.68958
4.32 -2.69312
4.34 -0.695511
4.36 1.04695
4.38 2.48143
4.4 3.52906
4.42 4.10127
4.44 4.15223
4.46 3.68647
4.48 2.92963
4.5 2.32069
4.52 2.12669
4.54 2.18395
4.56 2.10535
4.58 1.6314
4.6 0.77359
4.62 -0.261251
4.64 -1.27317
4.66 -2.24246
4.68 -3.1587
4.7 -3.77625
4.72 -3.76049
4.74 -2.93923
4.76 -1.51304
4.78 -0.0884302
4.8 0.726788
4.82 0.719906
4.84 0.0757201
4.86 -0.74843
4.88 -1.29881
4.9 -1.40019
4.92 -1.01433
4.94 -0.160748
4.96 1.01469
4.98 2.35061
5 3.6896
5.02 4.80675
5.04 5.45793
5.06 5.45514
5.08 4.7019
5.1 3.24966
5.12 1.37142
5.14 -0.494113
5.16 -1.93392
5.18 -2.67452
5.2 -2.59207
5.22 -1.75424
5.24 -0.413183
5.26 1.08549
5.28 2.43571
5.3 3.49262
5.32 4.16613
5.34 4.36126
5.36 4.05824
5.38 3.22599
5.4 1.82872
5.42 -7.96716e-005
5.44 -1.94583
5.46 -3.66375
5.48 -4.85967
5.5 -5.29566
5.52 -4.85569
5.54 -3.6048
5.56 -1.77538
5.58 0.2448
5.6 1.96871
5.62 2.95677
5.64 2.94815
5.66 1.93712
5.68 0.180913
5.7 -1.88201
5.72 -3.73893
5.74 -4.92979
5.76 -5.19719
5.78 -4.52859
5.8 -3.06268
5.82 -1.03928
5.84 1.18349
5.86 3.18208
5.88 4.56547
5.9 5.05342
5.92 4.56564
5.94 3.26327
5.96 1.45443
5.98 -0.547977
6 -2.46306
6.02 -3.99905
6.04 -4.85572
6.06 -4.81602
6.08 -3.86879
6.1 -2.23941
6.12 -0.290033
6.14 1.62458
6.16 3.2365
6.18 4.34748
6.2 4.74687
6.22 4.21314
6.24 2.70255
6.26 0.505082
6.28 -1.8419
6.3 -3.77564
6.32 -4.90164
6.34 -5.07623
6.36 -4.34514
6.38 -2.83585
6.4 -0.751412
6.42 1.54654
6.44 3.53672
6.46 4.72361
6.48 4.87825
6.5 4.11387
6.52 2.75116
6.54 1.12955
6.56 -0.494808
6.58 -1.94319
6.6 -3.03369
6.62 -3.5642
6.64 -3.41255
6.66 -2.64026
6.68 -1.47785
6.7 -0.169869
6.72 1.1264
6.74 2.29216
6.76 3.17516
6.78 3.5802
6.8 3.32763
6.82 2.35771
6.84 0.800826
6.86 -1.06384
6.88 -2.88583
6.9 -4.29211
6.92 -4.95266
6.94 -4.65313
6.96 -3.37989
6.98 -1.39004
7 0.864269
7.02 2.92197
7.04 4.43619
7.06 5.18335
7.08 5.04239
7.1 3.99442
7.12 2.15426
7.14 -0.166919
7.16 -2.46767
7.18 -4.21666
7.2 -5.06674
7.22 -4.93674
7.24 -3.93818
7.26 -2.28696
7.28 -0.267971
7.3 1.7926
7.32 3.54432
7.34 4.63412
7.36 4.80706
7.38 4.03722
7.4 2.52985
7.42 0.589954
7.44 -1.47836
7.46 -3.37933
7.48 -4.80767
7.5 -5.46731
7.52 -5.14206
7.54 -3.80284
7.56 -1.69869
7.58 0.691249
7.6 2.84102
7.62 4.33507
7.64 4.91601
7.66 4.47863
7.68 3.08731
7.7 0.989127
7.72 -1.41954
7.74 -3.66538
7.76 -5.2927
7.78 -5.99543
7.8 -5.69087
7.82 -4.44037
7.84 -2.40768
7.86 0.101731
7.88 2.66348
7.9 4.81868
7.92 6.17441
7.94 6.49773
7.96 5.75599
7.98 4.07591
8 1.71953
8.02 -0.913023
8.04 -3.3303
8.06 -5.03614
8.08 -5.65458
8.1 -5.07137
8.12 -3.46682
8.14 -1.19434
8.16 1.33588
8.18 3.69145
8.2 5.45208
8.22 6.27125
8.24 5.95113
8.26 4.52752
8.28 2.2941
8.3 -0.298224
8.32 -2.78399
8.34 -4.76733
8.36 -5.94955
8.38 -6.1457
8.4 -5.32004
8.42 -3.62414
8.44 -1.38088
8.46 0.98752
8.48 3.05575
8.5 4.48374
8.52 5.11329
8.54 4.9978
8.56 4.28235
8.58 3.15778
8.6 1.86201
8.62 0.590047
8.64 -0.522979
8.66 -1.33354
8.68 -1.7035
8.7 -1.5997
8.72 -1.11961
8.74 -0.422593
8.76 0.329096
8.78 0.999598
8.8 1.49383
8.82 1.7398
8.84 1.67324
8.86 1.25538
8.88 0.513121
8.9 -0.441722
8.92 -1.47838
8.94 -2.52779
8.96 -3.50883
8.98 -4.13618
9 -4.04522
9.02 -3.08313
9.04 -1.32559
9.06 0.911897
9.08 3.09802
9.1 4.76093
9.12 5.72302
9.14 5.93746
9.16 5.25221
9.18 3.55968
9.2 1.00778
9.22 -2.03347
9.24 -5.0045
9.26 -7.22153
9.28 -8.19335
9.3 -7.7832
9.32 -6.0661
9.34 -3.26714
9.36 0.208804
9.38 3.82007
9.4 6.97967
9.42 9.12055
9.44 9.78792
9.46 8.78399
9.48 6.2237
9.5 2.46557
9.52 -1.96665
9.54 -6.31673
9.56 -9.66731
9.58 -11.2779
9.6 -10.7603
9.62 -8.18171
9.64 -4.13981
9.66 0.447039
9.68 4.73649
9.7 8.12191
9.72 10.0879
9.74 10.2564
9.76 8.56158
9.78 5.25352
9.8 0.909163
9.82 -3.58867
9.84 -7.33261
9.86 -9.72591
9.88 -10.5181
9.9 -9.65201
9.92 -7.23108
9.94 -3.60127
9.96 0.655303
9.98 4.81719
10 8.11184
10.02 9.90363
10.04 9.89122
10.06 8.1239
10.08 4.91409
10.1 0.777784
10.12 -3.55173
10.14 -7.21699
10.16 -9.47628
10.18 -9.87511
10.2 -8.32079
10.22 -5.12174
10.24 -0.948405
10.26 3.32983
10.28 6.83555
10.3 8.81061
10.32 8.79433
10.34 6.82846
10.36 3.46506
10.38 -0.452609
10.4 -4.05961
10.42 -6.62362
10.44 -7.66192
10.46 -7.048
10.48 -4.96915
10.5 -1.87657
10.52 1.5109
10.54 4.37424
10.56 6.11249
10.58 6.52469
10.6 5.72958
10.62 4.0209
10.64 1.78286
10.66 -0.598201
10.68 -2.75983
10.7 -4.32166
10.72 -4.94687
10.74 -4.49467
10.76 -3.09354
10.78 -1.06755
10.8 1.18132
10.82 3.24068
10.84 4.75311
10.86 5.45963
10.88 5.21245
10.9 4.02707
10.92 2.10901
10.94 -0.188813
10.96 -2.45049
10.98 -4.30872
11 -5.49048
11.02 -5.78763
11.04 -5.07908
11.06 -3.40865
11.08 -1.03164
11.1 1.59886
11.12 3.92657
11.14 5.45121
11.16 5.87738
11.18 5.17553
11.2 3.55318
11.22 1.37354
11.24 -0.920497
11.26 -2.86545
11.28 -4.08079
11.3 -4.36357
11.32 -3.70987
11.34 -2.28947
11.36 -0.399022
11.38 1.61943
11.4 3.44592
11.42 4.80075
11.44 5.48297
11.46 5.40194
11.48 4.58081
11.5 3.1598
11.52 1.37081
11.54 -0.502158
11.56 -2.16172
11.58 -3.35079
11.6 -3.91315
11.62 -3.82131
11.64 -3.16386
11.66 -2.11953
11.68 -0.921407
11.7 0.188484
11.72 0.992958
11.74 1.32242
11.76 1.08924
11.78 0.317897
11.8 -0.868168
11.82 -2.28815
11.84 -3.73918
11.86 -4.97422
11.88 -5.67235
11.9 -5.52528
11.92 -4.35288
11.94 -2.21056
11.96 0.54243
11.98 3.36396
12 5.74556
12.02 7.33029
12.04 7.90808
12.06 7.38366
12.08 5.77523
12.1 3.27511
12.12 0.326709
12.14 -2.43964
12.16 -4.42139
12.18 -5.24628
12.2 -4.84269
12.22 -3.37592
12.24 -1.15453
12.26 1.39261
12.28 3.73443
12.3 5.33532
12.32 5.78482
12.34 4.95887
12.36 3.10628
12.38 0.684462
12.4 -1.85721
12.42 -4.12798
12.44 -5.77846
12.46 -6.51117
12.48 -6.12686
12.5 -4.63896
12.52 -2.36194
12.54 0.181765
12.56 2.46225
12.58 4.10995
12.6 4.95605
12.62 4.93866
12.64 4.05781
12.66 2.43716
12.68 0.361853
12.7 -1.76006
12.72 -3.4978
12.74 -4.521
12.76 -4.67828
12.78 -3.98017
12.8 -2.54679
12.82 -0.619276
12.84 1.41317
12.86 3.08725
12.88 4.01684
12.9 4.01449
12.92 3.12819
12.94 1.5951
12.96 -0.256681
12.98 -2.10122
13 -3.63644
13.02 -4.58886
13.04 -4.77699
13.06 -4.18647
13.08 -2.99103
13.1 -1.49033
13.12 -0.0121155
13.14 1.19048
13.16 2.00324
13.18 2.40411
13.2 2.41674
13.22 2.10566
13.24 1.55385
13.26 0.856365
13.28 0.128091
13.3 -0.532052
13.32 -1.09668
13.34 -1.53858
13.36 -1.75317
13.38 -1.6473
13.4 -1.20563
13.42 -0.504439
13.44 0.278904
13.46 0.980011
13.48 1.55833
13.5 2.02221
13.52 2.30634
13.54 2.25795
13.56 1.73759
13.58 0.789969
13.6 -0.297299
13.62 -1.15865
13.64 -1.57946
13.66 -1.57308
13.68 -1.28381
13.7 -0.831873
13.72 -0.251062
13.74 0.409627
13.76 0.984251
13.78 1.22163
13.8 0.940766
13.82 0.219605
13.84 -0.614659
13.86 -1.18509
13.88 -1.25965
13.9 -0.838641
13.92 -0.0898574
13.94 0.772882
13.96 1.57607
13.98 2.17936
14 2.4205
14.02 2.1387
14.04 1.3106
14.06 0.158011
14.08 -0.96107
14.1 -1.71603
14.12 -1.90502
14.14 -1.54521
14.16 -0.832583
14.18 -0.01027
14.2 0.702239
14.22 1.08119
14.24 0.912214
14.26 0.135605
14.28 -1.06797
14.3 -2.32957
14.32 -3.21549
14.34 -3.40062
14.36 -2.82317
14.38 -1.68556
14.4 -0.311489
14.42 0.98722
14.44 1.97952
14.46 2.51585
14.48 2.52721
14.5 2.04502
14.52 1.19048
14.54 0.165314
14.56 -0.779088
14.58 -1.42289
14.6 -1.64405
14.62 -1.42218
14.64 -0.824341
14.66 -0.00286639
14.68 0.846598
14.7 1.54004
14.72 1.93301
14.74 1.9585
14.76 1.63665
14.78 1.02521
14.8 0.205363
14.82 -0.66929
14.84 -1.3951
14.86 -1.80381
14.88 -1.7984
14.9 -1.40145
14.92 -0.781363
14.94 -0.123003
14.96 0.495897
14.98 1.05605
15 1.49225
15.02 1.66893
15.04 1.44274
15.06 0.747175
15.08 -0.316743
15.1 -1.46134
15.12 -2.34989
15.14 -2.75385
15.16 -2.59687
15.18 -1.9221
15.2 -0.863941
15.22 0.366346
15.24 1.51253
15.26 2.33724
15.28 2.68856
15.3 2.54584
15.32 2.0236
15.34 1.28538
15.36 0.446522
15.38 -0.432173
15.4 -1.26238
15.42 -1.88827
15.44 -2.17247
15.46 -2.07563
15.48 -1.6795
15.5 -1.15328
15.52 -0.640199
15.54 -0.177421
15.56 0.248338
15.58 0.582872
15.6 0.691108
15.62 0.485477
15.64 0.0412242
15.66 -0.420114
15.68 -0.647454
15.7 -0.527441
15.72 -0.157942
15.74 0.266633
15.76 0.606993
15.78 0.839622
15.8 1.00356
15.82 1.10143
15.84 1.07472
15.86 0.870067
15.88 0.509831
15.9 0.0817597
15.92 -0.313526
15.94 -0.601495
15.96 -0.754158
15.98 -0.757873
16 -0.580183
16.02 -0.225385
16.04 0.211114
16.06 0.57784
16.08 0.735006
16.1 0.614243
16.12 0.248344
16.14 -0.25287
16.16 -0.756971
16.18 -1.11912
16.2 -1.19713
16.22 -0.918351
16.24 -0.314028
16.26 0.462422
16.28 1.15902
16.3 1.55513
16.32 1.57728
16.34 1.25566
16.36 0.642925
16.38 -0.174115
16.4 -1.06877
16.42 -1.88041
16.44 -2.40471
16.46 -2.4533
16.48 -1.97088
16.5 -1.06586
16.52 0.0688187
16.54 1.21754
16.56 2.16382
16.58 2.71191
16.6 2.73364
16.62 2.23066
16.64 1.3426
16.66 0.312109
16.68 -0.603008
16.7 -1.24744
16.72 -1.58611
16.74 -1.62752
16.76 -1.37696
16.78 -0.8643
16.8 -0.170263
16.82 0.573424
16.84 1.19846
16.86 1.55709
16.88 1.56298
16.9 1.17439
16.92 0.395214
16.94 -0.689015
16.96 -1.88861
16.98 -2.9214
17 -3.49317
17.02 -3.41345
17.04 -2.66045
17.06 -1.37549
17.08 0.191167
17.1 1.73861
17.12 2.9595
17.14 3.59671
17.16 3.51139
17.18 2.73526
17.2 1.48303
17.22 0.0948282
17.24 -1.08814
17.26 -1.8341
17.28 -2.04808
17.3 -1.75649
17.32 -1.08547
17.34 -0.20994
17.36 0.69486
17.38 1.46868
17.4 1.9899
17.42 2.20691
17.44 2.13478
17.46 1.82852
17.48 1.36874
17.5 0.846008
17.52 0.335425
17.54 -0.116574
17.56 -0.487408
17.58 -0.756559
17.6 -0.88975
17.62 -0.848976
17.64 -0.640258
17.66 -0.348549
17.68 -0.105545
17.7 -0.0349435
17.72 -0.19628
17.74 -0.54527
17.76 -0.950848
17.78 -1.27316
17.8 -1.40979
17.82 -1.28807
17.84 -0.886724
17.86 -0.260231
17.88 0.46879
17.9 1.12755
17.92 1.52644
17.94 1.53603
17.96 1.15545
17.98 0.499708
18 -0.26231
18.02 -0.957133
18.04 -1.44088
18.06 -1.62117
18.08 -1.45459
18.1 -0.95732
18.12 -0.238766
18.14 0.500098
18.16 1.04444
18.18 1.27524
18.2 1.22099
18.22 1.01258
18.24 0.774917
18.26 0.549136
18.28 0.302712
18.3 -0.00336309
18.32 -0.349705
18.34 -0.662862
18.36 -0.882611
18.38 -1.00162
18.4 -1.03288
18.42 -0.961203
18.44 -0.747095
18.46 -0.380332
18.48 0.0673718
18.5 0.445201
18.52 0.59457
18.54 0.444258
18.56 0.0519472
18.58 -0.44372
18.6 -0.890664
18.62 -1.15834
18.64 -1.16938
18.66 -0.91192
18.68 -0.417402
18.7 0.247522
18.72 0.971355
18.74 1.61792
18.76 2.06347
18.78 2.20118
18.8 1.9498
18.82 1.31076
18.84 0.411496
18.86 -0.539273
18.88 -1.33317
18.9 -1.80942
18.92 -1.88935
18.94 -1.58138
18.96 -0.950406
18.98 -0.101287
19 0.815104
19.02 1.5997
19.04 2.05758
19.06 2.07918
19.08 1.66047
19.1 0.869449
19.12 -0.165788
19.14 -1.24599
19.16 -2.12468
19.18 -2.56557
19.2 -2.40978
19.22 -1.65098
19.24 -0.46469
19.26 0.865853
19.28 2.05867
19.3 2.8775
19.32 3.1297
19.34 2.7024
19.36 1.63813
19.38 0.158378
19.4 -1.38355
19.42 -2.59876
19.44 -3.19856
19.46 -3.08789
19.48 -2.35562
19.5 -1.19914
19.52 0.130324
19.54 1.33801
19.56 2.14406
19.58 2.39114
19.6 2.08895
19.62 1.38888
19.64 0.525156
19.66 -0.28227
19.68 -0.900898
19.7 -1.26235
19.72 -1.30864
19.74 -1.00513
19.76 -0.392084
19.78 0.399751
19.8 1.19312
19.82 1.82753
19.84 2.19505
19.86 2.24538
19.88 1.96584
19.9 1.36642
19.92 0.506703
19.94 -0.465003
19.96 -1.33399
19.98 -1.91966
20 -2.15334
