0.02 0.304435
0.04 0.547071
0.06 0.404745
0.08 0.38132
0.1 0.483752
0.12 0.560523
0.14 0.500074
0.16 0.202101
0.18 -0.278374
0.2 -0.690757
0.22 -0.651462
0.24 -0.242199
0.26 -0.00918589
0.28 -0.178135
0.3 -0.248231
0.32 0.0711983
0.34 0.43348
0.36 0.488822
0.38 0.293863
0.4 0.0510446
0.42 -0.158986
0.44 -0.156999
0.46 -0.257758
0.48 -0.600105
0.5 -1.01809
0.52 -0.648089
0.54 0.226305
0.56 0.339476
0.58 0.277589
0.6 0.549445
0.62 1.19833
0.64 1.97372
0.66 1.97028
0.68 1.37601
0.7 0.411368
0.72 -0.725592
0.74 -1.47938
0.76 -2.26269
0.78 -3.44058
0.8 -4.35474
0.82 -3.99209
0.84 -2.88329
0.86 -1.98858
0.88 -0.951695
0.9 0.617472
0.92 2.11322
0.94 3.22663
0.96 3.85644
0.98 3.35256
1 2.00652
1.02 0.492978
1.04 -1.00705
1.06 -2.5103
1.08 -3.8513
1.1 -4.70235
1.12 -4.266
1.14 -2.85225
1.16 -0.196355
1.18 4.62328
1.2 8.8221
1.22 9.93594
1.24 9.47641
1.26 8.05693
1.28 5.02063
1.3 0.817141
1.32 -4.74536
1.34 -11.3169
1.36 -16.8243
1.38 -18.7754
1.4 -16.2745
1.42 -11.6277
1.44 -6.26801
1.46 0.655391
1.48 7.99639
1.5 13.5978
1.52 16.5621
1.54 17.2105
1.56 14.7206
1.58 8.83934
1.6 1.2782
1.62 -3.49475
1.64 -2.34984
1.66 -1.32168
1.68 -2.90784
1.7 -1.90771
1.72 1.37639
1.74 5.88201
1.76 11.2648
1.78 12.1892
1.8 6.20345
1.82 -2.40101
1.84 -7.43303
1.86 -7.47778
1.88 -8.07958
1.9 -12.0726
1.92 -15.4416
1.94 -15.1919
1.96 -12.2189
1.98 -7.25917
2 -2.31271
2.02 -1.02576
2.04 -3.06999
2.06 -3.45343
2.08 -0.432555
2.1 2.3168
2.12 1.71233
2.14 0.514818
2.16 1.0442
2.18 11.1342
2.2 23.7364
2.22 23.3014
2.24 20.7646
2.26 17.9994
2.28 12.4328
2.3 8.16683
2.32 -1.07183
2.34 -18.8725
2.36 -37.6248
2.38 -45.6277
2.4 -39.8253
2.42 -23.3823
2.44 0.800144
2.46 16.0785
2.48 25.9389
2.5 39.5351
2.52 46.7842
2.54 46.3495
2.56 37.0882
2.58 15.9831
2.6 -15.2788
2.62 -39.3684
2.64 -44.7779
2.66 -39.1377
2.68 -32.2962
2.7 -26.0197
2.72 -14.8271
2.74 0.831959
2.76 15.5026
2.78 28.1178
2.8 35.1792
2.82 29.7733
2.84 18.41
2.86 12.6322
2.88 8.45054
2.9 -0.458665
2.92 -12.3213
2.94 -23.8044
2.96 -32.0109
2.98 -34.0765
3 -29.2469
3.02 -17.2208
3.04 -3.24146
3.06 7.08662
3.08 19.1867
3.1 32.229
3.12 37.7332
3.14 33.0719
3.16 19.8106
3.18 0.374547
3.2 -16.5219
3.22 -27.1216
3.24 -33.4564
3.26 -33.0715
3.28 -29.311
3.3 -20.011
3.32 -4.22614
3.34 19.0276
3.36 36.2934
3.38 34.5351
3.4 29.6289
3.42 25.0252
3.44 16.8055
3.46 13.6843
3.48 7.93507
3.5 -11.5802
3.52 -30.4718
3.54 -37.2381
3.56 -30.2881
3.58 -18.2545
3.6 -13.156
3.62 -9.06792
3.64 -0.674897
3.66 11.4601
3.68 27.2798
3.7 37.6883
3.72 32.3226
3.74 14.9892
3.76 -0.686249
3.78 -9.27756
3.8 -15.528
3.82 -22.0649
3.84 -28.0546
3.86 -30.1885
3.88 -22.9837
3.9 -6.93569
3.92 9.53211
3.94 17.196
3.96 14.9112
3.98 14.1654
4 18.4614
4.02 18.51
4.04 13.3454
4.06 6.0896
4.08 -1.89069
4.1 -8.24095
4.12 -10.1199
4.14 -11.5253
4.16 -16.6027
4.18 -21.614
4.2 -20.489
4.22 -13.1786
4.24 -4.37161
4.26 3.68245
4.28 11.3375
4.3 15.9205
4.32 16.6007
4.34 17.6764
4.36 22.8147
4.38 18.3158
4.4 3.26669
4.42 -4.78984
4.44 -4.75496
4.46 -1.23241
4.48 2.66629
4.5 1.09187
4.52 -5.83165
4.54 -10.1749
4.56 -7.40205
4.58 -0.690211
4.6 -1.10835
4.62 -11.0098
4.64 -18.5451
4.66 -16.0544
4.68 -2.78747
4.7 9.33313
4.72 9.49357
4.74 5.36624
4.76 1.67347
4.78 2.77196
4.8 8.36067
4.82 6.62269
4.84 -3.21118
4.86 -6.08934
4.88 -5.13104
4.9 -0.964088
4.92 8.48777
4.94 9.82916
4.96 9.76952
4.98 14.9217
5 13.9042
5.02 7.69629
5.04 0.88249
5.06 -6.70695
5.08 -10.9777
5.1 -13.8643
5.12 -16.5045
5.14 -14.2103
5.16 -9.08793
5.18 -4.28396
5.2 3.23016
5.22 10.0333
5.24 12.5815
5.26 11.6545
5.28 11.7997
5.3 12.2192
5.32 4.77824
5.34 -2.97592
5.36 -7.67471
5.38 -13.257
5.4 -15.6031
5.42 -15.3777
5.44 -15.2031
5.46 -13.6979
5.48 -9.15072
5.5 -0.00427844
5.52 9.99657
5.54 14.2514
5.56 14.6824
5.58 15.0521
5.6 12.7799
5.62 5.34874
5.64 -4.37331
5.66 -11.9414
5.68 -16.0999
5.7 -16.9464
5.72 -13.9441
5.74 -7.87824
5.76 -0.00292042
5.78 9.27799
5.8 18.5126
5.82 23.0024
5.84 20.27
5.86 13.3455
5.88 6.38558
5.9 -0.0659503
5.92 -6.90101
5.94 -13.6891
5.96 -18.7701
5.98 -20.6252
6 -16.7616
6.02 -8.07577
6.04 0.623522
6.06 5.41279
6.08 7.89276
6.1 12.1093
6.12 17.8199
6.14 20.2087
6.16 15.7189
6.18 6.25388
6.2 -4.8008
6.22 -12.9517
6.24 -15.187
6.26 -15.1947
6.28 -16.9081
6.3 -17.3005
6.32 -11.5811
6.34 0.640918
6.36 13.8384
6.38 21.431
6.4 21.6406
6.42 16.6868
6.44 10.1535
6.46 5.63944
6.48 1.85095
6.5 -5.40845
6.52 -15.1246
6.54 -20.2378
6.56 -17.4012
6.58 -10.1129
6.6 -3.05629
6.62 0.509431
6.64 2.61637
6.66 5.53074
6.68 9.50047
6.7 14.2224
6.72 14.9479
6.74 9.62477
6.76 2.72279
6.78 -1.9008
6.8 -5.22781
6.82 -9.3129
6.84 -14.5082
6.86 -18.4149
6.88 -16.5234
6.9 -8.87862
6.92 0.285967
6.94 8.61982
6.96 13.9038
6.98 16.595
7 19.4798
7.02 20.1221
7.04 14.1009
7.06 2.11732
7.08 -9.84547
7.1 -16.9933
7.12 -19.0695
7.14 -18.4558
7.16 -15.9271
7.18 -11.3541
7.2 -5.26715
7.22 2.92876
7.24 12.8582
7.26 19.545
7.28 19.6865
7.3 16.0084
7.32 10.8925
7.34 4.60465
7.36 -1.93413
7.38 -7.91767
7.4 -14.0687
7.42 -19.8747
7.44 -21.7708
7.46 -17.0192
7.48 -7.50825
7.5 1.67893
7.52 8.67582
7.54 14.4852
7.56 18.2308
7.58 19.6985
7.6 18.2897
7.62 12.051
7.64 0.825527
7.66 -11.0724
7.68 -18.1019
7.7 -19.8994
7.72 -19.4865
7.74 -17.6573
7.76 -11.6109
7.78 -2.65231
7.8 7.28792
7.82 17.5748
7.84 23.2569
7.86 23.1618
7.88 19.6598
7.9 14.6954
7.92 8.51382
7.94 -0.0714162
7.96 -11.0422
7.98 -20.8003
8 -24.3261
8.02 -22.0642
8.04 -16.5663
8.06 -9.39579
8.08 -1.53194
8.1 7.01434
8.12 16.4268
8.14 24.1796
8.16 25.6263
8.18 19.6557
8.2 9.77578
8.22 0.21893
8.24 -7.94211
8.26 -15.5131
8.28 -21.7648
8.3 -24.5615
8.32 -22.485
8.34 -15.5522
8.36 -5.20325
8.38 5.1109
8.4 12.4455
8.42 16.8589
8.44 19.8838
8.46 20.468
8.48 17.2923
8.5 9.97384
8.52 3.47174
8.54 -1.2258
8.56 -7.81546
8.58 -12.0135
8.6 -13.0987
8.62 -12.6029
8.64 -9.48432
8.66 -4.45442
8.68 -0.196407
8.7 1.79989
8.72 3.02615
8.74 5.93432
8.76 8.60526
8.78 7.09927
8.8 2.5902
8.82 -1.10696
8.84 -3.19074
8.86 -5.37556
8.88 -7.31274
8.9 -8.65649
8.92 -10.88
8.94 -12.6939
8.96 -8.36134
8.98 4.96888
9 11.5408
9.02 10.0339
9.04 12.296
9.06 17.0709
9.08 19.7326
9.1 17.0968
9.12 9.6947
9.14 -3.864
9.16 -18.8
9.18 -24.784
9.2 -22.8885
9.22 -23.7396
9.24 -23.7349
9.26 -15.3309
9.28 -3.33467
9.3 9.6921
9.32 22.4079
9.34 31.6971
9.36 34.9167
9.38 30.4437
9.4 22.3022
9.42 12.0519
9.44 -1.90799
9.46 -17.1056
9.48 -29.9878
9.5 -39.5616
9.52 -43.231
9.54 -32.629
9.56 -16.8755
9.58 -4.31537
9.6 11.3661
9.62 26.4733
9.64 37.2848
9.66 42.24
9.68 41.1463
9.7 30.108
9.72 7.71054
9.74 -13.4798
9.76 -25.8397
9.78 -33.2586
9.8 -37.9764
9.82 -37.494
9.84 -30.2266
9.86 -18.1819
9.88 -1.06951
9.9 19.5207
9.92 34.1719
9.94 36.3455
9.96 33.9767
9.98 32.0603
10 24.2431
10.02 9.88549
10.04 -7.69843
10.06 -23.5224
10.08 -34.4137
10.1 -39.6336
10.12 -35.6442
10.14 -25.052
10.16 -12.5093
10.18 2.89338
10.2 20.6905
10.22 34.7882
10.24 39.5111
10.26 35.4617
10.28 24.733
10.3 7.85008
10.32 -9.76559
10.34 -22.4666
10.36 -29.8326
10.38 -33.8111
10.4 -32.1997
10.42 -18.9931
10.44 0.244856
10.46 15.2054
10.48 24.6319
10.5 28.0164
10.52 25.2397
10.54 19.1918
10.56 11.9617
10.58 2.63383
10.6 -10.3363
10.62 -21.4282
10.64 -24.075
10.66 -20.4053
10.68 -14.636
10.7 -7.56275
10.72 0.145681
10.74 7.19633
10.76 12.7767
10.78 18.1638
10.8 21.1428
10.82 17.779
10.84 10.1014
10.86 1.31584
10.88 -6.75631
10.9 -13.0958
10.92 -18.7857
10.94 -21.9191
10.96 -20.7341
10.98 -16.2331
11 -7.55629
11.02 4.38788
11.04 14.4512
11.06 20.1433
11.08 21.8341
11.1 20.3272
11.12 16.5183
11.14 9.50215
11.16 -0.34204
11.18 -10.2496
11.2 -17.2935
11.22 -20.7136
11.24 -19.0023
11.26 -13.2705
11.28 -6.91978
11.3 0.194548
11.32 8.36737
11.34 15.4563
11.36 18.9725
11.38 18.8065
11.4 15.1914
11.42 9.37712
11.44 3.01596
11.46 -4.47855
11.48 -11.0735
11.5 -15.2692
11.52 -17.5043
11.54 -16.647
11.56 -12.8815
11.58 -8.09079
11.6 -2.93389
11.62 2.46957
11.64 7.20354
11.66 10.3656
11.68 10.8497
11.7 8.53314
11.72 4.69358
11.74 0.142051
11.76 -4.68536
11.78 -8.82685
11.8 -12.1858
11.82 -14.2918
11.84 -13.9209
11.86 -8.11308
11.88 1.5803
11.9 9.81571
11.92 16.5628
11.94 20.6614
11.96 22.4539
11.98 23.8861
12 21.9074
12.02 13.3997
12.04 -0.218376
12.06 -13.8269
12.08 -22.4565
12.1 -24.3409
12.12 -22.4643
12.14 -19.5592
12.16 -14.4197
12.18 -5.47268
12.2 6.85598
12.22 19.1891
12.24 25.1681
12.26 21.8481
12.28 14.2443
12.3 6.68864
12.32 -1.65219
12.34 -9.24861
12.36 -16.3428
12.38 -24.2027
12.4 -26.7868
12.42 -20.3935
12.44 -8.72119
12.46 2.88933
12.48 10.7094
12.5 14.5353
12.52 18.14
12.54 21.4927
12.56 20.6101
12.58 15.2536
12.6 5.20718
12.62 -7.34101
12.64 -14.7286
12.66 -16.2014
12.68 -16.4754
12.7 -16.2697
12.72 -14.0142
12.74 -7.72236
12.76 2.17602
12.78 11.6457
12.8 17.0934
12.82 17.7716
12.84 14.3426
12.86 9.67125
12.88 5.18411
12.9 -1.0846
12.92 -9.77343
12.94 -16.7452
12.96 -18.9017
12.98 -16.6799
13 -10.8433
13.02 -3.88587
13.04 2.11537
13.06 7.16588
13.08 10.9931
13.1 13.5369
13.12 13.3947
13.14 10.9846
13.16 7.22691
13.18 1.87511
13.2 -2.20817
13.22 -4.46282
13.24 -5.62913
13.26 -6.04393
13.28 -6.02089
13.3 -6.31548
13.32 -6.67975
13.34 -2.99562
13.36 2.38421
13.38 3.85996
13.4 3.63066
13.42 3.54799
13.44 5.31108
13.46 9.39742
13.48 10.0718
13.5 4.19385
13.52 -3.35664
13.54 -8.12426
13.56 -7.57704
13.58 -3.79175
13.6 -3.64491
13.62 -6.93449
13.64 -7.45871
13.66 -2.60054
13.68 4.76302
13.7 9.83536
13.72 8.54189
13.74 2.80848
13.76 -1.15717
13.78 -3.02434
13.8 -3.29613
13.82 -1.51984
13.84 -2.1186
13.86 -3.34725
13.88 -1.77764
13.9 2.34725
13.92 7.59563
13.94 10.0609
13.96 8.06299
13.98 2.81257
14 -2.92853
14.02 -7.44309
14.04 -7.77831
14.06 -5.5434
14.08 -6.64094
14.1 -6.59279
14.12 -2.22554
14.14 3.22198
14.16 7.6868
14.18 8.36621
14.2 5.19315
14.22 -1.14584
14.24 -7.31887
14.26 -8.88298
14.28 -7.53549
14.3 -6.39636
14.32 -4.82302
14.34 -0.403285
14.36 5.52222
14.38 10.7232
14.4 13.4981
14.42 12.7692
14.44 8.71484
14.46 1.89253
14.48 -3.65741
14.5 -6.70436
14.52 -8.69163
14.54 -8.72791
14.56 -6.69943
14.58 -3.51092
14.6 0.355629
14.62 4.29642
14.64 6.89439
14.66 7.10954
14.68 5.88304
14.7 3.78591
14.72 1.51787
14.74 -0.542651
14.76 -3.55521
14.78 -7.28139
14.8 -8.55145
14.82 -5.74549
14.84 -2.79011
14.86 -1.78123
14.88 -0.421074
14.9 1.64284
14.92 4.26117
14.94 7.85725
14.96 9.40399
14.98 6.66396
15 0.725917
15.02 -4.42569
15.04 -5.92236
15.06 -6.87171
15.08 -8.11587
15.1 -7.65864
15.12 -5.75999
15.14 -2.44598
15.16 2.94912
15.18 8.97532
15.2 11.9594
15.22 10.6147
15.24 7.1967
15.26 4.73715
15.28 2.41647
15.3 -1.0108
15.32 -4.94143
15.34 -8.78187
15.36 -10.6852
15.38 -9.58511
15.4 -5.0149
15.42 -0.779116
15.44 -0.447322
15.46 -0.647632
15.48 1.11282
15.5 4.43759
15.52 7.27322
15.54 7.05304
15.56 3.44529
15.58 -1.29612
15.6 -3.64902
15.62 -1.60521
15.64 1.11586
15.66 0.522311
15.68 -1.42245
15.7 -2.27842
15.72 -0.0806696
15.74 4.14319
15.76 6.13791
15.78 4.74122
15.8 1.04873
15.82 -2.26586
15.84 -2.9352
15.86 -2.01826
15.88 -2.03511
15.9 -3.72339
15.92 -4.52295
15.94 -2.94401
15.96 -0.203011
15.98 2.63788
16 4.09352
16.02 2.82769
16.04 1.01816
16.06 0.401984
16.08 0.316124
16.1 -0.544031
16.12 -2.91025
16.14 -4.89155
16.16 -4.31991
16.18 -0.53705
16.2 2.79701
16.22 3.87045
16.24 4.3455
16.26 4.12662
16.28 3.78738
16.3 3.58317
16.32 1.7056
16.34 -3.73732
16.36 -9.02373
16.38 -9.99401
16.4 -7.61044
16.42 -4.23676
16.44 -1.24507
16.46 1.8423
16.48 5.28683
16.5 8.75274
16.52 11.5736
16.54 11.3555
16.56 6.83669
16.58 0.211156
16.6 -3.72896
16.62 -4.79494
16.64 -6.59966
16.66 -8.1554
16.68 -8.43508
16.7 -6.91354
16.72 -2.60283
16.74 2.6013
16.76 5.59632
16.78 5.66046
16.8 5.00177
16.82 4.82209
16.84 4.43436
16.86 2.46242
16.88 -1.95034
16.9 -6.9203
16.92 -9.68546
16.94 -9.99764
16.96 -8.30856
16.98 -5.22487
17 -2.0136
17.02 2.41276
17.04 8.18888
17.06 13.0297
17.08 15.3029
17.1 13.5791
17.12 8.10114
17.14 1.87131
17.16 -3.57086
17.18 -8.18705
17.2 -11.0102
17.22 -11.5445
17.24 -10.141
17.26 -6.22807
17.28 -0.109119
17.3 5.27542
17.32 7.97724
17.34 8.65752
17.36 7.87968
17.38 5.93102
17.4 3.25178
17.42 0.269752
17.44 -2.15728
17.46 -3.62584
17.48 -4.16643
17.5 -4.11824
17.52 -4.00971
17.54 -4.19511
17.56 -3.81748
17.58 -2.0837
17.6 -0.162716
17.62 1.16476
17.64 1.01767
17.66 0.405903
17.68 0.643954
17.7 0.612945
17.72 -0.452723
17.74 -1.98059
17.76 -2.80716
17.78 -3.06453
17.8 -1.1684
17.82 2.47986
17.84 5.24709
17.86 6.3123
17.88 6.05907
17.9 4.7225
17.92 2.09003
17.94 -1.1301
17.96 -4.03484
17.98 -6.27944
18 -7.72082
18.02 -6.98417
18.04 -3.59131
18.06 0.986888
18.08 4.87835
18.1 6.62318
18.12 5.95315
18.14 3.95334
18.16 2.5676
18.18 2.14447
18.2 1.12428
18.22 -1.30962
18.24 -4.08132
18.26 -4.78634
18.28 -3.08085
18.3 -1.11424
18.32 -0.623669
18.34 -2.00171
18.36 -3.60361
18.38 -3.07252
18.4 -0.0578624
18.42 3.09818
18.44 4.11243
18.46 3.153
18.48 2.0179
18.5 1.5566
18.52 0.786644
18.54 -0.848239
18.56 -2.9463
18.58 -4.83682
18.6 -4.57455
18.62 -1.66595
18.64 1.54342
18.66 3.98973
18.68 6.04177
18.7 7.29859
18.72 6.95168
18.74 5.01031
18.76 1.94404
18.78 -2.05991
18.8 -5.85017
18.82 -7.49582
18.84 -6.73267
18.86 -6.09585
18.88 -5.78903
18.9 -3.54884
18.92 0.545182
18.94 4.89346
18.96 7.45362
18.98 7.7428
19 6.60077
19.02 4.34281
19.04 2.1493
19.06 -0.150844
19.08 -4.37061
19.1 -9.45855
19.12 -11.2862
19.14 -8.46884
19.16 -3.97408
19.18 -0.191627
19.2 3.34996
19.22 7.31692
19.24 10.8094
19.26 12.4357
19.28 10.8246
19.3 5.30523
19.32 -2.8152
19.34 -9.28764
19.36 -11.4171
19.38 -11.4777
19.4 -10.9164
19.42 -8.60262
19.44 -3.78231
19.46 2.89058
19.48 8.98447
19.5 12.5024
19.52 12.053
19.54 7.6764
19.56 3.15942
19.58 0.67602
19.6 -2.08296
19.62 -5.82492
19.64 -8.40968
19.66 -8.26939
19.68 -5.42302
19.7 -0.962193
19.72 3.11463
19.74 5.29021
19.76 5.52619
19.78 5.31032
19.8 5.99732
19.82 5.83502
19.84 2.81305
19.86 -1.62817
19.88 -5.4333
19.9 -7.59096
19.92 -7.8168
19.94 -6.70603
19.96 -5.60003
19.98 -5.17342
20 -3.57985
