0.02 -0.00730537
0.04 -0.0240001
0.06 -0.0284481
0.08 -0.000433717
0.1 0.0613485
0.12 0.138677
0.14 0.206229
0.16 0.26696
0.18 0.333722
0.2 0.401591
0.22 0.4712
0.24 0.553384
0.26 0.642049
0.28 0.71497
0.3 0.77206
0.32 0.834473
0.34 0.909973
0.36 0.992717
0.38 1.08085
0.4 1.1702
0.42 1.25017
0.44 1.32168
0.46 1.3987
0.48 1.49262
0.5 1.59532
0.52 1.69419
0.54 1.79559
0.56 1.90597
0.58 2.02514
0.6 2.16437
0.62 2.32986
0.64 2.4913
0.66 2.62529
0.68 2.75913
0.7 2.91631
0.72 3.08609
0.74 3.2712
0.76 3.48896
0.78 3.72603
0.8 3.96314
0.82 4.18788
0.84 4.36985
0.86 4.48678
0.88 4.5415
0.9 4.55671
0.92 4.55349
0.94 4.54191
0.96 4.55633
0.98 4.63688
1 4.80018
1.02 5.0413
1.04 5.33392
1.06 5.6625
1.08 6.03774
1.1 6.49064
1.12 7.03035
1.14 7.62289
1.16 8.24531
1.18 8.88596
1.2 9.52736
1.22 10.1536
1.24 10.7575
1.26 11.3246
1.28 11.7705
1.3 12.0003
1.32 12.0361
1.34 11.9636
1.36 11.8299
1.38 11.6779
1.4 11.5788
1.42 11.5761
1.44 11.6799
1.46 11.9112
1.48 12.2591
1.5 12.6608
1.52 13.0872
1.54 13.5563
1.56 14.045
1.58 14.4627
1.6 14.7208
1.62 14.806
1.64 14.7698
1.66 14.6433
1.68 14.4255
1.7 14.1336
1.72 13.791
1.74 13.4387
1.76 13.1707
1.78 13.0743
1.8 13.1749
1.82 13.4432
1.84 13.8033
1.86 14.1718
1.88 14.5166
1.9 14.8595
1.92 15.1906
1.94 15.443
1.96 15.5682
1.98 15.5419
2 15.3251
2.02 14.9039
2.04 14.3117
2.06 13.5604
2.08 12.6151
2.1 11.4429
2.12 10.0317
2.14 8.35067
2.16 6.29654
2.18 3.71899
2.2 0.577031
2.22 -2.97662
2.24 -6.78135
2.26 -10.7947
2.28 -14.9463
2.3 -19.0679
2.32 -22.9601
2.34 -26.4229
2.36 -29.3801
2.38 -32.0792
2.4 -35.0235
2.42 -38.6224
2.44 -42.9941
2.46 -48.1173
2.48 -53.9793
2.5 -60.4419
2.52 -67.1481
2.54 -73.7345
2.56 -80.0189
2.58 -85.9328
2.6 -91.4166
2.62 -96.4168
2.64 -100.881
2.66 -104.74
2.68 -107.934
2.7 -110.397
2.72 -112.04
2.74 -112.766
2.76 -112.568
2.78 -111.639
2.8 -110.375
2.82 -109.238
2.84 -108.52
2.86 -108.23
2.88 -108.167
2.9 -108.041
2.92 -107.554
2.94 -106.481
2.96 -104.692
2.98 -102.152
3 -98.9048
3.02 -95.0073
3.04 -90.4619
3.06 -85.2855
3.08 -79.5755
3.1 -73.458
3.12 -67.0312
3.14 -60.3912
3.16 -53.6924
3.18 -47.1458
3.2 -40.9497
3.22 -35.275
3.24 -30.2997
3.26 -26.1665
3.28 -22.9303
3.3 -20.6051
3.32 -19.1934
3.34 -18.6116
3.36 -18.6316
3.38 -18.986
3.4 -19.5329
3.42 -20.252
3.44 -21.1303
3.46 -22.1481
3.48 -23.3247
3.5 -24.6685
3.52 -26.12
3.54 -27.6374
3.56 -29.2885
3.58 -31.2041
3.6 -33.4651
3.62 -36.0558
3.64 -38.9267
3.66 -42.0796
3.68 -45.5212
3.7 -49.0913
3.72 -52.433
3.74 -55.1733
3.76 -57.0693
3.78 -58.0856
3.8 -58.4432
3.82 -58.5238
3.84 -58.6522
3.86 -58.8651
3.88 -58.8781
3.9 -58.351
3.92 -57.1068
3.94 -55.1011
3.96 -52.383
3.98 -49.1324
4 -45.533
4.02 -41.5873
4.04 -37.2216
4.06 -32.4638
4.08 -27.3583
4.1 -21.8586
4.12 -15.9052
4.14 -9.45957
4.16 -2.45233
4.18 5.14695
4.2 13.2018
4.22 21.392
4.24 29.313
4.26 36.6179
4.28 43.1051
4.3 48.6948
4.32 53.3322
4.34 56.9386
4.36 59.4494
4.38 60.8323
4.4 61.0457
4.42 60.0311
4.44 57.804
4.46 54.5661
4.48 50.73
4.5 46.789
4.52 43.0863
4.54 39.721
4.56 36.6852
4.58 34.0082
4.6 31.7624
4.62 30.0278
4.64 28.8654
4.66 28.2564
4.68 28.037
4.7 27.9044
4.72 27.5185
4.74 26.6722
4.76 25.3652
4.78 23.66
4.8 21.52
4.82 18.7857
4.84 15.2699
4.86 10.9453
4.88 6.05285
4.9 0.954154
4.92 -4.10513
4.94 -9.0605
4.96 -13.9299
4.98 -18.6983
5 -23.3095
5.02 -27.7204
5.04 -31.893
5.06 -35.7431
5.08 -39.1196
5.1 -41.8356
5.12 -43.7442
5.14 -44.7487
5.16 -44.7321
5.18 -43.5628
5.2 -41.1874
5.22 -37.648
5.24 -33.0093
5.26 -27.3128
5.28 -20.5879
5.3 -12.8713
5.32 -4.20384
5.34 5.38471
5.36 15.8876
5.38 27.2964
5.4 39.5137
5.42 52.2829
5.44 65.2495
5.46 78.1174
5.48 90.762
5.5 103.22
5.52 115.583
5.54 127.913
5.56 140.21
5.58 152.423
5.6 164.464
5.62 176.231
5.64 187.615
5.66 198.475
5.68 208.621
5.7 217.851
5.72 225.999
5.74 232.95
5.76 238.631
5.78 242.994
5.8 246
5.82 247.642
5.84 247.999
5.86 247.204
5.88 245.331
5.9 242.366
5.92 238.249
5.94 232.963
5.96 226.567
5.98 219.142
6 210.765
6.02 201.554
6.04 191.679
6.06 181.284
6.08 170.443
6.1 159.225
6.12 147.735
6.14 136.089
6.16 124.335
6.18 112.44
6.2 100.359
6.22 88.1029
6.24 75.7526
6.26 63.4267
6.28 51.2656
6.3 39.4277
6.32 28.0727
6.34 17.3218
6.36 7.23886
6.38 -2.15558
6.4 -10.8728
6.42 -18.9398
6.44 -26.3719
6.46 -33.1486
6.48 -39.2156
6.5 -44.5213
6.52 -49.0553
6.54 -52.8566
6.56 -55.9825
6.58 -58.4712
6.6 -60.3429
6.62 -61.6462
6.64 -62.4829
6.66 -62.9832
6.68 -63.273
6.7 -63.4531
6.72 -63.5995
6.74 -63.7837
6.76 -64.0579
6.78 -64.4243
6.8 -64.8594
6.82 -65.3608
6.84 -65.9478
6.86 -66.6321
6.88 -67.3977
6.9 -68.2013
6.92 -68.9965
6.94 -69.7657
6.96 -70.5407
6.98 -71.4108
7 -72.5053
7.02 -73.9316
7.04 -75.7076
7.06 -77.7699
7.08 -80.0654
7.1 -82.6125
7.12 -85.463
7.14 -88.637
7.16 -92.0926
7.18 -95.7729
7.2 -99.6873
7.22 -103.862
7.24 -108.21
7.26 -112.529
7.28 -116.614
7.3 -120.356
7.32 -123.737
7.34 -126.752
7.36 -129.348
7.38 -131.428
7.4 -132.889
7.42 -133.659
7.44 -133.72
7.46 -133.122
7.48 -131.995
7.5 -130.509
7.52 -128.817
7.54 -127.044
7.56 -125.318
7.58 -123.743
7.6 -122.328
7.62 -120.975
7.64 -119.567
7.66 -118.019
7.68 -116.256
7.7 -114.2
7.72 -111.801
7.74 -109.058
7.76 -106.001
7.78 -102.662
7.8 -99.0737
7.82 -95.292
7.84 -91.3899
7.86 -87.4299
7.88 -83.4713
7.9 -79.6325
7.92 -76.1114
7.94 -73.129
7.96 -70.8802
7.98 -69.4947
8 -68.9883
8.02 -69.2645
8.04 -70.1707
8.06 -71.5463
8.08 -73.2436
8.1 -75.1302
8.12 -77.0923
8.14 -79.049
8.16 -80.9676
8.18 -82.8445
8.2 -84.6693
8.22 -86.415
8.24 -88.0463
8.26 -89.5476
8.28 -90.9419
8.3 -92.2608
8.32 -93.5186
8.34 -94.723
8.36 -95.8846
8.38 -97.0168
8.4 -98.1371
8.42 -99.2664
8.44 -100.414
8.46 -101.559
8.48 -102.648
8.5 -103.602
8.52 -104.351
8.54 -104.845
8.56 -105.039
8.58 -104.873
8.6 -104.253
8.62 -103.063
8.64 -101.189
8.66 -98.525
8.68 -94.9938
8.7 -90.5733
8.72 -85.2889
8.74 -79.1989
8.76 -72.3831
8.78 -64.9272
8.8 -56.9149
8.82 -48.4451
8.84 -39.6526
8.86 -30.7066
8.88 -21.7834
8.9 -13.0236
8.92 -4.50925
8.94 3.74219
8.96 11.7543
8.98 19.5344
9 27.0597
9.02 34.3028
9.04 41.2496
9.06 47.9114
9.08 54.3122
9.1 60.4625
9.12 66.3631
9.14 72.033
9.16 77.5013
9.18 82.7657
9.2 87.7814
9.22 92.4955
9.24 96.893
9.26 101.002
9.28 104.842
9.3 108.404
9.32 111.673
9.34 114.669
9.36 117.447
9.38 120.047
9.4 122.465
9.42 124.659
9.44 126.567
9.46 128.153
9.48 129.433
9.5 130.461
9.52 131.274
9.54 131.86
9.56 132.181
9.58 132.229
9.6 132.047
9.62 131.688
9.64 131.198
9.66 130.632
9.68 130.067
9.7 129.561
9.72 129.132
9.74 128.792
9.76 128.583
9.78 128.541
9.8 128.678
9.82 128.996
9.84 129.527
9.86 130.329
9.88 131.432
9.9 132.819
9.92 134.462
9.94 136.371
9.96 138.543
9.98 140.899
10 143.302
10.02 145.628
10.04 147.805
10.06 149.786
10.08 151.521
10.1 152.967
10.12 154.09
10.14 154.869
10.16 155.276
10.18 155.288
10.2 154.918
10.22 154.229
10.24 153.31
10.26 152.222
10.28 150.975
10.3 149.581
10.32 148.065
10.34 146.428
10.36 144.618
10.38 142.572
10.4 140.252
10.42 137.633
10.44 134.672
10.46 131.319
10.48 127.524
10.5 123.236
10.52 118.396
10.54 112.967
10.56 106.959
10.58 100.451
10.6 93.5553
10.62 86.3874
10.64 79.0412
10.66 71.5978
10.68 64.1268
10.7 56.6801
10.72 49.2871
10.74 41.958
10.76 34.7
10.78 27.5391
10.8 20.5123
10.82 13.6337
10.84 6.89643
10.86 0.310068
10.88 -6.08652
10.9 -12.2459
10.92 -18.1229
10.94 -23.6635
10.96 -28.8174
10.98 -33.5736
11 -37.9632
11.02 -42.0229
11.04 -45.7715
11.06 -49.2217
11.08 -52.4002
11.1 -55.3446
11.12 -58.0828
11.14 -60.6324
11.16 -63.0242
11.18 -65.3088
11.2 -67.5375
11.22 -69.7466
11.24 -71.9548
11.26 -74.1676
11.28 -76.3783
11.3 -78.5642
11.32 -80.6805
11.34 -82.6696
11.36 -84.4862
11.38 -86.1124
11.4 -87.5388
11.42 -88.7351
11.44 -89.6519
11.46 -90.2417
11.48 -90.4612
11.5 -90.2576
11.52 -89.5747
11.54 -88.3784
11.56 -86.6791
11.58 -84.537
11.6 -82.0401
11.62 -79.2767
11.64 -76.335
11.66 -73.3005
11.68 -70.2308
11.7 -67.1447
11.72 -64.0451
11.74 -60.9397
11.76 -57.8336
11.78 -54.7245
11.8 -51.6175
11.82 -48.5313
11.84 -45.4784
11.86 -42.4489
11.88 -39.4264
11.9 -36.4096
11.92 -33.4059
11.94 -30.4142
11.96 -27.4256
11.98 -24.4425
12 -21.4907
12.02 -18.6075
12.04 -15.826
12.06 -13.1684
12.08 -10.6481
12.1 -8.27468
12.12 -6.0606
12.14 -4.03215
12.16 -2.23687
12.18 -0.737305
12.2 0.410519
12.22 1.1736
12.24 1.5465
12.26 1.56303
12.28 1.30476
12.3 0.879936
12.32 0.386941
12.34 -0.104854
12.36 -0.553416
12.38 -0.939716
12.4 -1.26814
12.42 -1.55404
12.44 -1.79588
12.46 -1.96803
12.48 -2.04755
12.5 -2.03735
12.52 -1.95566
12.54 -1.81139
12.56 -1.59699
12.58 -1.29742
12.6 -0.894635
12.62 -0.361325
12.64 0.350732
12.66 1.31319
12.68 2.60748
12.7 4.32093
12.72 6.56772
12.74 9.49581
12.76 13.234
12.78 17.8129
12.8 23.1463
12.82 29.0792
12.84 35.4358
12.86 42.04
12.88 48.7291
12.9 55.378
12.92 61.912
12.94 68.2902
12.96 74.4937
12.98 80.523
13 86.3887
13.02 92.097
13.04 97.6444
13.06 103.02
13.08 108.207
13.1 113.188
13.12 117.936
13.14 122.43
13.16 126.662
13.18 130.628
13.2 134.318
13.22 137.713
13.24 140.776
13.26 143.463
13.28 145.726
13.3 147.515
13.32 148.776
13.34 149.434
13.36 149.398
13.38 148.55
13.4 146.74
13.42 143.827
13.44 139.761
13.46 134.591
13.48 128.408
13.5 121.322
13.52 113.458
13.54 104.952
13.56 95.9422
13.58 86.5765
13.6 76.985
13.62 67.2539
13.64 57.4312
13.66 47.5562
13.68 37.6773
13.7 27.8476
13.72 18.1164
13.74 8.5228
13.76 -0.914983
13.78 -10.1983
13.8 -19.33
13.82 -28.2982
13.84 -37.0775
13.86 -45.6449
13.88 -53.9885
13.9 -62.0917
13.92 -69.9234
13.94 -77.45
13.96 -84.6464
13.98 -91.4903
14 -97.9531
14.02 -104.002
14.04 -109.606
14.06 -114.739
14.08 -119.386
14.1 -123.542
14.12 -127.223
14.14 -130.467
14.16 -133.328
14.18 -135.869
14.2 -138.162
14.22 -140.271
14.24 -142.256
14.26 -144.157
14.28 -146
14.3 -147.8
14.32 -149.569
14.34 -151.332
14.36 -153.127
14.38 -154.977
14.4 -156.888
14.42 -158.866
14.44 -160.917
14.46 -163.042
14.48 -165.236
14.5 -167.494
14.52 -169.824
14.54 -172.243
14.56 -174.762
14.58 -177.382
14.6 -180.101
14.62 -182.913
14.64 -185.813
14.66 -188.795
14.68 -191.851
14.7 -194.964
14.72 -198.114
14.74 -201.291
14.76 -204.49
14.78 -207.714
14.8 -210.958
14.82 -214.216
14.84 -217.482
14.86 -220.75
14.88 -224
14.9 -227.181
14.92 -230.228
14.94 -233.095
14.96 -235.754
14.98 -238.183
15 -240.359
15.02 -242.256
15.04 -243.843
15.06 -245.092
15.08 -245.975
15.1 -246.461
15.12 -246.509
15.14 -246.067
15.16 -245.064
15.18 -243.422
15.2 -241.083
15.22 -238.036
15.24 -234.336
15.26 -230.066
15.28 -225.285
15.3 -220.025
15.32 -214.329
15.34 -208.271
15.36 -201.92
15.38 -195.321
15.4 -188.494
15.42 -181.468
15.44 -174.276
15.46 -166.946
15.48 -159.496
15.5 -151.934
15.52 -144.27
15.54 -136.518
15.56 -128.7
15.58 -120.834
15.6 -112.934
15.62 -105.014
15.64 -97.0898
15.66 -89.183
15.68 -81.3269
15.7 -73.5641
15.72 -65.9421
15.74 -58.5059
15.76 -51.2889
15.78 -44.3111
15.8 -37.5884
15.82 -31.1383
15.84 -24.9764
15.86 -19.1127
15.88 -13.544
15.9 -8.23666
15.92 -3.1274
15.94 1.84244
15.96 6.7016
15.98 11.4627
16 16.1435
16.02 20.7585
16.04 25.2973
16.06 29.7276
16.08 34.0228
16.1 38.1754
16.12 42.191
16.14 46.0836
16.16 49.8818
16.18 53.6287
16.2 57.3662
16.22 61.1178
16.24 64.8884
16.26 68.6754
16.28 72.475
16.3 76.2809
16.32 80.0787
16.34 83.8502
16.36 87.5836
16.38 91.2771
16.4 94.9385
16.42 98.5844
16.44 102.233
16.46 105.895
16.48 109.574
16.5 113.275
16.52 116.994
16.54 120.723
16.56 124.441
16.58 128.124
16.6 131.747
16.62 135.287
16.64 138.727
16.66 142.05
16.68 145.244
16.7 148.297
16.72 151.196
16.74 153.926
16.76 156.475
16.78 158.826
16.8 160.965
16.82 162.88
16.84 164.554
16.86 165.971
16.88 167.118
16.9 168
16.92 168.621
16.94 168.986
16.96 169.1
16.98 168.97
17 168.603
17.02 168.009
17.04 167.193
17.06 166.156
17.08 164.894
17.1 163.402
17.12 161.68
17.14 159.727
17.16 157.546
17.18 155.154
17.2 152.571
17.22 149.823
17.24 146.945
17.26 143.968
17.28 140.905
17.3 137.752
17.32 134.505
17.34 131.167
17.36 127.734
17.38 124.194
17.4 120.541
17.42 116.78
17.44 112.923
17.46 108.989
17.48 104.994
17.5 100.946
17.52 96.8517
17.54 92.7258
17.56 88.5817
17.58 84.4256
17.6 80.2599
17.62 76.089
17.64 71.9224
17.66 67.7741
17.68 63.6578
17.7 59.5855
17.72 55.5678
17.74 51.6139
17.76 47.7367
17.78 43.9509
17.8 40.2652
17.82 36.6786
17.84 33.1856
17.86 29.7841
17.88 26.4755
17.9 23.2582
17.92 20.1319
17.94 17.1046
17.96 14.1854
17.98 11.3752
18 8.67354
18.02 6.08792
18.04 3.62698
18.06 1.29179
18.08 -0.921122
18.1 -3.01363
18.12 -4.9856
18.14 -6.83819
18.16 -8.57465
18.18 -10.195
18.2 -11.6914
18.22 -13.0503
18.24 -14.2603
18.26 -15.3162
18.28 -16.2115
18.3 -16.932
18.32 -17.4633
18.34 -17.8007
18.36 -17.9424
18.38 -17.8796
18.4 -17.6082
18.42 -17.1434
18.44 -16.5177
18.46 -15.7719
18.48 -14.9466
18.5 -14.0711
18.52 -13.1592
18.54 -12.2141
18.56 -11.2304
18.58 -10.1932
18.6 -9.08612
18.62 -7.90223
18.64 -6.6461
18.66 -5.32584
18.68 -3.94488
18.7 -2.50168
18.72 -0.99527
18.74 0.572543
18.76 2.20083
18.78 3.88862
18.8 5.62809
18.82 7.40397
18.84 9.19957
18.86 11.0006
18.88 12.7951
18.9 14.5754
18.92 16.3395
18.94 18.0895
18.96 19.8262
18.98 21.5503
19 23.2647
19.02 24.9756
19.04 26.6884
19.06 28.4038
19.08 30.1175
19.1 31.8187
19.12 33.4891
19.14 35.1038
19.16 36.6356
19.18 38.0628
19.2 39.3707
19.22 40.5523
19.24 41.6139
19.26 42.5771
19.28 43.466
19.3 44.2962
19.32 45.082
19.34 45.8452
19.36 46.6111
19.38 47.3933
19.4 48.189
19.42 48.9887
19.44 49.7856
19.46 50.5772
19.48 51.3622
19.5 52.1384
19.52 52.9032
19.54 53.6548
19.56 54.3893
19.58 55.0978
19.6 55.7692
19.62 56.395
19.64 56.9741
19.66 57.5113
19.68 58.0135
19.7 58.4905
19.72 58.9595
19.74 59.4439
19.76 59.9677
19.78 60.5542
19.8 61.2224
19.82 61.9758
19.84 62.7977
19.86 63.6643
19.88 64.5637
19.9 65.4965
19.92 66.4624
19.94 67.4527
19.96 68.4493
19.98 69.4265
20 70.3563
20.02 71.2136
20.04 71.9764
20.06 72.6274
20.08 73.1612
20.1 73.5847
20.12 73.906
20.14 74.1265
20.16 74.2463
20.18 74.268
20.2 74.1908
20.22 74.0061
20.24 73.7027
20.26 73.2706
20.28 72.698
20.3 71.9691
20.32 71.0663
20.34 69.9732
20.36 68.6734
20.38 67.1507
20.4 65.3894
20.42 63.3809
20.44 61.1319
20.46 58.6648
20.48 56.0067
20.5 53.1795
20.52 50.2001
20.54 47.0852
20.56 43.8537
20.58 40.5281
20.6 37.131
20.62 33.6827
20.64 30.1992
20.66 26.6948
20.68 23.1835
20.7 19.6796
20.72 16.1948
20.74 12.7369
20.76 9.31073
20.78 5.92248
20.8 2.58133
20.82 -0.701802
20.84 -3.91565
20.86 -7.05083
20.88 -10.1012
20.9 -13.0612
20.92 -15.9242
20.94 -18.6847
20.96 -21.3401
20.98 -23.8894
21 -26.3308
21.02 -28.6613
21.04 -30.8794
21.06 -32.9852
21.08 -34.9778
21.1 -36.8533
21.12 -38.608
21.14 -40.2408
21.16 -41.7548
21.18 -43.1567
21.2 -44.4597
21.22 -45.6843
21.24 -46.855
21.26 -47.9935
21.28 -49.1126
21.3 -50.2174
21.32 -51.311
21.34 -52.3972
21.36 -53.4768
21.38 -54.5448
21.4 -55.5939
21.42 -56.6165
21.44 -57.6027
21.46 -58.5397
21.48 -59.4178
21.5 -60.2363
21.52 -61.0001
21.54 -61.7139
21.56 -62.3817
21.58 -63.0064
21.6 -63.5853
21.62 -64.1085
21.64 -64.5685
21.66 -64.9643
21.68 -65.2936
21.7 -65.5492
21.72 -65.7233
21.74 -65.8102
21.76 -65.8035
21.78 -65.6988
21.8 -65.4959
21.82 -65.1989
21.84 -64.8152
21.86 -64.3545
21.88 -63.8264
21.9 -63.2412
21.92 -62.6077
21.94 -61.9285
21.96 -61.2018
21.98 -60.4269
22 -59.6046
22.02 -58.7356
22.04 -57.8216
22.06 -56.8652
22.08 -55.8685
22.1 -54.8345
22.12 -53.7683
22.14 -52.6758
22.16 -51.5627
22.18 -50.4339
22.2 -49.2939
22.22 -48.1462
22.24 -46.9941
22.26 -45.8425
22.28 -44.6982
22.3 -43.5703
22.32 -42.4672
22.34 -41.3967
22.36 -40.3698
22.38 -39.4006
22.4 -38.5041
22.42 -37.695
22.44 -36.989
22.46 -36.3997
22.48 -35.9364
22.5 -35.6047
22.52 -35.406
22.54 -35.3348
22.56 -35.3769
22.58 -35.5129
22.6 -35.725
22.62 -35.9997
22.64 -36.3273
22.66 -36.7024
22.68 -37.1213
22.7 -37.5791
22.72 -38.0689
22.74 -38.5823
22.76 -39.1114
22.78 -39.6505
22.8 -40.1966
22.82 -40.7479
22.84 -41.3028
22.86 -41.8599
22.88 -42.4184
22.9 -42.9776
22.92 -43.5355
22.94 -44.0897
22.96 -44.6374
22.98 -45.1762
23 -45.703
23.02 -46.2154
23.04 -46.7125
23.06 -47.1941
23.08 -47.658
23.1 -48.0972
23.12 -48.5019
23.14 -48.8652
23.16 -49.184
23.18 -49.4554
23.2 -49.6761
23.22 -49.8442
23.24 -49.9595
23.26 -50.0222
23.28 -50.0357
23.3 -50.0102
23.32 -49.9612
23.34 -49.905
23.36 -49.8576
23.38 -49.8352
23.4 -49.8486
23.42 -49.9002
23.44 -49.9873
23.46 -50.108
23.48 -50.2612
23.5 -50.4429
23.52 -50.6477
23.54 -50.8735
23.56 -51.1217
23.58 -51.3957
23.6 -51.7003
23.62 -52.0437
23.64 -52.4359
23.66 -52.8858
23.68 -53.3975
23.7 -53.97
23.72 -54.6001
23.74 -55.2857
23.76 -56.0249
23.78 -56.8139
23.8 -57.6467
23.82 -58.5178
23.84 -59.4258
23.86 -60.3713
23.88 -61.3534
23.9 -62.3678
23.92 -63.4053
23.94 -64.4492
23.96 -65.478
23.98 -66.4714
24 -67.412
24.02 -68.2857
24.04 -69.0836
24.06 -69.8004
24.08 -70.4315
24.1 -70.9735
24.12 -71.4228
24.14 -71.773
24.16 -72.015
24.18 -72.1386
24.2 -72.1333
24.22 -71.9902
24.24 -71.7039
24.26 -71.2749
24.28 -70.7091
24.3 -70.0154
24.32 -69.2017
24.34 -68.2763
24.36 -67.2486
24.38 -66.1276
24.4 -64.9194
24.42 -63.6273
24.44 -62.2539
24.46 -60.8038
24.48 -59.2855
24.5 -57.7115
24.52 -56.095
24.54 -54.4458
24.56 -52.7682
24.58 -51.0642
24.6 -49.3372
24.62 -47.593
24.64 -45.8393
24.66 -44.0852
24.68 -42.3398
24.7 -40.6094
24.72 -38.8968
24.74 -37.2023
24.76 -35.5259
24.78 -33.8692
24.8 -32.2371
24.82 -30.6353
24.84 -29.0701
24.86 -27.5522
24.88 -26.0973
24.9 -24.7225
24.92 -23.4426
24.94 -22.2653
24.96 -21.1896
24.98 -20.2082
25 -19.3119
25.02 -18.4883
25.04 -17.7232
25.06 -17.0057
25.08 -16.3295
25.1 -15.6841
25.12 -15.0525
25.14 -14.4199
25.16 -13.7806
25.18 -13.1357
25.2 -12.4887
25.22 -11.843
25.24 -11.2003
25.26 -10.5598
25.28 -9.91743
25.3 -9.26677
25.32 -8.60293
25.34 -7.92276
25.36 -7.22326
25.38 -6.50318
25.4 -5.76582
25.42 -5.01884
25.44 -4.27138
25.46 -3.53059
25.48 -2.79985
25.5 -2.07768
25.52 -1.35648
25.54 -0.625127
25.56 0.127169
25.58 0.910096
25.6 1.73138
25.62 2.59417
25.64 3.49639
25.66 4.43439
25.68 5.40602
25.7 6.40751
25.72 7.43095
25.74 8.46707
25.76 9.50774
25.78 10.5462
25.8 11.5772
25.82 12.5962
25.84 13.5988
25.86 14.5809
25.88 15.539
25.9 16.4703
25.92 17.3749
25.94 18.2537
25.96 19.1039
25.98 19.9201
26 20.6979
26.02 21.4313
26.04 22.1116
26.06 22.7301
26.08 23.2791
26.1 23.7495
26.12 24.1335
26.14 24.4269
26.16 24.6301
26.18 24.747
26.2 24.7815
26.22 24.7378
26.24 24.6227
26.26 24.4427
26.28 24.2025
26.3 23.9069
26.32 23.5626
26.34 23.175
26.36 22.7498
26.38 22.2947
26.4 21.8159
26.42 21.3139
26.44 20.7863
26.46 20.2327
26.48 19.6571
26.5 19.0651
26.52 18.4628
26.54 17.8571
26.56 17.2545
26.58 16.6573
26.6 16.0635
26.62 15.4696
26.64 14.8734
26.66 14.2737
26.68 13.6731
26.7 13.0796
26.72 12.5061
26.74 11.966
26.76 11.4703
26.78 11.027
26.8 10.6415
26.82 10.3171
26.84 10.0564
26.86 9.86393
26.88 9.74534
26.9 9.70144
26.92 9.72777
26.94 9.81931
26.96 9.97286
26.98 10.1867
27 10.4601
27.02 10.7932
27.04 11.1874
27.06 11.6415
27.08 12.1515
27.1 12.7136
27.12 13.3253
27.14 13.9847
27.16 14.6909
27.18 15.4452
27.2 16.2491
27.22 17.1021
27.24 18.0008
27.26 18.9401
27.28 19.9127
27.3 20.9094
27.32 21.9213
27.34 22.9432
27.36 23.9705
27.38 24.9953
27.4 26.0071
27.42 26.9964
27.44 27.9524
27.46 28.86
27.48 29.7047
27.5 30.4778
27.52 31.1788
27.54 31.8111
27.56 32.3802
27.58 32.8936
27.6 33.3581
27.62 33.776
27.64 34.1452
27.66 34.4637
27.68 34.733
27.7 34.9578
27.72 35.1439
27.74 35.2978
27.76 35.4277
27.78 35.5442
27.8 35.6586
27.82 35.7821
27.84 35.9246
27.86 36.0931
27.88 36.2902
27.9 36.5164
27.92 36.7726
27.94 37.0605
27.96 37.3818
27.98 37.7374
28 38.1276
28.02 38.5528
28.04 39.015
28.06 39.5159
28.08 40.0551
28.1 40.6307
28.12 41.2411
28.14 41.8845
28.16 42.5611
28.18 43.2749
28.2 44.0321
28.22 44.835
28.24 45.6828
28.26 46.5748
28.28 47.5102
28.3 48.486
28.32 49.4973
28.34 50.5338
28.36 51.5807
28.38 52.6247
28.4 53.6571
28.42 54.6727
28.44 55.6685
28.46 56.6414
28.48 57.5874
28.5 58.5021
28.52 59.3817
28.54 60.2242
28.56 61.0276
28.58 61.7875
28.6 62.4956
28.62 63.1428
28.64 63.7232
28.66 64.2344
28.68 64.6736
28.7 65.0352
28.72 65.3114
28.74 65.4927
28.76 65.5661
28.78 65.5183
28.8 65.3417
28.82 65.0336
28.84 64.5927
28.86 64.0231
28.88 63.336
28.9 62.5441
28.92 61.6579
28.94 60.6863
28.96 59.6371
28.98 58.5169
29 57.3339
29.02 56.1009
29.04 54.8334
29.06 53.5455
29.08 52.2492
29.1 50.9548
29.12 49.6703
29.14 48.4003
29.16 47.146
29.18 45.908
29.2 44.69
29.22 43.4964
29.24 42.329
29.26 41.1888
29.28 40.0793
29.3 39.0043
29.32 37.966
29.34 36.9674
29.36 36.0138
29.38 35.1096
29.4 34.2552
29.42 33.4505
29.44 32.6964
29.46 31.9918
29.48 31.3321
29.5 30.7117
29.52 30.1254
29.54 29.5665
29.56 29.0268
29.58 28.4995
29.6 27.9777
29.62 27.4539
29.64 26.9232
29.66 26.3846
29.68 25.8356
29.7 25.2676
29.72 24.6671
29.74 24.0221
29.76 23.323
29.78 22.5615
29.8 21.7307
29.82 20.8273
29.84 19.8533
29.86 18.8128
29.88 17.7095
29.9 16.5459
29.92 15.3264
29.94 14.0591
29.96 12.7567
29.98 11.4363
30 10.115
30.02 8.80322
30.04 7.50382
30.06 6.21653
30.08 4.94388
30.1 3.692
30.12 2.46595
30.14 1.26754
30.16 0.0988728
30.18 -1.03616
30.2 -2.13547
30.22 -3.20013
30.24 -4.23091
30.26 -5.2269
30.28 -6.18731
30.3 -7.11067
30.32 -7.99315
30.34 -8.83112
30.36 -9.62323
30.38 -10.3683
30.4 -11.0641
30.42 -11.7094
30.44 -12.3041
30.46 -12.8483
30.48 -13.3438
30.5 -13.7955
30.52 -14.2072
30.54 -14.5784
30.56 -14.9097
30.58 -15.2065
30.6 -15.4763
30.62 -15.723
30.64 -15.9488
30.66 -16.1573
30.68 -16.3539
30.7 -16.5453
30.72 -16.7351
30.74 -16.9235
30.76 -17.1092
30.78 -17.2929
30.8 -17.4767
30.82 -17.6641
30.84 -17.8594
30.86 -18.0668
30.88 -18.2918
30.9 -18.5399
30.92 -18.8132
30.94 -19.1105
30.96 -19.4316
30.98 -19.7767
31 -20.1439
31.02 -20.5303
31.04 -20.9341
31.06 -21.3542
31.08 -21.7885
31.1 -22.2345
31.12 -22.6912
31.14 -23.1565
31.16 -23.6277
31.18 -24.1023
31.2 -24.5767
31.22 -25.0444
31.24 -25.4984
31.26 -25.9319
31.28 -26.3384
31.3 -26.7116
31.32 -27.0471
31.34 -27.3443
31.36 -27.607
31.38 -27.8414
31.4 -28.0532
31.42 -28.2458
31.44 -28.42
31.46 -28.5738
31.48 -28.7035
31.5 -28.8047
31.52 -28.8736
31.54 -28.9079
31.56 -28.9088
31.58 -28.8804
31.6 -28.828
31.62 -28.7586
31.64 -28.6792
31.66 -28.5942
31.68 -28.5065
31.7 -28.4192
31.72 -28.3363
31.74 -28.2616
31.76 -28.1981
31.78 -28.1495
31.8 -28.1227
31.82 -28.1267
31.84 -28.1685
31.86 -28.2516
31.88 -28.378
31.9 -28.549
31.92 -28.7647
31.94 -29.0225
31.96 -29.318
31.98 -29.6454
32 -29.9984
32.02 -30.3705
32.04 -30.7563
32.06 -31.1523
32.08 -31.557
32.1 -31.9714
32.12 -32.3985
32.14 -32.8386
32.16 -33.288
32.18 -33.7414
32.2 -34.1956
32.22 -34.6467
32.24 -35.0884
32.26 -35.5133
32.28 -35.9159
32.3 -36.2907
32.32 -36.6326
32.34 -36.9384
32.36 -37.2077
32.38 -37.441
32.4 -37.636
32.42 -37.7875
32.44 -37.8889
32.46 -37.9351
32.48 -37.9232
32.5 -37.8534
32.52 -37.7276
32.54 -37.547
32.56 -37.3123
32.58 -37.0251
32.6 -36.6887
32.62 -36.3093
32.64 -35.894
32.66 -35.4492
32.68 -34.9798
32.7 -34.4883
32.72 -33.9761
32.74 -33.4451
32.76 -32.8978
32.78 -32.3364
32.8 -31.7646
32.82 -31.1894
32.84 -30.6198
32.86 -30.0642
32.88 -29.5321
32.9 -29.0376
32.92 -28.598
32.94 -28.2312
32.96 -27.9557
32.98 -27.7892
33 -27.7452
33.02 -27.828
33.04 -28.0311
33.06 -28.34
33.08 -28.7377
33.1 -29.2096
33.12 -29.745
33.14 -30.338
33.16 -30.9844
33.18 -31.6767
33.2 -32.4033
33.22 -33.152
33.24 -33.913
33.26 -34.6783
33.28 -35.4407
33.3 -36.1927
33.32 -36.9282
33.34 -37.6418
33.36 -38.3279
33.38 -38.9809
33.4 -39.5965
33.42 -40.1729
33.44 -40.7097
33.46 -41.2064
33.48 -41.661
33.5 -42.0682
33.52 -42.4193
33.54 -42.7044
33.56 -42.9132
33.58 -43.0357
33.6 -43.0646
33.62 -42.9971
33.64 -42.8323
33.66 -42.571
33.68 -42.2165
33.7 -41.7751
33.72 -41.2536
33.74 -40.657
33.76 -39.9909
33.78 -39.2628
33.8 -38.4841
33.82 -37.6679
33.84 -36.8258
33.86 -35.9672
33.88 -35.0987
33.9 -34.2257
33.92 -33.3517
33.94 -32.479
33.96 -31.6101
33.98 -30.7482
34 -29.8967
34.02 -29.06
34.04 -28.2441
34.06 -27.4565
34.08 -26.7045
34.1 -25.9938
34.12 -25.3293
34.14 -24.7159
34.16 -24.158
34.18 -23.6581
34.2 -23.217
34.22 -22.8356
34.24 -22.5145
34.26 -22.2545
34.28 -22.0536
34.3 -21.9063
34.32 -21.8054
34.34 -21.7436
34.36 -21.7112
34.38 -21.6962
34.4 -21.6881
34.42 -21.6813
34.44 -21.6753
34.46 -21.6723
34.48 -21.6749
34.5 -21.6841
34.52 -21.6998
34.54 -21.7197
34.56 -21.7368
34.58 -21.7396
34.6 -21.7149
34.62 -21.6506
34.64 -21.5379
34.66 -21.3724
34.68 -21.1525
34.7 -20.877
34.72 -20.5447
34.74 -20.1565
34.76 -19.7174
34.78 -19.2359
34.8 -18.7205
34.82 -18.1746
34.84 -17.5987
34.86 -16.9944
34.88 -16.3673
34.9 -15.7205
34.92 -15.0513
34.94 -14.3615
34.96 -13.6598
34.98 -12.9511
35 -12.2315
35.02 -11.5001
35.04 -10.7624
35.06 -10.0203
35.08 -9.2737
35.1 -8.52896
35.12 -7.79574
35.14 -7.08003
35.16 -6.38627
35.18 -5.72007
35.2 -5.08449
35.22 -4.47911
35.24 -3.90516
35.26 -3.36666
35.28 -2.86596
35.3 -2.40322
35.32 -1.97983
35.34 -1.59755
35.36 -1.25558
35.38 -0.952582
35.4 -0.689787
35.42 -0.469817
35.44 -0.294443
35.46 -0.164475
35.48 -0.0796717
35.5 -0.0383345
35.52 -0.0365002
35.54 -0.0691489
35.56 -0.132812
35.58 -0.22382
35.6 -0.336031
35.62 -0.462588
35.64 -0.597521
35.66 -0.735098
35.68 -0.869903
35.7 -0.998088
35.72 -1.11834
35.74 -1.23166
35.76 -1.3397
35.78 -1.4431
35.8 -1.54097
35.82 -1.63379
35.84 -1.72364
35.86 -1.80649
35.88 -1.87227
35.9 -1.91459
35.92 -1.92952
35.94 -1.90919
35.96 -1.8449
35.98 -1.73251
36 -1.57086
36.02 -1.35709
36.04 -1.08915
36.06 -0.771061
36.08 -0.409056
36.1 -0.00488256
36.12 0.442073
36.14 0.929204
36.16 1.45087
36.18 2.00413
36.2 2.59018
36.22 3.20865
36.24 3.85645
36.26 4.53193
36.28 5.23388
36.3 5.95908
36.32 6.7034
36.34 7.46227
36.36 8.23214
36.38 9.01277
36.4 9.80357
36.42 10.601
36.44 11.4042
36.46 12.217
36.48 13.0398
36.5 13.8671
36.52 14.697
36.54 15.5343
36.56 16.3811
36.58 17.2319
36.6 18.0812
36.62 18.9268
36.64 19.7659
36.66 20.5928
36.68 21.4009
36.7 22.1842
36.72 22.9401
36.74 23.6689
36.76 24.3698
36.78 25.0372
36.8 25.6615
36.82 26.2314
36.84 26.7365
36.86 27.1694
36.88 27.5266
36.9 27.8122
36.92 28.0392
36.94 28.2214
36.96 28.3668
36.98 28.4764
37 28.5489
37.02 28.5842
37.04 28.5839
37.06 28.553
37.08 28.5006
37.1 28.4376
37.12 28.3722
37.14 28.3106
37.16 28.2575
37.18 28.2165
37.2 28.1904
37.22 28.18
37.24 28.1845
37.26 28.2067
37.28 28.2527
37.3 28.3288
37.32 28.4374
37.34 28.5769
37.36 28.7436
37.38 28.9347
37.4 29.1499
37.42 29.3912
37.44 29.6607
37.46 29.9581
37.48 30.2804
37.5 30.6231
37.52 30.9798
37.54 31.3422
37.56 31.7012
37.58 32.049
37.6 32.3786
37.62 32.6819
37.64 32.9498
37.66 33.174
37.68 33.3476
37.7 33.4638
37.72 33.5165
37.74 33.5012
37.76 33.4168
37.78 33.2672
37.8 33.0611
37.82 32.8104
37.84 32.5278
37.86 32.2243
37.88 31.9072
37.9 31.5811
37.92 31.2503
37.94 30.9188
37.96 30.5904
37.98 30.2681
38 29.9546
38.02 29.6521
38.04 29.3625
38.06 29.0884
38.08 28.8334
38.1 28.5999
38.12 28.3885
38.14 28.1992
38.16 28.0325
38.18 27.8892
38.2 27.7702
38.22 27.6776
38.24 27.615
38.26 27.5839
38.28 27.5842
38.3 27.6165
38.32 27.6799
38.34 27.7694
38.36 27.8779
38.38 27.9986
38.4 28.1243
38.42 28.2483
38.44 28.3663
38.46 28.4754
38.48 28.5728
38.5 28.6571
38.52 28.728
38.54 28.7845
38.56 28.8248
38.58 28.8482
38.6 28.8566
38.62 28.8517
38.64 28.8334
38.66 28.8007
38.68 28.753
38.7 28.6904
38.72 28.6143
38.74 28.5248
38.76 28.4185
38.78 28.29
38.8 28.1335
38.82 27.9427
38.84 27.7121
38.86 27.4381
38.88 27.1183
38.9 26.7511
38.92 26.338
38.94 25.8857
38.96 25.4034
38.98 24.9006
39 24.3859
39.02 23.867
39.04 23.3501
39.06 22.8402
39.08 22.3421
39.1 21.8591
39.12 21.3923
39.14 20.9427
39.16 20.5099
39.18 20.0926
39.2 19.6899
39.22 19.3039
39.24 18.9381
39.26 18.5962
39.28 18.2809
39.3 17.9931
39.32 17.7309
39.34 17.4906
39.36 17.2686
39.38 17.0614
39.4 16.8654
39.42 16.679
39.44 16.5012
39.46 16.328
39.48 16.154
39.5 15.9767
39.52 15.7949
39.54 15.6061
39.56 15.409
39.58 15.2037
39.6 14.9889
39.62 14.762
39.64 14.5213
39.66 14.2649
39.68 13.9906
39.7 13.697
39.72 13.3841
39.74 13.0512
39.76 12.6974
39.78 12.3237
39.8 11.9337
39.82 11.5319
39.84 11.1237
39.86 10.7139
39.88 10.3045
39.9 9.89463
39.92 9.48242
39.94 9.06493
39.96 8.63802
39.98 8.19663
40 7.73605
40.02 7.25309
40.04 6.7468
40.06 6.21915
40.08 5.67296
40.1 5.10878
40.12 4.52593
40.14 3.92593
40.16 3.31124
40.18 2.6828
40.2 2.04099
40.22 1.38723
40.24 0.723331
40.26 0.0499703
40.28 -0.634307
40.3 -1.33233
40.32 -2.04658
40.34 -2.77954
40.36 -3.53481
40.38 -4.31478
40.4 -5.11781
40.42 -5.93969
40.44 -6.77528
40.46 -7.61775
40.48 -8.45968
40.5 -9.29568
40.52 -10.1218
40.54 -10.9342
40.56 -11.7299
40.58 -12.506
40.6 -13.2593
40.62 -13.9864
40.64 -14.6846
40.66 -15.3516
40.68 -15.9847
40.7 -16.5816
40.72 -17.14
40.74 -17.6586
40.76 -18.137
40.78 -18.5737
40.8 -18.9663
40.82 -19.3136
40.84 -19.6152
40.86 -19.8707
40.88 -20.08
40.9 -20.2464
40.92 -20.3763
40.94 -20.4826
40.96 -20.5816
