 Program ETABS Version 9.6.0.0                                 File:EXAM06-2.LOG
                                                                     
                                                                       


 B E G I N   A N A L Y S I S                                2023/05/30  15:33:51

 MAXIMUM MEMORY BLOCK SIZE (BYTES)         =      64.000 MB


 E L E M E N T   F O R M A T I O N                                      15:33:51

 NUMBER OF JOINT  ELEMENTS FORMED          =          30
 NUMBER OF SPRING ELEMENTS FORMED          =           0
 NUMBER OF FRAME  ELEMENTS FORMED          =          52
 NUMBER OF SHELL  ELEMENTS FORMED          =           8


 E Q U A T I O N   S O L U T I O N                                      15:33:51

 TOTAL NUMBER OF EQUILIBRIUM EQUATIONS     =         144
 APPROXIMATE "EFFECTIVE" BAND WIDTH        =          36

 NUMBER OF EQUATION STORAGE BLOCKS         =           1
 MAXIMUM BLOCK SIZE (8-BYTE TERMS)         =        4788
 SIZE OF STIFFNESS FILE(S) (BYTES)         =      37.984 KB

 NUMBER OF EQUATIONS TO SOLVE              =         144
 NUMBER OF STATIC LOAD CASES               =           3
 NUMBER OF ACCELERATION LOADS              =           6
 NUMBER OF NONLINEAR DEFORMATION LOADS     =           0


 E I G E N   A N A L Y S I S                                            15:33:51

 NUMBER OF STIFFNESS DEGREES OF FREEDOM    =         144
 NUMBER OF MASS DEGREES OF FREEDOM         =          48
 NUMBER OF EIGEN MODES SOUGHT              =          12
 NUMBER OF RESIDUAL-MASS MODES SOUGHT      =           0
 NUMBER OF SUBSPACE VECTORS USED           =          16

 RELATIVE CONVERGENCE TOLERANCE            =    1.00E-07
 FREQUENCY SHIFT  (CENTER) (CYC/TIME)      =     .000000
 FREQUENCY CUTOFF (RADIUS) (CYC/TIME)      =     .000000

 NUMBER OF EIGEN MODES FOUND               =          12
 NUMBER OF ITERATIONS PERFORMED            =           5


 T I M E - H I S T O R Y   A N A L Y S I S                              15:33:51

 HISTORY LABEL                             =    HIST1   
 CONTINUE FROM PREVIOUS HISTORY            =           0
 COMPUTE AND SAVE ENVELOPES                =          NO

 ANALYSIS TYPE                             =      LINEAR
 NUMBER OF DYNAMIC MODES TO BE USED        =          12
 NUMBER OF STATIC-LOAD MODES TO BE USED    =           1
 MODES ARE TREATED AS STATIC BELOW PERIOD  =    1.0E-100

 TOTAL HISTORY LENGTH (TIME)               =   40.960000
 LENGTH OF TIME-STEPS (TIME)               =    0.020000
 NUMBER OF TIME-STEPS TO BE INTEGRATED     =        2048

 TOTAL NUMBER OF TIME-STEPS COMPLETED      =        2048
 TOTAL NUMBER OF LOAD-STEPS COMPLETED      =        2048


 J O I N T   O U T P U T                                                15:33:52

 G L O B A L   F O R C E   B A L A N C E   R E L A T I V E   E R R O R S

 PERCENT FORCE AND MOMENT ERROR AT THE ORIGIN, IN GLOBAL COORDINATES

    LOAD          FX          FY          FZ          MX          MY          MZ
DEAD        3.32E-17    1.49E-16    8.50E-14    3.64E-14    6.07E-14    1.23E-16
LIVE        3.02E-17    1.66E-16    8.52E-14    4.70E-14    6.08E-14    2.56E-16
TRIBUTAR    1.62E-16    2.16E-16    1.01E-13    4.92E-14    8.54E-14    1.99E-16

    MODE          FX          FY          FZ          MX          MY          MZ
       1    4.69E-10    6.69E-10    4.28E-14    1.33E-10    1.59E-10    2.83E-10
       2    2.96E-10    1.02E-09     .000000    4.76E-10    1.88E-11    1.76E-09
       3    8.39E-10    7.08E-10    7.04E-15    1.76E-09    2.52E-11    5.62E-09
       4    2.08E-10    5.50E-09    4.49E-14    6.98E-10    1.43E-10    3.31E-09
       5    1.84E-09    3.13E-09    9.24E-15    9.82E-10    4.38E-10    4.70E-09
       6    7.28E-09    3.27E-09    2.77E-15    8.79E-09    2.17E-09    2.49E-09
       7    3.29E-07    2.73E-07    1.66E-14    3.11E-07    6.18E-08    4.33E-07
       8    6.05E-08    6.93E-08    4.89E-15    8.27E-09    1.56E-08    5.24E-08
       9    5.74E-07    1.89E-07    4.14E-15    4.79E-07    1.46E-07    5.46E-07
      10    6.10E-07    2.63E-06    8.54E-15    5.83E-08    5.83E-08    1.03E-06
      11    7.37E-07    1.54E-06    2.55E-15    1.23E-08    1.66E-07    5.69E-07
      12    2.53E-06    6.97E-06    4.65E-15    1.23E-07    2.33E-07    4.54E-06


 E L E M E N T   J O I N T - F O R C E   O U T P U T                    15:33:52

 NUMBER OF JOINT  ELEMENTS SAVED           =          30
 NUMBER OF FRAME  ELEMENTS SAVED           =          52
 NUMBER OF SHELL  ELEMENTS SAVED           =           8


 E L E M E N T   O U T P U T                                            15:33:52



 A N A L Y S I S   C O M P L E T E                          2023/05/30  15:33:52
