0.01 -0.000413032 5.64429e-005 -0.00276373
0.02 -0.000826065 0.000112886 -0.00552747
0.03 -0.0012391 0.000169329 -0.0082912
0.04 -0.00165213 0.000225772 -0.0110549
0.05 -0.00206516 0.000282215 -0.0138187
0.06 -0.00247819 0.000338658 -0.0165824
0.07 -0.00289123 0.0003951 -0.0193461
0.08 -0.00330426 0.000451543 -0.0221099
0.09 -0.00371729 0.000507986 -0.0248736
0.1 -0.00413032 0.000564429 -0.0276373
0.11 -0.00454336 0.000620872 -0.0304011
0.12 -0.00495639 0.000677315 -0.0331648
0.13 -0.00536942 0.000733758 -0.0359285
0.14 -0.00578245 0.000790201 -0.0386923
0.15 -0.00619549 0.000846644 -0.041456
0.16 -0.00660852 0.000903087 -0.0442197
0.17 -0.00702155 0.00095953 -0.0469835
0.18 -0.00743458 0.00101597 -0.0497472
0.19 -0.00784762 0.00107242 -0.0525109
0.2 -0.00826065 0.00112886 -0.0552747
0.21 -0.00867368 0.0011853 -0.0580384
0.22 -0.00908671 0.00124174 -0.0608021
0.23 -0.00949975 0.00129819 -0.0635659
0.24 -0.00991278 0.00135463 -0.0663296
0.25 -0.0103258 0.00141107 -0.0690933
0.26 -0.0107388 0.00146752 -0.0718571
0.27 -0.0111519 0.00152396 -0.0746208
0.28 -0.0115649 0.0015804 -0.0773845
0.29 -0.0119779 0.00163684 -0.0801483
0.3 -0.012391 0.00169329 -0.082912
0.31 -0.012804 0.00174973 -0.0856757
0.32 -0.013217 0.00180617 -0.0884395
0.33 -0.0136301 0.00186262 -0.0912032
0.34 -0.0140431 0.00191906 -0.0939669
0.35 -0.0144561 0.0019755 -0.0967307
0.36 -0.0148692 0.00203195 -0.0994944
0.37 -0.0152822 0.00208839 -0.102258
0.38 -0.0156952 0.00214483 -0.105022
0.39 -0.0161083 0.00220127 -0.107786
0.4 -0.0165213 0.00225772 -0.110549
0.41 -0.0169343 0.00231416 -0.113313
0.42 -0.0173474 0.0023706 -0.116077
0.43 -0.0177604 0.00242705 -0.118841
0.44 -0.0181734 0.00248349 -0.121604
0.45 -0.0185865 0.00253993 -0.124368
0.46 -0.0189995 0.00259637 -0.127132
0.47 -0.0194125 0.00265282 -0.129895
0.48 -0.0198256 0.00270926 -0.132659
0.49 -0.0202386 0.0027657 -0.135423
0.5 -0.0206516 0.00282215 -0.138187
0.51 -0.0210647 0.00287859 -0.14095
0.52 -0.0214777 0.00293503 -0.143714
0.53 -0.0218907 0.00299147 -0.146478
0.54 -0.0223038 0.00304792 -0.149242
0.55 -0.0227168 0.00310436 -0.152005
0.56 -0.0231298 0.0031608 -0.154769
0.57 -0.0235428 0.00321725 -0.157533
0.58 -0.0239559 0.00327369 -0.160297
0.59 -0.0243689 0.00333013 -0.16306
0.6 -0.0247819 0.00338658 -0.165824
0.61 -0.025195 0.00344302 -0.168588
0.62 -0.025608 0.00349946 -0.171351
0.63 -0.026021 0.0035559 -0.174115
0.64 -0.0264341 0.00361235 -0.176879
0.65 -0.0268471 0.00366879 -0.179643
0.66 -0.0272601 0.00372523 -0.182406
0.67 -0.0276732 0.00378168 -0.18517
0.68 -0.0280862 0.00383812 -0.187934
0.69 -0.0284992 0.00389456 -0.190698
0.7 -0.0289123 0.003951 -0.193461
0.71 -0.0293253 0.00400745 -0.196225
0.72 -0.0297383 0.00406389 -0.198989
0.73 -0.0301514 0.00412033 -0.201753
0.74 -0.0305644 0.00417678 -0.204516
0.75 -0.0309774 0.00423322 -0.20728
0.76 -0.0313905 0.00428966 -0.210044
0.77 -0.0318035 0.0043461 -0.212807
0.78 -0.0322165 0.00440255 -0.215571
0.79 -0.0326296 0.00445899 -0.218335
0.8 -0.0330426 0.00451543 -0.221099
0.81 -0.0334556 0.00457188 -0.223862
0.82 -0.0338687 0.00462832 -0.226626
0.83 -0.0342817 0.00468476 -0.22939
0.84 -0.0346947 0.00474121 -0.232154
0.85 -0.0351078 0.00479765 -0.234917
0.86 -0.0355208 0.00485409 -0.237681
0.87 -0.0359338 0.00491053 -0.240445
0.88 -0.0363469 0.00496698 -0.243209
0.89 -0.0367599 0.00502342 -0.245972
0.9 -0.0371729 0.00507986 -0.248736
0.91 -0.0375859 0.00513631 -0.2515
0.92 -0.037999 0.00519275 -0.254263
0.93 -0.038412 0.00524919 -0.257027
0.94 -0.038825 0.00530563 -0.259791
0.95 -0.0392381 0.00536208 -0.262555
0.96 -0.0396511 0.00541852 -0.265318
0.97 -0.0400641 0.00547496 -0.268082
0.98 -0.0404772 0.00553141 -0.270846
0.99 -0.0408902 0.00558785 -0.27361
1 -0.0413032 0.00564429 -0.276373
