

 ETABS Ultimate C 64-bit 20.3.0 Build 2929 (Analysis Build 9907/64)             
 File: E:\GitHub\opensees\opensees\OpenSEES_ÊµÀý2\etabs\exam02_V13.OUT          
                                                                     
                                                                       

 1, CONSTR = RIGID, DOF = U1 U2 R3

                     LOCAL COORDINATE SYSTEM FOR CONSTRAINT MASTER
  GLOBAL          U1          U2          U3          R1          R2          R3
     X      1.000000     .000000     .000000    1.000000     .000000     .000000
     Y       .000000    1.000000     .000000     .000000    1.000000     .000000
     Z       .000000     .000000    1.000000     .000000     .000000    1.000000

                     TRANSLATIONAL MASS AND MASS MOMENTS OF INERTIA
                  U1          U2          U3          R1          R2          R3
           52.189075   52.189075     .000000     .000000     .000000  1.3129E+09

                     CENTER OF MASS
  GLOBAL          U1          U2          U3
     X      6000.000    6000.000    6000.000
     Y      2500.000    2500.000    2500.000
     Z     13500.000   13500.000   13500.000

 2, CONSTR = RIGID, DOF = U1 U2 R3

                     LOCAL COORDINATE SYSTEM FOR CONSTRAINT MASTER
  GLOBAL          U1          U2          U3          R1          R2          R3
     X      1.000000     .000000     .000000    1.000000     .000000     .000000
     Y       .000000    1.000000     .000000     .000000    1.000000     .000000
     Z       .000000     .000000    1.000000     .000000     .000000    1.000000

                     TRANSLATIONAL MASS AND MASS MOMENTS OF INERTIA
                  U1          U2          U3          R1          R2          R3
           55.860053   55.860053     .000000     .000000     .000000  1.4240E+09

                     CENTER OF MASS
  GLOBAL          U1          U2          U3
     X      6000.000    6000.000    6000.000
     Y      2500.000    2500.000    2500.000
     Z     10500.000   10500.000   10500.000

 3, CONSTR = RIGID, DOF = U1 U2 R3

                     LOCAL COORDINATE SYSTEM FOR CONSTRAINT MASTER
  GLOBAL          U1          U2          U3          R1          R2          R3
     X      1.000000     .000000     .000000    1.000000     .000000     .000000
     Y       .000000    1.000000     .000000     .000000    1.000000     .000000
     Z       .000000     .000000    1.000000     .000000     .000000    1.000000

                     TRANSLATIONAL MASS AND MASS MOMENTS OF INERTIA
                  U1          U2          U3          R1          R2          R3
           55.860053   55.860053     .000000     .000000     .000000  1.4240E+09

                     CENTER OF MASS
  GLOBAL          U1          U2          U3
     X      6000.000    6000.000    6000.000
     Y      2500.000    2500.000    2500.000
     Z      7500.000    7500.000    7500.000

 4, CONSTR = RIGID, DOF = U1 U2 R3

                     LOCAL COORDINATE SYSTEM FOR CONSTRAINT MASTER
  GLOBAL          U1          U2          U3          R1          R2          R3
     X      1.000000     .000000     .000000    1.000000     .000000     .000000
     Y       .000000    1.000000     .000000     .000000    1.000000     .000000
     Z       .000000     .000000    1.000000     .000000     .000000    1.000000

                     TRANSLATIONAL MASS AND MASS MOMENTS OF INERTIA
                  U1          U2          U3          R1          R2          R3
           63.905614   63.905614     .000000     .000000     .000000  1.6703E+09

                     CENTER OF MASS
  GLOBAL          U1          U2          U3
     X      6000.000    6000.000    6000.000
     Y      2500.000    2500.000    2500.000
     Z      4500.000    4500.000    4500.000

 D I S P L A C E M E N T   D E G R E E S   O F   F R E E D O M

         (A) = Active DOF, equilibrium equation
         (-) = Restrained DOF, reaction computed
         (+) = Constrained DOF
         (>) = External substructure DOF
         ( ) = Null DOF

  JOINTS              UX  UY  UZ  RX  RY  RZ
      26 TO      49    +   +   A   A   A   +
      50 TO      55    -   -   -   -   -   -
       1 TO       8    +   +   -   -   -   +
    NULL                                    

  CONSTRAINTS         U1  U2  U3  R1  R2  R3
 1       TO 4          A   A               A
